    {
      "finding_id": "F-58d5de52-0dd9-47df-9939-a7a8765278c9-000319",
      "timestamp": "2026-01-14T12:29:56.379559Z",
      "severity": "info",
      "rule_title": "Task Executed",
      "rule_id": "d1923809-955b-47c4-b3e5-37c0e461919c",
      "host": {
        "computer": "SQLSERVER.Mills.local"
      },
      "event": {
        "channel": "TaskSch",
        "event_id": 200,
        "record_id": 261628
      },
      "mitre": {
        "tactics": [],
        "tags": []
      },
      "tags": [
        "Task"
      ],
      "details": {
        "details": "Name: \\UnifiedAgentConfigUpdater ¦ Action: C:\\oracle_unified_agent\\unified-monitoring-agent\\embedded\\bin\\ruby.exe",
        "extra": "EnginePID: 4696 ¦ Name: ActionStart ¦ TaskInstanceId: 13D6ACDE-0AA0-45A9-AE28-0EFF66474B74"
      },
      "source": {
        "tool": "hayabusa",
        "tool_profile": "verbose",
        "evtx_dir": "/home/nevermore/cases/intake/evtx/Logs",
        "timeline_csv": "/home/nevermore/dfir-agentic/outputs/csv/hayabusa_evtx/58d5de52-0dd9-47df-9939-a7a8765278c9/timeline.csv",
        "rule_file": "TaskSch_200_Info_TaskExecuted.yml",
        "evtx_file": "/home/nevermore/cases/intake/evtx/Logs/Microsoft-Windows-TaskScheduler%254Operational.evtx"
      }
    },
    {
      "finding_id": "F-58d5de52-0dd9-47df-9939-a7a8765278c9-000320",
      "timestamp": "2026-01-14T12:34:20.665151Z",
      "severity": "info",
      "rule_title": "Task Executed",
      "rule_id": "d1923809-955b-47c4-b3e5-37c0e461919c",
      "host": {
        "computer": "SQLSERVER.Mills.local"
      },
      "event": {
        "channel": "TaskSch",
        "event_id": 200,
        "record_id": 261634
      },
      "mitre": {
        "tactics": [],
        "tags": []
      },
      "tags": [
        "Task"
      ],
      "details": {
        "details": "Name: \\Microsoft\\Windows\\Workplace Join\\Automatic-Device-Join ¦ Action: %SystemRoot%\\System32\\dsregcmd.exe",
        "extra": "EnginePID: 7240 ¦ Name: ActionStart ¦ TaskInstanceId: B12AE216-B64E-4DA5-8CB6-DAD883AFE9DB"
      },
      "source": {
        "tool": "hayabusa",
        "tool_profile": "verbose",
        "evtx_dir": "/home/nevermore/cases/intake/evtx/Logs",
        "timeline_csv": "/home/nevermore/dfir-agentic/outputs/csv/hayabusa_evtx/58d5de52-0dd9-47df-9939-a7a8765278c9/timeline.csv",
        "rule_file": "TaskSch_200_Info_TaskExecuted.yml",
        "evtx_file": "/home/nevermore/cases/intake/evtx/Logs/Microsoft-Windows-TaskScheduler%254Operational.evtx"
      }
    },
    {
      "finding_id": "F-58d5de52-0dd9-47df-9939-a7a8765278c9-000321",
      "timestamp": "2026-01-14T12:35:01.121448Z",
      "severity": "info",
      "rule_title": "Task Executed",
      "rule_id": "d1923809-955b-47c4-b3e5-37c0e461919c",
      "host": {
        "computer": "SQLSERVER.Mills.local"
      },
      "event": {
        "channel": "TaskSch",
        "event_id": 200,
        "record_id": 261640
      },
      "mitre": {
        "tactics": [],
        "tags": []
      },
      "tags": [
        "Task"
      ],
      "details": {
        "details": "Name: \\ConsumirApiBMX ¦ Action: C:\\Users\\galvarez\\AppData\\Local\\Apps\\2.0\\EOBECGLV.XW8\\98MNXM6Z.8NW\\cons..tion_0000000000000000_0001.0000_e29fc9b507fab384\\ConsumirApiBmx.exe",
        "extra": "EnginePID: 5624 ¦ Name: ActionStart ¦ TaskInstanceId: 906BC943-63FD-472C-9632-311961B490C0"
      },
      "source": {
        "tool": "hayabusa",
        "tool_profile": "verbose",
        "evtx_dir": "/home/nevermore/cases/intake/evtx/Logs",
        "timeline_csv": "/home/nevermore/dfir-agentic/outputs/csv/hayabusa_evtx/58d5de52-0dd9-47df-9939-a7a8765278c9/timeline.csv",
        "rule_file": "TaskSch_200_Info_TaskExecuted.yml",
        "evtx_file": "/home/nevermore/cases/intake/evtx/Logs/Microsoft-Windows-TaskScheduler%254Operational.evtx"
      }
    },
    {
      "finding_id": "F-58d5de52-0dd9-47df-9939-a7a8765278c9-000322",
      "timestamp": "2026-01-14T12:46:20.383698Z",
      "severity": "info",
      "rule_title": "Task Executed",
      "rule_id": "d1923809-955b-47c4-b3e5-37c0e461919c",
      "host": {
        "computer": "SQLSERVER.Mills.local"
      },
      "event": {
        "channel": "TaskSch",
        "event_id": 200,
        "record_id": 261649
      },
      "mitre": {
        "tactics": [],
        "tags": []
      },
      "tags": [
        "Task"
      ],
      "details": {
        "details": "Name: \\UnifiedAgentConfigUpdater ¦ Action: C:\\oracle_unified_agent\\unified-monitoring-agent\\embedded\\bin\\ruby.exe",
        "extra": "EnginePID: 8712 ¦ Name: ActionStart ¦ TaskInstanceId: 41EC7A79-C5D9-43A2-8FD6-51FF3E89A003"
      },
      "source": {
        "tool": "hayabusa",
        "tool_profile": "verbose",
        "evtx_dir": "/home/nevermore/cases/intake/evtx/Logs",
        "timeline_csv": "/home/nevermore/dfir-agentic/outputs/csv/hayabusa_evtx/58d5de52-0dd9-47df-9939-a7a8765278c9/timeline.csv",
        "rule_file": "TaskSch_200_Info_TaskExecuted.yml",
        "evtx_file": "/home/nevermore/cases/intake/evtx/Logs/Microsoft-Windows-TaskScheduler%254Operational.evtx"
      }
    },
    {
      "finding_id": "F-58d5de52-0dd9-47df-9939-a7a8765278c9-000323",
      "timestamp": "2026-01-14T12:48:39.514892Z",
      "severity": "info",
      "rule_title": "Task Executed",
      "rule_id": "d1923809-955b-47c4-b3e5-37c0e461919c",
      "host": {
        "computer": "SQLSERVER.Mills.local"
      },
      "event": {
        "channel": "TaskSch",
        "event_id": 200,
        "record_id": 261655
      },
      "mitre": {
        "tactics": [],
        "tags": []
      },
      "tags": [
        "Task"
      ],
      "details": {
        "details": "Name: \\Microsoft\\Windows\\Shell\\CreateObjectTask ¦ Action: Shell Create Object Task Delegate",
        "extra": "EnginePID: 8872 ¦ Name: ActionStart ¦ TaskInstanceId: 58A4BDF3-18C4-4A7B-A33E-7C8AA7BE10A1"
      },
      "source": {
        "tool": "hayabusa",
        "tool_profile": "verbose",
        "evtx_dir": "/home/nevermore/cases/intake/evtx/Logs",
        "timeline_csv": "/home/nevermore/dfir-agentic/outputs/csv/hayabusa_evtx/58d5de52-0dd9-47df-9939-a7a8765278c9/timeline.csv",
        "rule_file": "TaskSch_200_Info_TaskExecuted.yml",
        "evtx_file": "/home/nevermore/cases/intake/evtx/Logs/Microsoft-Windows-TaskScheduler%254Operational.evtx"
      }
    },
    {
      "finding_id": "F-58d5de52-0dd9-47df-9939-a7a8765278c9-000324",
      "timestamp": "2026-01-14T12:50:01.011863Z",
      "severity": "info",
      "rule_title": "Task Executed",
      "rule_id": "d1923809-955b-47c4-b3e5-37c0e461919c",
      "host": {
        "computer": "SQLSERVER.Mills.local"
      },
      "event": {
        "channel": "TaskSch",
        "event_id": 200,
        "record_id": 261661
      },
      "mitre": {
        "tactics": [],
        "tags": []
      },
      "tags": [
        "Task"
      ],
      "details": {
        "details": "Name: \\ConsumirApiBMX ¦ Action: C:\\Users\\galvarez\\AppData\\Local\\Apps\\2.0\\EOBECGLV.XW8\\98MNXM6Z.8NW\\cons..tion_0000000000000000_0001.0000_e29fc9b507fab384\\ConsumirApiBmx.exe",
        "extra": "EnginePID: 5440 ¦ Name: ActionStart ¦ TaskInstanceId: 3D04551E-E610-4E57-9054-CB67DAD46D34"
      },
      "source": {
        "tool": "hayabusa",
        "tool_profile": "verbose",
        "evtx_dir": "/home/nevermore/cases/intake/evtx/Logs",
        "timeline_csv": "/home/nevermore/dfir-agentic/outputs/csv/hayabusa_evtx/58d5de52-0dd9-47df-9939-a7a8765278c9/timeline.csv",
        "rule_file": "TaskSch_200_Info_TaskExecuted.yml",
        "evtx_file": "/home/nevermore/cases/intake/evtx/Logs/Microsoft-Windows-TaskScheduler%254Operational.evtx"
      }
    },
    {
      "finding_id": "F-58d5de52-0dd9-47df-9939-a7a8765278c9-000325",
      "timestamp": "2026-01-14T12:51:48.543954Z",
      "severity": "info",
      "rule_title": "Task Executed",
      "rule_id": "d1923809-955b-47c4-b3e5-37c0e461919c",
      "host": {
        "computer": "SQLSERVER.Mills.local"
      },
      "event": {
        "channel": "TaskSch",
        "event_id": 200,
        "record_id": 261671
      },
      "mitre": {
        "tactics": [],
        "tags": []
      },
      "tags": [
        "Task"
      ],
      "details": {
        "details": "Name: \\Microsoft\\Windows\\ExploitGuard\\ExploitGuard MDM policy Refresh ¦ Action:",
        "extra": "EnginePID: 2344 ¦ Name: ActionStart ¦ TaskInstanceId: E9ADA94E-643D-4A83-ABE9-609EF3498F64"
      },
      "source": {
        "tool": "hayabusa",
        "tool_profile": "verbose",
        "evtx_dir": "/home/nevermore/cases/intake/evtx/Logs",
        "timeline_csv": "/home/nevermore/dfir-agentic/outputs/csv/hayabusa_evtx/58d5de52-0dd9-47df-9939-a7a8765278c9/timeline.csv",
        "rule_file": "TaskSch_200_Info_TaskExecuted.yml",
        "evtx_file": "/home/nevermore/cases/intake/evtx/Logs/Microsoft-Windows-TaskScheduler%254Operational.evtx"
      }
    },
    {
      "finding_id": "F-58d5de52-0dd9-47df-9939-a7a8765278c9-000326",
      "timestamp": "2026-01-14T12:51:48.574030Z",
      "severity": "info",
      "rule_title": "Task Executed",
      "rule_id": "d1923809-955b-47c4-b3e5-37c0e461919c",
      "host": {
        "computer": "SQLSERVER.Mills.local"
      },
      "event": {
        "channel": "TaskSch",
        "event_id": 200,
        "record_id": 261674
      },
      "mitre": {
        "tactics": [],
        "tags": []
      },
      "tags": [
        "Task"
      ],
      "details": {
        "details": "Name: \\Microsoft\\Windows\\Windows Error Reporting\\QueueReporting ¦ Action: %windir%\\system32\\wermgr.exe",
        "extra": "EnginePID: 2448 ¦ Name: ActionStart ¦ TaskInstanceId: ADC92A08-BEAD-43AE-8699-51DC69EA96CD"
      },
      "source": {
        "tool": "hayabusa",
        "tool_profile": "verbose",
        "evtx_dir": "/home/nevermore/cases/intake/evtx/Logs",
        "timeline_csv": "/home/nevermore/dfir-agentic/outputs/csv/hayabusa_evtx/58d5de52-0dd9-47df-9939-a7a8765278c9/timeline.csv",
        "rule_file": "TaskSch_200_Info_TaskExecuted.yml",
        "evtx_file": "/home/nevermore/cases/intake/evtx/Logs/Microsoft-Windows-TaskScheduler%254Operational.evtx"
      }
    },
    {
      "finding_id": "F-58d5de52-0dd9-47df-9939-a7a8765278c9-000327",
      "timestamp": "2026-01-14T12:51:50.219689Z",
      "severity": "info",
      "rule_title": "Task Executed",
      "rule_id": "d1923809-955b-47c4-b3e5-37c0e461919c",
      "host": {
        "computer": "SQLSERVER.Mills.local"
      },
      "event": {
        "channel": "TaskSch",
        "event_id": 200,
        "record_id": 261680
      },
      "mitre": {
        "tactics": [],
        "tags": []
      },
      "tags": [
        "Task"
      ],
      "details": {
        "details": "Name: \\Microsoft\\Windows\\DirectX\\DXGIAdapterCache ¦ Action: %windir%\\system32\\dxgiadaptercache.exe",
        "extra": "EnginePID: 4484 ¦ Name: ActionStart ¦ TaskInstanceId: 83939AAE-0C55-44A1-8BA4-B098D7CCD224"
      },
      "source": {
        "tool": "hayabusa",
        "tool_profile": "verbose",
        "evtx_dir": "/home/nevermore/cases/intake/evtx/Logs",
        "timeline_csv": "/home/nevermore/dfir-agentic/outputs/csv/hayabusa_evtx/58d5de52-0dd9-47df-9939-a7a8765278c9/timeline.csv",
        "rule_file": "TaskSch_200_Info_TaskExecuted.yml",
        "evtx_file": "/home/nevermore/cases/intake/evtx/Logs/Microsoft-Windows-TaskScheduler%254Operational.evtx"
      }
    },
    {
      "finding_id": "F-58d5de52-0dd9-47df-9939-a7a8765278c9-000328",
      "timestamp": "2026-01-14T12:51:51.196741Z",
      "severity": "info",
      "rule_title": "Task Executed",
      "rule_id": "d1923809-955b-47c4-b3e5-37c0e461919c",
      "host": {
        "computer": "SQLSERVER.Mills.local"
      },
      "event": {
        "channel": "TaskSch",
        "event_id": 200,
        "record_id": 261685
      },
      "mitre": {
        "tactics": [],
        "tags": []
      },
      "tags": [
        "Task"
      ],
      "details": {
        "details": "Name: \\Microsoft\\Windows\\Workplace Join\\Automatic-Device-Join ¦ Action: %SystemRoot%\\System32\\dsregcmd.exe",
        "extra": "EnginePID: 4904 ¦ Name: ActionStart ¦ TaskInstanceId: 0385E12E-97A8-4D97-A190-EB08C97403D6"
      },
      "source": {
        "tool": "hayabusa",
        "tool_profile": "verbose",
        "evtx_dir": "/home/nevermore/cases/intake/evtx/Logs",
        "timeline_csv": "/home/nevermore/dfir-agentic/outputs/csv/hayabusa_evtx/58d5de52-0dd9-47df-9939-a7a8765278c9/timeline.csv",
        "rule_file": "TaskSch_200_Info_TaskExecuted.yml",
        "evtx_file": "/home/nevermore/cases/intake/evtx/Logs/Microsoft-Windows-TaskScheduler%254Operational.evtx"
      }
    },
    {
      "finding_id": "F-58d5de52-0dd9-47df-9939-a7a8765278c9-000329",
      "timestamp": "2026-01-14T12:51:59.051495Z",
      "severity": "info",
      "rule_title": "Task Executed",
      "rule_id": "d1923809-955b-47c4-b3e5-37c0e461919c",
      "host": {
        "computer": "SQLSERVER.Mills.local"
      },
      "event": {
        "channel": "TaskSch",
        "event_id": 200,
        "record_id": 261696
      },
      "mitre": {
        "tactics": [],
        "tags": []
      },
      "tags": [
        "Task"
      ],
      "details": {
        "details": "Name: \\Microsoft\\Windows\\CertificateServicesClient\\SystemTask ¦ Action: Certificate Services Client Task Handler",
        "extra": "EnginePID: 5636 ¦ Name: ActionStart ¦ TaskInstanceId: F234EF6F-6D48-447D-8AF8-FC08902071F7"
      },
      "source": {
        "tool": "hayabusa",
        "tool_profile": "verbose",
        "evtx_dir": "/home/nevermore/cases/intake/evtx/Logs",
        "timeline_csv": "/home/nevermore/dfir-agentic/outputs/csv/hayabusa_evtx/58d5de52-0dd9-47df-9939-a7a8765278c9/timeline.csv",
        "rule_file": "TaskSch_200_Info_TaskExecuted.yml",
        "evtx_file": "/home/nevermore/cases/intake/evtx/Logs/Microsoft-Windows-TaskScheduler%254Operational.evtx"
      }
    },
    {
      "finding_id": "F-58d5de52-0dd9-47df-9939-a7a8765278c9-000330",
      "timestamp": "2026-01-14T12:52:49.050430Z",
      "severity": "info",
      "rule_title": "Task Executed",
      "rule_id": "d1923809-955b-47c4-b3e5-37c0e461919c",
      "host": {
        "computer": "SQLSERVER.Mills.local"
      },
      "event": {
        "channel": "TaskSch",
        "event_id": 200,
        "record_id": 261702
      },
      "mitre": {
        "tactics": [],
        "tags": []
      },
      "tags": [
        "Task"
      ],
      "details": {
        "details": "Name: \\Microsoft\\Windows\\Software Inventory Logging\\Configuration ¦ Action: %systemroot%\\system32\\cmd.exe",
        "extra": "EnginePID: 5780 ¦ Name: ActionStart ¦ TaskInstanceId: 00A7271F-47E3-403A-B800-861F4C3CF700"
      },
      "source": {
        "tool": "hayabusa",
        "tool_profile": "verbose",
        "evtx_dir": "/home/nevermore/cases/intake/evtx/Logs",
        "timeline_csv": "/home/nevermore/dfir-agentic/outputs/csv/hayabusa_evtx/58d5de52-0dd9-47df-9939-a7a8765278c9/timeline.csv",
        "rule_file": "TaskSch_200_Info_TaskExecuted.yml",
        "evtx_file": "/home/nevermore/cases/intake/evtx/Logs/Microsoft-Windows-TaskScheduler%254Operational.evtx"
      }
    },
    {
      "finding_id": "F-58d5de52-0dd9-47df-9939-a7a8765278c9-000331",
      "timestamp": "2026-01-14T12:54:02.808812Z",
      "severity": "info",
      "rule_title": "Task Executed",
      "rule_id": "d1923809-955b-47c4-b3e5-37c0e461919c",
      "host": {
        "computer": "SQLSERVER.Mills.local"
      },
      "event": {
        "channel": "TaskSch",
        "event_id": 200,
        "record_id": 261707
      },
      "mitre": {
        "tactics": [],
        "tags": []
      },
      "tags": [
        "Task"
      ],
      "details": {
        "details": "Name: \\Microsoft\\Windows\\UpdateOrchestrator\\USO_UxBroker ¦ Action: %systemroot%\\system32\\MusNotification.exe",
        "extra": "EnginePID: 5744 ¦ Name: ActionStart ¦ TaskInstanceId: B580976F-4E28-4A0C-81E7-760888524EAD"
      },
      "source": {
        "tool": "hayabusa",
        "tool_profile": "verbose",
        "evtx_dir": "/home/nevermore/cases/intake/evtx/Logs",
        "timeline_csv": "/home/nevermore/dfir-agentic/outputs/csv/hayabusa_evtx/58d5de52-0dd9-47df-9939-a7a8765278c9/timeline.csv",
        "rule_file": "TaskSch_200_Info_TaskExecuted.yml",
        "evtx_file": "/home/nevermore/cases/intake/evtx/Logs/Microsoft-Windows-TaskScheduler%254Operational.evtx"
      }
    },
    {
      "finding_id": "F-58d5de52-0dd9-47df-9939-a7a8765278c9-000332",
      "timestamp": "2026-01-14T12:54:37.511179Z",
      "severity": "info",
      "rule_title": "Task Executed",
      "rule_id": "d1923809-955b-47c4-b3e5-37c0e461919c",
      "host": {
        "computer": "SQLSERVER.Mills.local"
      },
      "event": {
        "channel": "TaskSch",
        "event_id": 200,
        "record_id": 261714
      },
      "mitre": {
        "tactics": [],
        "tags": []
      },
      "tags": [
        "Task"
      ],
      "details": {
        "details": "Name: \\MicrosoftEdgeUpdateTaskMachineUA{B9DF4A20-8820-446F-BD5B-8C125DF0D618} ¦ Action: C:\\Program Files (x86)\\Microsoft\\EdgeUpdate\\MicrosoftEdgeUpdate.exe",
        "extra": "EnginePID: 4652 ¦ Name: ActionStart ¦ TaskInstanceId: 0AB7000E-719D-40A5-9519-33A991387659"
      },
      "source": {
        "tool": "hayabusa",
        "tool_profile": "verbose",
        "evtx_dir": "/home/nevermore/cases/intake/evtx/Logs",
        "timeline_csv": "/home/nevermore/dfir-agentic/outputs/csv/hayabusa_evtx/58d5de52-0dd9-47df-9939-a7a8765278c9/timeline.csv",
        "rule_file": "TaskSch_200_Info_TaskExecuted.yml",
        "evtx_file": "/home/nevermore/cases/intake/evtx/Logs/Microsoft-Windows-TaskScheduler%254Operational.evtx"
      }
    },
    {
      "finding_id": "F-58d5de52-0dd9-47df-9939-a7a8765278c9-000333",
      "timestamp": "2026-01-14T12:56:49.053332Z",
      "severity": "info",
      "rule_title": "Task Executed",
      "rule_id": "d1923809-955b-47c4-b3e5-37c0e461919c",
      "host": {
        "computer": "SQLSERVER.Mills.local"
      },
      "event": {
        "channel": "TaskSch",
        "event_id": 200,
        "record_id": 261720
      },
      "mitre": {
        "tactics": [],
        "tags": []
      },
      "tags": [
        "Task"
      ],
      "details": {
        "details": "Name: \\Microsoft\\Windows\\PI\\Secure-Boot-Update ¦ Action: TPM Maintenance Task Handler",
        "extra": "EnginePID: 896 ¦ Name: ActionStart ¦ TaskInstanceId: A4C6B08C-D8E9-429A-A8CF-27E7C998E7F2"
      },
      "source": {
        "tool": "hayabusa",
        "tool_profile": "verbose",
        "evtx_dir": "/home/nevermore/cases/intake/evtx/Logs",
        "timeline_csv": "/home/nevermore/dfir-agentic/outputs/csv/hayabusa_evtx/58d5de52-0dd9-47df-9939-a7a8765278c9/timeline.csv",
        "rule_file": "TaskSch_200_Info_TaskExecuted.yml",
        "evtx_file": "/home/nevermore/cases/intake/evtx/Logs/Microsoft-Windows-TaskScheduler%254Operational.evtx"
      }
    },
    {
      "finding_id": "F-58d5de52-0dd9-47df-9939-a7a8765278c9-000334",
      "timestamp": "2026-01-14T12:56:50.318974Z",
      "severity": "info",
      "rule_title": "Task Executed",
      "rule_id": "d1923809-955b-47c4-b3e5-37c0e461919c",
      "host": {
        "computer": "SQLSERVER.Mills.local"
      },
      "event": {
        "channel": "TaskSch",
        "event_id": 200,
        "record_id": 261726
      },
      "mitre": {
        "tactics": [],
        "tags": []
      },
      "tags": [
        "Task"
      ],
      "details": {
        "details": "Name: \\Microsoft\\Windows\\Workplace Join\\Automatic-Device-Join ¦ Action: %SystemRoot%\\System32\\dsregcmd.exe",
        "extra": "EnginePID: 3108 ¦ Name: ActionStart ¦ TaskInstanceId: 626D0A89-6D0B-455B-AB59-5BF6FB94BB00"
      },
      "source": {
        "tool": "hayabusa",
        "tool_profile": "verbose",
        "evtx_dir": "/home/nevermore/cases/intake/evtx/Logs",
        "timeline_csv": "/home/nevermore/dfir-agentic/outputs/csv/hayabusa_evtx/58d5de52-0dd9-47df-9939-a7a8765278c9/timeline.csv",
        "rule_file": "TaskSch_200_Info_TaskExecuted.yml",
        "evtx_file": "/home/nevermore/cases/intake/evtx/Logs/Microsoft-Windows-TaskScheduler%254Operational.evtx"
      }
    },
    {
      "finding_id": "F-58d5de52-0dd9-47df-9939-a7a8765278c9-000335",
      "timestamp": "2026-01-14T12:53:43.223119Z",
      "severity": "med",
      "rule_title": "WMI Persistence",
      "rule_id": "efac5da1-1be2-d8d6-863e-d61125c1cbbd",
      "host": {
        "computer": "SQLSERVER.Mills.local"
      },
      "event": {
        "channel": "WMI",
        "event_id": 5859,
        "record_id": 18379
      },
      "mitre": {
        "tactics": [
          "Persis ¦ PrivEsc"
        ],
        "tags": [
          "T1546.003"
        ]
      },
      "tags": [],
      "details": {
        "details": "Namespace: //./root/CIMV2 ¦ Query: n/a ¦ SID: S-1-5-32-544 ¦ PID: 2284 ¦ Provider: SCM Event Provider ¦ PossibleCause: Permanent",
        "extra": "Query: select * from MSFT_SCMEventLogEvent ¦ queryid: 0"
      },
      "source": {
        "tool": "hayabusa",
        "tool_profile": "verbose",
        "evtx_dir": "/home/nevermore/cases/intake/evtx/Logs",
        "timeline_csv": "/home/nevermore/dfir-agentic/outputs/csv/hayabusa_evtx/58d5de52-0dd9-47df-9939-a7a8765278c9/timeline.csv",
        "rule_file": "win_wmi_persistence.yml",
        "evtx_file": "/home/nevermore/cases/intake/evtx/Logs/Microsoft-Windows-WMI-Activity%254Operational.evtx"
      }
    },
    {
      "finding_id": "F-58d5de52-0dd9-47df-9939-a7a8765278c9-000336",
      "timestamp": "2026-01-14T12:53:43.211168Z",
      "severity": "info",
      "rule_title": "Permanent WMI Event Consumer",
      "rule_id": "ac9f0a2a-e9c5-4d19-b69e-e3d518ca6797",
      "host": {
        "computer": "SQLSERVER.Mills.local"
      },
      "event": {
        "channel": "WMI",
        "event_id": 5861,
        "record_id": 18378
      },
      "mitre": {
        "tactics": [],
        "tags": []
      },
      "tags": [
        "WMI"
      ],
      "details": {
        "details": "Namespace: //./root/subscription ¦ Consumer: NTEventLogEventConsumer=\"SCM Event Log Consumer\" ¦ Details: Binding EventFilter: instance of __EventFilter { CreatorSID = {1, 2, 0, 0, 0, 0, 0, 5, 32, 0, 0, 0, 32, 2, 0, 0}; EventNamespace = \"root\\\\cimv2\"; Name = \"SCM Event Log Filter\"; Query = \"select * from MSFT_SCMEventLogEvent\"; QueryLanguage = \"WQL\"; }; Perm. Consumer: instance of NTEventLogEventConsumer { Category = 0; CreatorSID = {1, 2, 0, 0, 0, 0, 0, 5, 32, 0, 0, 0, 32, 2, 0, 0}; EventType = 1; Name = \"SCM Event Log Consumer\"; NameOfUserSIDProperty = \"sid\"; SourceName = \"Service Control Manager\"; };",
        "extra": "ESS: SCM Event Log Filter ¦ PossibleCause: Binding EventFilter: instance of __EventFilter { CreatorSID = {1, 2, 0, 0, 0, 0, 0, 5, 32, 0, 0, 0, 32, 2, 0, 0}; EventNamespace = \"root\\\\cimv2\"; Name = \"SCM Event Log Filter\"; Query = \"select * from MSFT_SCMEventLogEvent\"; QueryLanguage = \"WQL\"; }; Perm. Consumer: instance of NTEventLogEventConsumer { Category = 0; CreatorSID = {1, 2, 0, 0, 0, 0, 0, 5, 32, 0, 0, 0, 32, 2, 0, 0}; EventType = 1; Name = \"SCM Event Log Consumer\"; NameOfUserSIDProperty = \"sid\"; SourceName = \"Service Control Manager\"; };"
      },
      "source": {
        "tool": "hayabusa",
        "tool_profile": "verbose",
        "evtx_dir": "/home/nevermore/cases/intake/evtx/Logs",
        "timeline_csv": "/home/nevermore/dfir-agentic/outputs/csv/hayabusa_evtx/58d5de52-0dd9-47df-9939-a7a8765278c9/timeline.csv",
        "rule_file": "WMI_5861_Info_PermEventConsumerRegistered.yml",
        "evtx_file": "/home/nevermore/cases/intake/evtx/Logs/Microsoft-Windows-WMI-Activity%254Operational.evtx"
      }
    },
    {
      "finding_id": "F-58d5de52-0dd9-47df-9939-a7a8765278c9-000337",
      "timestamp": "2026-01-14T12:01:24.037167Z",
      "severity": "info",
      "rule_title": "WMI Provider Started",
      "rule_id": "547aec97-2635-474a-a36c-7a3a46b07fde",
      "host": {
        "computer": "SQLSERVER.Mills.local"
      },
      "event": {
        "channel": "WMI",
        "event_id": 5857,
        "record_id": 18368
      },
      "mitre": {
        "tactics": [],
        "tags": []
      },
      "tags": [
        "WMI"
      ],
      "details": {
        "details": "Provider: CIMWin32 ¦ Result: 0x0 ¦ Proc: wmiprvse.exe ¦ Path: %systemroot%\\system32\\wbem\\cimwin32.dll ¦ PID: 10168",
        "extra": "-"
      },
      "source": {
        "tool": "hayabusa",
        "tool_profile": "verbose",
        "evtx_dir": "/home/nevermore/cases/intake/evtx/Logs",
        "timeline_csv": "/home/nevermore/dfir-agentic/outputs/csv/hayabusa_evtx/58d5de52-0dd9-47df-9939-a7a8765278c9/timeline.csv",
        "rule_file": "WMI_5857_Info_ProviderStarted.yml",
        "evtx_file": "/home/nevermore/cases/intake/evtx/Logs/Microsoft-Windows-WMI-Activity%254Operational.evtx"
      }
    },
    {
      "finding_id": "F-58d5de52-0dd9-47df-9939-a7a8765278c9-000338",
      "timestamp": "2026-01-14T12:01:24.089477Z",
      "severity": "info",
      "rule_title": "WMI Provider Started",
      "rule_id": "547aec97-2635-474a-a36c-7a3a46b07fde",
      "host": {
        "computer": "SQLSERVER.Mills.local"
      },
      "event": {
        "channel": "WMI",
        "event_id": 5857,
        "record_id": 18369
      },
      "mitre": {
        "tactics": [],
        "tags": []
      },
      "tags": [
        "WMI"
      ],
      "details": {
        "details": "Provider: CIMWin32a ¦ Result: 0x0 ¦ Proc: wmiprvse.exe ¦ Path: %systemroot%\\system32\\wbem\\wmipcima.dll ¦ PID: 10168",
        "extra": "-"
      },
      "source": {
        "tool": "hayabusa",
        "tool_profile": "verbose",
        "evtx_dir": "/home/nevermore/cases/intake/evtx/Logs",
        "timeline_csv": "/home/nevermore/dfir-agentic/outputs/csv/hayabusa_evtx/58d5de52-0dd9-47df-9939-a7a8765278c9/timeline.csv",
        "rule_file": "WMI_5857_Info_ProviderStarted.yml",
        "evtx_file": "/home/nevermore/cases/intake/evtx/Logs/Microsoft-Windows-WMI-Activity%254Operational.evtx"
      }
    },
    {
      "finding_id": "F-58d5de52-0dd9-47df-9939-a7a8765278c9-000339",
      "timestamp": "2026-01-14T12:51:55.023327Z",
      "severity": "info",
      "rule_title": "WMI Provider Started",
      "rule_id": "547aec97-2635-474a-a36c-7a3a46b07fde",
      "host": {
        "computer": "SQLSERVER.Mills.local"
      },
      "event": {
        "channel": "WMI",
        "event_id": 5857,
        "record_id": 18370
      },
      "mitre": {
        "tactics": [],
        "tags": []
      },
      "tags": [
        "WMI"
      ],
      "details": {
        "details": "Provider: CIMWin32 ¦ Result: 0x0 ¦ Proc: wmiprvse.exe ¦ Path: %systemroot%\\system32\\wbem\\cimwin32.dll ¦ PID: 6124",
        "extra": "-"
      },
      "source": {
        "tool": "hayabusa",
        "tool_profile": "verbose",
        "evtx_dir": "/home/nevermore/cases/intake/evtx/Logs",
        "timeline_csv": "/home/nevermore/dfir-agentic/outputs/csv/hayabusa_evtx/58d5de52-0dd9-47df-9939-a7a8765278c9/timeline.csv",
        "rule_file": "WMI_5857_Info_ProviderStarted.yml",
        "evtx_file": "/home/nevermore/cases/intake/evtx/Logs/Microsoft-Windows-WMI-Activity%254Operational.evtx"
      }
    },
    {
      "finding_id": "F-58d5de52-0dd9-47df-9939-a7a8765278c9-000340",
      "timestamp": "2026-01-14T12:51:55.043714Z",
      "severity": "info",
      "rule_title": "WMI Provider Started",
      "rule_id": "547aec97-2635-474a-a36c-7a3a46b07fde",
      "host": {
        "computer": "SQLSERVER.Mills.local"
      },
      "event": {
        "channel": "WMI",
        "event_id": 5857,
        "record_id": 18371
      },
      "mitre": {
        "tactics": [],
        "tags": []
      },
      "tags": [
        "WMI"
      ],
      "details": {
        "details": "Provider: smbwmiv2 ¦ Result: 0x0 ¦ Proc: wmiprvse.exe ¦ Path: %SystemRoot%\\System32\\smbwmiv2.dll ¦ PID: 6124",
        "extra": "-"
      },
      "source": {
        "tool": "hayabusa",
        "tool_profile": "verbose",
        "evtx_dir": "/home/nevermore/cases/intake/evtx/Logs",
        "timeline_csv": "/home/nevermore/dfir-agentic/outputs/csv/hayabusa_evtx/58d5de52-0dd9-47df-9939-a7a8765278c9/timeline.csv",
        "rule_file": "WMI_5857_Info_ProviderStarted.yml",
        "evtx_file": "/home/nevermore/cases/intake/evtx/Logs/Microsoft-Windows-WMI-Activity%254Operational.evtx"
      }
    },
    {
      "finding_id": "F-58d5de52-0dd9-47df-9939-a7a8765278c9-000341",
      "timestamp": "2026-01-14T12:51:55.171487Z",
      "severity": "info",
      "rule_title": "WMI Provider Started",
      "rule_id": "547aec97-2635-474a-a36c-7a3a46b07fde",
      "host": {
        "computer": "SQLSERVER.Mills.local"
      },
      "event": {
        "channel": "WMI",
        "event_id": 5857,
        "record_id": 18377
      },
      "mitre": {
        "tactics": [],
        "tags": []
      },
      "tags": [
        "WMI"
      ],
      "details": {
        "details": "Provider: CIMWin32a ¦ Result: 0x0 ¦ Proc: wmiprvse.exe ¦ Path: %systemroot%\\system32\\wbem\\wmipcima.dll ¦ PID: 6124",
        "extra": "-"
      },
      "source": {
        "tool": "hayabusa",
        "tool_profile": "verbose",
        "evtx_dir": "/home/nevermore/cases/intake/evtx/Logs",
        "timeline_csv": "/home/nevermore/dfir-agentic/outputs/csv/hayabusa_evtx/58d5de52-0dd9-47df-9939-a7a8765278c9/timeline.csv",
        "rule_file": "WMI_5857_Info_ProviderStarted.yml",
        "evtx_file": "/home/nevermore/cases/intake/evtx/Logs/Microsoft-Windows-WMI-Activity%254Operational.evtx"
      }
    },
    {
      "finding_id": "F-58d5de52-0dd9-47df-9939-a7a8765278c9-000342",
      "timestamp": "2026-01-14T12:54:01.266988Z",
      "severity": "info",
      "rule_title": "WMI Provider Started",
      "rule_id": "547aec97-2635-474a-a36c-7a3a46b07fde",
      "host": {
        "computer": "SQLSERVER.Mills.local"
      },
      "event": {
        "channel": "WMI",
        "event_id": 5857,
        "record_id": 18380
      },
      "mitre": {
        "tactics": [],
        "tags": []
      },
      "tags": [
        "WMI"
      ],
      "details": {
        "details": "Provider: CIMWin32 ¦ Result: 0x0 ¦ Proc: wmiprvse.exe ¦ Path: %systemroot%\\system32\\wbem\\cimwin32.dll ¦ PID: 2776",
        "extra": "-"
      },
      "source": {
        "tool": "hayabusa",
        "tool_profile": "verbose",
        "evtx_dir": "/home/nevermore/cases/intake/evtx/Logs",
        "timeline_csv": "/home/nevermore/dfir-agentic/outputs/csv/hayabusa_evtx/58d5de52-0dd9-47df-9939-a7a8765278c9/timeline.csv",
        "rule_file": "WMI_5857_Info_ProviderStarted.yml",
        "evtx_file": "/home/nevermore/cases/intake/evtx/Logs/Microsoft-Windows-WMI-Activity%254Operational.evtx"
      }
    },
    {
      "finding_id": "F-58d5de52-0dd9-47df-9939-a7a8765278c9-000343",
      "timestamp": "2026-01-14T12:55:48.759753Z",
      "severity": "info",
      "rule_title": "WMI Provider Started",
      "rule_id": "547aec97-2635-474a-a36c-7a3a46b07fde",
      "host": {
        "computer": "SQLSERVER.Mills.local"
      },
      "event": {
        "channel": "WMI",
        "event_id": 5857,
        "record_id": 18382
      },
      "mitre": {
        "tactics": [],
        "tags": []
      },
      "tags": [
        "WMI"
      ],
      "details": {
        "details": "Provider: WMIProv ¦ Result: 0x0 ¦ Proc: wmiprvse.exe ¦ Path: %systemroot%\\system32\\wbem\\wmiprov.dll ¦ PID: 5468",
        "extra": "-"
      },
      "source": {
        "tool": "hayabusa",
        "tool_profile": "verbose",
        "evtx_dir": "/home/nevermore/cases/intake/evtx/Logs",
        "timeline_csv": "/home/nevermore/dfir-agentic/outputs/csv/hayabusa_evtx/58d5de52-0dd9-47df-9939-a7a8765278c9/timeline.csv",
        "rule_file": "WMI_5857_Info_ProviderStarted.yml",
        "evtx_file": "/home/nevermore/cases/intake/evtx/Logs/Microsoft-Windows-WMI-Activity%254Operational.evtx"
      }
    },
    {
      "finding_id": "F-58d5de52-0dd9-47df-9939-a7a8765278c9-000344",
      "timestamp": "2026-01-14T12:51:43.973565Z",
      "severity": "info",
      "rule_title": "Device Conn",
      "rule_id": "a6a0d64-75d1-433a-b415-4123bab080ec",
      "host": {
        "computer": "SQLSERVER.Mills.local"
      },
      "event": {
        "channel": "MS-Win-Partition/Diagnostic",
        "event_id": 1006,
        "record_id": 156
      },
      "mitre": {
        "tactics": [],
        "tags": []
      },
      "tags": [],
      "details": {
        "details": "Manufacturer: ORACLE ¦ Model: BlockVolume ¦ Revision: 0 ¦ SerialNumber:",
        "extra": "AdapterAlignmentMask: 3 ¦ AdapterId: 8220A1AB-471A-11F0-9051-806E6F6E6963 ¦ AdapterMaximumTransferBytes: 2097152 ¦ AdapterMaximumTransferPages: 513 ¦ AdapterSerialNumber: NULL ¦ BusType: 10 ¦ BytesPerLogicalSector: 512 ¦ BytesPerPhysicalSector: 4096 ¦ BytesPerSector: 512 ¦ Capacity: 107374182400 ¦ Characteristics: 256 ¦ DiskId: B533A0B3-FA7F-3F30-7D23-31D972503865 ¦ FirmwareSlotCount: 1 ¦ FirmwareSupportsUpgrade: true ¦ Flags: 538976528 ¦ FlushCacheSupported: false ¦ HybridSupported: false ¦ IdFlags: 4 ¦ IncursSeekPenalty: false ¦ IoctlSupport: 59839 ¦ IsPowerProtected: false ¦ IsSystemCritical: true ¦ IsThinProvisioned: false ¦ IsTrimSupported: true ¦ Location: PCI Slot 4 : Adapter 0 : Port 0 : Target 0 : LUN 1 ¦ NVCacheEnabled: false ¦ OptimalUnmapGranularity: 32768 ¦ ParentId: PCI\\VEN_1AF4&DEV_1004&SUBSYS_0008108E&REV_00\\3&267a616a&0&20 ¦ PartitionCount: 4 ¦ PartitionStyle: 1 ¦ PartitionTable: 0100000004000000933286550426C34783451F7A45F688270044000000000000007AFFFF1800000080000000000000000100000000000000000010000000000000000040000000000100000000000000A4BB94DED106404DA16ABFD50179D6ACB43BA6AF983D4942B05EA96376D0E0AA01000000000000804200610073006900630020006400610074006100200070006100720074006900740069006F006E00000014E8FF7F0000E0FBBFC03302000050D226C13302000068495EE39F840000010000000000000000001040000000000000400600000000020000000000000028732AC11FF8D211BA4B00A0C93EC93BB5AEAFFBAD859E419F83B3BC19C174EE00000000000000804500460049002000730079007300740065006D00200070006100720074006900740069006F006E000000000000000000000000000000000000000000000000000000000000000000010000000000000000005046000000000000000800000000030000000000000016E3C9E35C0BB84D817DF92DF00215AEF5F234C2C82ED9438D208F0C5874D8E500000000000000804D006900630072006F0073006F0066007400200072006500730065007200760065006400200070006100720074006900740069006F006E000000000000000000000000000000000001000000000000000000504E0000000000BEAFB1180000000400000000000000A2A0D0EBE5B9334487C068B6B72699C76D2278508D3C2F4C925B11630237F4EC00000000000000804200610073006900630020006400610074006100200070006100720074006900740069006F006E000000000000000000000000000000000000000000000000000000000000000000 ¦ PartitionTableBytes: 624 ¦ PoolId: 00000000-0000-0000-0000-000000000000 ¦ PortDriver: 1 ¦ RegistryId: 8220A1B6-471A-11F0-9051-806E6F6E6963 ¦ StorageId: 60EA7075A86B46B887E5804CC052D108 ¦ StorageIdBytes: 16 ¦ StorageIdCodeSet: 1 ¦ StorageIdCount: 1 ¦ StorageIdType: 3 ¦ UserRemovalPolicy: false ¦ Version: 3 ¦ WriteCacheChangeable: 1 ¦ WriteCacheEnabled: 1 ¦ WriteThroughSupported: 2"
      },
      "source": {
        "tool": "hayabusa",
        "tool_profile": "verbose",
        "evtx_dir": "/home/nevermore/cases/intake/evtx/Logs",
        "timeline_csv": "/home/nevermore/dfir-agentic/outputs/csv/hayabusa_evtx/58d5de52-0dd9-47df-9939-a7a8765278c9/timeline.csv",
        "rule_file": "PartitionDiagnostic_1006_Info_DeviceConn.yml",
        "evtx_file": "/home/nevermore/cases/intake/evtx/Logs/Microsoft-Windows-Partition%254Diagnostic.evtx"
      }
    },
    {
      "finding_id": "F-58d5de52-0dd9-47df-9939-a7a8765278c9-000345",
      "timestamp": "2026-01-14T12:51:52.086986Z",
      "severity": "info",
      "rule_title": "Device Conn",
      "rule_id": "a6a0d64-75d1-433a-b415-4123bab080ec",
      "host": {
        "computer": "SQLSERVER.Mills.local"
      },
      "event": {
        "channel": "MS-Win-Partition/Diagnostic",
        "event_id": 1006,
        "record_id": 157
      },
      "mitre": {
        "tactics": [],
        "tags": []
      },
      "tags": [],
      "details": {
        "details": "Manufacturer: ORACLE ¦ Model: BlockVolume ¦ Revision: 1.0 ¦ SerialNumber:",
        "extra": "AdapterAlignmentMask: 3 ¦ AdapterId: 7E2464C4-46DF-11F0-9059-D761D7905D32 ¦ AdapterMaximumTransferBytes: 262144 ¦ AdapterMaximumTransferPages: 4294967295 ¦ AdapterSerialNumber: NULL ¦ BusType: 9 ¦ BytesOffsetForSectorAlignment: 0 ¦ BytesPerLogicalSector: 512 ¦ BytesPerPhysicalSector: 4096 ¦ BytesPerSector: 512 ¦ Capacity: 214748364800 ¦ Characteristics: 256 ¦ DiskId: E7A5342C-E361-68C0-316F-4288B3EF4E95 ¦ DiskNumber: 1 ¦ DumpCount: 0 ¦ FaultTolerance: 0 ¦ FirmwareSlotCount: 1 ¦ FirmwareSupportsUpgrade: true ¦ Flags: 8208 ¦ FlushCacheSupported: false ¦ HibernationCount: 0 ¦ HybridCacheBytes: 0 ¦ HybridSupported: false ¦ IdFlags: 4 ¦ IncursSeekPenalty: false ¦ InterleaveBytes: 0 ¦ IoctlSupport: 59839 ¦ IsPowerProtected: false ¦ IsSystemCritical: false ¦ IsThinProvisioned: false ¦ IsTrimSupported: true ¦ Location: NULL ¦ MbrBytes: 0 ¦ NVCacheEnabled: false ¦ NumberOfColumns: 0 ¦ NumberOfLogicalCopies: 0 ¦ NumberOfPhysicalCopies: 0 ¦ OptimalUnmapGranularity: 32768 ¦ PagingCount: 0 ¦ ParentId: ROOT\\ISCSIPRT\\0000 ¦ PartitionCount: 2 ¦ PartitionStyle: 1 ¦ PartitionTable: 010000000200000030CEFC5669DCED47B5C714AD61FEF3780044000000000000007AFFFF3100000080000000000000000100000000000000004400000000000000BCFF0000000000010000000000000016E3C9E35C0BB84D817DF92DF00215AEBDF9DD3B95168A47A6CE23606E36EB2600000000000000004D006900630072006F0073006F0066007400200072006500730065007200760065006400200070006100720074006900740069006F006E0000000000000000000000000000000000010000000000000000000001000000000000F0FE310000000200000000000000A2A0D0EBE5B9334487C068B6B72699C7E97454AD0738E94FBB3BA99393713CEF00000000000000004200610073006900630020006400610074006100200070006100720074006900740069006F006E000000000000000000000000000000000000000000000000000000000000000000 ¦ PartitionTableBytes: 336 ¦ PoolId: 00000000-0000-0000-0000-000000000000 ¦ PortDriver: 1 ¦ RegistryId: 5BDD2836-6258-11F0-905C-020017323897 ¦ StorageId: 60770159F24F4FA196A4C1FB594A6BD1 ¦ StorageIdAssociation: 0 ¦ StorageIdBytes: 16 ¦ StorageIdCodeSet: 1 ¦ StorageIdCount: 1 ¦ StorageIdType: 3 ¦ UnmapAlignment: 0 ¦ UserRemovalPolicy: false ¦ Vbr0Bytes: 0 ¦ Vbr1Bytes: 0 ¦ Vbr2Bytes: 0 ¦ Vbr3Size: 0 ¦ Version: 3 ¦ WriteCacheChangeable: 1 ¦ WriteCacheEnabled: 1 ¦ WriteCacheType: 0 ¦ WriteThroughSupported: 2"
      },
      "source": {
        "tool": "hayabusa",
        "tool_profile": "verbose",
        "evtx_dir": "/home/nevermore/cases/intake/evtx/Logs",
        "timeline_csv": "/home/nevermore/dfir-agentic/outputs/csv/hayabusa_evtx/58d5de52-0dd9-47df-9939-a7a8765278c9/timeline.csv",
        "rule_file": "PartitionDiagnostic_1006_Info_DeviceConn.yml",
        "evtx_file": "/home/nevermore/cases/intake/evtx/Logs/Microsoft-Windows-Partition%254Diagnostic.evtx"
      }
    },
    {
      "finding_id": "F-58d5de52-0dd9-47df-9939-a7a8765278c9-000346",
      "timestamp": "2026-01-14T12:51:52.102451Z",
      "severity": "info",
      "rule_title": "Device Conn",
      "rule_id": "a6a0d64-75d1-433a-b415-4123bab080ec",
      "host": {
        "computer": "SQLSERVER.Mills.local"
      },
      "event": {
        "channel": "MS-Win-Partition/Diagnostic",
        "event_id": 1006,
        "record_id": 158
      },
      "mitre": {
        "tactics": [],
        "tags": []
      },
      "tags": [],
      "details": {
        "details": "Manufacturer: ORACLE ¦ Model: BlockVolume ¦ Revision: 1.0 ¦ SerialNumber:",
        "extra": "AdapterAlignmentMask: 3 ¦ AdapterId: 7E2464C4-46DF-11F0-9059-D761D7905D32 ¦ AdapterMaximumTransferBytes: 262144 ¦ AdapterMaximumTransferPages: 4294967295 ¦ AdapterSerialNumber: NULL ¦ BusType: 9 ¦ BytesOffsetForSectorAlignment: 0 ¦ BytesPerLogicalSector: 512 ¦ BytesPerPhysicalSector: 4096 ¦ BytesPerSector: 512 ¦ Capacity: 375809638400 ¦ Characteristics: 256 ¦ DiskId: 6D9D009C-36D6-70DB-57D3-FC57252B3C57 ¦ DiskNumber: 2 ¦ DumpCount: 0 ¦ FaultTolerance: 0 ¦ FirmwareSlotCount: 1 ¦ FirmwareSupportsUpgrade: true ¦ Flags: 8208 ¦ FlushCacheSupported: false ¦ HibernationCount: 0 ¦ HybridCacheBytes: 0 ¦ HybridSupported: false ¦ IdFlags: 4 ¦ IncursSeekPenalty: false ¦ InterleaveBytes: 0 ¦ IoctlSupport: 59839 ¦ IsPowerProtected: false ¦ IsSystemCritical: false ¦ IsThinProvisioned: false ¦ IsTrimSupported: true ¦ Location: NULL ¦ MbrBytes: 0 ¦ NVCacheEnabled: false ¦ NumberOfColumns: 0 ¦ NumberOfLogicalCopies: 0 ¦ NumberOfPhysicalCopies: 0 ¦ OptimalUnmapGranularity: 32768 ¦ PagingCount: 0 ¦ ParentId: ROOT\\ISCSIPRT\\0000 ¦ PartitionCount: 2 ¦ PartitionStyle: 1 ¦ PartitionTable: 0100000002000000AEC65F9C7AE5AF48A7D6A992ABAA74D10044000000000000007AFF7F5700000080000000000000000100000000000000004400000000000000BCFF0000000000010000000000000016E3C9E35C0BB84D817DF92DF00215AE1CD96B436842C942A3247D2B22744FF400000000000000004D006900630072006F0073006F0066007400200072006500730065007200760065006400200070006100720074006900740069006F006E0000000000000000000000000000000000010000000000000000000001000000000000E07E570000000200000000000000A2A0D0EBE5B9334487C068B6B72699C790B2A169C0789848AF9D142DF0937B5C00000000000000004200610073006900630020006400610074006100200070006100720074006900740069006F006E000000000000000000000000000000000000000000000000000000000000000000 ¦ PartitionTableBytes: 336 ¦ PoolId: 00000000-0000-0000-0000-000000000000 ¦ PortDriver: 1 ¦ RegistryId: 5BDD288A-6258-11F0-905C-020017323897 ¦ StorageId: 603C417EBCC649E7A382CB37D09CE65A ¦ StorageIdAssociation: 0 ¦ StorageIdBytes: 16 ¦ StorageIdCodeSet: 1 ¦ StorageIdCount: 1 ¦ StorageIdType: 3 ¦ UnmapAlignment: 0 ¦ UserRemovalPolicy: false ¦ Vbr0Bytes: 0 ¦ Vbr1Bytes: 0 ¦ Vbr2Bytes: 0 ¦ Vbr3Size: 0 ¦ Version: 3 ¦ WriteCacheChangeable: 1 ¦ WriteCacheEnabled: 1 ¦ WriteCacheType: 0 ¦ WriteThroughSupported: 2"
      },
      "source": {
        "tool": "hayabusa",
        "tool_profile": "verbose",
        "evtx_dir": "/home/nevermore/cases/intake/evtx/Logs",
        "timeline_csv": "/home/nevermore/dfir-agentic/outputs/csv/hayabusa_evtx/58d5de52-0dd9-47df-9939-a7a8765278c9/timeline.csv",
        "rule_file": "PartitionDiagnostic_1006_Info_DeviceConn.yml",
        "evtx_file": "/home/nevermore/cases/intake/evtx/Logs/Microsoft-Windows-Partition%254Diagnostic.evtx"
      }
    },
    {
      "finding_id": "F-58d5de52-0dd9-47df-9939-a7a8765278c9-000347",
      "timestamp": "2026-01-14T12:51:52.404739Z",
      "severity": "info",
      "rule_title": "Device Conn",
      "rule_id": "a6a0d64-75d1-433a-b415-4123bab080ec",
      "host": {
        "computer": "SQLSERVER.Mills.local"
      },
      "event": {
        "channel": "MS-Win-Partition/Diagnostic",
        "event_id": 1006,
        "record_id": 159
      },
      "mitre": {
        "tactics": [],
        "tags": []
      },
      "tags": [],
      "details": {
        "details": "Manufacturer: ORACLE ¦ Model: BlockVolume ¦ Revision: 1.0 ¦ SerialNumber:",
        "extra": "AdapterAlignmentMask: 3 ¦ AdapterId: 7E2464C4-46DF-11F0-9059-D761D7905D32 ¦ AdapterMaximumTransferBytes: 262144 ¦ AdapterMaximumTransferPages: 4294967295 ¦ AdapterSerialNumber: NULL ¦ BusType: 9 ¦ BytesOffsetForSectorAlignment: 0 ¦ BytesPerLogicalSector: 512 ¦ BytesPerPhysicalSector: 4096 ¦ BytesPerSector: 512 ¦ Capacity: 53687091200 ¦ Characteristics: 256 ¦ DiskId: 9586B0F4-641E-0853-65A3-D4718499F5ED ¦ DiskNumber: 3 ¦ DumpCount: 0 ¦ FaultTolerance: 0 ¦ FirmwareSlotCount: 1 ¦ FirmwareSupportsUpgrade: true ¦ Flags: 8208 ¦ FlushCacheSupported: false ¦ HibernationCount: 0 ¦ HybridCacheBytes: 0 ¦ HybridSupported: false ¦ IdFlags: 4 ¦ IncursSeekPenalty: false ¦ InterleaveBytes: 0 ¦ IoctlSupport: 59839 ¦ IsPowerProtected: false ¦ IsSystemCritical: false ¦ IsThinProvisioned: false ¦ IsTrimSupported: true ¦ Location: NULL ¦ MbrBytes: 0 ¦ NVCacheEnabled: false ¦ NumberOfColumns: 0 ¦ NumberOfLogicalCopies: 0 ¦ NumberOfPhysicalCopies: 0 ¦ OptimalUnmapGranularity: 32768 ¦ PagingCount: 0 ¦ ParentId: ROOT\\ISCSIPRT\\0000 ¦ PartitionCount: 2 ¦ PartitionStyle: 1 ¦ PartitionTable: 01000000020000006D1BF3643931384F89F675C592B5DA4B0044000000000000007AFF7F0C00000080000000000000000100000000000000004400000000000000BCFF0000000000010000000000000016E3C9E35C0BB84D817DF92DF00215AE60C729420A88BE4085AE11476C1CD22400000000000000004D006900630072006F0073006F0066007400200072006500730065007200760065006400200070006100720074006900740069006F006E0000000000000000000000000000000000010000000000000000000001000000000000F07E0C0000000200000000000000A2A0D0EBE5B9334487C068B6B72699C729DF845505A16C4C9BA094D99F51C33400000000000000004200610073006900630020006400610074006100200070006100720074006900740069006F006E000000000000000000000000000000000000000000000000000000000000000000 ¦ PartitionTableBytes: 336 ¦ PoolId: 00000000-0000-0000-0000-000000000000 ¦ PortDriver: 1 ¦ RegistryId: 5BDD289B-6258-11F0-905C-020017323897 ¦ StorageId: 60C2CB69C3F84A5DA2BFA0B140829568 ¦ StorageIdAssociation: 0 ¦ StorageIdBytes: 16 ¦ StorageIdCodeSet: 1 ¦ StorageIdCount: 1 ¦ StorageIdType: 3 ¦ UnmapAlignment: 0 ¦ UserRemovalPolicy: false ¦ Vbr0Bytes: 0 ¦ Vbr1Bytes: 0 ¦ Vbr2Bytes: 0 ¦ Vbr3Size: 0 ¦ Version: 3 ¦ WriteCacheChangeable: 1 ¦ WriteCacheEnabled: 1 ¦ WriteCacheType: 0 ¦ WriteThroughSupported: 2"
      },
      "source": {
        "tool": "hayabusa",
        "tool_profile": "verbose",
        "evtx_dir": "/home/nevermore/cases/intake/evtx/Logs",
        "timeline_csv": "/home/nevermore/dfir-agentic/outputs/csv/hayabusa_evtx/58d5de52-0dd9-47df-9939-a7a8765278c9/timeline.csv",
        "rule_file": "PartitionDiagnostic_1006_Info_DeviceConn.yml",
        "evtx_file": "/home/nevermore/cases/intake/evtx/Logs/Microsoft-Windows-Partition%254Diagnostic.evtx"
      }
    },
    {
      "finding_id": "F-58d5de52-0dd9-47df-9939-a7a8765278c9-000348",
      "timestamp": "2026-01-14T12:51:52.625231Z",
      "severity": "info",
      "rule_title": "Device Conn",
      "rule_id": "a6a0d64-75d1-433a-b415-4123bab080ec",
      "host": {
        "computer": "SQLSERVER.Mills.local"
      },
      "event": {
        "channel": "MS-Win-Partition/Diagnostic",
        "event_id": 1006,
        "record_id": 160
      },
      "mitre": {
        "tactics": [],
        "tags": []
      },
      "tags": [],
      "details": {
        "details": "Manufacturer: ORACLE ¦ Model: BlockVolume ¦ Revision: 1.0 ¦ SerialNumber:",
        "extra": "AdapterAlignmentMask: 3 ¦ AdapterId: 7E2464C4-46DF-11F0-9059-D761D7905D32 ¦ AdapterMaximumTransferBytes: 262144 ¦ AdapterMaximumTransferPages: 4294967295 ¦ AdapterSerialNumber: NULL ¦ BusType: 9 ¦ BytesOffsetForSectorAlignment: 0 ¦ BytesPerLogicalSector: 512 ¦ BytesPerPhysicalSector: 4096 ¦ BytesPerSector: 512 ¦ Capacity: 85899345920 ¦ Characteristics: 256 ¦ DiskId: 54E26399-3784-694B-249C-0B036E52A87E ¦ DiskNumber: 4 ¦ DumpCount: 0 ¦ FaultTolerance: 0 ¦ FirmwareSlotCount: 1 ¦ FirmwareSupportsUpgrade: true ¦ Flags: 8208 ¦ FlushCacheSupported: false ¦ HibernationCount: 0 ¦ HybridCacheBytes: 0 ¦ HybridSupported: false ¦ IdFlags: 4 ¦ IncursSeekPenalty: false ¦ InterleaveBytes: 0 ¦ IoctlSupport: 59839 ¦ IsPowerProtected: false ¦ IsSystemCritical: false ¦ IsThinProvisioned: false ¦ IsTrimSupported: true ¦ Location: NULL ¦ MbrBytes: 0 ¦ NVCacheEnabled: false ¦ NumberOfColumns: 0 ¦ NumberOfLogicalCopies: 0 ¦ NumberOfPhysicalCopies: 0 ¦ OptimalUnmapGranularity: 32768 ¦ PagingCount: 0 ¦ ParentId: ROOT\\ISCSIPRT\\0000 ¦ PartitionCount: 2 ¦ PartitionStyle: 1 ¦ PartitionTable: 0100000002000000A30358F90F4C9E4F9149FA01101869D30044000000000000007AFFFF1300000080000000000000000100000000000000004400000000000000BCFF0000000000010000000000000016E3C9E35C0BB84D817DF92DF00215AE5E2BECACFA87AE4BA82960F5CD96CE0300000000000000004D006900630072006F0073006F0066007400200072006500730065007200760065006400200070006100720074006900740069006F006E0000000000000000000000000000000000010000000000000000000001000000000000E0FE130000000200000000000000A2A0D0EBE5B9334487C068B6B72699C77FE09B76B3BE4448847304E9A1E16F3900000000000000004200610073006900630020006400610074006100200070006100720074006900740069006F006E000000000000000000000000000000000000000000000000000000000000000000 ¦ PartitionTableBytes: 336 ¦ PoolId: 00000000-0000-0000-0000-000000000000 ¦ PortDriver: 1 ¦ RegistryId: 5BDD26A5-6258-11F0-905C-020017323897 ¦ StorageId: 6051D1DE3B7E4050BC0AE53ED886590E ¦ StorageIdAssociation: 0 ¦ StorageIdBytes: 16 ¦ StorageIdCodeSet: 1 ¦ StorageIdCount: 1 ¦ StorageIdType: 3 ¦ UnmapAlignment: 0 ¦ UserRemovalPolicy: false ¦ Vbr0Bytes: 0 ¦ Vbr1Bytes: 0 ¦ Vbr2Bytes: 0 ¦ Vbr3Size: 0 ¦ Version: 3 ¦ WriteCacheChangeable: 1 ¦ WriteCacheEnabled: 1 ¦ WriteCacheType: 0 ¦ WriteThroughSupported: 2"
      },
      "source": {
        "tool": "hayabusa",
        "tool_profile": "verbose",
        "evtx_dir": "/home/nevermore/cases/intake/evtx/Logs",
        "timeline_csv": "/home/nevermore/dfir-agentic/outputs/csv/hayabusa_evtx/58d5de52-0dd9-47df-9939-a7a8765278c9/timeline.csv",
        "rule_file": "PartitionDiagnostic_1006_Info_DeviceConn.yml",
        "evtx_file": "/home/nevermore/cases/intake/evtx/Logs/Microsoft-Windows-Partition%254Diagnostic.evtx"
      }
    },
