    {
      "finding_id": "F-58d5de52-0dd9-47df-9939-a7a8765278c9-000280",
      "timestamp": "2026-01-14T12:56:42.498228Z",
      "severity": "low",
      "rule_title": "NTLM Logon",
      "rule_id": "c043d322-c767-faa8-92d4-381dcc35cab3",
      "host": {
        "computer": "SQLSERVER.Mills.local"
      },
      "event": {
        "channel": "NTLM",
        "event_id": 8002,
        "record_id": 312628
      },
      "mitre": {
        "tactics": [
          "Evas ¦ LatMov"
        ],
        "tags": [
          "T1550.002"
        ]
      },
      "tags": [],
      "details": {
        "details": "CallerPID: 4 ¦ ClientDomainName: MILLSINC ¦ ClientLUID: 0x3e7 ¦ ClientUserName: SQLSERVER$ ¦ MechanismOID: 1.3.6.1.4.1.311.2.2.10 ¦ ProcessName:",
        "extra": "-"
      },
      "source": {
        "tool": "hayabusa",
        "tool_profile": "verbose",
        "evtx_dir": "/home/nevermore/cases/intake/evtx/Logs",
        "timeline_csv": "/home/nevermore/dfir-agentic/outputs/csv/hayabusa_evtx/58d5de52-0dd9-47df-9939-a7a8765278c9/timeline.csv",
        "rule_file": "win_susp_ntlm_auth.yml",
        "evtx_file": "/home/nevermore/cases/intake/evtx/Logs/Microsoft-Windows-NTLM%254Operational.evtx"
      }
    },
    {
      "finding_id": "F-58d5de52-0dd9-47df-9939-a7a8765278c9-000281",
      "timestamp": "2026-01-14T12:56:42.776515Z",
      "severity": "low",
      "rule_title": "NTLM Logon",
      "rule_id": "c043d322-c767-faa8-92d4-381dcc35cab3",
      "host": {
        "computer": "SQLSERVER.Mills.local"
      },
      "event": {
        "channel": "NTLM",
        "event_id": 8002,
        "record_id": 312630
      },
      "mitre": {
        "tactics": [
          "Evas ¦ LatMov"
        ],
        "tags": [
          "T1550.002"
        ]
      },
      "tags": [],
      "details": {
        "details": "CallerPID: 4 ¦ ClientDomainName: MILLSINC ¦ ClientLUID: 0x3e7 ¦ ClientUserName: SQLSERVER$ ¦ MechanismOID: 1.3.6.1.4.1.311.2.2.10 ¦ ProcessName:",
        "extra": "-"
      },
      "source": {
        "tool": "hayabusa",
        "tool_profile": "verbose",
        "evtx_dir": "/home/nevermore/cases/intake/evtx/Logs",
        "timeline_csv": "/home/nevermore/dfir-agentic/outputs/csv/hayabusa_evtx/58d5de52-0dd9-47df-9939-a7a8765278c9/timeline.csv",
        "rule_file": "win_susp_ntlm_auth.yml",
        "evtx_file": "/home/nevermore/cases/intake/evtx/Logs/Microsoft-Windows-NTLM%254Operational.evtx"
      }
    },
    {
      "finding_id": "F-58d5de52-0dd9-47df-9939-a7a8765278c9-000282",
      "timestamp": "2026-01-14T12:57:03.948714Z",
      "severity": "low",
      "rule_title": "NTLM Logon",
      "rule_id": "c043d322-c767-faa8-92d4-381dcc35cab3",
      "host": {
        "computer": "SQLSERVER.Mills.local"
      },
      "event": {
        "channel": "NTLM",
        "event_id": 8002,
        "record_id": 312632
      },
      "mitre": {
        "tactics": [
          "Evas ¦ LatMov"
        ],
        "tags": [
          "T1550.002"
        ]
      },
      "tags": [],
      "details": {
        "details": "CallerPID: 4 ¦ ClientDomainName: MILLSINC ¦ ClientLUID: 0x3e7 ¦ ClientUserName: SQLSERVER$ ¦ MechanismOID: 1.3.6.1.4.1.311.2.2.10 ¦ ProcessName:",
        "extra": "-"
      },
      "source": {
        "tool": "hayabusa",
        "tool_profile": "verbose",
        "evtx_dir": "/home/nevermore/cases/intake/evtx/Logs",
        "timeline_csv": "/home/nevermore/dfir-agentic/outputs/csv/hayabusa_evtx/58d5de52-0dd9-47df-9939-a7a8765278c9/timeline.csv",
        "rule_file": "win_susp_ntlm_auth.yml",
        "evtx_file": "/home/nevermore/cases/intake/evtx/Logs/Microsoft-Windows-NTLM%254Operational.evtx"
      }
    },
    {
      "finding_id": "F-58d5de52-0dd9-47df-9939-a7a8765278c9-000283",
      "timestamp": "2026-01-14T12:51:50.852434Z",
      "severity": "med",
      "rule_title": "NTLMv1 Logon Between Client and Server",
      "rule_id": "cb063566-b04b-c7e4-316b-c69075ed08f5",
      "host": {
        "computer": "SQLSERVER.Mills.local"
      },
      "event": {
        "channel": "Sys",
        "event_id": 6038,
        "record_id": 70871
      },
      "mitre": {
        "tactics": [
          "Evas ¦ LatMov"
        ],
        "tags": [
          "T1550.002"
        ]
      },
      "tags": [],
      "details": {
        "details": "-",
        "extra": "-"
      },
      "source": {
        "tool": "hayabusa",
        "tool_profile": "verbose",
        "evtx_dir": "/home/nevermore/cases/intake/evtx/Logs",
        "timeline_csv": "/home/nevermore/dfir-agentic/outputs/csv/hayabusa_evtx/58d5de52-0dd9-47df-9939-a7a8765278c9/timeline.csv",
        "rule_file": "win_system_lsasrv_ntlmv1.yml",
        "evtx_file": "/home/nevermore/cases/intake/evtx/Logs/System.evtx"
      }
    },
    {
      "finding_id": "F-58d5de52-0dd9-47df-9939-a7a8765278c9-000284",
      "timestamp": "2026-01-14T10:49:44.557632Z",
      "severity": "high",
      "rule_title": "Important Log File Cleared",
      "rule_id": "f481a1f3-969e-4187-b3a5-b47c272bfebd",
      "host": {
        "computer": "SQLSERVER.Mills.local"
      },
      "event": {
        "channel": "Sys",
        "event_id": 104,
        "record_id": 70729
      },
      "mitre": {
        "tactics": [
          "Evas"
        ],
        "tags": [
          "T1070.001"
        ]
      },
      "tags": [],
      "details": {
        "details": "Log: System ¦ User: jasonr",
        "extra": "BackupPath: ¦ ClientProcessId: 5760 ¦ ClientProcessStartKey: 7599824371189413 ¦ SubjectDomainName: MILLSINC"
      },
      "source": {
        "tool": "hayabusa",
        "tool_profile": "verbose",
        "evtx_dir": "/home/nevermore/cases/intake/evtx/Logs",
        "timeline_csv": "/home/nevermore/dfir-agentic/outputs/csv/hayabusa_evtx/58d5de52-0dd9-47df-9939-a7a8765278c9/timeline.csv",
        "rule_file": "Sys_104_High_ImportantLogCleared.yml",
        "evtx_file": "/home/nevermore/cases/intake/evtx/Logs/System.evtx"
      }
    },
    {
      "finding_id": "F-58d5de52-0dd9-47df-9939-a7a8765278c9-000285",
      "timestamp": "2026-01-14T10:49:44.557632Z",
      "severity": "high",
      "rule_title": "Important Log File Cleared",
      "rule_id": "f481a1f3-969e-4187-b3a5-b47c272bfebd",
      "host": {
        "computer": "SQLSERVER.Mills.local"
      },
      "event": {
        "channel": "Sys",
        "event_id": 104,
        "record_id": 70730
      },
      "mitre": {
        "tactics": [
          "Evas"
        ],
        "tags": [
          "T1070.001"
        ]
      },
      "tags": [],
      "details": {
        "details": "Log: Windows PowerShell ¦ User: jasonr",
        "extra": "BackupPath: ¦ ClientProcessId: 5760 ¦ ClientProcessStartKey: 7599824371189413 ¦ SubjectDomainName: MILLSINC"
      },
      "source": {
        "tool": "hayabusa",
        "tool_profile": "verbose",
        "evtx_dir": "/home/nevermore/cases/intake/evtx/Logs",
        "timeline_csv": "/home/nevermore/dfir-agentic/outputs/csv/hayabusa_evtx/58d5de52-0dd9-47df-9939-a7a8765278c9/timeline.csv",
        "rule_file": "Sys_104_High_ImportantLogCleared.yml",
        "evtx_file": "/home/nevermore/cases/intake/evtx/Logs/System.evtx"
      }
    },
    {
      "finding_id": "F-58d5de52-0dd9-47df-9939-a7a8765278c9-000286",
      "timestamp": "2026-01-14T12:51:43.798566Z",
      "severity": "info",
      "rule_title": "Computer Startup",
      "rule_id": "a225cc36-bfdc-4e7a-ad01-f544b90e2d2a",
      "host": {
        "computer": "SQLSERVER.Mills.local"
      },
      "event": {
        "channel": "Sys",
        "event_id": 12,
        "record_id": 70755
      },
      "mitre": {
        "tactics": [],
        "tags": []
      },
      "tags": [],
      "details": {
        "details": "BootMode: 0 ¦ BuildVersion: 17763 ¦ MajorVersion: 10 ¦ MinorVersion: 0 ¦ QfeVersion: 8146 ¦ ServiceVersion: 0 ¦ StartTime: 2026-01-14T12:51:43.500000Z",
        "extra": "-"
      },
      "source": {
        "tool": "hayabusa",
        "tool_profile": "verbose",
        "evtx_dir": "/home/nevermore/cases/intake/evtx/Logs",
        "timeline_csv": "/home/nevermore/dfir-agentic/outputs/csv/hayabusa_evtx/58d5de52-0dd9-47df-9939-a7a8765278c9/timeline.csv",
        "rule_file": "Sys_12_Info_ComputerStartup.yml",
        "evtx_file": "/home/nevermore/cases/intake/evtx/Logs/System.evtx"
      }
    },
    {
      "finding_id": "F-58d5de52-0dd9-47df-9939-a7a8765278c9-000287",
      "timestamp": "2026-01-14T12:51:48.348654Z",
      "severity": "info",
      "rule_title": "Event Log Svc Started",
      "rule_id": "11dc7d25-01c9-4b07-9d91-8e07b60d8fd3",
      "host": {
        "computer": "SQLSERVER.Mills.local"
      },
      "event": {
        "channel": "Sys",
        "event_id": 6005,
        "record_id": 70753
      },
      "mitre": {
        "tactics": [],
        "tags": []
      },
      "tags": [],
      "details": {
        "details": "-",
        "extra": "Binary: EA07010003000E000C00330030005C010000000000000000"
      },
      "source": {
        "tool": "hayabusa",
        "tool_profile": "verbose",
        "evtx_dir": "/home/nevermore/cases/intake/evtx/Logs",
        "timeline_csv": "/home/nevermore/dfir-agentic/outputs/csv/hayabusa_evtx/58d5de52-0dd9-47df-9939-a7a8765278c9/timeline.csv",
        "rule_file": "Sys_6005_Info_EventLogSvcStarted.yml",
        "evtx_file": "/home/nevermore/cases/intake/evtx/Logs/System.evtx"
      }
    },
    {
      "finding_id": "F-58d5de52-0dd9-47df-9939-a7a8765278c9-000288",
      "timestamp": "2026-01-14T12:51:48.348654Z",
      "severity": "info",
      "rule_title": "Computer Uptime/Timezone",
      "rule_id": "982fdd1f-38fe-4243-bea3-6032fc01b723",
      "host": {
        "computer": "SQLSERVER.Mills.local"
      },
      "event": {
        "channel": "Sys",
        "event_id": 6013,
        "record_id": 70754
      },
      "mitre": {
        "tactics": [],
        "tags": []
      },
      "tags": [],
      "details": {
        "details": "UpTime: 4 ¦ Timezone: 300 Eastern Standard Time",
        "extra": "Binary: 31002E003100000030000000570069006E0064006F007700730020005300650072007600650072002000320030003100390020005300740061006E0064006100720064000000310030002E0030002E003100370037003600330020004200750069006C0064002000310037003700360033002000200000004D0075006C0074006900700072006F0063006500730073006F007200200046007200650065000000310037003700360033002E007200730035005F00720065006C0065006100730065002E003100380030003900310034002D00310034003300340000003600380037003600650039006600630000004E006F007400200041007600610069006C00610062006C00650000004E006F007400200041007600610069006C00610062006C006500000039000000380000003600350035003300310000003400300039000000530051004C005300450052005600450052002E004D0069006C006C0073002E006C006F00630061006C0000000000 ¦ Data[1]: ¦ Data[2]: ¦ Data[3]: ¦ Data[4]: ¦ Data[6]: 60"
      },
      "source": {
        "tool": "hayabusa",
        "tool_profile": "verbose",
        "evtx_dir": "/home/nevermore/cases/intake/evtx/Logs",
        "timeline_csv": "/home/nevermore/dfir-agentic/outputs/csv/hayabusa_evtx/58d5de52-0dd9-47df-9939-a7a8765278c9/timeline.csv",
        "rule_file": "Sys_6013_Info_ComputerUpTime.yml",
        "evtx_file": "/home/nevermore/cases/intake/evtx/Logs/System.evtx"
      }
    },
    {
      "finding_id": "F-58d5de52-0dd9-47df-9939-a7a8765278c9-000289",
      "timestamp": "2026-01-14T12:51:48.348654Z",
      "severity": "low",
      "rule_title": "Unexpected Shutdown",
      "rule_id": "517c0b15-d2bf-48a3-926c-f7b4a96dcec3",
      "host": {
        "computer": "SQLSERVER.Mills.local"
      },
      "event": {
        "channel": "Sys",
        "event_id": 6008,
        "record_id": 70751
      },
      "mitre": {
        "tactics": [
          "Impact"
        ],
        "tags": [
          "T1499"
        ]
      },
      "tags": [],
      "details": {
        "details": "Binary: EA07010003000E000700330012007C02EA07010003000E000C00330012007C023C0000003C000000000000000000000000000000000000000100000000000000 ¦ Data[1]: 7:51:18 AM ¦ Data[2]: ‎1/‎14/‎2026 ¦ Data[3]: ¦ Data[4]: ¦ Data[5]: 33728 ¦ Data[6]: ¦ Data[7]:",
        "extra": "-"
      },
      "source": {
        "tool": "hayabusa",
        "tool_profile": "verbose",
        "evtx_dir": "/home/nevermore/cases/intake/evtx/Logs",
        "timeline_csv": "/home/nevermore/dfir-agentic/outputs/csv/hayabusa_evtx/58d5de52-0dd9-47df-9939-a7a8765278c9/timeline.csv",
        "rule_file": "Sys_6008_Low_UnexpectedShutdown.yml",
        "evtx_file": "/home/nevermore/cases/intake/evtx/Logs/System.evtx"
      }
    },
    {
      "finding_id": "F-58d5de52-0dd9-47df-9939-a7a8765278c9-000290",
      "timestamp": "2026-01-14T12:57:18.929781Z",
      "severity": "low",
      "rule_title": "Service Crashed",
      "rule_id": "f5dc6a6d-fdf1-441a-a10c-aa10e2908aa4",
      "host": {
        "computer": "SQLSERVER.Mills.local"
      },
      "event": {
        "channel": "Sys",
        "event_id": 7034,
        "record_id": 70929
      },
      "mitre": {
        "tactics": [
          "Impact"
        ],
        "tags": [
          "T1499"
        ]
      },
      "tags": [],
      "details": {
        "details": "Svc: Micro Focus Directory Server ¦ CrashCount: 1",
        "extra": "Binary: 6D0066005F0043004300490054004300500032000000"
      },
      "source": {
        "tool": "hayabusa",
        "tool_profile": "verbose",
        "evtx_dir": "/home/nevermore/cases/intake/evtx/Logs",
        "timeline_csv": "/home/nevermore/dfir-agentic/outputs/csv/hayabusa_evtx/58d5de52-0dd9-47df-9939-a7a8765278c9/timeline.csv",
        "rule_file": "Sys_7034_Low_ServiceCrashed.yml",
        "evtx_file": "/home/nevermore/cases/intake/evtx/Logs/System.evtx"
      }
    },
    {
      "finding_id": "F-58d5de52-0dd9-47df-9939-a7a8765278c9-000291",
      "timestamp": "2026-01-14T12:51:48.348654Z",
      "severity": "info",
      "rule_title": "Computer Startup",
      "rule_id": "b27292f1a-18b3-4433-b340-151874a7d4e8",
      "host": {
        "computer": "SQLSERVER.Mills.local"
      },
      "event": {
        "channel": "Sys",
        "event_id": 6009,
        "record_id": 70752
      },
      "mitre": {
        "tactics": [],
        "tags": []
      },
      "tags": [],
      "details": {
        "details": "MajorVer: 10.00. ¦ BuildNum: 17763",
        "extra": "Data[3]: ¦ Data[4]: Multiprocessor Free ¦ Data[5]: 0"
      },
      "source": {
        "tool": "hayabusa",
        "tool_profile": "verbose",
        "evtx_dir": "/home/nevermore/cases/intake/evtx/Logs",
        "timeline_csv": "/home/nevermore/dfir-agentic/outputs/csv/hayabusa_evtx/58d5de52-0dd9-47df-9939-a7a8765278c9/timeline.csv",
        "rule_file": "Sys_6009_Info_ComputerStartup.yml",
        "evtx_file": "/home/nevermore/cases/intake/evtx/Logs/System.evtx"
      }
    },
    {
      "finding_id": "F-58d5de52-0dd9-47df-9939-a7a8765278c9-000292",
      "timestamp": "2026-01-14T12:57:19.073059Z",
      "severity": "info",
      "rule_title": "Event Log Svc Stopped",
      "rule_id": "b6d53116-36b2-4413-a99b-e6708f9c3027",
      "host": {
        "computer": "SQLSERVER.Mills.local"
      },
      "event": {
        "channel": "Sys",
        "event_id": 6006,
        "record_id": 70921
      },
      "mitre": {
        "tactics": [],
        "tags": []
      },
      "tags": [],
      "details": {
        "details": "-",
        "extra": "Binary: 0100000000000000"
      },
      "source": {
        "tool": "hayabusa",
        "tool_profile": "verbose",
        "evtx_dir": "/home/nevermore/cases/intake/evtx/Logs",
        "timeline_csv": "/home/nevermore/dfir-agentic/outputs/csv/hayabusa_evtx/58d5de52-0dd9-47df-9939-a7a8765278c9/timeline.csv",
        "rule_file": "Sys_6006_Info_EventLogSvcStopped.yml",
        "evtx_file": "/home/nevermore/cases/intake/evtx/Logs/System.evtx"
      }
    },
    {
      "finding_id": "F-58d5de52-0dd9-47df-9939-a7a8765278c9-000293",
      "timestamp": "2026-01-14T12:11:24.967529Z",
      "severity": "info",
      "rule_title": "Task Updated",
      "rule_id": "aba04101-e439-4e2f-b051-4be561993c31",
      "host": {
        "computer": "SQLSERVER.Mills.local"
      },
      "event": {
        "channel": "TaskSch",
        "event_id": 140,
        "record_id": 261616
      },
      "mitre": {
        "tactics": [],
        "tags": []
      },
      "tags": [
        "Task"
      ],
      "details": {
        "details": "Name: \\Microsoft\\Windows\\WindowsUpdate\\Scheduled Start ¦ User: NT AUTHORITY\\SYSTEM",
        "extra": "Name: TaskUpdated"
      },
      "source": {
        "tool": "hayabusa",
        "tool_profile": "verbose",
        "evtx_dir": "/home/nevermore/cases/intake/evtx/Logs",
        "timeline_csv": "/home/nevermore/dfir-agentic/outputs/csv/hayabusa_evtx/58d5de52-0dd9-47df-9939-a7a8765278c9/timeline.csv",
        "rule_file": "TaskSch_140_Info_TaskUpdated.yml",
        "evtx_file": "/home/nevermore/cases/intake/evtx/Logs/Microsoft-Windows-TaskScheduler%254Operational.evtx"
      }
    },
    {
      "finding_id": "F-58d5de52-0dd9-47df-9939-a7a8765278c9-000294",
      "timestamp": "2026-01-14T12:51:55.219045Z",
      "severity": "info",
      "rule_title": "Task Updated",
      "rule_id": "aba04101-e439-4e2f-b051-4be561993c31",
      "host": {
        "computer": "SQLSERVER.Mills.local"
      },
      "event": {
        "channel": "TaskSch",
        "event_id": 140,
        "record_id": 261686
      },
      "mitre": {
        "tactics": [],
        "tags": []
      },
      "tags": [
        "Task"
      ],
      "details": {
        "details": "Name: \\Microsoft\\Windows\\Windows Error Reporting\\QueueReporting ¦ User: MILLSINC\\SQLSERVER$",
        "extra": "Name: TaskUpdated"
      },
      "source": {
        "tool": "hayabusa",
        "tool_profile": "verbose",
        "evtx_dir": "/home/nevermore/cases/intake/evtx/Logs",
        "timeline_csv": "/home/nevermore/dfir-agentic/outputs/csv/hayabusa_evtx/58d5de52-0dd9-47df-9939-a7a8765278c9/timeline.csv",
        "rule_file": "TaskSch_140_Info_TaskUpdated.yml",
        "evtx_file": "/home/nevermore/cases/intake/evtx/Logs/Microsoft-Windows-TaskScheduler%254Operational.evtx"
      }
    },
    {
      "finding_id": "F-58d5de52-0dd9-47df-9939-a7a8765278c9-000295",
      "timestamp": "2026-01-14T12:54:31.497410Z",
      "severity": "info",
      "rule_title": "Task Updated",
      "rule_id": "aba04101-e439-4e2f-b051-4be561993c31",
      "host": {
        "computer": "SQLSERVER.Mills.local"
      },
      "event": {
        "channel": "TaskSch",
        "event_id": 140,
        "record_id": 261710
      },
      "mitre": {
        "tactics": [],
        "tags": []
      },
      "tags": [
        "Task"
      ],
      "details": {
        "details": "Name: \\Microsoft\\Windows\\SoftwareProtectionPlatform\\SvcRestartTask ¦ User: MILLSINC\\SQLSERVER$",
        "extra": "Name: TaskUpdated"
      },
      "source": {
        "tool": "hayabusa",
        "tool_profile": "verbose",
        "evtx_dir": "/home/nevermore/cases/intake/evtx/Logs",
        "timeline_csv": "/home/nevermore/dfir-agentic/outputs/csv/hayabusa_evtx/58d5de52-0dd9-47df-9939-a7a8765278c9/timeline.csv",
        "rule_file": "TaskSch_140_Info_TaskUpdated.yml",
        "evtx_file": "/home/nevermore/cases/intake/evtx/Logs/Microsoft-Windows-TaskScheduler%254Operational.evtx"
      }
    },
    {
      "finding_id": "F-58d5de52-0dd9-47df-9939-a7a8765278c9-000296",
      "timestamp": "2026-01-14T10:50:01.118802Z",
      "severity": "info",
      "rule_title": "Task Executed",
      "rule_id": "d1923809-955b-47c4-b3e5-37c0e461919c",
      "host": {
        "computer": "SQLSERVER.Mills.local"
      },
      "event": {
        "channel": "TaskSch",
        "event_id": 200,
        "record_id": 261482
      },
      "mitre": {
        "tactics": [],
        "tags": []
      },
      "tags": [
        "Task"
      ],
      "details": {
        "details": "Name: \\ConsumirApiBMX ¦ Action: C:\\Users\\galvarez\\AppData\\Local\\Apps\\2.0\\EOBECGLV.XW8\\98MNXM6Z.8NW\\cons..tion_0000000000000000_0001.0000_e29fc9b507fab384\\ConsumirApiBmx.exe",
        "extra": "EnginePID: 6844 ¦ Name: ActionStart ¦ TaskInstanceId: 34CF9BC2-7F6A-4FB8-8909-97F9BCAACDCE"
      },
      "source": {
        "tool": "hayabusa",
        "tool_profile": "verbose",
        "evtx_dir": "/home/nevermore/cases/intake/evtx/Logs",
        "timeline_csv": "/home/nevermore/dfir-agentic/outputs/csv/hayabusa_evtx/58d5de52-0dd9-47df-9939-a7a8765278c9/timeline.csv",
        "rule_file": "TaskSch_200_Info_TaskExecuted.yml",
        "evtx_file": "/home/nevermore/cases/intake/evtx/Logs/Microsoft-Windows-TaskScheduler%254Operational.evtx"
      }
    },
    {
      "finding_id": "F-58d5de52-0dd9-47df-9939-a7a8765278c9-000297",
      "timestamp": "2026-01-14T10:54:37.644681Z",
      "severity": "info",
      "rule_title": "Task Executed",
      "rule_id": "d1923809-955b-47c4-b3e5-37c0e461919c",
      "host": {
        "computer": "SQLSERVER.Mills.local"
      },
      "event": {
        "channel": "TaskSch",
        "event_id": 200,
        "record_id": 261490
      },
      "mitre": {
        "tactics": [],
        "tags": []
      },
      "tags": [
        "Task"
      ],
      "details": {
        "details": "Name: \\MicrosoftEdgeUpdateTaskMachineUA{B9DF4A20-8820-446F-BD5B-8C125DF0D618} ¦ Action: C:\\Program Files (x86)\\Microsoft\\EdgeUpdate\\MicrosoftEdgeUpdate.exe",
        "extra": "EnginePID: 8308 ¦ Name: ActionStart ¦ TaskInstanceId: EEF55FE2-3B8E-4536-A5EA-AB74E3189156"
      },
      "source": {
        "tool": "hayabusa",
        "tool_profile": "verbose",
        "evtx_dir": "/home/nevermore/cases/intake/evtx/Logs",
        "timeline_csv": "/home/nevermore/dfir-agentic/outputs/csv/hayabusa_evtx/58d5de52-0dd9-47df-9939-a7a8765278c9/timeline.csv",
        "rule_file": "TaskSch_200_Info_TaskExecuted.yml",
        "evtx_file": "/home/nevermore/cases/intake/evtx/Logs/Microsoft-Windows-TaskScheduler%254Operational.evtx"
      }
    },
    {
      "finding_id": "F-58d5de52-0dd9-47df-9939-a7a8765278c9-000298",
      "timestamp": "2026-01-14T11:00:00.214635Z",
      "severity": "info",
      "rule_title": "Task Executed",
      "rule_id": "d1923809-955b-47c4-b3e5-37c0e461919c",
      "host": {
        "computer": "SQLSERVER.Mills.local"
      },
      "event": {
        "channel": "TaskSch",
        "event_id": 200,
        "record_id": 261496
      },
      "mitre": {
        "tactics": [],
        "tags": []
      },
      "tags": [
        "Task"
      ],
      "details": {
        "details": "Name: \\Microsoft\\Windows\\Customer Experience Improvement Program\\Consolidator ¦ Action: %SystemRoot%\\System32\\wsqmcons.exe",
        "extra": "EnginePID: 8260 ¦ Name: ActionStart ¦ TaskInstanceId: 7D89AA16-CF61-4F50-B46C-F7A62E9651CC"
      },
      "source": {
        "tool": "hayabusa",
        "tool_profile": "verbose",
        "evtx_dir": "/home/nevermore/cases/intake/evtx/Logs",
        "timeline_csv": "/home/nevermore/dfir-agentic/outputs/csv/hayabusa_evtx/58d5de52-0dd9-47df-9939-a7a8765278c9/timeline.csv",
        "rule_file": "TaskSch_200_Info_TaskExecuted.yml",
        "evtx_file": "/home/nevermore/cases/intake/evtx/Logs/Microsoft-Windows-TaskScheduler%254Operational.evtx"
      }
    },
    {
      "finding_id": "F-58d5de52-0dd9-47df-9939-a7a8765278c9-000299",
      "timestamp": "2026-01-14T11:01:30.352035Z",
      "severity": "info",
      "rule_title": "Task Executed",
      "rule_id": "d1923809-955b-47c4-b3e5-37c0e461919c",
      "host": {
        "computer": "SQLSERVER.Mills.local"
      },
      "event": {
        "channel": "TaskSch",
        "event_id": 200,
        "record_id": 261502
      },
      "mitre": {
        "tactics": [],
        "tags": []
      },
      "tags": [
        "Task"
      ],
      "details": {
        "details": "Name: \\UnifiedAgentConfigUpdater ¦ Action: C:\\oracle_unified_agent\\unified-monitoring-agent\\embedded\\bin\\ruby.exe",
        "extra": "EnginePID: 5568 ¦ Name: ActionStart ¦ TaskInstanceId: D7AA8D9A-4E48-44C7-AE9C-C34459673D64"
      },
      "source": {
        "tool": "hayabusa",
        "tool_profile": "verbose",
        "evtx_dir": "/home/nevermore/cases/intake/evtx/Logs",
        "timeline_csv": "/home/nevermore/dfir-agentic/outputs/csv/hayabusa_evtx/58d5de52-0dd9-47df-9939-a7a8765278c9/timeline.csv",
        "rule_file": "TaskSch_200_Info_TaskExecuted.yml",
        "evtx_file": "/home/nevermore/cases/intake/evtx/Logs/Microsoft-Windows-TaskScheduler%254Operational.evtx"
      }
    },
    {
      "finding_id": "F-58d5de52-0dd9-47df-9939-a7a8765278c9-000300",
      "timestamp": "2026-01-14T11:05:01.010243Z",
      "severity": "info",
      "rule_title": "Task Executed",
      "rule_id": "d1923809-955b-47c4-b3e5-37c0e461919c",
      "host": {
        "computer": "SQLSERVER.Mills.local"
      },
      "event": {
        "channel": "TaskSch",
        "event_id": 200,
        "record_id": 261508
      },
      "mitre": {
        "tactics": [],
        "tags": []
      },
      "tags": [
        "Task"
      ],
      "details": {
        "details": "Name: \\ConsumirApiBMX ¦ Action: C:\\Users\\galvarez\\AppData\\Local\\Apps\\2.0\\EOBECGLV.XW8\\98MNXM6Z.8NW\\cons..tion_0000000000000000_0001.0000_e29fc9b507fab384\\ConsumirApiBmx.exe",
        "extra": "EnginePID: 7352 ¦ Name: ActionStart ¦ TaskInstanceId: 547D372B-D5EC-40DA-B418-708839F455AF"
      },
      "source": {
        "tool": "hayabusa",
        "tool_profile": "verbose",
        "evtx_dir": "/home/nevermore/cases/intake/evtx/Logs",
        "timeline_csv": "/home/nevermore/dfir-agentic/outputs/csv/hayabusa_evtx/58d5de52-0dd9-47df-9939-a7a8765278c9/timeline.csv",
        "rule_file": "TaskSch_200_Info_TaskExecuted.yml",
        "evtx_file": "/home/nevermore/cases/intake/evtx/Logs/Microsoft-Windows-TaskScheduler%254Operational.evtx"
      }
    },
    {
      "finding_id": "F-58d5de52-0dd9-47df-9939-a7a8765278c9-000301",
      "timestamp": "2026-01-14T11:16:00.353625Z",
      "severity": "info",
      "rule_title": "Task Executed",
      "rule_id": "d1923809-955b-47c4-b3e5-37c0e461919c",
      "host": {
        "computer": "SQLSERVER.Mills.local"
      },
      "event": {
        "channel": "TaskSch",
        "event_id": 200,
        "record_id": 261516
      },
      "mitre": {
        "tactics": [],
        "tags": []
      },
      "tags": [
        "Task"
      ],
      "details": {
        "details": "Name: \\UnifiedAgentConfigUpdater ¦ Action: C:\\oracle_unified_agent\\unified-monitoring-agent\\embedded\\bin\\ruby.exe",
        "extra": "EnginePID: 5208 ¦ Name: ActionStart ¦ TaskInstanceId: 849A5C34-604E-4531-86BE-C286CF45542C"
      },
      "source": {
        "tool": "hayabusa",
        "tool_profile": "verbose",
        "evtx_dir": "/home/nevermore/cases/intake/evtx/Logs",
        "timeline_csv": "/home/nevermore/dfir-agentic/outputs/csv/hayabusa_evtx/58d5de52-0dd9-47df-9939-a7a8765278c9/timeline.csv",
        "rule_file": "TaskSch_200_Info_TaskExecuted.yml",
        "evtx_file": "/home/nevermore/cases/intake/evtx/Logs/Microsoft-Windows-TaskScheduler%254Operational.evtx"
      }
    },
    {
      "finding_id": "F-58d5de52-0dd9-47df-9939-a7a8765278c9-000302",
      "timestamp": "2026-01-14T11:20:01.012306Z",
      "severity": "info",
      "rule_title": "Task Executed",
      "rule_id": "d1923809-955b-47c4-b3e5-37c0e461919c",
      "host": {
        "computer": "SQLSERVER.Mills.local"
      },
      "event": {
        "channel": "TaskSch",
        "event_id": 200,
        "record_id": 261522
      },
      "mitre": {
        "tactics": [],
        "tags": []
      },
      "tags": [
        "Task"
      ],
      "details": {
        "details": "Name: \\ConsumirApiBMX ¦ Action: C:\\Users\\galvarez\\AppData\\Local\\Apps\\2.0\\EOBECGLV.XW8\\98MNXM6Z.8NW\\cons..tion_0000000000000000_0001.0000_e29fc9b507fab384\\ConsumirApiBmx.exe",
        "extra": "EnginePID: 6944 ¦ Name: ActionStart ¦ TaskInstanceId: BCAEE60E-232C-4F39-AA30-C3C1A14C1C45"
      },
      "source": {
        "tool": "hayabusa",
        "tool_profile": "verbose",
        "evtx_dir": "/home/nevermore/cases/intake/evtx/Logs",
        "timeline_csv": "/home/nevermore/dfir-agentic/outputs/csv/hayabusa_evtx/58d5de52-0dd9-47df-9939-a7a8765278c9/timeline.csv",
        "rule_file": "TaskSch_200_Info_TaskExecuted.yml",
        "evtx_file": "/home/nevermore/cases/intake/evtx/Logs/Microsoft-Windows-TaskScheduler%254Operational.evtx"
      }
    },
    {
      "finding_id": "F-58d5de52-0dd9-47df-9939-a7a8765278c9-000303",
      "timestamp": "2026-01-14T11:29:24.731846Z",
      "severity": "info",
      "rule_title": "Task Executed",
      "rule_id": "d1923809-955b-47c4-b3e5-37c0e461919c",
      "host": {
        "computer": "SQLSERVER.Mills.local"
      },
      "event": {
        "channel": "TaskSch",
        "event_id": 200,
        "record_id": 261530
      },
      "mitre": {
        "tactics": [],
        "tags": []
      },
      "tags": [
        "Task"
      ],
      "details": {
        "details": "Name: \\Microsoft\\Windows\\CertificateServicesClient\\SystemTask ¦ Action: Certificate Services Client Task Handler",
        "extra": "EnginePID: 7160 ¦ Name: ActionStart ¦ TaskInstanceId: 16910332-61C4-405E-960D-D6D6FF38367B"
      },
      "source": {
        "tool": "hayabusa",
        "tool_profile": "verbose",
        "evtx_dir": "/home/nevermore/cases/intake/evtx/Logs",
        "timeline_csv": "/home/nevermore/dfir-agentic/outputs/csv/hayabusa_evtx/58d5de52-0dd9-47df-9939-a7a8765278c9/timeline.csv",
        "rule_file": "TaskSch_200_Info_TaskExecuted.yml",
        "evtx_file": "/home/nevermore/cases/intake/evtx/Logs/Microsoft-Windows-TaskScheduler%254Operational.evtx"
      }
    },
    {
      "finding_id": "F-58d5de52-0dd9-47df-9939-a7a8765278c9-000304",
      "timestamp": "2026-01-14T11:31:18.354694Z",
      "severity": "info",
      "rule_title": "Task Executed",
      "rule_id": "d1923809-955b-47c4-b3e5-37c0e461919c",
      "host": {
        "computer": "SQLSERVER.Mills.local"
      },
      "event": {
        "channel": "TaskSch",
        "event_id": 200,
        "record_id": 261536
      },
      "mitre": {
        "tactics": [],
        "tags": []
      },
      "tags": [
        "Task"
      ],
      "details": {
        "details": "Name: \\UnifiedAgentConfigUpdater ¦ Action: C:\\oracle_unified_agent\\unified-monitoring-agent\\embedded\\bin\\ruby.exe",
        "extra": "EnginePID: 5324 ¦ Name: ActionStart ¦ TaskInstanceId: E042B338-9452-4644-8EF5-22AD1AC11682"
      },
      "source": {
        "tool": "hayabusa",
        "tool_profile": "verbose",
        "evtx_dir": "/home/nevermore/cases/intake/evtx/Logs",
        "timeline_csv": "/home/nevermore/dfir-agentic/outputs/csv/hayabusa_evtx/58d5de52-0dd9-47df-9939-a7a8765278c9/timeline.csv",
        "rule_file": "TaskSch_200_Info_TaskExecuted.yml",
        "evtx_file": "/home/nevermore/cases/intake/evtx/Logs/Microsoft-Windows-TaskScheduler%254Operational.evtx"
      }
    },
    {
      "finding_id": "F-58d5de52-0dd9-47df-9939-a7a8765278c9-000305",
      "timestamp": "2026-01-14T11:34:20.665355Z",
      "severity": "info",
      "rule_title": "Task Executed",
      "rule_id": "d1923809-955b-47c4-b3e5-37c0e461919c",
      "host": {
        "computer": "SQLSERVER.Mills.local"
      },
      "event": {
        "channel": "TaskSch",
        "event_id": 200,
        "record_id": 261542
      },
      "mitre": {
        "tactics": [],
        "tags": []
      },
      "tags": [
        "Task"
      ],
      "details": {
        "details": "Name: \\Microsoft\\Windows\\Workplace Join\\Automatic-Device-Join ¦ Action: %SystemRoot%\\System32\\dsregcmd.exe",
        "extra": "EnginePID: 1176 ¦ Name: ActionStart ¦ TaskInstanceId: 39D76CBD-96FF-44A4-A05A-B03695E7F457"
      },
      "source": {
        "tool": "hayabusa",
        "tool_profile": "verbose",
        "evtx_dir": "/home/nevermore/cases/intake/evtx/Logs",
        "timeline_csv": "/home/nevermore/dfir-agentic/outputs/csv/hayabusa_evtx/58d5de52-0dd9-47df-9939-a7a8765278c9/timeline.csv",
        "rule_file": "TaskSch_200_Info_TaskExecuted.yml",
        "evtx_file": "/home/nevermore/cases/intake/evtx/Logs/Microsoft-Windows-TaskScheduler%254Operational.evtx"
      }
    },
    {
      "finding_id": "F-58d5de52-0dd9-47df-9939-a7a8765278c9-000306",
      "timestamp": "2026-01-14T11:35:01.022001Z",
      "severity": "info",
      "rule_title": "Task Executed",
      "rule_id": "d1923809-955b-47c4-b3e5-37c0e461919c",
      "host": {
        "computer": "SQLSERVER.Mills.local"
      },
      "event": {
        "channel": "TaskSch",
        "event_id": 200,
        "record_id": 261548
      },
      "mitre": {
        "tactics": [],
        "tags": []
      },
      "tags": [
        "Task"
      ],
      "details": {
        "details": "Name: \\ConsumirApiBMX ¦ Action: C:\\Users\\galvarez\\AppData\\Local\\Apps\\2.0\\EOBECGLV.XW8\\98MNXM6Z.8NW\\cons..tion_0000000000000000_0001.0000_e29fc9b507fab384\\ConsumirApiBmx.exe",
        "extra": "EnginePID: 8828 ¦ Name: ActionStart ¦ TaskInstanceId: AF729782-FBBB-41E1-B46B-E03DA575E30A"
      },
      "source": {
        "tool": "hayabusa",
        "tool_profile": "verbose",
        "evtx_dir": "/home/nevermore/cases/intake/evtx/Logs",
        "timeline_csv": "/home/nevermore/dfir-agentic/outputs/csv/hayabusa_evtx/58d5de52-0dd9-47df-9939-a7a8765278c9/timeline.csv",
        "rule_file": "TaskSch_200_Info_TaskExecuted.yml",
        "evtx_file": "/home/nevermore/cases/intake/evtx/Logs/Microsoft-Windows-TaskScheduler%254Operational.evtx"
      }
    },
    {
      "finding_id": "F-58d5de52-0dd9-47df-9939-a7a8765278c9-000307",
      "timestamp": "2026-01-14T11:40:50.087991Z",
      "severity": "info",
      "rule_title": "Task Executed",
      "rule_id": "d1923809-955b-47c4-b3e5-37c0e461919c",
      "host": {
        "computer": "SQLSERVER.Mills.local"
      },
      "event": {
        "channel": "TaskSch",
        "event_id": 200,
        "record_id": 261556
      },
      "mitre": {
        "tactics": [],
        "tags": []
      },
      "tags": [
        "Task"
      ],
      "details": {
        "details": "Name: \\Microsoft\\Windows\\CertificateServicesClient\\UserTask ¦ Action: Certificate Services Client Task Handler",
        "extra": "EnginePID: 8488 ¦ Name: ActionStart ¦ TaskInstanceId: EF847B60-C0EC-4A0A-A818-23BC6EC1AA33"
      },
      "source": {
        "tool": "hayabusa",
        "tool_profile": "verbose",
        "evtx_dir": "/home/nevermore/cases/intake/evtx/Logs",
        "timeline_csv": "/home/nevermore/dfir-agentic/outputs/csv/hayabusa_evtx/58d5de52-0dd9-47df-9939-a7a8765278c9/timeline.csv",
        "rule_file": "TaskSch_200_Info_TaskExecuted.yml",
        "evtx_file": "/home/nevermore/cases/intake/evtx/Logs/Microsoft-Windows-TaskScheduler%254Operational.evtx"
      }
    },
    {
      "finding_id": "F-58d5de52-0dd9-47df-9939-a7a8765278c9-000308",
      "timestamp": "2026-01-14T11:47:51.357103Z",
      "severity": "info",
      "rule_title": "Task Executed",
      "rule_id": "d1923809-955b-47c4-b3e5-37c0e461919c",
      "host": {
        "computer": "SQLSERVER.Mills.local"
      },
      "event": {
        "channel": "TaskSch",
        "event_id": 200,
        "record_id": 261562
      },
      "mitre": {
        "tactics": [],
        "tags": []
      },
      "tags": [
        "Task"
      ],
      "details": {
        "details": "Name: \\UnifiedAgentConfigUpdater ¦ Action: C:\\oracle_unified_agent\\unified-monitoring-agent\\embedded\\bin\\ruby.exe",
        "extra": "EnginePID: 5260 ¦ Name: ActionStart ¦ TaskInstanceId: A78F79AE-F92A-45CC-975D-C477F1BDEF01"
      },
      "source": {
        "tool": "hayabusa",
        "tool_profile": "verbose",
        "evtx_dir": "/home/nevermore/cases/intake/evtx/Logs",
        "timeline_csv": "/home/nevermore/dfir-agentic/outputs/csv/hayabusa_evtx/58d5de52-0dd9-47df-9939-a7a8765278c9/timeline.csv",
        "rule_file": "TaskSch_200_Info_TaskExecuted.yml",
        "evtx_file": "/home/nevermore/cases/intake/evtx/Logs/Microsoft-Windows-TaskScheduler%254Operational.evtx"
      }
    },
    {
      "finding_id": "F-58d5de52-0dd9-47df-9939-a7a8765278c9-000309",
      "timestamp": "2026-01-14T11:50:01.010748Z",
      "severity": "info",
      "rule_title": "Task Executed",
      "rule_id": "d1923809-955b-47c4-b3e5-37c0e461919c",
      "host": {
        "computer": "SQLSERVER.Mills.local"
      },
      "event": {
        "channel": "TaskSch",
        "event_id": 200,
        "record_id": 261568
      },
      "mitre": {
        "tactics": [],
        "tags": []
      },
      "tags": [
        "Task"
      ],
      "details": {
        "details": "Name: \\ConsumirApiBMX ¦ Action: C:\\Users\\galvarez\\AppData\\Local\\Apps\\2.0\\EOBECGLV.XW8\\98MNXM6Z.8NW\\cons..tion_0000000000000000_0001.0000_e29fc9b507fab384\\ConsumirApiBmx.exe",
        "extra": "EnginePID: 7640 ¦ Name: ActionStart ¦ TaskInstanceId: DCCE2D5C-455B-4504-8E45-F7ACD82A0B6C"
      },
      "source": {
        "tool": "hayabusa",
        "tool_profile": "verbose",
        "evtx_dir": "/home/nevermore/cases/intake/evtx/Logs",
        "timeline_csv": "/home/nevermore/dfir-agentic/outputs/csv/hayabusa_evtx/58d5de52-0dd9-47df-9939-a7a8765278c9/timeline.csv",
        "rule_file": "TaskSch_200_Info_TaskExecuted.yml",
        "evtx_file": "/home/nevermore/cases/intake/evtx/Logs/Microsoft-Windows-TaskScheduler%254Operational.evtx"
      }
    },
    {
      "finding_id": "F-58d5de52-0dd9-47df-9939-a7a8765278c9-000310",
      "timestamp": "2026-01-14T11:54:37.629038Z",
      "severity": "info",
      "rule_title": "Task Executed",
      "rule_id": "d1923809-955b-47c4-b3e5-37c0e461919c",
      "host": {
        "computer": "SQLSERVER.Mills.local"
      },
      "event": {
        "channel": "TaskSch",
        "event_id": 200,
        "record_id": 261576
      },
      "mitre": {
        "tactics": [],
        "tags": []
      },
      "tags": [
        "Task"
      ],
      "details": {
        "details": "Name: \\MicrosoftEdgeUpdateTaskMachineUA{B9DF4A20-8820-446F-BD5B-8C125DF0D618} ¦ Action: C:\\Program Files (x86)\\Microsoft\\EdgeUpdate\\MicrosoftEdgeUpdate.exe",
        "extra": "EnginePID: 8260 ¦ Name: ActionStart ¦ TaskInstanceId: 75B3DE04-50E8-4795-AD3D-53D2240664D2"
      },
      "source": {
        "tool": "hayabusa",
        "tool_profile": "verbose",
        "evtx_dir": "/home/nevermore/cases/intake/evtx/Logs",
        "timeline_csv": "/home/nevermore/dfir-agentic/outputs/csv/hayabusa_evtx/58d5de52-0dd9-47df-9939-a7a8765278c9/timeline.csv",
        "rule_file": "TaskSch_200_Info_TaskExecuted.yml",
        "evtx_file": "/home/nevermore/cases/intake/evtx/Logs/Microsoft-Windows-TaskScheduler%254Operational.evtx"
      }
    },
    {
      "finding_id": "F-58d5de52-0dd9-47df-9939-a7a8765278c9-000311",
      "timestamp": "2026-01-14T12:01:23.852936Z",
      "severity": "info",
      "rule_title": "Task Executed",
      "rule_id": "d1923809-955b-47c4-b3e5-37c0e461919c",
      "host": {
        "computer": "SQLSERVER.Mills.local"
      },
      "event": {
        "channel": "TaskSch",
        "event_id": 200,
        "record_id": 261581
      },
      "mitre": {
        "tactics": [],
        "tags": []
      },
      "tags": [
        "Task"
      ],
      "details": {
        "details": "Name: \\Microsoft\\Windows\\CertificateServicesClient\\SystemTask ¦ Action: Certificate Services Client Task Handler",
        "extra": "EnginePID: 1760 ¦ Name: ActionStart ¦ TaskInstanceId: F82AA385-618F-4464-B2BC-8E1210EBAA08"
      },
      "source": {
        "tool": "hayabusa",
        "tool_profile": "verbose",
        "evtx_dir": "/home/nevermore/cases/intake/evtx/Logs",
        "timeline_csv": "/home/nevermore/dfir-agentic/outputs/csv/hayabusa_evtx/58d5de52-0dd9-47df-9939-a7a8765278c9/timeline.csv",
        "rule_file": "TaskSch_200_Info_TaskExecuted.yml",
        "evtx_file": "/home/nevermore/cases/intake/evtx/Logs/Microsoft-Windows-TaskScheduler%254Operational.evtx"
      }
    },
    {
      "finding_id": "F-58d5de52-0dd9-47df-9939-a7a8765278c9-000312",
      "timestamp": "2026-01-14T12:01:23.853364Z",
      "severity": "info",
      "rule_title": "Task Executed",
      "rule_id": "d1923809-955b-47c4-b3e5-37c0e461919c",
      "host": {
        "computer": "SQLSERVER.Mills.local"
      },
      "event": {
        "channel": "TaskSch",
        "event_id": 200,
        "record_id": 261583
      },
      "mitre": {
        "tactics": [],
        "tags": []
      },
      "tags": [
        "Task"
      ],
      "details": {
        "details": "Name: \\Microsoft\\Windows\\Flighting\\FeatureConfig\\ReconcileFeatures ¦ Action: Feature Configuration Reconciliation Task Handler",
        "extra": "EnginePID: 1760 ¦ Name: ActionStart ¦ TaskInstanceId: A3690E5B-3BA7-40A2-896E-5FC62836783D"
      },
      "source": {
        "tool": "hayabusa",
        "tool_profile": "verbose",
        "evtx_dir": "/home/nevermore/cases/intake/evtx/Logs",
        "timeline_csv": "/home/nevermore/dfir-agentic/outputs/csv/hayabusa_evtx/58d5de52-0dd9-47df-9939-a7a8765278c9/timeline.csv",
        "rule_file": "TaskSch_200_Info_TaskExecuted.yml",
        "evtx_file": "/home/nevermore/cases/intake/evtx/Logs/Microsoft-Windows-TaskScheduler%254Operational.evtx"
      }
    },
    {
      "finding_id": "F-58d5de52-0dd9-47df-9939-a7a8765278c9-000313",
      "timestamp": "2026-01-14T12:01:23.963952Z",
      "severity": "info",
      "rule_title": "Task Executed",
      "rule_id": "d1923809-955b-47c4-b3e5-37c0e461919c",
      "host": {
        "computer": "SQLSERVER.Mills.local"
      },
      "event": {
        "channel": "TaskSch",
        "event_id": 200,
        "record_id": 261585
      },
      "mitre": {
        "tactics": [],
        "tags": []
      },
      "tags": [
        "Task"
      ],
      "details": {
        "details": "Name: \\Microsoft\\Windows\\Plug and Play\\Device Install Group Policy ¦ Action: Device Installation Group Policy Task Handler",
        "extra": "EnginePID: 1760 ¦ Name: ActionStart ¦ TaskInstanceId: 77612976-B5CD-4BBC-8C1E-82EF6AFB7F4F"
      },
      "source": {
        "tool": "hayabusa",
        "tool_profile": "verbose",
        "evtx_dir": "/home/nevermore/cases/intake/evtx/Logs",
        "timeline_csv": "/home/nevermore/dfir-agentic/outputs/csv/hayabusa_evtx/58d5de52-0dd9-47df-9939-a7a8765278c9/timeline.csv",
        "rule_file": "TaskSch_200_Info_TaskExecuted.yml",
        "evtx_file": "/home/nevermore/cases/intake/evtx/Logs/Microsoft-Windows-TaskScheduler%254Operational.evtx"
      }
    },
    {
      "finding_id": "F-58d5de52-0dd9-47df-9939-a7a8765278c9-000314",
      "timestamp": "2026-01-14T12:01:23.963959Z",
      "severity": "info",
      "rule_title": "Task Executed",
      "rule_id": "d1923809-955b-47c4-b3e5-37c0e461919c",
      "host": {
        "computer": "SQLSERVER.Mills.local"
      },
      "event": {
        "channel": "TaskSch",
        "event_id": 200,
        "record_id": 261587
      },
      "mitre": {
        "tactics": [],
        "tags": []
      },
      "tags": [
        "Task"
      ],
      "details": {
        "details": "Name: \\Microsoft\\Windows\\ExploitGuard\\ExploitGuard MDM policy Refresh ¦ Action:",
        "extra": "EnginePID: 1760 ¦ Name: ActionStart ¦ TaskInstanceId: 069A88E7-41DA-4B0D-9055-BBE7C7C80E80"
      },
      "source": {
        "tool": "hayabusa",
        "tool_profile": "verbose",
        "evtx_dir": "/home/nevermore/cases/intake/evtx/Logs",
        "timeline_csv": "/home/nevermore/dfir-agentic/outputs/csv/hayabusa_evtx/58d5de52-0dd9-47df-9939-a7a8765278c9/timeline.csv",
        "rule_file": "TaskSch_200_Info_TaskExecuted.yml",
        "evtx_file": "/home/nevermore/cases/intake/evtx/Logs/Microsoft-Windows-TaskScheduler%254Operational.evtx"
      }
    },
    {
      "finding_id": "F-58d5de52-0dd9-47df-9939-a7a8765278c9-000315",
      "timestamp": "2026-01-14T12:03:12.357450Z",
      "severity": "info",
      "rule_title": "Task Executed",
      "rule_id": "d1923809-955b-47c4-b3e5-37c0e461919c",
      "host": {
        "computer": "SQLSERVER.Mills.local"
      },
      "event": {
        "channel": "TaskSch",
        "event_id": 200,
        "record_id": 261599
      },
      "mitre": {
        "tactics": [],
        "tags": []
      },
      "tags": [
        "Task"
      ],
      "details": {
        "details": "Name: \\UnifiedAgentConfigUpdater ¦ Action: C:\\oracle_unified_agent\\unified-monitoring-agent\\embedded\\bin\\ruby.exe",
        "extra": "EnginePID: 5612 ¦ Name: ActionStart ¦ TaskInstanceId: CA3A4943-987B-43AA-9A6B-D78C6EF111BD"
      },
      "source": {
        "tool": "hayabusa",
        "tool_profile": "verbose",
        "evtx_dir": "/home/nevermore/cases/intake/evtx/Logs",
        "timeline_csv": "/home/nevermore/dfir-agentic/outputs/csv/hayabusa_evtx/58d5de52-0dd9-47df-9939-a7a8765278c9/timeline.csv",
        "rule_file": "TaskSch_200_Info_TaskExecuted.yml",
        "evtx_file": "/home/nevermore/cases/intake/evtx/Logs/Microsoft-Windows-TaskScheduler%254Operational.evtx"
      }
    },
    {
      "finding_id": "F-58d5de52-0dd9-47df-9939-a7a8765278c9-000316",
      "timestamp": "2026-01-14T12:05:01.011661Z",
      "severity": "info",
      "rule_title": "Task Executed",
      "rule_id": "d1923809-955b-47c4-b3e5-37c0e461919c",
      "host": {
        "computer": "SQLSERVER.Mills.local"
      },
      "event": {
        "channel": "TaskSch",
        "event_id": 200,
        "record_id": 261605
      },
      "mitre": {
        "tactics": [],
        "tags": []
      },
      "tags": [
        "Task"
      ],
      "details": {
        "details": "Name: \\ConsumirApiBMX ¦ Action: C:\\Users\\galvarez\\AppData\\Local\\Apps\\2.0\\EOBECGLV.XW8\\98MNXM6Z.8NW\\cons..tion_0000000000000000_0001.0000_e29fc9b507fab384\\ConsumirApiBmx.exe",
        "extra": "EnginePID: 5892 ¦ Name: ActionStart ¦ TaskInstanceId: B0F26FE2-0C9C-40CD-99F9-C55364FDE0F5"
      },
      "source": {
        "tool": "hayabusa",
        "tool_profile": "verbose",
        "evtx_dir": "/home/nevermore/cases/intake/evtx/Logs",
        "timeline_csv": "/home/nevermore/dfir-agentic/outputs/csv/hayabusa_evtx/58d5de52-0dd9-47df-9939-a7a8765278c9/timeline.csv",
        "rule_file": "TaskSch_200_Info_TaskExecuted.yml",
        "evtx_file": "/home/nevermore/cases/intake/evtx/Logs/Microsoft-Windows-TaskScheduler%254Operational.evtx"
      }
    },
    {
      "finding_id": "F-58d5de52-0dd9-47df-9939-a7a8765278c9-000317",
      "timestamp": "2026-01-14T12:10:40.367975Z",
      "severity": "info",
      "rule_title": "Task Executed",
      "rule_id": "d1923809-955b-47c4-b3e5-37c0e461919c",
      "host": {
        "computer": "SQLSERVER.Mills.local"
      },
      "event": {
        "channel": "TaskSch",
        "event_id": 200,
        "record_id": 261613
      },
      "mitre": {
        "tactics": [],
        "tags": []
      },
      "tags": [
        "Task"
      ],
      "details": {
        "details": "Name: \\UnifiedAgentConfigUpdater ¦ Action: C:\\oracle_unified_agent\\unified-monitoring-agent\\embedded\\bin\\ruby.exe",
        "extra": "EnginePID: 9784 ¦ Name: ActionStart ¦ TaskInstanceId: CCBC0610-8EE8-4210-A7AE-56AE3641D084"
      },
      "source": {
        "tool": "hayabusa",
        "tool_profile": "verbose",
        "evtx_dir": "/home/nevermore/cases/intake/evtx/Logs",
        "timeline_csv": "/home/nevermore/dfir-agentic/outputs/csv/hayabusa_evtx/58d5de52-0dd9-47df-9939-a7a8765278c9/timeline.csv",
        "rule_file": "TaskSch_200_Info_TaskExecuted.yml",
        "evtx_file": "/home/nevermore/cases/intake/evtx/Logs/Microsoft-Windows-TaskScheduler%254Operational.evtx"
      }
    },
    {
      "finding_id": "F-58d5de52-0dd9-47df-9939-a7a8765278c9-000318",
      "timestamp": "2026-01-14T12:20:01.011145Z",
      "severity": "info",
      "rule_title": "Task Executed",
      "rule_id": "d1923809-955b-47c4-b3e5-37c0e461919c",
      "host": {
        "computer": "SQLSERVER.Mills.local"
      },
      "event": {
        "channel": "TaskSch",
        "event_id": 200,
        "record_id": 261620
      },
      "mitre": {
        "tactics": [],
        "tags": []
      },
      "tags": [
        "Task"
      ],
      "details": {
        "details": "Name: \\ConsumirApiBMX ¦ Action: C:\\Users\\galvarez\\AppData\\Local\\Apps\\2.0\\EOBECGLV.XW8\\98MNXM6Z.8NW\\cons..tion_0000000000000000_0001.0000_e29fc9b507fab384\\ConsumirApiBmx.exe",
        "extra": "EnginePID: 780 ¦ Name: ActionStart ¦ TaskInstanceId: 4E6CF101-A93B-45F1-83E2-21CD82A9D88E"
      },
      "source": {
        "tool": "hayabusa",
        "tool_profile": "verbose",
        "evtx_dir": "/home/nevermore/cases/intake/evtx/Logs",
        "timeline_csv": "/home/nevermore/dfir-agentic/outputs/csv/hayabusa_evtx/58d5de52-0dd9-47df-9939-a7a8765278c9/timeline.csv",
        "rule_file": "TaskSch_200_Info_TaskExecuted.yml",
        "evtx_file": "/home/nevermore/cases/intake/evtx/Logs/Microsoft-Windows-TaskScheduler%254Operational.evtx"
      }
    },
