{
  "generated_utc": "2026-02-11T22:42:14Z",
  "run_id": "58d5de52-0dd9-47df-9939-a7a8765278c9",
  "pipeline": "hayabusa_evtx",
  "inputs": {
    "evtx_dir": "/home/nevermore/cases/intake/evtx/Logs",
    "timeline_csv": "/home/nevermore/dfir-agentic/outputs/csv/hayabusa_evtx/58d5de52-0dd9-47df-9939-a7a8765278c9/timeline.csv"
  },
  "counts": {
    "total_findings": 741
  },
  "findings": [
    {
      "finding_id": "F-58d5de52-0dd9-47df-9939-a7a8765278c9-000001",
      "timestamp": "2026-01-14T12:01:23.863640Z",
      "severity": "low",
      "rule_title": "Windows Firewall Settings Have Been Changed",
      "rule_id": "a0062bfc-2eba-05df-e231-f4a44b1317ab",
      "host": {
        "computer": "SQLSERVER.Mills.local"
      },
      "event": {
        "channel": "Firewall",
        "event_id": 2008,
        "record_id": 4250
      },
      "mitre": {
        "tactics": [
          "Evas"
        ],
        "tags": [
          "T1562.004"
        ]
      },
      "tags": [],
      "details": {
        "details": "-",
        "extra": "-"
      },
      "source": {
        "tool": "hayabusa",
        "tool_profile": "verbose",
        "evtx_dir": "/home/nevermore/cases/intake/evtx/Logs",
        "timeline_csv": "/home/nevermore/dfir-agentic/outputs/csv/hayabusa_evtx/58d5de52-0dd9-47df-9939-a7a8765278c9/timeline.csv",
        "rule_file": "win_firewall_as_setting_change.yml",
        "evtx_file": "/home/nevermore/cases/intake/evtx/Logs/Microsoft-Windows-Windows Firewall With Advanced Security%254Firewall.evtx"
      }
    },
    {
      "finding_id": "F-58d5de52-0dd9-47df-9939-a7a8765278c9-000002",
      "timestamp": "2026-01-14T12:51:49.977421Z",
      "severity": "low",
      "rule_title": "Windows Firewall Settings Have Been Changed",
      "rule_id": "a0062bfc-2eba-05df-e231-f4a44b1317ab",
      "host": {
        "computer": "SQLSERVER.Mills.local"
      },
      "event": {
        "channel": "Firewall",
        "event_id": 2002,
        "record_id": 4264
      },
      "mitre": {
        "tactics": [
          "Evas"
        ],
        "tags": [
          "T1562.004"
        ]
      },
      "tags": [],
      "details": {
        "details": "ModifyingApplication: ¦ ModifyingUser: S-1-5-80-3088073201-1464728630-1879813800-1107566885-823218052 ¦ Origin: 1 ¦ SettingType: 2 ¦ SettingValue: 01000000 ¦ SettingValueDisplay: Domain ¦ SettingValueSize: 4",
        "extra": "-"
      },
      "source": {
        "tool": "hayabusa",
        "tool_profile": "verbose",
        "evtx_dir": "/home/nevermore/cases/intake/evtx/Logs",
        "timeline_csv": "/home/nevermore/dfir-agentic/outputs/csv/hayabusa_evtx/58d5de52-0dd9-47df-9939-a7a8765278c9/timeline.csv",
        "rule_file": "win_firewall_as_setting_change.yml",
        "evtx_file": "/home/nevermore/cases/intake/evtx/Logs/Microsoft-Windows-Windows Firewall With Advanced Security%254Firewall.evtx"
      }
    },
    {
      "finding_id": "F-58d5de52-0dd9-47df-9939-a7a8765278c9-000003",
      "timestamp": "2026-01-14T12:57:19.007302Z",
      "severity": "low",
      "rule_title": "Windows Firewall Settings Have Been Changed",
      "rule_id": "a0062bfc-2eba-05df-e231-f4a44b1317ab",
      "host": {
        "computer": "SQLSERVER.Mills.local"
      },
      "event": {
        "channel": "Firewall",
        "event_id": 2002,
        "record_id": 4270
      },
      "mitre": {
        "tactics": [
          "Evas"
        ],
        "tags": [
          "T1562.004"
        ]
      },
      "tags": [],
      "details": {
        "details": "ModifyingApplication: ¦ ModifyingUser: S-1-5-80-3088073201-1464728630-1879813800-1107566885-823218052 ¦ Origin: 1 ¦ SettingType: 2 ¦ SettingValue: 04000000 ¦ SettingValueDisplay: Public ¦ SettingValueSize: 4",
        "extra": "-"
      },
      "source": {
        "tool": "hayabusa",
        "tool_profile": "verbose",
        "evtx_dir": "/home/nevermore/cases/intake/evtx/Logs",
        "timeline_csv": "/home/nevermore/dfir-agentic/outputs/csv/hayabusa_evtx/58d5de52-0dd9-47df-9939-a7a8765278c9/timeline.csv",
        "rule_file": "win_firewall_as_setting_change.yml",
        "evtx_file": "/home/nevermore/cases/intake/evtx/Logs/Microsoft-Windows-Windows Firewall With Advanced Security%254Firewall.evtx"
      }
    },
    {
      "finding_id": "F-58d5de52-0dd9-47df-9939-a7a8765278c9-000004",
      "timestamp": "2026-01-14T12:51:44.265014Z",
      "severity": "info",
      "rule_title": "NTFS volume mounted",
      "rule_id": "af127790-5563-473e-8d3a-43b3509572b1",
      "host": {
        "computer": "SQLSERVER.Mills.local"
      },
      "event": {
        "channel": "MS-Win-Ntfs/Op",
        "event_id": 4,
        "record_id": 19896
      },
      "mitre": {
        "tactics": [],
        "tags": []
      },
      "tags": [],
      "details": {
        "details": "VolumeId: n/a ¦ VolumeLabel: Windows ¦ VendorId: n/a ¦ ProductId: n/a ¦ DeviceSerialNumber: n/a",
        "extra": "DeviceName: \\Device\\HarddiskVolume4 ¦ DeviceNameLength: 23 ¦ Vcb: 0x0 ¦ VolumeGuid: 5078226D-3C8D-4C2F-925B-11630237F4EC ¦ VolumeLabelLength: 7 ¦ VolumeName: C: ¦ VolumeNameLength: 2"
      },
      "source": {
        "tool": "hayabusa",
        "tool_profile": "verbose",
        "evtx_dir": "/home/nevermore/cases/intake/evtx/Logs",
        "timeline_csv": "/home/nevermore/dfir-agentic/outputs/csv/hayabusa_evtx/58d5de52-0dd9-47df-9939-a7a8765278c9/timeline.csv",
        "rule_file": "NTFS_4_info_volume_mount.yml",
        "evtx_file": "/home/nevermore/cases/intake/evtx/Logs/Microsoft-Windows-Ntfs%254Operational.evtx"
      }
    },
    {
      "finding_id": "F-58d5de52-0dd9-47df-9939-a7a8765278c9-000005",
      "timestamp": "2026-01-14T12:51:45.011298Z",
      "severity": "info",
      "rule_title": "NTFS volume mounted",
      "rule_id": "af127790-5563-473e-8d3a-43b3509572b1",
      "host": {
        "computer": "SQLSERVER.Mills.local"
      },
      "event": {
        "channel": "MS-Win-Ntfs/Op",
        "event_id": 4,
        "record_id": 19898
      },
      "mitre": {
        "tactics": [],
        "tags": []
      },
      "tags": [],
      "details": {
        "details": "VolumeId: n/a ¦ VolumeLabel: WinRE ¦ VendorId: n/a ¦ ProductId: n/a ¦ DeviceSerialNumber: n/a",
        "extra": "DeviceName: \\Device\\HarddiskVolume1 ¦ DeviceNameLength: 23 ¦ Vcb: 0x0 ¦ VolumeGuid: AFA63BB4-3D98-4249-B05E-A96376D0E0AA ¦ VolumeLabelLength: 5 ¦ VolumeName: \\\\?\\Volume{afa63bb4-3d98-4249-b05e-a96376d0e0aa} ¦ VolumeNameLength: 48"
      },
      "source": {
        "tool": "hayabusa",
        "tool_profile": "verbose",
        "evtx_dir": "/home/nevermore/cases/intake/evtx/Logs",
        "timeline_csv": "/home/nevermore/dfir-agentic/outputs/csv/hayabusa_evtx/58d5de52-0dd9-47df-9939-a7a8765278c9/timeline.csv",
        "rule_file": "NTFS_4_info_volume_mount.yml",
        "evtx_file": "/home/nevermore/cases/intake/evtx/Logs/Microsoft-Windows-Ntfs%254Operational.evtx"
      }
    },
    {
      "finding_id": "F-58d5de52-0dd9-47df-9939-a7a8765278c9-000006",
      "timestamp": "2026-01-14T12:51:52.243236Z",
      "severity": "info",
      "rule_title": "NTFS volume mounted",
      "rule_id": "af127790-5563-473e-8d3a-43b3509572b1",
      "host": {
        "computer": "SQLSERVER.Mills.local"
      },
      "event": {
        "channel": "MS-Win-Ntfs/Op",
        "event_id": 4,
        "record_id": 19902
      },
      "mitre": {
        "tactics": [],
        "tags": []
      },
      "tags": [],
      "details": {
        "details": "VolumeId: n/a ¦ VolumeLabel: Backups ¦ VendorId: n/a ¦ ProductId: n/a ¦ DeviceSerialNumber: n/a",
        "extra": "DeviceName: \\Device\\HarddiskVolume6 ¦ DeviceNameLength: 23 ¦ Vcb: 0x0 ¦ VolumeGuid: AD5474E9-3807-4FE9-BB3B-A99393713CEF ¦ VolumeLabelLength: 7 ¦ VolumeName: B: ¦ VolumeNameLength: 2"
      },
      "source": {
        "tool": "hayabusa",
        "tool_profile": "verbose",
        "evtx_dir": "/home/nevermore/cases/intake/evtx/Logs",
        "timeline_csv": "/home/nevermore/dfir-agentic/outputs/csv/hayabusa_evtx/58d5de52-0dd9-47df-9939-a7a8765278c9/timeline.csv",
        "rule_file": "NTFS_4_info_volume_mount.yml",
        "evtx_file": "/home/nevermore/cases/intake/evtx/Logs/Microsoft-Windows-Ntfs%254Operational.evtx"
      }
    },
    {
      "finding_id": "F-58d5de52-0dd9-47df-9939-a7a8765278c9-000007",
      "timestamp": "2026-01-14T12:51:52.383779Z",
      "severity": "info",
      "rule_title": "NTFS volume mounted",
      "rule_id": "af127790-5563-473e-8d3a-43b3509572b1",
      "host": {
        "computer": "SQLSERVER.Mills.local"
      },
      "event": {
        "channel": "MS-Win-Ntfs/Op",
        "event_id": 4,
        "record_id": 19904
      },
      "mitre": {
        "tactics": [],
        "tags": []
      },
      "tags": [],
      "details": {
        "details": "VolumeId: n/a ¦ VolumeLabel: Data ¦ VendorId: n/a ¦ ProductId: n/a ¦ DeviceSerialNumber: n/a",
        "extra": "DeviceName: \\Device\\HarddiskVolume8 ¦ DeviceNameLength: 23 ¦ Vcb: 0x0 ¦ VolumeGuid: 69A1B290-78C0-4898-AF9D-142DF0937B5C ¦ VolumeLabelLength: 4 ¦ VolumeName: D: ¦ VolumeNameLength: 2"
      },
      "source": {
        "tool": "hayabusa",
        "tool_profile": "verbose",
        "evtx_dir": "/home/nevermore/cases/intake/evtx/Logs",
        "timeline_csv": "/home/nevermore/dfir-agentic/outputs/csv/hayabusa_evtx/58d5de52-0dd9-47df-9939-a7a8765278c9/timeline.csv",
        "rule_file": "NTFS_4_info_volume_mount.yml",
        "evtx_file": "/home/nevermore/cases/intake/evtx/Logs/Microsoft-Windows-Ntfs%254Operational.evtx"
      }
    },
    {
      "finding_id": "F-58d5de52-0dd9-47df-9939-a7a8765278c9-000008",
      "timestamp": "2026-01-14T12:51:52.461386Z",
      "severity": "info",
      "rule_title": "NTFS volume mounted",
      "rule_id": "af127790-5563-473e-8d3a-43b3509572b1",
      "host": {
        "computer": "SQLSERVER.Mills.local"
      },
      "event": {
        "channel": "MS-Win-Ntfs/Op",
        "event_id": 4,
        "record_id": 19906
      },
      "mitre": {
        "tactics": [],
        "tags": []
      },
      "tags": [],
      "details": {
        "details": "VolumeId: n/a ¦ VolumeLabel: TEMPDB ¦ VendorId: n/a ¦ ProductId: n/a ¦ DeviceSerialNumber: n/a",
        "extra": "DeviceName: \\Device\\HarddiskVolume10 ¦ DeviceNameLength: 24 ¦ Vcb: 0x0 ¦ VolumeGuid: 5584DF29-A105-4C6C-9BA0-94D99F51C334 ¦ VolumeLabelLength: 6 ¦ VolumeName: T: ¦ VolumeNameLength: 2"
      },
      "source": {
        "tool": "hayabusa",
        "tool_profile": "verbose",
        "evtx_dir": "/home/nevermore/cases/intake/evtx/Logs",
        "timeline_csv": "/home/nevermore/dfir-agentic/outputs/csv/hayabusa_evtx/58d5de52-0dd9-47df-9939-a7a8765278c9/timeline.csv",
        "rule_file": "NTFS_4_info_volume_mount.yml",
        "evtx_file": "/home/nevermore/cases/intake/evtx/Logs/Microsoft-Windows-Ntfs%254Operational.evtx"
      }
    },
    {
      "finding_id": "F-58d5de52-0dd9-47df-9939-a7a8765278c9-000009",
      "timestamp": "2026-01-14T12:51:52.691514Z",
      "severity": "info",
      "rule_title": "NTFS volume mounted",
      "rule_id": "af127790-5563-473e-8d3a-43b3509572b1",
      "host": {
        "computer": "SQLSERVER.Mills.local"
      },
      "event": {
        "channel": "MS-Win-Ntfs/Op",
        "event_id": 4,
        "record_id": 19908
      },
      "mitre": {
        "tactics": [],
        "tags": []
      },
      "tags": [],
      "details": {
        "details": "VolumeId: n/a ¦ VolumeLabel: Logs ¦ VendorId: n/a ¦ ProductId: n/a ¦ DeviceSerialNumber: n/a",
        "extra": "DeviceName: \\Device\\HarddiskVolume12 ¦ DeviceNameLength: 24 ¦ Vcb: 0x0 ¦ VolumeGuid: 769BE07F-BEB3-4844-8473-04E9A1E16F39 ¦ VolumeLabelLength: 4 ¦ VolumeName: L: ¦ VolumeNameLength: 2"
      },
      "source": {
        "tool": "hayabusa",
        "tool_profile": "verbose",
        "evtx_dir": "/home/nevermore/cases/intake/evtx/Logs",
        "timeline_csv": "/home/nevermore/dfir-agentic/outputs/csv/hayabusa_evtx/58d5de52-0dd9-47df-9939-a7a8765278c9/timeline.csv",
        "rule_file": "NTFS_4_info_volume_mount.yml",
        "evtx_file": "/home/nevermore/cases/intake/evtx/Logs/Microsoft-Windows-Ntfs%254Operational.evtx"
      }
    },
    {
      "finding_id": "F-58d5de52-0dd9-47df-9939-a7a8765278c9-000010",
      "timestamp": "2026-01-14T10:49:48.193285Z",
      "severity": "low",
      "rule_title": "NTLM Logon",
      "rule_id": "c043d322-c767-faa8-92d4-381dcc35cab3",
      "host": {
        "computer": "SQLSERVER.Mills.local"
      },
      "event": {
        "channel": "NTLM",
        "event_id": 8002,
        "record_id": 312106
      },
      "mitre": {
        "tactics": [
          "Evas ¦ LatMov"
        ],
        "tags": [
          "T1550.002"
        ]
      },
      "tags": [],
      "details": {
        "details": "CallerPID: 4 ¦ ClientDomainName: MILLSINC ¦ ClientLUID: 0x3e7 ¦ ClientUserName: SQLSERVER$ ¦ MechanismOID: 1.3.6.1.4.1.311.2.2.10 ¦ ProcessName:",
        "extra": "-"
      },
      "source": {
        "tool": "hayabusa",
        "tool_profile": "verbose",
        "evtx_dir": "/home/nevermore/cases/intake/evtx/Logs",
        "timeline_csv": "/home/nevermore/dfir-agentic/outputs/csv/hayabusa_evtx/58d5de52-0dd9-47df-9939-a7a8765278c9/timeline.csv",
        "rule_file": "win_susp_ntlm_auth.yml",
        "evtx_file": "/home/nevermore/cases/intake/evtx/Logs/Microsoft-Windows-NTLM%254Operational.evtx"
      }
    },
    {
      "finding_id": "F-58d5de52-0dd9-47df-9939-a7a8765278c9-000011",
      "timestamp": "2026-01-14T10:50:43.424871Z",
      "severity": "low",
      "rule_title": "NTLM Logon",
      "rule_id": "c043d322-c767-faa8-92d4-381dcc35cab3",
      "host": {
        "computer": "SQLSERVER.Mills.local"
      },
      "event": {
        "channel": "NTLM",
        "event_id": 8002,
        "record_id": 312108
      },
      "mitre": {
        "tactics": [
          "Evas ¦ LatMov"
        ],
        "tags": [
          "T1550.002"
        ]
      },
      "tags": [],
      "details": {
        "details": "CallerPID: 4 ¦ ClientDomainName: MILLSINC ¦ ClientLUID: 0x3e7 ¦ ClientUserName: SQLSERVER$ ¦ MechanismOID: 1.3.6.1.4.1.311.2.2.10 ¦ ProcessName:",
        "extra": "-"
      },
      "source": {
        "tool": "hayabusa",
        "tool_profile": "verbose",
        "evtx_dir": "/home/nevermore/cases/intake/evtx/Logs",
        "timeline_csv": "/home/nevermore/dfir-agentic/outputs/csv/hayabusa_evtx/58d5de52-0dd9-47df-9939-a7a8765278c9/timeline.csv",
        "rule_file": "win_susp_ntlm_auth.yml",
        "evtx_file": "/home/nevermore/cases/intake/evtx/Logs/Microsoft-Windows-NTLM%254Operational.evtx"
      }
    },
    {
      "finding_id": "F-58d5de52-0dd9-47df-9939-a7a8765278c9-000012",
      "timestamp": "2026-01-14T10:52:04.449726Z",
      "severity": "low",
      "rule_title": "NTLM Logon",
      "rule_id": "c043d322-c767-faa8-92d4-381dcc35cab3",
      "host": {
        "computer": "SQLSERVER.Mills.local"
      },
      "event": {
        "channel": "NTLM",
        "event_id": 8002,
        "record_id": 312110
      },
      "mitre": {
        "tactics": [
          "Evas ¦ LatMov"
        ],
        "tags": [
          "T1550.002"
        ]
      },
      "tags": [],
      "details": {
        "details": "CallerPID: 4 ¦ ClientDomainName: MILLSINC ¦ ClientLUID: 0x3e7 ¦ ClientUserName: SQLSERVER$ ¦ MechanismOID: 1.3.6.1.4.1.311.2.2.10 ¦ ProcessName:",
        "extra": "-"
      },
      "source": {
        "tool": "hayabusa",
        "tool_profile": "verbose",
        "evtx_dir": "/home/nevermore/cases/intake/evtx/Logs",
        "timeline_csv": "/home/nevermore/dfir-agentic/outputs/csv/hayabusa_evtx/58d5de52-0dd9-47df-9939-a7a8765278c9/timeline.csv",
        "rule_file": "win_susp_ntlm_auth.yml",
        "evtx_file": "/home/nevermore/cases/intake/evtx/Logs/Microsoft-Windows-NTLM%254Operational.evtx"
      }
    },
    {
      "finding_id": "F-58d5de52-0dd9-47df-9939-a7a8765278c9-000013",
      "timestamp": "2026-01-14T10:52:48.042173Z",
      "severity": "low",
      "rule_title": "NTLM Logon",
      "rule_id": "c043d322-c767-faa8-92d4-381dcc35cab3",
      "host": {
        "computer": "SQLSERVER.Mills.local"
      },
      "event": {
        "channel": "NTLM",
        "event_id": 8002,
        "record_id": 312112
      },
      "mitre": {
        "tactics": [
          "Evas ¦ LatMov"
        ],
        "tags": [
          "T1550.002"
        ]
      },
      "tags": [],
      "details": {
        "details": "CallerPID: 4 ¦ ClientDomainName: MILLSINC ¦ ClientLUID: 0x3e7 ¦ ClientUserName: SQLSERVER$ ¦ MechanismOID: 1.3.6.1.4.1.311.2.2.10 ¦ ProcessName:",
        "extra": "-"
      },
      "source": {
        "tool": "hayabusa",
        "tool_profile": "verbose",
        "evtx_dir": "/home/nevermore/cases/intake/evtx/Logs",
        "timeline_csv": "/home/nevermore/dfir-agentic/outputs/csv/hayabusa_evtx/58d5de52-0dd9-47df-9939-a7a8765278c9/timeline.csv",
        "rule_file": "win_susp_ntlm_auth.yml",
        "evtx_file": "/home/nevermore/cases/intake/evtx/Logs/Microsoft-Windows-NTLM%254Operational.evtx"
      }
    },
    {
      "finding_id": "F-58d5de52-0dd9-47df-9939-a7a8765278c9-000014",
      "timestamp": "2026-01-14T10:53:25.450328Z",
      "severity": "low",
      "rule_title": "NTLM Logon",
      "rule_id": "c043d322-c767-faa8-92d4-381dcc35cab3",
      "host": {
        "computer": "SQLSERVER.Mills.local"
      },
      "event": {
        "channel": "NTLM",
        "event_id": 8002,
        "record_id": 312114
      },
      "mitre": {
        "tactics": [
          "Evas ¦ LatMov"
        ],
        "tags": [
          "T1550.002"
        ]
      },
      "tags": [],
      "details": {
        "details": "CallerPID: 4 ¦ ClientDomainName: MILLSINC ¦ ClientLUID: 0x3e7 ¦ ClientUserName: SQLSERVER$ ¦ MechanismOID: 1.3.6.1.4.1.311.2.2.10 ¦ ProcessName:",
        "extra": "-"
      },
      "source": {
        "tool": "hayabusa",
        "tool_profile": "verbose",
        "evtx_dir": "/home/nevermore/cases/intake/evtx/Logs",
        "timeline_csv": "/home/nevermore/dfir-agentic/outputs/csv/hayabusa_evtx/58d5de52-0dd9-47df-9939-a7a8765278c9/timeline.csv",
        "rule_file": "win_susp_ntlm_auth.yml",
        "evtx_file": "/home/nevermore/cases/intake/evtx/Logs/Microsoft-Windows-NTLM%254Operational.evtx"
      }
    },
    {
      "finding_id": "F-58d5de52-0dd9-47df-9939-a7a8765278c9-000015",
      "timestamp": "2026-01-14T10:54:46.066372Z",
      "severity": "low",
      "rule_title": "NTLM Logon",
      "rule_id": "c043d322-c767-faa8-92d4-381dcc35cab3",
      "host": {
        "computer": "SQLSERVER.Mills.local"
      },
      "event": {
        "channel": "NTLM",
        "event_id": 8002,
        "record_id": 312116
      },
      "mitre": {
        "tactics": [
          "Evas ¦ LatMov"
        ],
        "tags": [
          "T1550.002"
        ]
      },
      "tags": [],
      "details": {
        "details": "CallerPID: 4 ¦ ClientDomainName: MILLSINC ¦ ClientLUID: 0x3e7 ¦ ClientUserName: SQLSERVER$ ¦ MechanismOID: 1.3.6.1.4.1.311.2.2.10 ¦ ProcessName:",
        "extra": "-"
      },
      "source": {
        "tool": "hayabusa",
        "tool_profile": "verbose",
        "evtx_dir": "/home/nevermore/cases/intake/evtx/Logs",
        "timeline_csv": "/home/nevermore/dfir-agentic/outputs/csv/hayabusa_evtx/58d5de52-0dd9-47df-9939-a7a8765278c9/timeline.csv",
        "rule_file": "win_susp_ntlm_auth.yml",
        "evtx_file": "/home/nevermore/cases/intake/evtx/Logs/Microsoft-Windows-NTLM%254Operational.evtx"
      }
    },
    {
      "finding_id": "F-58d5de52-0dd9-47df-9939-a7a8765278c9-000016",
      "timestamp": "2026-01-14T10:55:48.205119Z",
      "severity": "low",
      "rule_title": "NTLM Logon",
      "rule_id": "c043d322-c767-faa8-92d4-381dcc35cab3",
      "host": {
        "computer": "SQLSERVER.Mills.local"
      },
      "event": {
        "channel": "NTLM",
        "event_id": 8002,
        "record_id": 312118
      },
      "mitre": {
        "tactics": [
          "Evas ¦ LatMov"
        ],
        "tags": [
          "T1550.002"
        ]
      },
      "tags": [],
      "details": {
        "details": "CallerPID: 4 ¦ ClientDomainName: MILLSINC ¦ ClientLUID: 0x3e7 ¦ ClientUserName: SQLSERVER$ ¦ MechanismOID: 1.3.6.1.4.1.311.2.2.10 ¦ ProcessName:",
        "extra": "-"
      },
      "source": {
        "tool": "hayabusa",
        "tool_profile": "verbose",
        "evtx_dir": "/home/nevermore/cases/intake/evtx/Logs",
        "timeline_csv": "/home/nevermore/dfir-agentic/outputs/csv/hayabusa_evtx/58d5de52-0dd9-47df-9939-a7a8765278c9/timeline.csv",
        "rule_file": "win_susp_ntlm_auth.yml",
        "evtx_file": "/home/nevermore/cases/intake/evtx/Logs/Microsoft-Windows-NTLM%254Operational.evtx"
      }
    },
    {
      "finding_id": "F-58d5de52-0dd9-47df-9939-a7a8765278c9-000017",
      "timestamp": "2026-01-14T10:56:07.464928Z",
      "severity": "low",
      "rule_title": "NTLM Logon",
      "rule_id": "c043d322-c767-faa8-92d4-381dcc35cab3",
      "host": {
        "computer": "SQLSERVER.Mills.local"
      },
      "event": {
        "channel": "NTLM",
        "event_id": 8002,
        "record_id": 312120
      },
      "mitre": {
        "tactics": [
          "Evas ¦ LatMov"
        ],
        "tags": [
          "T1550.002"
        ]
      },
      "tags": [],
      "details": {
        "details": "CallerPID: 4 ¦ ClientDomainName: MILLSINC ¦ ClientLUID: 0x3e7 ¦ ClientUserName: SQLSERVER$ ¦ MechanismOID: 1.3.6.1.4.1.311.2.2.10 ¦ ProcessName:",
        "extra": "-"
      },
      "source": {
        "tool": "hayabusa",
        "tool_profile": "verbose",
        "evtx_dir": "/home/nevermore/cases/intake/evtx/Logs",
        "timeline_csv": "/home/nevermore/dfir-agentic/outputs/csv/hayabusa_evtx/58d5de52-0dd9-47df-9939-a7a8765278c9/timeline.csv",
        "rule_file": "win_susp_ntlm_auth.yml",
        "evtx_file": "/home/nevermore/cases/intake/evtx/Logs/Microsoft-Windows-NTLM%254Operational.evtx"
      }
    },
    {
      "finding_id": "F-58d5de52-0dd9-47df-9939-a7a8765278c9-000018",
      "timestamp": "2026-01-14T10:57:28.385718Z",
      "severity": "low",
      "rule_title": "NTLM Logon",
      "rule_id": "c043d322-c767-faa8-92d4-381dcc35cab3",
      "host": {
        "computer": "SQLSERVER.Mills.local"
      },
      "event": {
        "channel": "NTLM",
        "event_id": 8002,
        "record_id": 312122
      },
      "mitre": {
        "tactics": [
          "Evas ¦ LatMov"
        ],
        "tags": [
          "T1550.002"
        ]
      },
      "tags": [],
      "details": {
        "details": "CallerPID: 4 ¦ ClientDomainName: MILLSINC ¦ ClientLUID: 0x3e7 ¦ ClientUserName: SQLSERVER$ ¦ MechanismOID: 1.3.6.1.4.1.311.2.2.10 ¦ ProcessName:",
        "extra": "-"
      },
      "source": {
        "tool": "hayabusa",
        "tool_profile": "verbose",
        "evtx_dir": "/home/nevermore/cases/intake/evtx/Logs",
        "timeline_csv": "/home/nevermore/dfir-agentic/outputs/csv/hayabusa_evtx/58d5de52-0dd9-47df-9939-a7a8765278c9/timeline.csv",
        "rule_file": "win_susp_ntlm_auth.yml",
        "evtx_file": "/home/nevermore/cases/intake/evtx/Logs/Microsoft-Windows-NTLM%254Operational.evtx"
      }
    },
    {
      "finding_id": "F-58d5de52-0dd9-47df-9939-a7a8765278c9-000019",
      "timestamp": "2026-01-14T10:58:46.314793Z",
      "severity": "low",
      "rule_title": "NTLM Logon",
      "rule_id": "c043d322-c767-faa8-92d4-381dcc35cab3",
      "host": {
        "computer": "SQLSERVER.Mills.local"
      },
      "event": {
        "channel": "NTLM",
        "event_id": 8002,
        "record_id": 312124
      },
      "mitre": {
        "tactics": [
          "Evas ¦ LatMov"
        ],
        "tags": [
          "T1550.002"
        ]
      },
      "tags": [],
      "details": {
        "details": "CallerPID: 4 ¦ ClientDomainName: MILLSINC ¦ ClientLUID: 0x3e7 ¦ ClientUserName: SQLSERVER$ ¦ MechanismOID: 1.3.6.1.4.1.311.2.2.10 ¦ ProcessName:",
        "extra": "-"
      },
      "source": {
        "tool": "hayabusa",
        "tool_profile": "verbose",
        "evtx_dir": "/home/nevermore/cases/intake/evtx/Logs",
        "timeline_csv": "/home/nevermore/dfir-agentic/outputs/csv/hayabusa_evtx/58d5de52-0dd9-47df-9939-a7a8765278c9/timeline.csv",
        "rule_file": "win_susp_ntlm_auth.yml",
        "evtx_file": "/home/nevermore/cases/intake/evtx/Logs/Microsoft-Windows-NTLM%254Operational.evtx"
      }
    },
    {
      "finding_id": "F-58d5de52-0dd9-47df-9939-a7a8765278c9-000020",
      "timestamp": "2026-01-14T10:58:48.093568Z",
      "severity": "low",
      "rule_title": "NTLM Logon",
      "rule_id": "c043d322-c767-faa8-92d4-381dcc35cab3",
      "host": {
        "computer": "SQLSERVER.Mills.local"
      },
      "event": {
        "channel": "NTLM",
        "event_id": 8002,
        "record_id": 312126
      },
      "mitre": {
        "tactics": [
          "Evas ¦ LatMov"
        ],
        "tags": [
          "T1550.002"
        ]
      },
      "tags": [],
      "details": {
        "details": "CallerPID: 4 ¦ ClientDomainName: MILLSINC ¦ ClientLUID: 0x3e7 ¦ ClientUserName: SQLSERVER$ ¦ MechanismOID: 1.3.6.1.4.1.311.2.2.10 ¦ ProcessName:",
        "extra": "-"
      },
      "source": {
        "tool": "hayabusa",
        "tool_profile": "verbose",
        "evtx_dir": "/home/nevermore/cases/intake/evtx/Logs",
        "timeline_csv": "/home/nevermore/dfir-agentic/outputs/csv/hayabusa_evtx/58d5de52-0dd9-47df-9939-a7a8765278c9/timeline.csv",
        "rule_file": "win_susp_ntlm_auth.yml",
        "evtx_file": "/home/nevermore/cases/intake/evtx/Logs/Microsoft-Windows-NTLM%254Operational.evtx"
      }
    },
    {
      "finding_id": "F-58d5de52-0dd9-47df-9939-a7a8765278c9-000021",
      "timestamp": "2026-01-14T11:00:02.906502Z",
      "severity": "low",
      "rule_title": "NTLM Logon",
      "rule_id": "c043d322-c767-faa8-92d4-381dcc35cab3",
      "host": {
        "computer": "SQLSERVER.Mills.local"
      },
      "event": {
        "channel": "NTLM",
        "event_id": 8002,
        "record_id": 312128
      },
      "mitre": {
        "tactics": [
          "Evas ¦ LatMov"
        ],
        "tags": [
          "T1550.002"
        ]
      },
      "tags": [],
      "details": {
        "details": "CallerPID: 4 ¦ ClientDomainName: MILLSINC ¦ ClientLUID: 0x3e7 ¦ ClientUserName: SQLSERVER$ ¦ MechanismOID: 1.3.6.1.4.1.311.2.2.10 ¦ ProcessName:",
        "extra": "-"
      },
      "source": {
        "tool": "hayabusa",
        "tool_profile": "verbose",
        "evtx_dir": "/home/nevermore/cases/intake/evtx/Logs",
        "timeline_csv": "/home/nevermore/dfir-agentic/outputs/csv/hayabusa_evtx/58d5de52-0dd9-47df-9939-a7a8765278c9/timeline.csv",
        "rule_file": "win_susp_ntlm_auth.yml",
        "evtx_file": "/home/nevermore/cases/intake/evtx/Logs/Microsoft-Windows-NTLM%254Operational.evtx"
      }
    },
    {
      "finding_id": "F-58d5de52-0dd9-47df-9939-a7a8765278c9-000022",
      "timestamp": "2026-01-14T11:00:04.062462Z",
      "severity": "low",
      "rule_title": "NTLM Logon",
      "rule_id": "c043d322-c767-faa8-92d4-381dcc35cab3",
      "host": {
        "computer": "SQLSERVER.Mills.local"
      },
      "event": {
        "channel": "NTLM",
        "event_id": 8002,
        "record_id": 312129
      },
      "mitre": {
        "tactics": [
          "Evas ¦ LatMov"
        ],
        "tags": [
          "T1550.002"
        ]
      },
      "tags": [],
      "details": {
        "details": "CallerPID: 4 ¦ ClientDomainName: MILLSINC ¦ ClientLUID: 0x3e7 ¦ ClientUserName: SQLSERVER$ ¦ MechanismOID: 1.3.6.1.4.1.311.2.2.10 ¦ ProcessName:",
        "extra": "-"
      },
      "source": {
        "tool": "hayabusa",
        "tool_profile": "verbose",
        "evtx_dir": "/home/nevermore/cases/intake/evtx/Logs",
        "timeline_csv": "/home/nevermore/dfir-agentic/outputs/csv/hayabusa_evtx/58d5de52-0dd9-47df-9939-a7a8765278c9/timeline.csv",
        "rule_file": "win_susp_ntlm_auth.yml",
        "evtx_file": "/home/nevermore/cases/intake/evtx/Logs/Microsoft-Windows-NTLM%254Operational.evtx"
      }
    },
    {
      "finding_id": "F-58d5de52-0dd9-47df-9939-a7a8765278c9-000023",
      "timestamp": "2026-01-14T11:00:05.306898Z",
      "severity": "low",
      "rule_title": "NTLM Logon",
      "rule_id": "c043d322-c767-faa8-92d4-381dcc35cab3",
      "host": {
        "computer": "SQLSERVER.Mills.local"
      },
      "event": {
        "channel": "NTLM",
        "event_id": 8002,
        "record_id": 312130
      },
      "mitre": {
        "tactics": [
          "Evas ¦ LatMov"
        ],
        "tags": [
          "T1550.002"
        ]
      },
      "tags": [],
      "details": {
        "details": "CallerPID: 4 ¦ ClientDomainName: MILLSINC ¦ ClientLUID: 0x3e7 ¦ ClientUserName: SQLSERVER$ ¦ MechanismOID: 1.3.6.1.4.1.311.2.2.10 ¦ ProcessName:",
        "extra": "-"
      },
      "source": {
        "tool": "hayabusa",
        "tool_profile": "verbose",
        "evtx_dir": "/home/nevermore/cases/intake/evtx/Logs",
        "timeline_csv": "/home/nevermore/dfir-agentic/outputs/csv/hayabusa_evtx/58d5de52-0dd9-47df-9939-a7a8765278c9/timeline.csv",
        "rule_file": "win_susp_ntlm_auth.yml",
        "evtx_file": "/home/nevermore/cases/intake/evtx/Logs/Microsoft-Windows-NTLM%254Operational.evtx"
      }
    },
    {
      "finding_id": "F-58d5de52-0dd9-47df-9939-a7a8765278c9-000024",
      "timestamp": "2026-01-14T11:00:06.744503Z",
      "severity": "low",
      "rule_title": "NTLM Logon",
      "rule_id": "c043d322-c767-faa8-92d4-381dcc35cab3",
      "host": {
        "computer": "SQLSERVER.Mills.local"
      },
      "event": {
        "channel": "NTLM",
        "event_id": 8002,
        "record_id": 312131
      },
      "mitre": {
        "tactics": [
          "Evas ¦ LatMov"
        ],
        "tags": [
          "T1550.002"
        ]
      },
      "tags": [],
      "details": {
        "details": "CallerPID: 4 ¦ ClientDomainName: MILLSINC ¦ ClientLUID: 0x3e7 ¦ ClientUserName: SQLSERVER$ ¦ MechanismOID: 1.3.6.1.4.1.311.2.2.10 ¦ ProcessName:",
        "extra": "-"
      },
      "source": {
        "tool": "hayabusa",
        "tool_profile": "verbose",
        "evtx_dir": "/home/nevermore/cases/intake/evtx/Logs",
        "timeline_csv": "/home/nevermore/dfir-agentic/outputs/csv/hayabusa_evtx/58d5de52-0dd9-47df-9939-a7a8765278c9/timeline.csv",
        "rule_file": "win_susp_ntlm_auth.yml",
        "evtx_file": "/home/nevermore/cases/intake/evtx/Logs/Microsoft-Windows-NTLM%254Operational.evtx"
      }
    },
    {
      "finding_id": "F-58d5de52-0dd9-47df-9939-a7a8765278c9-000025",
      "timestamp": "2026-01-14T11:00:08.588348Z",
      "severity": "low",
      "rule_title": "NTLM Logon",
      "rule_id": "c043d322-c767-faa8-92d4-381dcc35cab3",
      "host": {
        "computer": "SQLSERVER.Mills.local"
      },
      "event": {
        "channel": "NTLM",
        "event_id": 8002,
        "record_id": 312132
      },
      "mitre": {
        "tactics": [
          "Evas ¦ LatMov"
        ],
        "tags": [
          "T1550.002"
        ]
      },
      "tags": [],
      "details": {
        "details": "CallerPID: 4 ¦ ClientDomainName: MILLSINC ¦ ClientLUID: 0x3e7 ¦ ClientUserName: SQLSERVER$ ¦ MechanismOID: 1.3.6.1.4.1.311.2.2.10 ¦ ProcessName:",
        "extra": "-"
      },
      "source": {
        "tool": "hayabusa",
        "tool_profile": "verbose",
        "evtx_dir": "/home/nevermore/cases/intake/evtx/Logs",
        "timeline_csv": "/home/nevermore/dfir-agentic/outputs/csv/hayabusa_evtx/58d5de52-0dd9-47df-9939-a7a8765278c9/timeline.csv",
        "rule_file": "win_susp_ntlm_auth.yml",
        "evtx_file": "/home/nevermore/cases/intake/evtx/Logs/Microsoft-Windows-NTLM%254Operational.evtx"
      }
    },
    {
      "finding_id": "F-58d5de52-0dd9-47df-9939-a7a8765278c9-000026",
      "timestamp": "2026-01-14T11:00:10.338172Z",
      "severity": "low",
      "rule_title": "NTLM Logon",
      "rule_id": "c043d322-c767-faa8-92d4-381dcc35cab3",
      "host": {
        "computer": "SQLSERVER.Mills.local"
      },
      "event": {
        "channel": "NTLM",
        "event_id": 8002,
        "record_id": 312133
      },
      "mitre": {
        "tactics": [
          "Evas ¦ LatMov"
        ],
        "tags": [
          "T1550.002"
        ]
      },
      "tags": [],
      "details": {
        "details": "CallerPID: 4 ¦ ClientDomainName: MILLSINC ¦ ClientLUID: 0x3e7 ¦ ClientUserName: SQLSERVER$ ¦ MechanismOID: 1.3.6.1.4.1.311.2.2.10 ¦ ProcessName:",
        "extra": "-"
      },
      "source": {
        "tool": "hayabusa",
        "tool_profile": "verbose",
        "evtx_dir": "/home/nevermore/cases/intake/evtx/Logs",
        "timeline_csv": "/home/nevermore/dfir-agentic/outputs/csv/hayabusa_evtx/58d5de52-0dd9-47df-9939-a7a8765278c9/timeline.csv",
        "rule_file": "win_susp_ntlm_auth.yml",
        "evtx_file": "/home/nevermore/cases/intake/evtx/Logs/Microsoft-Windows-NTLM%254Operational.evtx"
      }
    },
    {
      "finding_id": "F-58d5de52-0dd9-47df-9939-a7a8765278c9-000027",
      "timestamp": "2026-01-14T11:00:10.635128Z",
      "severity": "low",
      "rule_title": "NTLM Logon",
      "rule_id": "c043d322-c767-faa8-92d4-381dcc35cab3",
      "host": {
        "computer": "SQLSERVER.Mills.local"
      },
      "event": {
        "channel": "NTLM",
        "event_id": 8002,
        "record_id": 312134
      },
      "mitre": {
        "tactics": [
          "Evas ¦ LatMov"
        ],
        "tags": [
          "T1550.002"
        ]
      },
      "tags": [],
      "details": {
        "details": "CallerPID: 4 ¦ ClientDomainName: MILLSINC ¦ ClientLUID: 0x3e7 ¦ ClientUserName: SQLSERVER$ ¦ MechanismOID: 1.3.6.1.4.1.311.2.2.10 ¦ ProcessName:",
        "extra": "-"
      },
      "source": {
        "tool": "hayabusa",
        "tool_profile": "verbose",
        "evtx_dir": "/home/nevermore/cases/intake/evtx/Logs",
        "timeline_csv": "/home/nevermore/dfir-agentic/outputs/csv/hayabusa_evtx/58d5de52-0dd9-47df-9939-a7a8765278c9/timeline.csv",
        "rule_file": "win_susp_ntlm_auth.yml",
        "evtx_file": "/home/nevermore/cases/intake/evtx/Logs/Microsoft-Windows-NTLM%254Operational.evtx"
      }
    },
    {
      "finding_id": "F-58d5de52-0dd9-47df-9939-a7a8765278c9-000028",
      "timestamp": "2026-01-14T11:00:11.468960Z",
      "severity": "low",
      "rule_title": "NTLM Logon",
      "rule_id": "c043d322-c767-faa8-92d4-381dcc35cab3",
      "host": {
        "computer": "SQLSERVER.Mills.local"
      },
      "event": {
        "channel": "NTLM",
        "event_id": 8002,
        "record_id": 312135
      },
      "mitre": {
        "tactics": [
          "Evas ¦ LatMov"
        ],
        "tags": [
          "T1550.002"
        ]
      },
      "tags": [],
      "details": {
        "details": "CallerPID: 4 ¦ ClientDomainName: MILLSINC ¦ ClientLUID: 0x3e7 ¦ ClientUserName: SQLSERVER$ ¦ MechanismOID: 1.3.6.1.4.1.311.2.2.10 ¦ ProcessName:",
        "extra": "-"
      },
      "source": {
        "tool": "hayabusa",
        "tool_profile": "verbose",
        "evtx_dir": "/home/nevermore/cases/intake/evtx/Logs",
        "timeline_csv": "/home/nevermore/dfir-agentic/outputs/csv/hayabusa_evtx/58d5de52-0dd9-47df-9939-a7a8765278c9/timeline.csv",
        "rule_file": "win_susp_ntlm_auth.yml",
        "evtx_file": "/home/nevermore/cases/intake/evtx/Logs/Microsoft-Windows-NTLM%254Operational.evtx"
      }
    },
    {
      "finding_id": "F-58d5de52-0dd9-47df-9939-a7a8765278c9-000029",
      "timestamp": "2026-01-14T11:00:12.671870Z",
      "severity": "low",
      "rule_title": "NTLM Logon",
      "rule_id": "c043d322-c767-faa8-92d4-381dcc35cab3",
      "host": {
        "computer": "SQLSERVER.Mills.local"
      },
      "event": {
        "channel": "NTLM",
        "event_id": 8002,
        "record_id": 312136
      },
      "mitre": {
        "tactics": [
          "Evas ¦ LatMov"
        ],
        "tags": [
          "T1550.002"
        ]
      },
      "tags": [],
      "details": {
        "details": "CallerPID: 4 ¦ ClientDomainName: MILLSINC ¦ ClientLUID: 0x3e7 ¦ ClientUserName: SQLSERVER$ ¦ MechanismOID: 1.3.6.1.4.1.311.2.2.10 ¦ ProcessName:",
        "extra": "-"
      },
      "source": {
        "tool": "hayabusa",
        "tool_profile": "verbose",
        "evtx_dir": "/home/nevermore/cases/intake/evtx/Logs",
        "timeline_csv": "/home/nevermore/dfir-agentic/outputs/csv/hayabusa_evtx/58d5de52-0dd9-47df-9939-a7a8765278c9/timeline.csv",
        "rule_file": "win_susp_ntlm_auth.yml",
        "evtx_file": "/home/nevermore/cases/intake/evtx/Logs/Microsoft-Windows-NTLM%254Operational.evtx"
      }
    },
    {
      "finding_id": "F-58d5de52-0dd9-47df-9939-a7a8765278c9-000030",
      "timestamp": "2026-01-14T11:00:12.718573Z",
      "severity": "low",
      "rule_title": "NTLM Logon",
      "rule_id": "c043d322-c767-faa8-92d4-381dcc35cab3",
      "host": {
        "computer": "SQLSERVER.Mills.local"
      },
      "event": {
        "channel": "NTLM",
        "event_id": 8002,
        "record_id": 312137
      },
      "mitre": {
        "tactics": [
          "Evas ¦ LatMov"
        ],
        "tags": [
          "T1550.002"
        ]
      },
      "tags": [],
      "details": {
        "details": "CallerPID: 4 ¦ ClientDomainName: MILLSINC ¦ ClientLUID: 0x3e7 ¦ ClientUserName: SQLSERVER$ ¦ MechanismOID: 1.3.6.1.4.1.311.2.2.10 ¦ ProcessName:",
        "extra": "-"
      },
      "source": {
        "tool": "hayabusa",
        "tool_profile": "verbose",
        "evtx_dir": "/home/nevermore/cases/intake/evtx/Logs",
        "timeline_csv": "/home/nevermore/dfir-agentic/outputs/csv/hayabusa_evtx/58d5de52-0dd9-47df-9939-a7a8765278c9/timeline.csv",
        "rule_file": "win_susp_ntlm_auth.yml",
        "evtx_file": "/home/nevermore/cases/intake/evtx/Logs/Microsoft-Windows-NTLM%254Operational.evtx"
      }
    },
    {
      "finding_id": "F-58d5de52-0dd9-47df-9939-a7a8765278c9-000031",
      "timestamp": "2026-01-14T11:00:14.141775Z",
      "severity": "low",
      "rule_title": "NTLM Logon",
      "rule_id": "c043d322-c767-faa8-92d4-381dcc35cab3",
      "host": {
        "computer": "SQLSERVER.Mills.local"
      },
      "event": {
        "channel": "NTLM",
        "event_id": 8002,
        "record_id": 312138
      },
      "mitre": {
        "tactics": [
          "Evas ¦ LatMov"
        ],
        "tags": [
          "T1550.002"
        ]
      },
      "tags": [],
      "details": {
        "details": "CallerPID: 4 ¦ ClientDomainName: MILLSINC ¦ ClientLUID: 0x3e7 ¦ ClientUserName: SQLSERVER$ ¦ MechanismOID: 1.3.6.1.4.1.311.2.2.10 ¦ ProcessName:",
        "extra": "-"
      },
      "source": {
        "tool": "hayabusa",
        "tool_profile": "verbose",
        "evtx_dir": "/home/nevermore/cases/intake/evtx/Logs",
        "timeline_csv": "/home/nevermore/dfir-agentic/outputs/csv/hayabusa_evtx/58d5de52-0dd9-47df-9939-a7a8765278c9/timeline.csv",
        "rule_file": "win_susp_ntlm_auth.yml",
        "evtx_file": "/home/nevermore/cases/intake/evtx/Logs/Microsoft-Windows-NTLM%254Operational.evtx"
      }
    },
    {
      "finding_id": "F-58d5de52-0dd9-47df-9939-a7a8765278c9-000032",
      "timestamp": "2026-01-14T11:00:14.719785Z",
      "severity": "low",
      "rule_title": "NTLM Logon",
      "rule_id": "c043d322-c767-faa8-92d4-381dcc35cab3",
      "host": {
        "computer": "SQLSERVER.Mills.local"
      },
      "event": {
        "channel": "NTLM",
        "event_id": 8002,
        "record_id": 312139
      },
      "mitre": {
        "tactics": [
          "Evas ¦ LatMov"
        ],
        "tags": [
          "T1550.002"
        ]
      },
      "tags": [],
      "details": {
        "details": "CallerPID: 4 ¦ ClientDomainName: MILLSINC ¦ ClientLUID: 0x3e7 ¦ ClientUserName: SQLSERVER$ ¦ MechanismOID: 1.3.6.1.4.1.311.2.2.10 ¦ ProcessName:",
        "extra": "-"
      },
      "source": {
        "tool": "hayabusa",
        "tool_profile": "verbose",
        "evtx_dir": "/home/nevermore/cases/intake/evtx/Logs",
        "timeline_csv": "/home/nevermore/dfir-agentic/outputs/csv/hayabusa_evtx/58d5de52-0dd9-47df-9939-a7a8765278c9/timeline.csv",
        "rule_file": "win_susp_ntlm_auth.yml",
        "evtx_file": "/home/nevermore/cases/intake/evtx/Logs/Microsoft-Windows-NTLM%254Operational.evtx"
      }
    },
    {
      "finding_id": "F-58d5de52-0dd9-47df-9939-a7a8765278c9-000033",
      "timestamp": "2026-01-14T11:00:15.985567Z",
      "severity": "low",
      "rule_title": "NTLM Logon",
      "rule_id": "c043d322-c767-faa8-92d4-381dcc35cab3",
      "host": {
        "computer": "SQLSERVER.Mills.local"
      },
      "event": {
        "channel": "NTLM",
        "event_id": 8002,
        "record_id": 312140
      },
      "mitre": {
        "tactics": [
          "Evas ¦ LatMov"
        ],
        "tags": [
          "T1550.002"
        ]
      },
      "tags": [],
      "details": {
        "details": "CallerPID: 4 ¦ ClientDomainName: MILLSINC ¦ ClientLUID: 0x3e7 ¦ ClientUserName: SQLSERVER$ ¦ MechanismOID: 1.3.6.1.4.1.311.2.2.10 ¦ ProcessName:",
        "extra": "-"
      },
      "source": {
        "tool": "hayabusa",
        "tool_profile": "verbose",
        "evtx_dir": "/home/nevermore/cases/intake/evtx/Logs",
        "timeline_csv": "/home/nevermore/dfir-agentic/outputs/csv/hayabusa_evtx/58d5de52-0dd9-47df-9939-a7a8765278c9/timeline.csv",
        "rule_file": "win_susp_ntlm_auth.yml",
        "evtx_file": "/home/nevermore/cases/intake/evtx/Logs/Microsoft-Windows-NTLM%254Operational.evtx"
      }
    },
    {
      "finding_id": "F-58d5de52-0dd9-47df-9939-a7a8765278c9-000034",
      "timestamp": "2026-01-14T11:00:16.766793Z",
      "severity": "low",
      "rule_title": "NTLM Logon",
      "rule_id": "c043d322-c767-faa8-92d4-381dcc35cab3",
      "host": {
        "computer": "SQLSERVER.Mills.local"
      },
      "event": {
        "channel": "NTLM",
        "event_id": 8002,
        "record_id": 312141
      },
      "mitre": {
        "tactics": [
          "Evas ¦ LatMov"
        ],
        "tags": [
          "T1550.002"
        ]
      },
      "tags": [],
      "details": {
        "details": "CallerPID: 4 ¦ ClientDomainName: MILLSINC ¦ ClientLUID: 0x3e7 ¦ ClientUserName: SQLSERVER$ ¦ MechanismOID: 1.3.6.1.4.1.311.2.2.10 ¦ ProcessName:",
        "extra": "-"
      },
      "source": {
        "tool": "hayabusa",
        "tool_profile": "verbose",
        "evtx_dir": "/home/nevermore/cases/intake/evtx/Logs",
        "timeline_csv": "/home/nevermore/dfir-agentic/outputs/csv/hayabusa_evtx/58d5de52-0dd9-47df-9939-a7a8765278c9/timeline.csv",
        "rule_file": "win_susp_ntlm_auth.yml",
        "evtx_file": "/home/nevermore/cases/intake/evtx/Logs/Microsoft-Windows-NTLM%254Operational.evtx"
      }
    },
    {
      "finding_id": "F-58d5de52-0dd9-47df-9939-a7a8765278c9-000035",
      "timestamp": "2026-01-14T11:00:18.032396Z",
      "severity": "low",
      "rule_title": "NTLM Logon",
      "rule_id": "c043d322-c767-faa8-92d4-381dcc35cab3",
      "host": {
        "computer": "SQLSERVER.Mills.local"
      },
      "event": {
        "channel": "NTLM",
        "event_id": 8002,
        "record_id": 312142
      },
      "mitre": {
        "tactics": [
          "Evas ¦ LatMov"
        ],
        "tags": [
          "T1550.002"
        ]
      },
      "tags": [],
      "details": {
        "details": "CallerPID: 4 ¦ ClientDomainName: MILLSINC ¦ ClientLUID: 0x3e7 ¦ ClientUserName: SQLSERVER$ ¦ MechanismOID: 1.3.6.1.4.1.311.2.2.10 ¦ ProcessName:",
        "extra": "-"
      },
      "source": {
        "tool": "hayabusa",
        "tool_profile": "verbose",
        "evtx_dir": "/home/nevermore/cases/intake/evtx/Logs",
        "timeline_csv": "/home/nevermore/dfir-agentic/outputs/csv/hayabusa_evtx/58d5de52-0dd9-47df-9939-a7a8765278c9/timeline.csv",
        "rule_file": "win_susp_ntlm_auth.yml",
        "evtx_file": "/home/nevermore/cases/intake/evtx/Logs/Microsoft-Windows-NTLM%254Operational.evtx"
      }
    },
    {
      "finding_id": "F-58d5de52-0dd9-47df-9939-a7a8765278c9-000036",
      "timestamp": "2026-01-14T11:00:20.079225Z",
      "severity": "low",
      "rule_title": "NTLM Logon",
      "rule_id": "c043d322-c767-faa8-92d4-381dcc35cab3",
      "host": {
        "computer": "SQLSERVER.Mills.local"
      },
      "event": {
        "channel": "NTLM",
        "event_id": 8002,
        "record_id": 312143
      },
      "mitre": {
        "tactics": [
          "Evas ¦ LatMov"
        ],
        "tags": [
          "T1550.002"
        ]
      },
      "tags": [],
      "details": {
        "details": "CallerPID: 4 ¦ ClientDomainName: MILLSINC ¦ ClientLUID: 0x3e7 ¦ ClientUserName: SQLSERVER$ ¦ MechanismOID: 1.3.6.1.4.1.311.2.2.10 ¦ ProcessName:",
        "extra": "-"
      },
      "source": {
        "tool": "hayabusa",
        "tool_profile": "verbose",
        "evtx_dir": "/home/nevermore/cases/intake/evtx/Logs",
        "timeline_csv": "/home/nevermore/dfir-agentic/outputs/csv/hayabusa_evtx/58d5de52-0dd9-47df-9939-a7a8765278c9/timeline.csv",
        "rule_file": "win_susp_ntlm_auth.yml",
        "evtx_file": "/home/nevermore/cases/intake/evtx/Logs/Microsoft-Windows-NTLM%254Operational.evtx"
      }
    },
    {
      "finding_id": "F-58d5de52-0dd9-47df-9939-a7a8765278c9-000037",
      "timestamp": "2026-01-14T11:00:22.106224Z",
      "severity": "low",
      "rule_title": "NTLM Logon",
      "rule_id": "c043d322-c767-faa8-92d4-381dcc35cab3",
      "host": {
        "computer": "SQLSERVER.Mills.local"
      },
      "event": {
        "channel": "NTLM",
        "event_id": 8002,
        "record_id": 312144
      },
      "mitre": {
        "tactics": [
          "Evas ¦ LatMov"
        ],
        "tags": [
          "T1550.002"
        ]
      },
      "tags": [],
      "details": {
        "details": "CallerPID: 4 ¦ ClientDomainName: MILLSINC ¦ ClientLUID: 0x3e7 ¦ ClientUserName: SQLSERVER$ ¦ MechanismOID: 1.3.6.1.4.1.311.2.2.10 ¦ ProcessName:",
        "extra": "-"
      },
      "source": {
        "tool": "hayabusa",
        "tool_profile": "verbose",
        "evtx_dir": "/home/nevermore/cases/intake/evtx/Logs",
        "timeline_csv": "/home/nevermore/dfir-agentic/outputs/csv/hayabusa_evtx/58d5de52-0dd9-47df-9939-a7a8765278c9/timeline.csv",
        "rule_file": "win_susp_ntlm_auth.yml",
        "evtx_file": "/home/nevermore/cases/intake/evtx/Logs/Microsoft-Windows-NTLM%254Operational.evtx"
      }
    },
    {
      "finding_id": "F-58d5de52-0dd9-47df-9939-a7a8765278c9-000038",
      "timestamp": "2026-01-14T11:00:24.152722Z",
      "severity": "low",
      "rule_title": "NTLM Logon",
      "rule_id": "c043d322-c767-faa8-92d4-381dcc35cab3",
      "host": {
        "computer": "SQLSERVER.Mills.local"
      },
      "event": {
        "channel": "NTLM",
        "event_id": 8002,
        "record_id": 312145
      },
      "mitre": {
        "tactics": [
          "Evas ¦ LatMov"
        ],
        "tags": [
          "T1550.002"
        ]
      },
      "tags": [],
      "details": {
        "details": "CallerPID: 4 ¦ ClientDomainName: MILLSINC ¦ ClientLUID: 0x3e7 ¦ ClientUserName: SQLSERVER$ ¦ MechanismOID: 1.3.6.1.4.1.311.2.2.10 ¦ ProcessName:",
        "extra": "-"
      },
      "source": {
        "tool": "hayabusa",
        "tool_profile": "verbose",
        "evtx_dir": "/home/nevermore/cases/intake/evtx/Logs",
        "timeline_csv": "/home/nevermore/dfir-agentic/outputs/csv/hayabusa_evtx/58d5de52-0dd9-47df-9939-a7a8765278c9/timeline.csv",
        "rule_file": "win_susp_ntlm_auth.yml",
        "evtx_file": "/home/nevermore/cases/intake/evtx/Logs/Microsoft-Windows-NTLM%254Operational.evtx"
      }
    },
    {
      "finding_id": "F-58d5de52-0dd9-47df-9939-a7a8765278c9-000039",
      "timestamp": "2026-01-14T11:01:23.836379Z",
      "severity": "low",
      "rule_title": "NTLM Logon",
      "rule_id": "c043d322-c767-faa8-92d4-381dcc35cab3",
      "host": {
        "computer": "SQLSERVER.Mills.local"
      },
      "event": {
        "channel": "NTLM",
        "event_id": 8002,
        "record_id": 312146
      },
      "mitre": {
        "tactics": [
          "Evas ¦ LatMov"
        ],
        "tags": [
          "T1550.002"
        ]
      },
      "tags": [],
      "details": {
        "details": "CallerPID: 4 ¦ ClientDomainName: MILLSINC ¦ ClientLUID: 0x3e7 ¦ ClientUserName: SQLSERVER$ ¦ MechanismOID: 1.3.6.1.4.1.311.2.2.10 ¦ ProcessName:",
        "extra": "-"
      },
      "source": {
        "tool": "hayabusa",
        "tool_profile": "verbose",
        "evtx_dir": "/home/nevermore/cases/intake/evtx/Logs",
        "timeline_csv": "/home/nevermore/dfir-agentic/outputs/csv/hayabusa_evtx/58d5de52-0dd9-47df-9939-a7a8765278c9/timeline.csv",
        "rule_file": "win_susp_ntlm_auth.yml",
        "evtx_file": "/home/nevermore/cases/intake/evtx/Logs/Microsoft-Windows-NTLM%254Operational.evtx"
      }
    },
