    {
      "finding_id": "F-f5d1a29d-000184",
      "category": "unknown",
      "summary": "Network Logon",
      "confidence": null,
      "severity": "informational",
      "source": {
        "tool": "chainsaw",
        "rule_id": "RAWREF:chainsaw.evtx.jsonl:line:184",
        "rule_title": "Network Logon"
      },
      "evidence": {
        "event_refs": [
          "chainsaw.evtx.jsonl:line:184"
        ],
        "artifacts": [],
        "timestamps": {
          "first_seen": "2026-01-14T12:08:25.525361+00:00",
          "last_seen": "2026-01-14T12:08:25.525361+00:00"
        },
        "raw": {
          "group": "Lateral Movement",
          "kind": "individual",
          "document": {
            "kind": "evtx",
            "path": "/home/nevermore/cases/intake/evtx/Logs/Security.evtx",
            "data": {
              "Event": {
                "EventData": {
                  "AuthenticationPackageName": "NTLM",
                  "LogonProcessName": "NtLmSsp",
                  "TargetOutboundDomainName": "-",
                  "TargetLinkedLogonId": "0x0",
                  "LmPackageName": "NTLM V1",
                  "TargetDomainName": "MILLSINC",
                  "SubjectUserName": "-",
                  "TargetUserSid": "S-1-5-21-1841095656-2843128008-524542198-2921",
                  "IpAddress": "195.101.67.3",
                  "KeyLength": 128,
                  "SubjectLogonId": "0x0",
                  "TargetLogonId": "0x1b98308",
                  "ElevatedToken": "%%1842",
                  "LogonGuid": "00000000-0000-0000-0000-000000000000",
                  "RestrictedAdminMode": "-",
                  "SubjectDomainName": "-",
                  "LogonType": 3,
                  "VirtualAccount": "%%1843",
                  "TargetOutboundUserName": "-",
                  "WorkstationName": "DCFS",
                  "IpPort": "62764",
                  "ImpersonationLevel": "%%1833",
                  "SubjectUserSid": "S-1-0-0",
                  "TransmittedServices": "-",
                  "ProcessId": "0x0",
                  "TargetUserName": "TaskManager",
                  "ProcessName": "-"
                },
                "System": {
                  "EventID": 4624,
                  "Level": 0,
                  "Provider_attributes": {
                    "Name": "Microsoft-Windows-Security-Auditing",
                    "Guid": "54849625-5478-4994-A5BA-3E3B0328C30D"
                  },
                  "Version": 2,
                  "Task": 12544,
                  "Opcode": 0,
                  "TimeCreated_attributes": {
                    "SystemTime": "2026-01-14T12:08:25.525361Z"
                  },
                  "Execution_attributes": {
                    "ProcessID": 716,
                    "ThreadID": 1992
                  },
                  "Keywords": "0x8020000000000000",
                  "Correlation_attributes": {
                    "ActivityID": "F2B6C865-8505-0002-B7C8-B6F20585DC01"
                  },
                  "EventRecordID": 935760,
                  "Channel": "Security",
                  "Computer": "SQLSERVER.Mills.local",
                  "Security": null
                }
              },
              "Event_attributes": {
                "xmlns": "http://schemas.microsoft.com/win/2004/08/events/event"
              }
            }
          },
          "name": "Network Logon",
          "timestamp": "2026-01-14T12:08:25.525361+00:00",
          "authors": [
            "FranticTyping"
          ],
          "level": "info",
          "source": "chainsaw",
          "status": "stable"
        }
      },
      "raw_refs": [
        "chainsaw.evtx.jsonl:line:184"
      ],
      "provenance": {
        "origin": "baseline",
        "manifest_path": "outputs/jsonl/chainsaw_evtx/f5d1a29d-2446-4a73-a0af-1e1bcc4b41b2/manifest.json"
      }
    },
    {
      "finding_id": "F-f5d1a29d-000185",
      "category": "unknown",
      "summary": "Network Logon",
      "confidence": null,
      "severity": "informational",
      "source": {
        "tool": "chainsaw",
        "rule_id": "RAWREF:chainsaw.evtx.jsonl:line:185",
        "rule_title": "Network Logon"
      },
      "evidence": {
        "event_refs": [
          "chainsaw.evtx.jsonl:line:185"
        ],
        "artifacts": [],
        "timestamps": {
          "first_seen": "2026-01-14T12:08:55.659788+00:00",
          "last_seen": "2026-01-14T12:08:55.659788+00:00"
        },
        "raw": {
          "group": "Lateral Movement",
          "kind": "individual",
          "document": {
            "kind": "evtx",
            "path": "/home/nevermore/cases/intake/evtx/Logs/Security.evtx",
            "data": {
              "Event": {
                "EventData": {
                  "AuthenticationPackageName": "NTLM",
                  "LogonProcessName": "NtLmSsp",
                  "TargetOutboundDomainName": "-",
                  "TargetLinkedLogonId": "0x0",
                  "LmPackageName": "NTLM V2",
                  "TargetDomainName": "MILLSINC",
                  "SubjectUserName": "-",
                  "TargetUserSid": "S-1-5-21-1841095656-2843128008-524542198-1135",
                  "IpAddress": "10.25.30.242",
                  "KeyLength": 128,
                  "SubjectLogonId": "0x0",
                  "TargetLogonId": "0x1b99d30",
                  "ElevatedToken": "%%1843",
                  "LogonGuid": "00000000-0000-0000-0000-000000000000",
                  "RestrictedAdminMode": "-",
                  "SubjectDomainName": "-",
                  "LogonType": 3,
                  "VirtualAccount": "%%1843",
                  "TargetOutboundUserName": "-",
                  "WorkstationName": "LTPLANT2",
                  "IpPort": "51076",
                  "ImpersonationLevel": "%%1833",
                  "SubjectUserSid": "S-1-0-0",
                  "TransmittedServices": "-",
                  "ProcessId": "0x0",
                  "TargetUserName": "jeffb",
                  "ProcessName": "-"
                },
                "System": {
                  "EventID": 4624,
                  "Level": 0,
                  "Provider_attributes": {
                    "Name": "Microsoft-Windows-Security-Auditing",
                    "Guid": "54849625-5478-4994-A5BA-3E3B0328C30D"
                  },
                  "Version": 2,
                  "Task": 12544,
                  "Opcode": 0,
                  "TimeCreated_attributes": {
                    "SystemTime": "2026-01-14T12:08:55.659788Z"
                  },
                  "Execution_attributes": {
                    "ProcessID": 716,
                    "ThreadID": 4916
                  },
                  "Keywords": "0x8020000000000000",
                  "Correlation_attributes": {
                    "ActivityID": "F2B6C865-8505-0002-B7C8-B6F20585DC01"
                  },
                  "EventRecordID": 935766,
                  "Channel": "Security",
                  "Computer": "SQLSERVER.Mills.local",
                  "Security": null
                }
              },
              "Event_attributes": {
                "xmlns": "http://schemas.microsoft.com/win/2004/08/events/event"
              }
            }
          },
          "name": "Network Logon",
          "timestamp": "2026-01-14T12:08:55.659788+00:00",
          "authors": [
            "FranticTyping"
          ],
          "level": "info",
          "source": "chainsaw",
          "status": "stable"
        }
      },
      "raw_refs": [
        "chainsaw.evtx.jsonl:line:185"
      ],
      "provenance": {
        "origin": "baseline",
        "manifest_path": "outputs/jsonl/chainsaw_evtx/f5d1a29d-2446-4a73-a0af-1e1bcc4b41b2/manifest.json"
      }
    },
    {
      "finding_id": "F-f5d1a29d-000186",
      "category": "unknown",
      "summary": "Network Logon",
      "confidence": null,
      "severity": "informational",
      "source": {
        "tool": "chainsaw",
        "rule_id": "RAWREF:chainsaw.evtx.jsonl:line:186",
        "rule_title": "Network Logon"
      },
      "evidence": {
        "event_refs": [
          "chainsaw.evtx.jsonl:line:186"
        ],
        "artifacts": [],
        "timestamps": {
          "first_seen": "2026-01-14T12:09:22.673682+00:00",
          "last_seen": "2026-01-14T12:09:22.673682+00:00"
        },
        "raw": {
          "group": "Lateral Movement",
          "kind": "individual",
          "document": {
            "kind": "evtx",
            "path": "/home/nevermore/cases/intake/evtx/Logs/Security.evtx",
            "data": {
              "Event": {
                "EventData": {
                  "AuthenticationPackageName": "NTLM",
                  "LogonProcessName": "NtLmSsp",
                  "TargetOutboundDomainName": "-",
                  "TargetLinkedLogonId": "0x0",
                  "LmPackageName": "NTLM V2",
                  "TargetDomainName": "MILLSINC",
                  "SubjectUserName": "-",
                  "TargetUserSid": "S-1-5-21-1841095656-2843128008-524542198-3673",
                  "IpAddress": "172.16.1.111",
                  "KeyLength": 128,
                  "SubjectLogonId": "0x0",
                  "TargetLogonId": "0x1b9abb2",
                  "ElevatedToken": "%%1843",
                  "LogonGuid": "00000000-0000-0000-0000-000000000000",
                  "RestrictedAdminMode": "-",
                  "SubjectDomainName": "-",
                  "LogonType": 3,
                  "VirtualAccount": "%%1843",
                  "TargetOutboundUserName": "-",
                  "WorkstationName": "MOM",
                  "IpPort": "65220",
                  "ImpersonationLevel": "%%1833",
                  "SubjectUserSid": "S-1-0-0",
                  "TransmittedServices": "-",
                  "ProcessId": "0x0",
                  "TargetUserName": "MOM$",
                  "ProcessName": "-"
                },
                "System": {
                  "EventID": 4624,
                  "Level": 0,
                  "Provider_attributes": {
                    "Name": "Microsoft-Windows-Security-Auditing",
                    "Guid": "54849625-5478-4994-A5BA-3E3B0328C30D"
                  },
                  "Version": 2,
                  "Task": 12544,
                  "Opcode": 0,
                  "TimeCreated_attributes": {
                    "SystemTime": "2026-01-14T12:09:22.673682Z"
                  },
                  "Execution_attributes": {
                    "ProcessID": 716,
                    "ThreadID": 4916
                  },
                  "Keywords": "0x8020000000000000",
                  "Correlation_attributes": {
                    "ActivityID": "F2B6C865-8505-0002-B7C8-B6F20585DC01"
                  },
                  "EventRecordID": 935769,
                  "Channel": "Security",
                  "Computer": "SQLSERVER.Mills.local",
                  "Security": null
                }
              },
              "Event_attributes": {
                "xmlns": "http://schemas.microsoft.com/win/2004/08/events/event"
              }
            }
          },
          "name": "Network Logon",
          "timestamp": "2026-01-14T12:09:22.673682+00:00",
          "authors": [
            "FranticTyping"
          ],
          "level": "info",
          "source": "chainsaw",
          "status": "stable"
        }
      },
      "raw_refs": [
        "chainsaw.evtx.jsonl:line:186"
      ],
      "provenance": {
        "origin": "baseline",
        "manifest_path": "outputs/jsonl/chainsaw_evtx/f5d1a29d-2446-4a73-a0af-1e1bcc4b41b2/manifest.json"
      }
    },
    {
      "finding_id": "F-f5d1a29d-000187",
      "category": "unknown",
      "summary": "Network Logon",
      "confidence": null,
      "severity": "informational",
      "source": {
        "tool": "chainsaw",
        "rule_id": "RAWREF:chainsaw.evtx.jsonl:line:187",
        "rule_title": "Network Logon"
      },
      "evidence": {
        "event_refs": [
          "chainsaw.evtx.jsonl:line:187"
        ],
        "artifacts": [],
        "timestamps": {
          "first_seen": "2026-01-14T12:09:43.931273+00:00",
          "last_seen": "2026-01-14T12:09:43.931273+00:00"
        },
        "raw": {
          "group": "Lateral Movement",
          "kind": "individual",
          "document": {
            "kind": "evtx",
            "path": "/home/nevermore/cases/intake/evtx/Logs/Security.evtx",
            "data": {
              "Event": {
                "EventData": {
                  "AuthenticationPackageName": "Kerberos",
                  "LogonProcessName": "Kerberos",
                  "TargetOutboundDomainName": "-",
                  "TargetLinkedLogonId": "0x0",
                  "LmPackageName": "-",
                  "TargetDomainName": "MILLS.LOCAL",
                  "SubjectUserName": "-",
                  "TargetUserSid": "S-1-5-21-1841095656-2843128008-524542198-3673",
                  "IpAddress": "172.16.1.111",
                  "KeyLength": 0,
                  "SubjectLogonId": "0x0",
                  "TargetLogonId": "0x1b9c36a",
                  "ElevatedToken": "%%1843",
                  "LogonGuid": "BFD49F00-18B9-92C1-3444-AC19B0A49816",
                  "RestrictedAdminMode": "-",
                  "SubjectDomainName": "-",
                  "LogonType": 3,
                  "VirtualAccount": "%%1843",
                  "TargetOutboundUserName": "-",
                  "WorkstationName": "-",
                  "IpPort": "65284",
                  "ImpersonationLevel": "%%1833",
                  "SubjectUserSid": "S-1-0-0",
                  "TransmittedServices": "-",
                  "ProcessId": "0x0",
                  "TargetUserName": "MOM$",
                  "ProcessName": "-"
                },
                "System": {
                  "EventID": 4624,
                  "Level": 0,
                  "Provider_attributes": {
                    "Name": "Microsoft-Windows-Security-Auditing",
                    "Guid": "54849625-5478-4994-A5BA-3E3B0328C30D"
                  },
                  "Version": 2,
                  "Task": 12544,
                  "Opcode": 0,
                  "TimeCreated_attributes": {
                    "SystemTime": "2026-01-14T12:09:43.931273Z"
                  },
                  "Execution_attributes": {
                    "ProcessID": 716,
                    "ThreadID": 4644
                  },
                  "Keywords": "0x8020000000000000",
                  "Correlation_attributes": {
                    "ActivityID": "F2B6C865-8505-0002-B7C8-B6F20585DC01"
                  },
                  "EventRecordID": 935772,
                  "Channel": "Security",
                  "Computer": "SQLSERVER.Mills.local",
                  "Security": null
                }
              },
              "Event_attributes": {
                "xmlns": "http://schemas.microsoft.com/win/2004/08/events/event"
              }
            }
          },
          "name": "Network Logon",
          "timestamp": "2026-01-14T12:09:43.931273+00:00",
          "authors": [
            "FranticTyping"
          ],
          "level": "info",
          "source": "chainsaw",
          "status": "stable"
        }
      },
      "raw_refs": [
        "chainsaw.evtx.jsonl:line:187"
      ],
      "provenance": {
        "origin": "baseline",
        "manifest_path": "outputs/jsonl/chainsaw_evtx/f5d1a29d-2446-4a73-a0af-1e1bcc4b41b2/manifest.json"
      }
    },
    {
      "finding_id": "F-f5d1a29d-000188",
      "category": "unknown",
      "summary": "Network Logon",
      "confidence": null,
      "severity": "informational",
      "source": {
        "tool": "chainsaw",
        "rule_id": "RAWREF:chainsaw.evtx.jsonl:line:188",
        "rule_title": "Network Logon"
      },
      "evidence": {
        "event_refs": [
          "chainsaw.evtx.jsonl:line:188"
        ],
        "artifacts": [],
        "timestamps": {
          "first_seen": "2026-01-14T12:09:44.560494+00:00",
          "last_seen": "2026-01-14T12:09:44.560494+00:00"
        },
        "raw": {
          "group": "Lateral Movement",
          "kind": "individual",
          "document": {
            "kind": "evtx",
            "path": "/home/nevermore/cases/intake/evtx/Logs/Security.evtx",
            "data": {
              "Event": {
                "EventData": {
                  "AuthenticationPackageName": "NTLM",
                  "LogonProcessName": "NtLmSsp",
                  "TargetOutboundDomainName": "-",
                  "TargetLinkedLogonId": "0x0",
                  "LmPackageName": "NTLM V2",
                  "TargetDomainName": "MILLSINC",
                  "SubjectUserName": "-",
                  "TargetUserSid": "S-1-5-21-1841095656-2843128008-524542198-3674",
                  "IpAddress": "172.16.1.8",
                  "KeyLength": 128,
                  "SubjectLogonId": "0x0",
                  "TargetLogonId": "0x1b9c3bc",
                  "ElevatedToken": "%%1843",
                  "LogonGuid": "00000000-0000-0000-0000-000000000000",
                  "RestrictedAdminMode": "-",
                  "SubjectDomainName": "-",
                  "LogonType": 3,
                  "VirtualAccount": "%%1843",
                  "TargetOutboundUserName": "-",
                  "WorkstationName": "APPS",
                  "IpPort": "57389",
                  "ImpersonationLevel": "%%1833",
                  "SubjectUserSid": "S-1-0-0",
                  "TransmittedServices": "-",
                  "ProcessId": "0x0",
                  "TargetUserName": "APPS$",
                  "ProcessName": "-"
                },
                "System": {
                  "EventID": 4624,
                  "Level": 0,
                  "Provider_attributes": {
                    "Name": "Microsoft-Windows-Security-Auditing",
                    "Guid": "54849625-5478-4994-A5BA-3E3B0328C30D"
                  },
                  "Version": 2,
                  "Task": 12544,
                  "Opcode": 0,
                  "TimeCreated_attributes": {
                    "SystemTime": "2026-01-14T12:09:44.560494Z"
                  },
                  "Execution_attributes": {
                    "ProcessID": 716,
                    "ThreadID": 4644
                  },
                  "Keywords": "0x8020000000000000",
                  "Correlation_attributes": {
                    "ActivityID": "F2B6C865-8505-0002-B7C8-B6F20585DC01"
                  },
                  "EventRecordID": 935774,
                  "Channel": "Security",
                  "Computer": "SQLSERVER.Mills.local",
                  "Security": null
                }
              },
              "Event_attributes": {
                "xmlns": "http://schemas.microsoft.com/win/2004/08/events/event"
              }
            }
          },
          "name": "Network Logon",
          "timestamp": "2026-01-14T12:09:44.560494+00:00",
          "authors": [
            "FranticTyping"
          ],
          "level": "info",
          "source": "chainsaw",
          "status": "stable"
        }
      },
      "raw_refs": [
        "chainsaw.evtx.jsonl:line:188"
      ],
      "provenance": {
        "origin": "baseline",
        "manifest_path": "outputs/jsonl/chainsaw_evtx/f5d1a29d-2446-4a73-a0af-1e1bcc4b41b2/manifest.json"
      }
    },
    {
      "finding_id": "F-f5d1a29d-000189",
      "category": "unknown",
      "summary": "Network Logon",
      "confidence": null,
      "severity": "informational",
      "source": {
        "tool": "chainsaw",
        "rule_id": "RAWREF:chainsaw.evtx.jsonl:line:189",
        "rule_title": "Network Logon"
      },
      "evidence": {
        "event_refs": [
          "chainsaw.evtx.jsonl:line:189"
        ],
        "artifacts": [],
        "timestamps": {
          "first_seen": "2026-01-14T12:09:55.518071+00:00",
          "last_seen": "2026-01-14T12:09:55.518071+00:00"
        },
        "raw": {
          "group": "Lateral Movement",
          "kind": "individual",
          "document": {
            "kind": "evtx",
            "path": "/home/nevermore/cases/intake/evtx/Logs/Security.evtx",
            "data": {
              "Event": {
                "EventData": {
                  "AuthenticationPackageName": "NTLM",
                  "LogonProcessName": "NtLmSsp",
                  "TargetOutboundDomainName": "-",
                  "TargetLinkedLogonId": "0x0",
                  "LmPackageName": "NTLM V2",
                  "TargetDomainName": "MILLSINC",
                  "SubjectUserName": "-",
                  "TargetUserSid": "S-1-5-21-1841095656-2843128008-524542198-1264",
                  "IpAddress": "10.25.30.71",
                  "KeyLength": 128,
                  "SubjectLogonId": "0x0",
                  "TargetLogonId": "0x1b9c791",
                  "ElevatedToken": "%%1842",
                  "LogonGuid": "00000000-0000-0000-0000-000000000000",
                  "RestrictedAdminMode": "-",
                  "SubjectDomainName": "-",
                  "LogonType": 3,
                  "VirtualAccount": "%%1843",
                  "TargetOutboundUserName": "-",
                  "WorkstationName": "LT40",
                  "IpPort": "55020",
                  "ImpersonationLevel": "%%1833",
                  "SubjectUserSid": "S-1-0-0",
                  "TransmittedServices": "-",
                  "ProcessId": "0x0",
                  "TargetUserName": "roberts",
                  "ProcessName": "-"
                },
                "System": {
                  "EventID": 4624,
                  "Level": 0,
                  "Provider_attributes": {
                    "Name": "Microsoft-Windows-Security-Auditing",
                    "Guid": "54849625-5478-4994-A5BA-3E3B0328C30D"
                  },
                  "Version": 2,
                  "Task": 12544,
                  "Opcode": 0,
                  "TimeCreated_attributes": {
                    "SystemTime": "2026-01-14T12:09:55.518071Z"
                  },
                  "Execution_attributes": {
                    "ProcessID": 716,
                    "ThreadID": 4644
                  },
                  "Keywords": "0x8020000000000000",
                  "Correlation_attributes": {
                    "ActivityID": "F2B6C865-8505-0002-B7C8-B6F20585DC01"
                  },
                  "EventRecordID": 935778,
                  "Channel": "Security",
                  "Computer": "SQLSERVER.Mills.local",
                  "Security": null
                }
              },
              "Event_attributes": {
                "xmlns": "http://schemas.microsoft.com/win/2004/08/events/event"
              }
            }
          },
          "name": "Network Logon",
          "timestamp": "2026-01-14T12:09:55.518071+00:00",
          "authors": [
            "FranticTyping"
          ],
          "level": "info",
          "source": "chainsaw",
          "status": "stable"
        }
      },
      "raw_refs": [
        "chainsaw.evtx.jsonl:line:189"
      ],
      "provenance": {
        "origin": "baseline",
        "manifest_path": "outputs/jsonl/chainsaw_evtx/f5d1a29d-2446-4a73-a0af-1e1bcc4b41b2/manifest.json"
      }
    },
    {
      "finding_id": "F-f5d1a29d-000190",
      "category": "unknown",
      "summary": "Network Logon",
      "confidence": null,
      "severity": "informational",
      "source": {
        "tool": "chainsaw",
        "rule_id": "RAWREF:chainsaw.evtx.jsonl:line:190",
        "rule_title": "Network Logon"
      },
      "evidence": {
        "event_refs": [
          "chainsaw.evtx.jsonl:line:190"
        ],
        "artifacts": [],
        "timestamps": {
          "first_seen": "2026-01-14T12:10:19.803323+00:00",
          "last_seen": "2026-01-14T12:10:19.803323+00:00"
        },
        "raw": {
          "group": "Lateral Movement",
          "kind": "individual",
          "document": {
            "kind": "evtx",
            "path": "/home/nevermore/cases/intake/evtx/Logs/Security.evtx",
            "data": {
              "Event": {
                "EventData": {
                  "AuthenticationPackageName": "NTLM",
                  "LogonProcessName": "NtLmSsp",
                  "TargetOutboundDomainName": "-",
                  "TargetLinkedLogonId": "0x0",
                  "LmPackageName": "NTLM V2",
                  "TargetDomainName": "MILLSINC",
                  "SubjectUserName": "-",
                  "TargetUserSid": "S-1-5-21-1841095656-2843128008-524542198-3348",
                  "IpAddress": "172.16.1.79",
                  "KeyLength": 128,
                  "SubjectLogonId": "0x0",
                  "TargetLogonId": "0x1b9d533",
                  "ElevatedToken": "%%1843",
                  "LogonGuid": "00000000-0000-0000-0000-000000000000",
                  "RestrictedAdminMode": "-",
                  "SubjectDomainName": "-",
                  "LogonType": 3,
                  "VirtualAccount": "%%1843",
                  "TargetOutboundUserName": "-",
                  "WorkstationName": "SYSPRO8",
                  "IpPort": "57025",
                  "ImpersonationLevel": "%%1833",
                  "SubjectUserSid": "S-1-0-0",
                  "TransmittedServices": "-",
                  "ProcessId": "0x0",
                  "TargetUserName": "SYSPRO8$",
                  "ProcessName": "-"
                },
                "System": {
                  "EventID": 4624,
                  "Level": 0,
                  "Provider_attributes": {
                    "Name": "Microsoft-Windows-Security-Auditing",
                    "Guid": "54849625-5478-4994-A5BA-3E3B0328C30D"
                  },
                  "Version": 2,
                  "Task": 12544,
                  "Opcode": 0,
                  "TimeCreated_attributes": {
                    "SystemTime": "2026-01-14T12:10:19.803323Z"
                  },
                  "Execution_attributes": {
                    "ProcessID": 716,
                    "ThreadID": 4644
                  },
                  "Keywords": "0x8020000000000000",
                  "Correlation_attributes": {
                    "ActivityID": "F2B6C865-8505-0002-B7C8-B6F20585DC01"
                  },
                  "EventRecordID": 935781,
                  "Channel": "Security",
                  "Computer": "SQLSERVER.Mills.local",
                  "Security": null
                }
              },
              "Event_attributes": {
                "xmlns": "http://schemas.microsoft.com/win/2004/08/events/event"
              }
            }
          },
          "name": "Network Logon",
          "timestamp": "2026-01-14T12:10:19.803323+00:00",
          "authors": [
            "FranticTyping"
          ],
          "level": "info",
          "source": "chainsaw",
          "status": "stable"
        }
      },
      "raw_refs": [
        "chainsaw.evtx.jsonl:line:190"
      ],
      "provenance": {
        "origin": "baseline",
        "manifest_path": "outputs/jsonl/chainsaw_evtx/f5d1a29d-2446-4a73-a0af-1e1bcc4b41b2/manifest.json"
      }
    },
    {
      "finding_id": "F-f5d1a29d-000191",
      "category": "unknown",
      "summary": "Network Logon",
      "confidence": null,
      "severity": "informational",
      "source": {
        "tool": "chainsaw",
        "rule_id": "RAWREF:chainsaw.evtx.jsonl:line:191",
        "rule_title": "Network Logon"
      },
      "evidence": {
        "event_refs": [
          "chainsaw.evtx.jsonl:line:191"
        ],
        "artifacts": [],
        "timestamps": {
          "first_seen": "2026-01-14T12:10:43.637503+00:00",
          "last_seen": "2026-01-14T12:10:43.637503+00:00"
        },
        "raw": {
          "group": "Lateral Movement",
          "kind": "individual",
          "document": {
            "kind": "evtx",
            "path": "/home/nevermore/cases/intake/evtx/Logs/Security.evtx",
            "data": {
              "Event": {
                "EventData": {
                  "AuthenticationPackageName": "NTLM",
                  "LogonProcessName": "NtLmSsp",
                  "TargetOutboundDomainName": "-",
                  "TargetLinkedLogonId": "0x0",
                  "LmPackageName": "NTLM V2",
                  "TargetDomainName": "MILLSINC",
                  "SubjectUserName": "-",
                  "TargetUserSid": "S-1-5-21-1841095656-2843128008-524542198-3673",
                  "IpAddress": "172.16.1.111",
                  "KeyLength": 128,
                  "SubjectLogonId": "0x0",
                  "TargetLogonId": "0x1b9f15e",
                  "ElevatedToken": "%%1843",
                  "LogonGuid": "00000000-0000-0000-0000-000000000000",
                  "RestrictedAdminMode": "-",
                  "SubjectDomainName": "-",
                  "LogonType": 3,
                  "VirtualAccount": "%%1843",
                  "TargetOutboundUserName": "-",
                  "WorkstationName": "MOM",
                  "IpPort": "65415",
                  "ImpersonationLevel": "%%1833",
                  "SubjectUserSid": "S-1-0-0",
                  "TransmittedServices": "-",
                  "ProcessId": "0x0",
                  "TargetUserName": "MOM$",
                  "ProcessName": "-"
                },
                "System": {
                  "EventID": 4624,
                  "Level": 0,
                  "Provider_attributes": {
                    "Name": "Microsoft-Windows-Security-Auditing",
                    "Guid": "54849625-5478-4994-A5BA-3E3B0328C30D"
                  },
                  "Version": 2,
                  "Task": 12544,
                  "Opcode": 0,
                  "TimeCreated_attributes": {
                    "SystemTime": "2026-01-14T12:10:43.637503Z"
                  },
                  "Execution_attributes": {
                    "ProcessID": 716,
                    "ThreadID": 4644
                  },
                  "Keywords": "0x8020000000000000",
                  "Correlation_attributes": {
                    "ActivityID": "F2B6C865-8505-0002-B7C8-B6F20585DC01"
                  },
                  "EventRecordID": 935783,
                  "Channel": "Security",
                  "Computer": "SQLSERVER.Mills.local",
                  "Security": null
                }
              },
              "Event_attributes": {
                "xmlns": "http://schemas.microsoft.com/win/2004/08/events/event"
              }
            }
          },
          "name": "Network Logon",
          "timestamp": "2026-01-14T12:10:43.637503+00:00",
          "authors": [
            "FranticTyping"
          ],
          "level": "info",
          "source": "chainsaw",
          "status": "stable"
        }
      },
      "raw_refs": [
        "chainsaw.evtx.jsonl:line:191"
      ],
      "provenance": {
        "origin": "baseline",
        "manifest_path": "outputs/jsonl/chainsaw_evtx/f5d1a29d-2446-4a73-a0af-1e1bcc4b41b2/manifest.json"
      }
    },
    {
      "finding_id": "F-f5d1a29d-000192",
      "category": "unknown",
      "summary": "Network Logon",
      "confidence": null,
      "severity": "informational",
      "source": {
        "tool": "chainsaw",
        "rule_id": "RAWREF:chainsaw.evtx.jsonl:line:192",
        "rule_title": "Network Logon"
      },
      "evidence": {
        "event_refs": [
          "chainsaw.evtx.jsonl:line:192"
        ],
        "artifacts": [],
        "timestamps": {
          "first_seen": "2026-01-14T12:11:03.961543+00:00",
          "last_seen": "2026-01-14T12:11:03.961543+00:00"
        },
        "raw": {
          "group": "Lateral Movement",
          "kind": "individual",
          "document": {
            "kind": "evtx",
            "path": "/home/nevermore/cases/intake/evtx/Logs/Security.evtx",
            "data": {
              "Event": {
                "EventData": {
                  "AuthenticationPackageName": "Kerberos",
                  "LogonProcessName": "Kerberos",
                  "TargetOutboundDomainName": "-",
                  "TargetLinkedLogonId": "0x0",
                  "LmPackageName": "-",
                  "TargetDomainName": "MILLS.LOCAL",
                  "SubjectUserName": "-",
                  "TargetUserSid": "S-1-5-21-1841095656-2843128008-524542198-3673",
                  "IpAddress": "172.16.1.111",
                  "KeyLength": 0,
                  "SubjectLogonId": "0x0",
                  "TargetLogonId": "0x1b9fee6",
                  "ElevatedToken": "%%1843",
                  "LogonGuid": "BFD49F00-18B9-92C1-3444-AC19B0A49816",
                  "RestrictedAdminMode": "-",
                  "SubjectDomainName": "-",
                  "LogonType": 3,
                  "VirtualAccount": "%%1843",
                  "TargetOutboundUserName": "-",
                  "WorkstationName": "-",
                  "IpPort": "65478",
                  "ImpersonationLevel": "%%1833",
                  "SubjectUserSid": "S-1-0-0",
                  "TransmittedServices": "-",
                  "ProcessId": "0x0",
                  "TargetUserName": "MOM$",
                  "ProcessName": "-"
                },
                "System": {
                  "EventID": 4624,
                  "Level": 0,
                  "Provider_attributes": {
                    "Name": "Microsoft-Windows-Security-Auditing",
                    "Guid": "54849625-5478-4994-A5BA-3E3B0328C30D"
                  },
                  "Version": 2,
                  "Task": 12544,
                  "Opcode": 0,
                  "TimeCreated_attributes": {
                    "SystemTime": "2026-01-14T12:11:03.961543Z"
                  },
                  "Execution_attributes": {
                    "ProcessID": 716,
                    "ThreadID": 1992
                  },
                  "Keywords": "0x8020000000000000",
                  "Correlation_attributes": {
                    "ActivityID": "F2B6C865-8505-0002-B7C8-B6F20585DC01"
                  },
                  "EventRecordID": 935786,
                  "Channel": "Security",
                  "Computer": "SQLSERVER.Mills.local",
                  "Security": null
                }
              },
              "Event_attributes": {
                "xmlns": "http://schemas.microsoft.com/win/2004/08/events/event"
              }
            }
          },
          "name": "Network Logon",
          "timestamp": "2026-01-14T12:11:03.961543+00:00",
          "authors": [
            "FranticTyping"
          ],
          "level": "info",
          "source": "chainsaw",
          "status": "stable"
        }
      },
      "raw_refs": [
        "chainsaw.evtx.jsonl:line:192"
      ],
      "provenance": {
        "origin": "baseline",
        "manifest_path": "outputs/jsonl/chainsaw_evtx/f5d1a29d-2446-4a73-a0af-1e1bcc4b41b2/manifest.json"
      }
    },
    {
      "finding_id": "F-f5d1a29d-000193",
      "category": "unknown",
      "summary": "Network Logon",
      "confidence": null,
      "severity": "informational",
      "source": {
        "tool": "chainsaw",
        "rule_id": "RAWREF:chainsaw.evtx.jsonl:line:193",
        "rule_title": "Network Logon"
      },
      "evidence": {
        "event_refs": [
          "chainsaw.evtx.jsonl:line:193"
        ],
        "artifacts": [],
        "timestamps": {
          "first_seen": "2026-01-14T12:11:06.946453+00:00",
          "last_seen": "2026-01-14T12:11:06.946453+00:00"
        },
        "raw": {
          "group": "Lateral Movement",
          "kind": "individual",
          "document": {
            "kind": "evtx",
            "path": "/home/nevermore/cases/intake/evtx/Logs/Security.evtx",
            "data": {
              "Event": {
                "EventData": {
                  "AuthenticationPackageName": "NTLM",
                  "LogonProcessName": "NtLmSsp",
                  "TargetOutboundDomainName": "-",
                  "TargetLinkedLogonId": "0x0",
                  "LmPackageName": "NTLM V2",
                  "TargetDomainName": "MILLSINC",
                  "SubjectUserName": "-",
                  "TargetUserSid": "S-1-5-21-1841095656-2843128008-524542198-2648",
                  "IpAddress": "10.25.30.148",
                  "KeyLength": 128,
                  "SubjectLogonId": "0x0",
                  "TargetLogonId": "0x1b9fff5",
                  "ElevatedToken": "%%1842",
                  "LogonGuid": "00000000-0000-0000-0000-000000000000",
                  "RestrictedAdminMode": "-",
                  "SubjectDomainName": "-",
                  "LogonType": 3,
                  "VirtualAccount": "%%1843",
                  "TargetOutboundUserName": "-",
                  "WorkstationName": "TEAMLEAD",
                  "IpPort": "49168",
                  "ImpersonationLevel": "%%1833",
                  "SubjectUserSid": "S-1-0-0",
                  "TransmittedServices": "-",
                  "ProcessId": "0x0",
                  "TargetUserName": "FAB",
                  "ProcessName": "-"
                },
                "System": {
                  "EventID": 4624,
                  "Level": 0,
                  "Provider_attributes": {
                    "Name": "Microsoft-Windows-Security-Auditing",
                    "Guid": "54849625-5478-4994-A5BA-3E3B0328C30D"
                  },
                  "Version": 2,
                  "Task": 12544,
                  "Opcode": 0,
                  "TimeCreated_attributes": {
                    "SystemTime": "2026-01-14T12:11:06.946453Z"
                  },
                  "Execution_attributes": {
                    "ProcessID": 716,
                    "ThreadID": 1992
                  },
                  "Keywords": "0x8020000000000000",
                  "Correlation_attributes": {
                    "ActivityID": "F2B6C865-8505-0002-B7C8-B6F20585DC01"
                  },
                  "EventRecordID": 935789,
                  "Channel": "Security",
                  "Computer": "SQLSERVER.Mills.local",
                  "Security": null
                }
              },
              "Event_attributes": {
                "xmlns": "http://schemas.microsoft.com/win/2004/08/events/event"
              }
            }
          },
          "name": "Network Logon",
          "timestamp": "2026-01-14T12:11:06.946453+00:00",
          "authors": [
            "FranticTyping"
          ],
          "level": "info",
          "source": "chainsaw",
          "status": "stable"
        }
      },
      "raw_refs": [
        "chainsaw.evtx.jsonl:line:193"
      ],
      "provenance": {
        "origin": "baseline",
        "manifest_path": "outputs/jsonl/chainsaw_evtx/f5d1a29d-2446-4a73-a0af-1e1bcc4b41b2/manifest.json"
      }
    },
    {
      "finding_id": "F-f5d1a29d-000194",
      "category": "unknown",
      "summary": "Network Logon",
      "confidence": null,
      "severity": "informational",
      "source": {
        "tool": "chainsaw",
        "rule_id": "RAWREF:chainsaw.evtx.jsonl:line:194",
        "rule_title": "Network Logon"
      },
      "evidence": {
        "event_refs": [
          "chainsaw.evtx.jsonl:line:194"
        ],
        "artifacts": [],
        "timestamps": {
          "first_seen": "2026-01-14T12:11:11.422864+00:00",
          "last_seen": "2026-01-14T12:11:11.422864+00:00"
        },
        "raw": {
          "group": "Lateral Movement",
          "kind": "individual",
          "document": {
            "kind": "evtx",
            "path": "/home/nevermore/cases/intake/evtx/Logs/Security.evtx",
            "data": {
              "Event": {
                "EventData": {
                  "AuthenticationPackageName": "NTLM",
                  "LogonProcessName": "NtLmSsp",
                  "TargetOutboundDomainName": "-",
                  "TargetLinkedLogonId": "0x0",
                  "LmPackageName": "NTLM V2",
                  "TargetDomainName": "MILLSINC",
                  "SubjectUserName": "-",
                  "TargetUserSid": "S-1-5-21-1841095656-2843128008-524542198-1138",
                  "IpAddress": "10.25.30.102",
                  "KeyLength": 128,
                  "SubjectLogonId": "0x0",
                  "TargetLogonId": "0x1ba0180",
                  "ElevatedToken": "%%1843",
                  "LogonGuid": "00000000-0000-0000-0000-000000000000",
                  "RestrictedAdminMode": "-",
                  "SubjectDomainName": "-",
                  "LogonType": 3,
                  "VirtualAccount": "%%1843",
                  "TargetOutboundUserName": "-",
                  "WorkstationName": "MPISHIPPING",
                  "IpPort": "52948",
                  "ImpersonationLevel": "%%1833",
                  "SubjectUserSid": "S-1-0-0",
                  "TransmittedServices": "-",
                  "ProcessId": "0x0",
                  "TargetUserName": "bbeasley",
                  "ProcessName": "-"
                },
                "System": {
                  "EventID": 4624,
                  "Level": 0,
                  "Provider_attributes": {
                    "Name": "Microsoft-Windows-Security-Auditing",
                    "Guid": "54849625-5478-4994-A5BA-3E3B0328C30D"
                  },
                  "Version": 2,
                  "Task": 12544,
                  "Opcode": 0,
                  "TimeCreated_attributes": {
                    "SystemTime": "2026-01-14T12:11:11.422864Z"
                  },
                  "Execution_attributes": {
                    "ProcessID": 716,
                    "ThreadID": 1992
                  },
                  "Keywords": "0x8020000000000000",
                  "Correlation_attributes": {
                    "ActivityID": "F2B6C865-8505-0002-B7C8-B6F20585DC01"
                  },
                  "EventRecordID": 935792,
                  "Channel": "Security",
                  "Computer": "SQLSERVER.Mills.local",
                  "Security": null
                }
              },
              "Event_attributes": {
                "xmlns": "http://schemas.microsoft.com/win/2004/08/events/event"
              }
            }
          },
          "name": "Network Logon",
          "timestamp": "2026-01-14T12:11:11.422864+00:00",
          "authors": [
            "FranticTyping"
          ],
          "level": "info",
          "source": "chainsaw",
          "status": "stable"
        }
      },
      "raw_refs": [
        "chainsaw.evtx.jsonl:line:194"
      ],
      "provenance": {
        "origin": "baseline",
        "manifest_path": "outputs/jsonl/chainsaw_evtx/f5d1a29d-2446-4a73-a0af-1e1bcc4b41b2/manifest.json"
      }
    },
    {
      "finding_id": "F-f5d1a29d-000195",
      "category": "unknown",
      "summary": "Network Logon",
      "confidence": null,
      "severity": "informational",
      "source": {
        "tool": "chainsaw",
        "rule_id": "RAWREF:chainsaw.evtx.jsonl:line:195",
        "rule_title": "Network Logon"
      },
      "evidence": {
        "event_refs": [
          "chainsaw.evtx.jsonl:line:195"
        ],
        "artifacts": [],
        "timestamps": {
          "first_seen": "2026-01-14T12:11:27.388191+00:00",
          "last_seen": "2026-01-14T12:11:27.388191+00:00"
        },
        "raw": {
          "group": "Lateral Movement",
          "kind": "individual",
          "document": {
            "kind": "evtx",
            "path": "/home/nevermore/cases/intake/evtx/Logs/Security.evtx",
            "data": {
              "Event": {
                "EventData": {
                  "AuthenticationPackageName": "NTLM",
                  "LogonProcessName": "NtLmSsp",
                  "TargetOutboundDomainName": "-",
                  "TargetLinkedLogonId": "0x0",
                  "LmPackageName": "NTLM V2",
                  "TargetDomainName": "MILLSINC",
                  "SubjectUserName": "-",
                  "TargetUserSid": "S-1-5-21-1841095656-2843128008-524542198-2152",
                  "IpAddress": "10.25.30.238",
                  "KeyLength": 128,
                  "SubjectLogonId": "0x0",
                  "TargetLogonId": "0x1ba0818",
                  "ElevatedToken": "%%1843",
                  "LogonGuid": "00000000-0000-0000-0000-000000000000",
                  "RestrictedAdminMode": "-",
                  "SubjectDomainName": "-",
                  "LogonType": 3,
                  "VirtualAccount": "%%1843",
                  "TargetOutboundUserName": "-",
                  "WorkstationName": "MPILT2",
                  "IpPort": "50296",
                  "ImpersonationLevel": "%%1833",
                  "SubjectUserSid": "S-1-0-0",
                  "TransmittedServices": "-",
                  "ProcessId": "0x0",
                  "TargetUserName": "production",
                  "ProcessName": "-"
                },
                "System": {
                  "EventID": 4624,
                  "Level": 0,
                  "Provider_attributes": {
                    "Name": "Microsoft-Windows-Security-Auditing",
                    "Guid": "54849625-5478-4994-A5BA-3E3B0328C30D"
                  },
                  "Version": 2,
                  "Task": 12544,
                  "Opcode": 0,
                  "TimeCreated_attributes": {
                    "SystemTime": "2026-01-14T12:11:27.388191Z"
                  },
                  "Execution_attributes": {
                    "ProcessID": 716,
                    "ThreadID": 1992
                  },
                  "Keywords": "0x8020000000000000",
                  "Correlation_attributes": {
                    "ActivityID": "F2B6C865-8505-0002-B7C8-B6F20585DC01"
                  },
                  "EventRecordID": 935795,
                  "Channel": "Security",
                  "Computer": "SQLSERVER.Mills.local",
                  "Security": null
                }
              },
              "Event_attributes": {
                "xmlns": "http://schemas.microsoft.com/win/2004/08/events/event"
              }
            }
          },
          "name": "Network Logon",
          "timestamp": "2026-01-14T12:11:27.388191+00:00",
          "authors": [
            "FranticTyping"
          ],
          "level": "info",
          "source": "chainsaw",
          "status": "stable"
        }
      },
      "raw_refs": [
        "chainsaw.evtx.jsonl:line:195"
      ],
      "provenance": {
        "origin": "baseline",
        "manifest_path": "outputs/jsonl/chainsaw_evtx/f5d1a29d-2446-4a73-a0af-1e1bcc4b41b2/manifest.json"
      }
    },
