    {
      "finding_id": "F-893d610c-bb8e-4257-8ed7-c1bd80ae296d-000002",
      "category": "unknown",
      "summary": "Important Log File Cleared",
      "confidence": "medium",
      "severity": "high",
      "source": {
        "tool": "hayabusa",
        "rule_id": "f481a1f3-969e-4187-b3a5-b47c272bfebd",
        "rule_title": "Important Log File Cleared",
        "profile": "deep",
        "rule_file": null
      },
      "evidence": {
        "event_refs": [
          "hayabusa:timeline.csv:row:2|computer=SQLSERVER.Mills.local|channel=Sys|event_id=104|record_id=70730|evtx_file="
        ],
        "artifacts": [
          {
            "type": "event",
            "ref": "Computer=SQLSERVER.Mills.local Channel=Sys EventID=104 RecordID=70730 EvtxFile="
          }
        ],
        "timestamps": {
          "first_seen": "2026-01-14T10:49:44.557632Z",
          "last_seen": "2026-01-14T10:49:44.557632Z"
        },
        "raw": {
          "Timestamp": "2026-01-14T10:49:44.557632Z",
          "RuleTitle": "Important Log File Cleared",
          "Level": "high",
          "Computer": "SQLSERVER.Mills.local",
          "Channel": "Sys",
          "EventID": "104",
          "RecordID": "70730",
          "Details": "Log: Windows PowerShell ¦ User: jasonr",
          "ExtraFieldInfo": "BackupPath: ¦ ClientProcessId: 5760 ¦ ClientProcessStartKey: 7599824371189413 ¦ SubjectDomainName: MILLSINC",
          "RuleID": "f481a1f3-969e-4187-b3a5-b47c272bfebd"
        }
      },
      "raw_refs": [
        "timeline.csv:row:2"
      ],
      "provenance": {
        "origin": "enrichment",
        "manifest_path": "outputs/jsonl/hayabusa_evtx/893d610c-bb8e-4257-8ed7-c1bd80ae296d/manifest.json"
      }
    },
    {
      "finding_id": "F-893d610c-bb8e-4257-8ed7-c1bd80ae296d-000003",
      "category": "unknown",
      "summary": "Log Cleared",
      "confidence": "medium",
      "severity": "high",
      "source": {
        "tool": "hayabusa",
        "rule_id": "c2f690ac-53f8-4745-8cfe-7127dda28c74",
        "rule_title": "Log Cleared",
        "profile": "deep",
        "rule_file": null
      },
      "evidence": {
        "event_refs": [
          "hayabusa:timeline.csv:row:3|computer=SQLSERVER.Mills.local|channel=Sec|event_id=1102|record_id=935131|evtx_file="
        ],
        "artifacts": [
          {
            "type": "event",
            "ref": "Computer=SQLSERVER.Mills.local Channel=Sec EventID=1102 RecordID=935131 EvtxFile="
          }
        ],
        "timestamps": {
          "first_seen": "2026-01-14T10:49:44.557632Z",
          "last_seen": "2026-01-14T10:49:44.557632Z"
        },
        "raw": {
          "Timestamp": "2026-01-14T10:49:44.557632Z",
          "RuleTitle": "Log Cleared",
          "Level": "high",
          "Computer": "SQLSERVER.Mills.local",
          "Channel": "Sec",
          "EventID": "1102",
          "RecordID": "935131",
          "Details": "ClientProcessId: 5760 ¦ ClientProcessStartKey: 7599824371189413 ¦ SubjectDomainName: MILLSINC ¦ SubjectLogonId: 0x9d397 ¦ SubjectUserName: jasonr ¦ SubjectUserSid: S-1-5-21-1841095656-2843128008-524542198-2677",
          "ExtraFieldInfo": "-",
          "RuleID": "c2f690ac-53f8-4745-8cfe-7127dda28c74"
        }
      },
      "raw_refs": [
        "timeline.csv:row:3"
      ],
      "provenance": {
        "origin": "enrichment",
        "manifest_path": "outputs/jsonl/hayabusa_evtx/893d610c-bb8e-4257-8ed7-c1bd80ae296d/manifest.json"
      }
    },
    {
      "finding_id": "F-893d610c-bb8e-4257-8ed7-c1bd80ae296d-000004",
      "category": "unknown",
      "summary": "NTLM Logon",
      "confidence": "medium",
      "severity": "low",
      "source": {
        "tool": "hayabusa",
        "rule_id": "c043d322-c767-faa8-92d4-381dcc35cab3",
        "rule_title": "NTLM Logon",
        "profile": "deep",
        "rule_file": null
      },
      "evidence": {
        "event_refs": [
          "hayabusa:timeline.csv:row:4|computer=SQLSERVER.Mills.local|channel=NTLM|event_id=8002|record_id=312106|evtx_file="
        ],
        "artifacts": [
          {
            "type": "event",
            "ref": "Computer=SQLSERVER.Mills.local Channel=NTLM EventID=8002 RecordID=312106 EvtxFile="
          }
        ],
        "timestamps": {
          "first_seen": "2026-01-14T10:49:48.193285Z",
          "last_seen": "2026-01-14T10:49:48.193285Z"
        },
        "raw": {
          "Timestamp": "2026-01-14T10:49:48.193285Z",
          "RuleTitle": "NTLM Logon",
          "Level": "low",
          "Computer": "SQLSERVER.Mills.local",
          "Channel": "NTLM",
          "EventID": "8002",
          "RecordID": "312106",
          "Details": "CallerPID: 4 ¦ ClientDomainName: MILLSINC ¦ ClientLUID: 0x3e7 ¦ ClientUserName: SQLSERVER$ ¦ MechanismOID: 1.3.6.1.4.1.311.2.2.10 ¦ ProcessName:",
          "ExtraFieldInfo": "-",
          "RuleID": "c043d322-c767-faa8-92d4-381dcc35cab3"
        }
      },
      "raw_refs": [
        "timeline.csv:row:4"
      ],
      "provenance": {
        "origin": "enrichment",
        "manifest_path": "outputs/jsonl/hayabusa_evtx/893d610c-bb8e-4257-8ed7-c1bd80ae296d/manifest.json"
      }
    },
    {
      "finding_id": "F-893d610c-bb8e-4257-8ed7-c1bd80ae296d-000005",
      "category": "unknown",
      "summary": "Logon (Batch)",
      "confidence": "medium",
      "severity": "informational",
      "source": {
        "tool": "hayabusa",
        "rule_id": "8ad8b25f-6052-4cfd-9a50-717cb514af13",
        "rule_title": "Logon (Batch)",
        "profile": "deep",
        "rule_file": null
      },
      "evidence": {
        "event_refs": [
          "hayabusa:timeline.csv:row:5|computer=SQLSERVER.Mills.local|channel=Sec|event_id=4624|record_id=935136|evtx_file="
        ],
        "artifacts": [
          {
            "type": "event",
            "ref": "Computer=SQLSERVER.Mills.local Channel=Sec EventID=4624 RecordID=935136 EvtxFile="
          }
        ],
        "timestamps": {
          "first_seen": "2026-01-14T10:50:01.103720Z",
          "last_seen": "2026-01-14T10:50:01.103720Z"
        },
        "raw": {
          "Timestamp": "2026-01-14T10:50:01.103720Z",
          "RuleTitle": "Logon (Batch)",
          "Level": "info",
          "Computer": "SQLSERVER.Mills.local",
          "Channel": "Sec",
          "EventID": "4624",
          "RecordID": "935136",
          "Details": "Type: 4 - BATCH ¦ TgtUser: galvarez ¦ SrcComp: SQLSERVER ¦ SrcIP: - ¦ LID: 0x1ab5abd",
          "ExtraFieldInfo": "AuthenticationPackageName: Negotiate ¦ ElevatedToken: YES ¦ ImpersonationLevel: IMPERSONATION ¦ KeyLength: 0 ¦ LogonGuid: 053E3F90-F823-AFB0-6644-595408C4C64C ¦ LogonProcessName: .UBPM ¦ ProcessId: 1780 ¦ ProcessName: C:\\Windows\\System32\\svchost.exe ¦ SubjectDomainName: MILLSINC ¦ SubjectLogonId: 0x3e7 ¦ SubjectUserName: SQLSERVER$ ¦ SubjectUserSid: S-1-5-18 ¦ TargetDomainName: MILLSINC ¦ TargetLinkedLogonId: 0x0 ¦ TargetUserSid: S-1-5-21-1841095656-2843128008-524542198-3017 ¦ VirtualAccount: NO",
          "RuleID": "8ad8b25f-6052-4cfd-9a50-717cb514af13"
        }
      },
      "raw_refs": [
        "timeline.csv:row:5"
      ],
      "provenance": {
        "origin": "enrichment",
        "manifest_path": "outputs/jsonl/hayabusa_evtx/893d610c-bb8e-4257-8ed7-c1bd80ae296d/manifest.json"
      }
    },
    {
      "finding_id": "F-893d610c-bb8e-4257-8ed7-c1bd80ae296d-000006",
      "category": "unknown",
      "summary": "Admin Logon",
      "confidence": "medium",
      "severity": "informational",
      "source": {
        "tool": "hayabusa",
        "rule_id": "fdd0b325-8b89-469c-8b0c-e5ddfe39b62e",
        "rule_title": "Admin Logon",
        "profile": "deep",
        "rule_file": null
      },
      "evidence": {
        "event_refs": [
          "hayabusa:timeline.csv:row:6|computer=SQLSERVER.Mills.local|channel=Sec|event_id=4672|record_id=935138|evtx_file="
        ],
        "artifacts": [
          {
            "type": "event",
            "ref": "Computer=SQLSERVER.Mills.local Channel=Sec EventID=4672 RecordID=935138 EvtxFile="
          }
        ],
        "timestamps": {
          "first_seen": "2026-01-14T10:50:01.103764Z",
          "last_seen": "2026-01-14T10:50:01.103764Z"
        },
        "raw": {
          "Timestamp": "2026-01-14T10:50:01.103764Z",
          "RuleTitle": "Admin Logon",
          "Level": "info",
          "Computer": "SQLSERVER.Mills.local",
          "Channel": "Sec",
          "EventID": "4672",
          "RecordID": "935138",
          "Details": "TgtUser: galvarez ¦ LID: 0x1ab5abd",
          "ExtraFieldInfo": "PrivilegeList: SeSecurityPrivilege SeTakeOwnershipPrivilege SeLoadDriverPrivilege SeBackupPrivilege SeRestorePrivilege SeDebugPrivilege SeSystemEnvironmentPrivilege SeImpersonatePrivilege SeDelegateSessionUserImpersonatePrivilege ¦ SubjectDomainName: MILLSINC ¦ SubjectUserSid: S-1-5-21-1841095656-2843128008-524542198-3017",
          "RuleID": "fdd0b325-8b89-469c-8b0c-e5ddfe39b62e"
        }
      },
      "raw_refs": [
        "timeline.csv:row:6"
      ],
      "provenance": {
        "origin": "enrichment",
        "manifest_path": "outputs/jsonl/hayabusa_evtx/893d610c-bb8e-4257-8ed7-c1bd80ae296d/manifest.json"
      }
    },
    {
      "finding_id": "F-893d610c-bb8e-4257-8ed7-c1bd80ae296d-000007",
      "category": "unknown",
      "summary": "Task Executed",
      "confidence": "medium",
      "severity": "informational",
      "source": {
        "tool": "hayabusa",
        "rule_id": "d1923809-955b-47c4-b3e5-37c0e461919c",
        "rule_title": "Task Executed",
        "profile": "deep",
        "rule_file": null
      },
      "evidence": {
        "event_refs": [
          "hayabusa:timeline.csv:row:7|computer=SQLSERVER.Mills.local|channel=TaskSch|event_id=200|record_id=261482|evtx_file="
        ],
        "artifacts": [
          {
            "type": "event",
            "ref": "Computer=SQLSERVER.Mills.local Channel=TaskSch EventID=200 RecordID=261482 EvtxFile="
          }
        ],
        "timestamps": {
          "first_seen": "2026-01-14T10:50:01.118802Z",
          "last_seen": "2026-01-14T10:50:01.118802Z"
        },
        "raw": {
          "Timestamp": "2026-01-14T10:50:01.118802Z",
          "RuleTitle": "Task Executed",
          "Level": "info",
          "Computer": "SQLSERVER.Mills.local",
          "Channel": "TaskSch",
          "EventID": "200",
          "RecordID": "261482",
          "Details": "Name: \\ConsumirApiBMX ¦ Action: C:\\Users\\galvarez\\AppData\\Local\\Apps\\2.0\\EOBECGLV.XW8\\98MNXM6Z.8NW\\cons..tion_0000000000000000_0001.0000_e29fc9b507fab384\\ConsumirApiBmx.exe",
          "ExtraFieldInfo": "EnginePID: 6844 ¦ Name: ActionStart ¦ TaskInstanceId: 34CF9BC2-7F6A-4FB8-8909-97F9BCAACDCE",
          "RuleID": "d1923809-955b-47c4-b3e5-37c0e461919c"
        }
      },
      "raw_refs": [
        "timeline.csv:row:7"
      ],
      "provenance": {
        "origin": "enrichment",
        "manifest_path": "outputs/jsonl/hayabusa_evtx/893d610c-bb8e-4257-8ed7-c1bd80ae296d/manifest.json"
      }
    },
    {
      "finding_id": "F-893d610c-bb8e-4257-8ed7-c1bd80ae296d-000008",
      "category": "unknown",
      "summary": "NTLM Logon",
      "confidence": "medium",
      "severity": "low",
      "source": {
        "tool": "hayabusa",
        "rule_id": "c043d322-c767-faa8-92d4-381dcc35cab3",
        "rule_title": "NTLM Logon",
        "profile": "deep",
        "rule_file": null
      },
      "evidence": {
        "event_refs": [
          "hayabusa:timeline.csv:row:8|computer=SQLSERVER.Mills.local|channel=NTLM|event_id=8002|record_id=312108|evtx_file="
        ],
        "artifacts": [
          {
            "type": "event",
            "ref": "Computer=SQLSERVER.Mills.local Channel=NTLM EventID=8002 RecordID=312108 EvtxFile="
          }
        ],
        "timestamps": {
          "first_seen": "2026-01-14T10:50:43.424871Z",
          "last_seen": "2026-01-14T10:50:43.424871Z"
        },
        "raw": {
          "Timestamp": "2026-01-14T10:50:43.424871Z",
          "RuleTitle": "NTLM Logon",
          "Level": "low",
          "Computer": "SQLSERVER.Mills.local",
          "Channel": "NTLM",
          "EventID": "8002",
          "RecordID": "312108",
          "Details": "CallerPID: 4 ¦ ClientDomainName: MILLSINC ¦ ClientLUID: 0x3e7 ¦ ClientUserName: SQLSERVER$ ¦ MechanismOID: 1.3.6.1.4.1.311.2.2.10 ¦ ProcessName:",
          "ExtraFieldInfo": "-",
          "RuleID": "c043d322-c767-faa8-92d4-381dcc35cab3"
        }
      },
      "raw_refs": [
        "timeline.csv:row:8"
      ],
      "provenance": {
        "origin": "enrichment",
        "manifest_path": "outputs/jsonl/hayabusa_evtx/893d610c-bb8e-4257-8ed7-c1bd80ae296d/manifest.json"
      }
    },
    {
      "finding_id": "F-893d610c-bb8e-4257-8ed7-c1bd80ae296d-000009",
      "category": "unknown",
      "summary": "NTLM Logon",
      "confidence": "medium",
      "severity": "low",
      "source": {
        "tool": "hayabusa",
        "rule_id": "c043d322-c767-faa8-92d4-381dcc35cab3",
        "rule_title": "NTLM Logon",
        "profile": "deep",
        "rule_file": null
      },
      "evidence": {
        "event_refs": [
          "hayabusa:timeline.csv:row:9|computer=SQLSERVER.Mills.local|channel=NTLM|event_id=8002|record_id=312110|evtx_file="
        ],
        "artifacts": [
          {
            "type": "event",
            "ref": "Computer=SQLSERVER.Mills.local Channel=NTLM EventID=8002 RecordID=312110 EvtxFile="
          }
        ],
        "timestamps": {
          "first_seen": "2026-01-14T10:52:04.449726Z",
          "last_seen": "2026-01-14T10:52:04.449726Z"
        },
        "raw": {
          "Timestamp": "2026-01-14T10:52:04.449726Z",
          "RuleTitle": "NTLM Logon",
          "Level": "low",
          "Computer": "SQLSERVER.Mills.local",
          "Channel": "NTLM",
          "EventID": "8002",
          "RecordID": "312110",
          "Details": "CallerPID: 4 ¦ ClientDomainName: MILLSINC ¦ ClientLUID: 0x3e7 ¦ ClientUserName: SQLSERVER$ ¦ MechanismOID: 1.3.6.1.4.1.311.2.2.10 ¦ ProcessName:",
          "ExtraFieldInfo": "-",
          "RuleID": "c043d322-c767-faa8-92d4-381dcc35cab3"
        }
      },
      "raw_refs": [
        "timeline.csv:row:9"
      ],
      "provenance": {
        "origin": "enrichment",
        "manifest_path": "outputs/jsonl/hayabusa_evtx/893d610c-bb8e-4257-8ed7-c1bd80ae296d/manifest.json"
      }
    },
    {
      "finding_id": "F-893d610c-bb8e-4257-8ed7-c1bd80ae296d-000010",
      "category": "unknown",
      "summary": "NTLM Logon",
      "confidence": "medium",
      "severity": "low",
      "source": {
        "tool": "hayabusa",
        "rule_id": "c043d322-c767-faa8-92d4-381dcc35cab3",
        "rule_title": "NTLM Logon",
        "profile": "deep",
        "rule_file": null
      },
      "evidence": {
        "event_refs": [
          "hayabusa:timeline.csv:row:10|computer=SQLSERVER.Mills.local|channel=NTLM|event_id=8002|record_id=312112|evtx_file="
        ],
        "artifacts": [
          {
            "type": "event",
            "ref": "Computer=SQLSERVER.Mills.local Channel=NTLM EventID=8002 RecordID=312112 EvtxFile="
          }
        ],
        "timestamps": {
          "first_seen": "2026-01-14T10:52:48.042173Z",
          "last_seen": "2026-01-14T10:52:48.042173Z"
        },
        "raw": {
          "Timestamp": "2026-01-14T10:52:48.042173Z",
          "RuleTitle": "NTLM Logon",
          "Level": "low",
          "Computer": "SQLSERVER.Mills.local",
          "Channel": "NTLM",
          "EventID": "8002",
          "RecordID": "312112",
          "Details": "CallerPID: 4 ¦ ClientDomainName: MILLSINC ¦ ClientLUID: 0x3e7 ¦ ClientUserName: SQLSERVER$ ¦ MechanismOID: 1.3.6.1.4.1.311.2.2.10 ¦ ProcessName:",
          "ExtraFieldInfo": "-",
          "RuleID": "c043d322-c767-faa8-92d4-381dcc35cab3"
        }
      },
      "raw_refs": [
        "timeline.csv:row:10"
      ],
      "provenance": {
        "origin": "enrichment",
        "manifest_path": "outputs/jsonl/hayabusa_evtx/893d610c-bb8e-4257-8ed7-c1bd80ae296d/manifest.json"
      }
    },
    {
      "finding_id": "F-893d610c-bb8e-4257-8ed7-c1bd80ae296d-000011",
      "category": "unknown",
      "summary": "NTLM Logon",
      "confidence": "medium",
      "severity": "low",
      "source": {
        "tool": "hayabusa",
        "rule_id": "c043d322-c767-faa8-92d4-381dcc35cab3",
        "rule_title": "NTLM Logon",
        "profile": "deep",
        "rule_file": null
      },
      "evidence": {
        "event_refs": [
          "hayabusa:timeline.csv:row:11|computer=SQLSERVER.Mills.local|channel=NTLM|event_id=8002|record_id=312114|evtx_file="
        ],
        "artifacts": [
          {
            "type": "event",
            "ref": "Computer=SQLSERVER.Mills.local Channel=NTLM EventID=8002 RecordID=312114 EvtxFile="
          }
        ],
        "timestamps": {
          "first_seen": "2026-01-14T10:53:25.450328Z",
          "last_seen": "2026-01-14T10:53:25.450328Z"
        },
        "raw": {
          "Timestamp": "2026-01-14T10:53:25.450328Z",
          "RuleTitle": "NTLM Logon",
          "Level": "low",
          "Computer": "SQLSERVER.Mills.local",
          "Channel": "NTLM",
          "EventID": "8002",
          "RecordID": "312114",
          "Details": "CallerPID: 4 ¦ ClientDomainName: MILLSINC ¦ ClientLUID: 0x3e7 ¦ ClientUserName: SQLSERVER$ ¦ MechanismOID: 1.3.6.1.4.1.311.2.2.10 ¦ ProcessName:",
          "ExtraFieldInfo": "-",
          "RuleID": "c043d322-c767-faa8-92d4-381dcc35cab3"
        }
      },
      "raw_refs": [
        "timeline.csv:row:11"
      ],
      "provenance": {
        "origin": "enrichment",
        "manifest_path": "outputs/jsonl/hayabusa_evtx/893d610c-bb8e-4257-8ed7-c1bd80ae296d/manifest.json"
      }
    },
    {
      "finding_id": "F-893d610c-bb8e-4257-8ed7-c1bd80ae296d-000012",
      "category": "unknown",
      "summary": "Task Executed",
      "confidence": "medium",
      "severity": "informational",
      "source": {
        "tool": "hayabusa",
        "rule_id": "d1923809-955b-47c4-b3e5-37c0e461919c",
        "rule_title": "Task Executed",
        "profile": "deep",
        "rule_file": null
      },
      "evidence": {
        "event_refs": [
          "hayabusa:timeline.csv:row:12|computer=SQLSERVER.Mills.local|channel=TaskSch|event_id=200|record_id=261490|evtx_file="
        ],
        "artifacts": [
          {
            "type": "event",
            "ref": "Computer=SQLSERVER.Mills.local Channel=TaskSch EventID=200 RecordID=261490 EvtxFile="
          }
        ],
        "timestamps": {
          "first_seen": "2026-01-14T10:54:37.644681Z",
          "last_seen": "2026-01-14T10:54:37.644681Z"
        },
        "raw": {
          "Timestamp": "2026-01-14T10:54:37.644681Z",
          "RuleTitle": "Task Executed",
          "Level": "info",
          "Computer": "SQLSERVER.Mills.local",
          "Channel": "TaskSch",
          "EventID": "200",
          "RecordID": "261490",
          "Details": "Name: \\MicrosoftEdgeUpdateTaskMachineUA{B9DF4A20-8820-446F-BD5B-8C125DF0D618} ¦ Action: C:\\Program Files (x86)\\Microsoft\\EdgeUpdate\\MicrosoftEdgeUpdate.exe",
          "ExtraFieldInfo": "EnginePID: 8308 ¦ Name: ActionStart ¦ TaskInstanceId: EEF55FE2-3B8E-4536-A5EA-AB74E3189156",
          "RuleID": "d1923809-955b-47c4-b3e5-37c0e461919c"
        }
      },
      "raw_refs": [
        "timeline.csv:row:12"
      ],
      "provenance": {
        "origin": "enrichment",
        "manifest_path": "outputs/jsonl/hayabusa_evtx/893d610c-bb8e-4257-8ed7-c1bd80ae296d/manifest.json"
      }
    },
    {
      "finding_id": "F-893d610c-bb8e-4257-8ed7-c1bd80ae296d-000013",
      "category": "unknown",
      "summary": "NTLM Logon",
      "confidence": "medium",
      "severity": "low",
      "source": {
        "tool": "hayabusa",
        "rule_id": "c043d322-c767-faa8-92d4-381dcc35cab3",
        "rule_title": "NTLM Logon",
        "profile": "deep",
        "rule_file": null
      },
      "evidence": {
        "event_refs": [
          "hayabusa:timeline.csv:row:13|computer=SQLSERVER.Mills.local|channel=NTLM|event_id=8002|record_id=312116|evtx_file="
        ],
        "artifacts": [
          {
            "type": "event",
            "ref": "Computer=SQLSERVER.Mills.local Channel=NTLM EventID=8002 RecordID=312116 EvtxFile="
          }
        ],
        "timestamps": {
          "first_seen": "2026-01-14T10:54:46.066372Z",
          "last_seen": "2026-01-14T10:54:46.066372Z"
        },
        "raw": {
          "Timestamp": "2026-01-14T10:54:46.066372Z",
          "RuleTitle": "NTLM Logon",
          "Level": "low",
          "Computer": "SQLSERVER.Mills.local",
          "Channel": "NTLM",
          "EventID": "8002",
          "RecordID": "312116",
          "Details": "CallerPID: 4 ¦ ClientDomainName: MILLSINC ¦ ClientLUID: 0x3e7 ¦ ClientUserName: SQLSERVER$ ¦ MechanismOID: 1.3.6.1.4.1.311.2.2.10 ¦ ProcessName:",
          "ExtraFieldInfo": "-",
          "RuleID": "c043d322-c767-faa8-92d4-381dcc35cab3"
        }
      },
      "raw_refs": [
        "timeline.csv:row:13"
      ],
      "provenance": {
        "origin": "enrichment",
        "manifest_path": "outputs/jsonl/hayabusa_evtx/893d610c-bb8e-4257-8ed7-c1bd80ae296d/manifest.json"
      }
    },
    {
      "finding_id": "F-893d610c-bb8e-4257-8ed7-c1bd80ae296d-000014",
      "category": "unknown",
      "summary": "NTLM Logon",
      "confidence": "medium",
      "severity": "low",
      "source": {
        "tool": "hayabusa",
        "rule_id": "c043d322-c767-faa8-92d4-381dcc35cab3",
        "rule_title": "NTLM Logon",
        "profile": "deep",
        "rule_file": null
      },
      "evidence": {
        "event_refs": [
          "hayabusa:timeline.csv:row:14|computer=SQLSERVER.Mills.local|channel=NTLM|event_id=8002|record_id=312118|evtx_file="
        ],
        "artifacts": [
          {
            "type": "event",
            "ref": "Computer=SQLSERVER.Mills.local Channel=NTLM EventID=8002 RecordID=312118 EvtxFile="
          }
        ],
        "timestamps": {
          "first_seen": "2026-01-14T10:55:48.205119Z",
          "last_seen": "2026-01-14T10:55:48.205119Z"
        },
        "raw": {
          "Timestamp": "2026-01-14T10:55:48.205119Z",
          "RuleTitle": "NTLM Logon",
          "Level": "low",
          "Computer": "SQLSERVER.Mills.local",
          "Channel": "NTLM",
          "EventID": "8002",
          "RecordID": "312118",
          "Details": "CallerPID: 4 ¦ ClientDomainName: MILLSINC ¦ ClientLUID: 0x3e7 ¦ ClientUserName: SQLSERVER$ ¦ MechanismOID: 1.3.6.1.4.1.311.2.2.10 ¦ ProcessName:",
          "ExtraFieldInfo": "-",
          "RuleID": "c043d322-c767-faa8-92d4-381dcc35cab3"
        }
      },
      "raw_refs": [
        "timeline.csv:row:14"
      ],
      "provenance": {
        "origin": "enrichment",
        "manifest_path": "outputs/jsonl/hayabusa_evtx/893d610c-bb8e-4257-8ed7-c1bd80ae296d/manifest.json"
      }
    },
    {
      "finding_id": "F-893d610c-bb8e-4257-8ed7-c1bd80ae296d-000015",
      "category": "unknown",
      "summary": "NTLM Logon",
      "confidence": "medium",
      "severity": "low",
      "source": {
        "tool": "hayabusa",
        "rule_id": "c043d322-c767-faa8-92d4-381dcc35cab3",
        "rule_title": "NTLM Logon",
        "profile": "deep",
        "rule_file": null
      },
      "evidence": {
        "event_refs": [
          "hayabusa:timeline.csv:row:15|computer=SQLSERVER.Mills.local|channel=NTLM|event_id=8002|record_id=312120|evtx_file="
        ],
        "artifacts": [
          {
            "type": "event",
            "ref": "Computer=SQLSERVER.Mills.local Channel=NTLM EventID=8002 RecordID=312120 EvtxFile="
          }
        ],
        "timestamps": {
          "first_seen": "2026-01-14T10:56:07.464928Z",
          "last_seen": "2026-01-14T10:56:07.464928Z"
        },
        "raw": {
          "Timestamp": "2026-01-14T10:56:07.464928Z",
          "RuleTitle": "NTLM Logon",
          "Level": "low",
          "Computer": "SQLSERVER.Mills.local",
          "Channel": "NTLM",
          "EventID": "8002",
          "RecordID": "312120",
          "Details": "CallerPID: 4 ¦ ClientDomainName: MILLSINC ¦ ClientLUID: 0x3e7 ¦ ClientUserName: SQLSERVER$ ¦ MechanismOID: 1.3.6.1.4.1.311.2.2.10 ¦ ProcessName:",
          "ExtraFieldInfo": "-",
          "RuleID": "c043d322-c767-faa8-92d4-381dcc35cab3"
        }
      },
      "raw_refs": [
        "timeline.csv:row:15"
      ],
      "provenance": {
        "origin": "enrichment",
        "manifest_path": "outputs/jsonl/hayabusa_evtx/893d610c-bb8e-4257-8ed7-c1bd80ae296d/manifest.json"
      }
    },
    {
      "finding_id": "F-893d610c-bb8e-4257-8ed7-c1bd80ae296d-000016",
      "category": "unknown",
      "summary": "NTLM Logon",
      "confidence": "medium",
      "severity": "low",
      "source": {
        "tool": "hayabusa",
        "rule_id": "c043d322-c767-faa8-92d4-381dcc35cab3",
        "rule_title": "NTLM Logon",
        "profile": "deep",
        "rule_file": null
      },
      "evidence": {
        "event_refs": [
          "hayabusa:timeline.csv:row:16|computer=SQLSERVER.Mills.local|channel=NTLM|event_id=8002|record_id=312122|evtx_file="
        ],
        "artifacts": [
          {
            "type": "event",
            "ref": "Computer=SQLSERVER.Mills.local Channel=NTLM EventID=8002 RecordID=312122 EvtxFile="
          }
        ],
        "timestamps": {
          "first_seen": "2026-01-14T10:57:28.385718Z",
          "last_seen": "2026-01-14T10:57:28.385718Z"
        },
        "raw": {
          "Timestamp": "2026-01-14T10:57:28.385718Z",
          "RuleTitle": "NTLM Logon",
          "Level": "low",
          "Computer": "SQLSERVER.Mills.local",
          "Channel": "NTLM",
          "EventID": "8002",
          "RecordID": "312122",
          "Details": "CallerPID: 4 ¦ ClientDomainName: MILLSINC ¦ ClientLUID: 0x3e7 ¦ ClientUserName: SQLSERVER$ ¦ MechanismOID: 1.3.6.1.4.1.311.2.2.10 ¦ ProcessName:",
          "ExtraFieldInfo": "-",
          "RuleID": "c043d322-c767-faa8-92d4-381dcc35cab3"
        }
      },
      "raw_refs": [
        "timeline.csv:row:16"
      ],
      "provenance": {
        "origin": "enrichment",
        "manifest_path": "outputs/jsonl/hayabusa_evtx/893d610c-bb8e-4257-8ed7-c1bd80ae296d/manifest.json"
      }
    },
    {
      "finding_id": "F-893d610c-bb8e-4257-8ed7-c1bd80ae296d-000017",
      "category": "unknown",
      "summary": "NTLM Logon",
      "confidence": "medium",
      "severity": "low",
      "source": {
        "tool": "hayabusa",
        "rule_id": "c043d322-c767-faa8-92d4-381dcc35cab3",
        "rule_title": "NTLM Logon",
        "profile": "deep",
        "rule_file": null
      },
      "evidence": {
        "event_refs": [
          "hayabusa:timeline.csv:row:17|computer=SQLSERVER.Mills.local|channel=NTLM|event_id=8002|record_id=312124|evtx_file="
        ],
        "artifacts": [
          {
            "type": "event",
            "ref": "Computer=SQLSERVER.Mills.local Channel=NTLM EventID=8002 RecordID=312124 EvtxFile="
          }
        ],
        "timestamps": {
          "first_seen": "2026-01-14T10:58:46.314793Z",
          "last_seen": "2026-01-14T10:58:46.314793Z"
        },
        "raw": {
          "Timestamp": "2026-01-14T10:58:46.314793Z",
          "RuleTitle": "NTLM Logon",
          "Level": "low",
          "Computer": "SQLSERVER.Mills.local",
          "Channel": "NTLM",
          "EventID": "8002",
          "RecordID": "312124",
          "Details": "CallerPID: 4 ¦ ClientDomainName: MILLSINC ¦ ClientLUID: 0x3e7 ¦ ClientUserName: SQLSERVER$ ¦ MechanismOID: 1.3.6.1.4.1.311.2.2.10 ¦ ProcessName:",
          "ExtraFieldInfo": "-",
          "RuleID": "c043d322-c767-faa8-92d4-381dcc35cab3"
        }
      },
      "raw_refs": [
        "timeline.csv:row:17"
      ],
      "provenance": {
        "origin": "enrichment",
        "manifest_path": "outputs/jsonl/hayabusa_evtx/893d610c-bb8e-4257-8ed7-c1bd80ae296d/manifest.json"
      }
    },
    {
      "finding_id": "F-893d610c-bb8e-4257-8ed7-c1bd80ae296d-000018",
      "category": "unknown",
      "summary": "NTLM Logon",
      "confidence": "medium",
      "severity": "low",
      "source": {
        "tool": "hayabusa",
        "rule_id": "c043d322-c767-faa8-92d4-381dcc35cab3",
        "rule_title": "NTLM Logon",
        "profile": "deep",
        "rule_file": null
      },
      "evidence": {
        "event_refs": [
          "hayabusa:timeline.csv:row:18|computer=SQLSERVER.Mills.local|channel=NTLM|event_id=8002|record_id=312126|evtx_file="
        ],
        "artifacts": [
          {
            "type": "event",
            "ref": "Computer=SQLSERVER.Mills.local Channel=NTLM EventID=8002 RecordID=312126 EvtxFile="
          }
        ],
        "timestamps": {
          "first_seen": "2026-01-14T10:58:48.093568Z",
          "last_seen": "2026-01-14T10:58:48.093568Z"
        },
        "raw": {
          "Timestamp": "2026-01-14T10:58:48.093568Z",
          "RuleTitle": "NTLM Logon",
          "Level": "low",
          "Computer": "SQLSERVER.Mills.local",
          "Channel": "NTLM",
          "EventID": "8002",
          "RecordID": "312126",
          "Details": "CallerPID: 4 ¦ ClientDomainName: MILLSINC ¦ ClientLUID: 0x3e7 ¦ ClientUserName: SQLSERVER$ ¦ MechanismOID: 1.3.6.1.4.1.311.2.2.10 ¦ ProcessName:",
          "ExtraFieldInfo": "-",
          "RuleID": "c043d322-c767-faa8-92d4-381dcc35cab3"
        }
      },
      "raw_refs": [
        "timeline.csv:row:18"
      ],
      "provenance": {
        "origin": "enrichment",
        "manifest_path": "outputs/jsonl/hayabusa_evtx/893d610c-bb8e-4257-8ed7-c1bd80ae296d/manifest.json"
      }
    },
    {
      "finding_id": "F-893d610c-bb8e-4257-8ed7-c1bd80ae296d-000019",
      "category": "unknown",
      "summary": "Task Executed",
      "confidence": "medium",
      "severity": "informational",
      "source": {
        "tool": "hayabusa",
        "rule_id": "d1923809-955b-47c4-b3e5-37c0e461919c",
        "rule_title": "Task Executed",
        "profile": "deep",
        "rule_file": null
      },
      "evidence": {
        "event_refs": [
          "hayabusa:timeline.csv:row:19|computer=SQLSERVER.Mills.local|channel=TaskSch|event_id=200|record_id=261496|evtx_file="
        ],
        "artifacts": [
          {
            "type": "event",
            "ref": "Computer=SQLSERVER.Mills.local Channel=TaskSch EventID=200 RecordID=261496 EvtxFile="
          }
        ],
        "timestamps": {
          "first_seen": "2026-01-14T11:00:00.214635Z",
          "last_seen": "2026-01-14T11:00:00.214635Z"
        },
        "raw": {
          "Timestamp": "2026-01-14T11:00:00.214635Z",
          "RuleTitle": "Task Executed",
          "Level": "info",
          "Computer": "SQLSERVER.Mills.local",
          "Channel": "TaskSch",
          "EventID": "200",
          "RecordID": "261496",
          "Details": "Name: \\Microsoft\\Windows\\Customer Experience Improvement Program\\Consolidator ¦ Action: %SystemRoot%\\System32\\wsqmcons.exe",
          "ExtraFieldInfo": "EnginePID: 8260 ¦ Name: ActionStart ¦ TaskInstanceId: 7D89AA16-CF61-4F50-B46C-F7A62E9651CC",
          "RuleID": "d1923809-955b-47c4-b3e5-37c0e461919c"
        }
      },
      "raw_refs": [
        "timeline.csv:row:19"
      ],
      "provenance": {
        "origin": "enrichment",
        "manifest_path": "outputs/jsonl/hayabusa_evtx/893d610c-bb8e-4257-8ed7-c1bd80ae296d/manifest.json"
      }
    },
    {
      "finding_id": "F-893d610c-bb8e-4257-8ed7-c1bd80ae296d-000020",
      "category": "unknown",
      "summary": "NTLM Logon",
      "confidence": "medium",
      "severity": "low",
      "source": {
        "tool": "hayabusa",
        "rule_id": "c043d322-c767-faa8-92d4-381dcc35cab3",
        "rule_title": "NTLM Logon",
        "profile": "deep",
        "rule_file": null
      },
      "evidence": {
        "event_refs": [
          "hayabusa:timeline.csv:row:20|computer=SQLSERVER.Mills.local|channel=NTLM|event_id=8002|record_id=312128|evtx_file="
        ],
        "artifacts": [
          {
            "type": "event",
            "ref": "Computer=SQLSERVER.Mills.local Channel=NTLM EventID=8002 RecordID=312128 EvtxFile="
          }
        ],
        "timestamps": {
          "first_seen": "2026-01-14T11:00:02.906502Z",
          "last_seen": "2026-01-14T11:00:02.906502Z"
        },
        "raw": {
          "Timestamp": "2026-01-14T11:00:02.906502Z",
          "RuleTitle": "NTLM Logon",
          "Level": "low",
          "Computer": "SQLSERVER.Mills.local",
          "Channel": "NTLM",
          "EventID": "8002",
          "RecordID": "312128",
          "Details": "CallerPID: 4 ¦ ClientDomainName: MILLSINC ¦ ClientLUID: 0x3e7 ¦ ClientUserName: SQLSERVER$ ¦ MechanismOID: 1.3.6.1.4.1.311.2.2.10 ¦ ProcessName:",
          "ExtraFieldInfo": "-",
          "RuleID": "c043d322-c767-faa8-92d4-381dcc35cab3"
        }
      },
      "raw_refs": [
        "timeline.csv:row:20"
      ],
      "provenance": {
        "origin": "enrichment",
        "manifest_path": "outputs/jsonl/hayabusa_evtx/893d610c-bb8e-4257-8ed7-c1bd80ae296d/manifest.json"
      }
    },
    {
      "finding_id": "F-893d610c-bb8e-4257-8ed7-c1bd80ae296d-000021",
      "category": "unknown",
      "summary": "Logon Failure (Unknown Reason)",
      "confidence": "medium",
      "severity": "low",
      "source": {
        "tool": "hayabusa",
        "rule_id": "a85096da-be85-48d7-8ad5-2f957cd74daa",
        "rule_title": "Logon Failure (Unknown Reason)",
        "profile": "deep",
        "rule_file": null
      },
      "evidence": {
        "event_refs": [
          "hayabusa:timeline.csv:row:21|computer=SQLSERVER.Mills.local|channel=Sec|event_id=4625|record_id=935183|evtx_file="
        ],
        "artifacts": [
          {
            "type": "event",
            "ref": "Computer=SQLSERVER.Mills.local Channel=Sec EventID=4625 RecordID=935183 EvtxFile="
          }
        ],
        "timestamps": {
          "first_seen": "2026-01-14T11:00:02.918130Z",
          "last_seen": "2026-01-14T11:00:02.918130Z"
        },
        "raw": {
          "Timestamp": "2026-01-14T11:00:02.918130Z",
          "RuleTitle": "Logon Failure (Unknown Reason)",
          "Level": "low",
          "Computer": "SQLSERVER.Mills.local",
          "Channel": "Sec",
          "EventID": "4625",
          "RecordID": "935183",
          "Details": "Type: 3 - NETWORK ¦ TgtUser: MOM$ ¦ SrcComp: MOM ¦ SrcIP: 172.16.1.111 ¦ AuthPkg: NTLM ¦ Proc: - ¦ SubStatus: SUCCESS",
          "ExtraFieldInfo": "FailureReason: ERROR ¦ IpPort: 55173 ¦ KeyLength: 0 ¦ LogonProcessName: NtLmSsp ¦ ProcessId: 0 ¦ Status: NO LOGON SERVER ¦ SubjectLogonId: 0x0 ¦ SubjectUserSid: S-1-0-0 ¦ TargetDomainName: MILLSINC ¦ TargetUserSid: S-1-0-0",
          "RuleID": "a85096da-be85-48d7-8ad5-2f957cd74daa"
        }
      },
      "raw_refs": [
        "timeline.csv:row:21"
      ],
      "provenance": {
        "origin": "enrichment",
        "manifest_path": "outputs/jsonl/hayabusa_evtx/893d610c-bb8e-4257-8ed7-c1bd80ae296d/manifest.json"
      }
    },
    {
      "finding_id": "F-893d610c-bb8e-4257-8ed7-c1bd80ae296d-000022",
      "category": "unknown",
      "summary": "NTLM Logon",
      "confidence": "medium",
      "severity": "low",
      "source": {
        "tool": "hayabusa",
        "rule_id": "c043d322-c767-faa8-92d4-381dcc35cab3",
        "rule_title": "NTLM Logon",
        "profile": "deep",
        "rule_file": null
      },
      "evidence": {
        "event_refs": [
          "hayabusa:timeline.csv:row:22|computer=SQLSERVER.Mills.local|channel=NTLM|event_id=8002|record_id=312129|evtx_file="
        ],
        "artifacts": [
          {
            "type": "event",
            "ref": "Computer=SQLSERVER.Mills.local Channel=NTLM EventID=8002 RecordID=312129 EvtxFile="
          }
        ],
        "timestamps": {
          "first_seen": "2026-01-14T11:00:04.062462Z",
          "last_seen": "2026-01-14T11:00:04.062462Z"
        },
        "raw": {
          "Timestamp": "2026-01-14T11:00:04.062462Z",
          "RuleTitle": "NTLM Logon",
          "Level": "low",
          "Computer": "SQLSERVER.Mills.local",
          "Channel": "NTLM",
          "EventID": "8002",
          "RecordID": "312129",
          "Details": "CallerPID: 4 ¦ ClientDomainName: MILLSINC ¦ ClientLUID: 0x3e7 ¦ ClientUserName: SQLSERVER$ ¦ MechanismOID: 1.3.6.1.4.1.311.2.2.10 ¦ ProcessName:",
          "ExtraFieldInfo": "-",
          "RuleID": "c043d322-c767-faa8-92d4-381dcc35cab3"
        }
      },
      "raw_refs": [
        "timeline.csv:row:22"
      ],
      "provenance": {
        "origin": "enrichment",
        "manifest_path": "outputs/jsonl/hayabusa_evtx/893d610c-bb8e-4257-8ed7-c1bd80ae296d/manifest.json"
      }
    },
    {
      "finding_id": "F-893d610c-bb8e-4257-8ed7-c1bd80ae296d-000023",
      "category": "unknown",
      "summary": "Logon Failure (Unknown Reason)",
      "confidence": "medium",
      "severity": "low",
      "source": {
        "tool": "hayabusa",
        "rule_id": "a85096da-be85-48d7-8ad5-2f957cd74daa",
        "rule_title": "Logon Failure (Unknown Reason)",
        "profile": "deep",
        "rule_file": null
      },
      "evidence": {
        "event_refs": [
          "hayabusa:timeline.csv:row:23|computer=SQLSERVER.Mills.local|channel=Sec|event_id=4625|record_id=935184|evtx_file="
        ],
        "artifacts": [
          {
            "type": "event",
            "ref": "Computer=SQLSERVER.Mills.local Channel=Sec EventID=4625 RecordID=935184 EvtxFile="
          }
        ],
        "timestamps": {
          "first_seen": "2026-01-14T11:00:04.063423Z",
          "last_seen": "2026-01-14T11:00:04.063423Z"
        },
        "raw": {
          "Timestamp": "2026-01-14T11:00:04.063423Z",
          "RuleTitle": "Logon Failure (Unknown Reason)",
          "Level": "low",
          "Computer": "SQLSERVER.Mills.local",
          "Channel": "Sec",
          "EventID": "4625",
          "RecordID": "935184",
          "Details": "Type: 3 - NETWORK ¦ TgtUser: MOM$ ¦ SrcComp: MOM ¦ SrcIP: 172.16.1.111 ¦ AuthPkg: NTLM ¦ Proc: - ¦ SubStatus: SUCCESS",
          "ExtraFieldInfo": "FailureReason: ERROR ¦ IpPort: 55177 ¦ KeyLength: 0 ¦ LogonProcessName: NtLmSsp ¦ ProcessId: 0 ¦ Status: NO LOGON SERVER ¦ SubjectLogonId: 0x0 ¦ SubjectUserSid: S-1-0-0 ¦ TargetDomainName: MILLSINC ¦ TargetUserSid: S-1-0-0",
          "RuleID": "a85096da-be85-48d7-8ad5-2f957cd74daa"
        }
      },
      "raw_refs": [
        "timeline.csv:row:23"
      ],
      "provenance": {
        "origin": "enrichment",
        "manifest_path": "outputs/jsonl/hayabusa_evtx/893d610c-bb8e-4257-8ed7-c1bd80ae296d/manifest.json"
      }
    },
    {
      "finding_id": "F-893d610c-bb8e-4257-8ed7-c1bd80ae296d-000024",
      "category": "unknown",
      "summary": "NTLM Logon",
      "confidence": "medium",
      "severity": "low",
      "source": {
        "tool": "hayabusa",
        "rule_id": "c043d322-c767-faa8-92d4-381dcc35cab3",
        "rule_title": "NTLM Logon",
        "profile": "deep",
        "rule_file": null
      },
      "evidence": {
        "event_refs": [
          "hayabusa:timeline.csv:row:24|computer=SQLSERVER.Mills.local|channel=NTLM|event_id=8002|record_id=312130|evtx_file="
        ],
        "artifacts": [
          {
            "type": "event",
            "ref": "Computer=SQLSERVER.Mills.local Channel=NTLM EventID=8002 RecordID=312130 EvtxFile="
          }
        ],
        "timestamps": {
          "first_seen": "2026-01-14T11:00:05.306898Z",
          "last_seen": "2026-01-14T11:00:05.306898Z"
        },
        "raw": {
          "Timestamp": "2026-01-14T11:00:05.306898Z",
          "RuleTitle": "NTLM Logon",
          "Level": "low",
          "Computer": "SQLSERVER.Mills.local",
          "Channel": "NTLM",
          "EventID": "8002",
          "RecordID": "312130",
          "Details": "CallerPID: 4 ¦ ClientDomainName: MILLSINC ¦ ClientLUID: 0x3e7 ¦ ClientUserName: SQLSERVER$ ¦ MechanismOID: 1.3.6.1.4.1.311.2.2.10 ¦ ProcessName:",
          "ExtraFieldInfo": "-",
          "RuleID": "c043d322-c767-faa8-92d4-381dcc35cab3"
        }
      },
      "raw_refs": [
        "timeline.csv:row:24"
      ],
      "provenance": {
        "origin": "enrichment",
        "manifest_path": "outputs/jsonl/hayabusa_evtx/893d610c-bb8e-4257-8ed7-c1bd80ae296d/manifest.json"
      }
    },
    {
      "finding_id": "F-893d610c-bb8e-4257-8ed7-c1bd80ae296d-000025",
      "category": "unknown",
      "summary": "Logon Failure (Unknown Reason)",
      "confidence": "medium",
      "severity": "low",
      "source": {
        "tool": "hayabusa",
        "rule_id": "a85096da-be85-48d7-8ad5-2f957cd74daa",
        "rule_title": "Logon Failure (Unknown Reason)",
        "profile": "deep",
        "rule_file": null
      },
      "evidence": {
        "event_refs": [
          "hayabusa:timeline.csv:row:25|computer=SQLSERVER.Mills.local|channel=Sec|event_id=4625|record_id=935185|evtx_file="
        ],
        "artifacts": [
          {
            "type": "event",
            "ref": "Computer=SQLSERVER.Mills.local Channel=Sec EventID=4625 RecordID=935185 EvtxFile="
          }
        ],
        "timestamps": {
          "first_seen": "2026-01-14T11:00:05.307807Z",
          "last_seen": "2026-01-14T11:00:05.307807Z"
        },
        "raw": {
          "Timestamp": "2026-01-14T11:00:05.307807Z",
          "RuleTitle": "Logon Failure (Unknown Reason)",
          "Level": "low",
          "Computer": "SQLSERVER.Mills.local",
          "Channel": "Sec",
          "EventID": "4625",
          "RecordID": "935185",
          "Details": "Type: 3 - NETWORK ¦ TgtUser: MOM$ ¦ SrcComp: MOM ¦ SrcIP: 172.16.1.111 ¦ AuthPkg: NTLM ¦ Proc: - ¦ SubStatus: SUCCESS",
          "ExtraFieldInfo": "FailureReason: ERROR ¦ IpPort: 55182 ¦ KeyLength: 0 ¦ LogonProcessName: NtLmSsp ¦ ProcessId: 0 ¦ Status: NO LOGON SERVER ¦ SubjectLogonId: 0x0 ¦ SubjectUserSid: S-1-0-0 ¦ TargetDomainName: MILLSINC ¦ TargetUserSid: S-1-0-0",
          "RuleID": "a85096da-be85-48d7-8ad5-2f957cd74daa"
        }
      },
      "raw_refs": [
        "timeline.csv:row:25"
      ],
      "provenance": {
        "origin": "enrichment",
        "manifest_path": "outputs/jsonl/hayabusa_evtx/893d610c-bb8e-4257-8ed7-c1bd80ae296d/manifest.json"
      }
    },
    {
      "finding_id": "F-893d610c-bb8e-4257-8ed7-c1bd80ae296d-000026",
      "category": "unknown",
      "summary": "NTLM Logon",
      "confidence": "medium",
      "severity": "low",
      "source": {
        "tool": "hayabusa",
        "rule_id": "c043d322-c767-faa8-92d4-381dcc35cab3",
        "rule_title": "NTLM Logon",
        "profile": "deep",
        "rule_file": null
      },
      "evidence": {
        "event_refs": [
          "hayabusa:timeline.csv:row:26|computer=SQLSERVER.Mills.local|channel=NTLM|event_id=8002|record_id=312131|evtx_file="
        ],
        "artifacts": [
          {
            "type": "event",
            "ref": "Computer=SQLSERVER.Mills.local Channel=NTLM EventID=8002 RecordID=312131 EvtxFile="
          }
        ],
        "timestamps": {
          "first_seen": "2026-01-14T11:00:06.744503Z",
          "last_seen": "2026-01-14T11:00:06.744503Z"
        },
        "raw": {
          "Timestamp": "2026-01-14T11:00:06.744503Z",
          "RuleTitle": "NTLM Logon",
          "Level": "low",
          "Computer": "SQLSERVER.Mills.local",
          "Channel": "NTLM",
          "EventID": "8002",
          "RecordID": "312131",
          "Details": "CallerPID: 4 ¦ ClientDomainName: MILLSINC ¦ ClientLUID: 0x3e7 ¦ ClientUserName: SQLSERVER$ ¦ MechanismOID: 1.3.6.1.4.1.311.2.2.10 ¦ ProcessName:",
          "ExtraFieldInfo": "-",
          "RuleID": "c043d322-c767-faa8-92d4-381dcc35cab3"
        }
      },
      "raw_refs": [
        "timeline.csv:row:26"
      ],
      "provenance": {
        "origin": "enrichment",
        "manifest_path": "outputs/jsonl/hayabusa_evtx/893d610c-bb8e-4257-8ed7-c1bd80ae296d/manifest.json"
      }
    },
    {
      "finding_id": "F-893d610c-bb8e-4257-8ed7-c1bd80ae296d-000027",
      "category": "unknown",
      "summary": "Logon Failure (Unknown Reason)",
      "confidence": "medium",
      "severity": "low",
      "source": {
        "tool": "hayabusa",
        "rule_id": "a85096da-be85-48d7-8ad5-2f957cd74daa",
        "rule_title": "Logon Failure (Unknown Reason)",
        "profile": "deep",
        "rule_file": null
      },
      "evidence": {
        "event_refs": [
          "hayabusa:timeline.csv:row:27|computer=SQLSERVER.Mills.local|channel=Sec|event_id=4625|record_id=935186|evtx_file="
        ],
        "artifacts": [
          {
            "type": "event",
            "ref": "Computer=SQLSERVER.Mills.local Channel=Sec EventID=4625 RecordID=935186 EvtxFile="
          }
        ],
        "timestamps": {
          "first_seen": "2026-01-14T11:00:06.745490Z",
          "last_seen": "2026-01-14T11:00:06.745490Z"
        },
        "raw": {
          "Timestamp": "2026-01-14T11:00:06.745490Z",
          "RuleTitle": "Logon Failure (Unknown Reason)",
          "Level": "low",
          "Computer": "SQLSERVER.Mills.local",
          "Channel": "Sec",
          "EventID": "4625",
          "RecordID": "935186",
          "Details": "Type: 3 - NETWORK ¦ TgtUser: MOM$ ¦ SrcComp: MOM ¦ SrcIP: 172.16.1.111 ¦ AuthPkg: NTLM ¦ Proc: - ¦ SubStatus: SUCCESS",
          "ExtraFieldInfo": "FailureReason: ERROR ¦ IpPort: 55186 ¦ KeyLength: 0 ¦ LogonProcessName: NtLmSsp ¦ ProcessId: 0 ¦ Status: NO LOGON SERVER ¦ SubjectLogonId: 0x0 ¦ SubjectUserSid: S-1-0-0 ¦ TargetDomainName: MILLSINC ¦ TargetUserSid: S-1-0-0",
          "RuleID": "a85096da-be85-48d7-8ad5-2f957cd74daa"
        }
      },
      "raw_refs": [
        "timeline.csv:row:27"
      ],
      "provenance": {
        "origin": "enrichment",
        "manifest_path": "outputs/jsonl/hayabusa_evtx/893d610c-bb8e-4257-8ed7-c1bd80ae296d/manifest.json"
      }
    },
    {
      "finding_id": "F-893d610c-bb8e-4257-8ed7-c1bd80ae296d-000028",
      "category": "unknown",
      "summary": "NTLM Logon",
      "confidence": "medium",
      "severity": "low",
      "source": {
        "tool": "hayabusa",
        "rule_id": "c043d322-c767-faa8-92d4-381dcc35cab3",
        "rule_title": "NTLM Logon",
        "profile": "deep",
        "rule_file": null
      },
      "evidence": {
        "event_refs": [
          "hayabusa:timeline.csv:row:28|computer=SQLSERVER.Mills.local|channel=NTLM|event_id=8002|record_id=312132|evtx_file="
        ],
        "artifacts": [
          {
            "type": "event",
            "ref": "Computer=SQLSERVER.Mills.local Channel=NTLM EventID=8002 RecordID=312132 EvtxFile="
          }
        ],
        "timestamps": {
          "first_seen": "2026-01-14T11:00:08.588348Z",
          "last_seen": "2026-01-14T11:00:08.588348Z"
        },
        "raw": {
          "Timestamp": "2026-01-14T11:00:08.588348Z",
          "RuleTitle": "NTLM Logon",
          "Level": "low",
          "Computer": "SQLSERVER.Mills.local",
          "Channel": "NTLM",
          "EventID": "8002",
          "RecordID": "312132",
          "Details": "CallerPID: 4 ¦ ClientDomainName: MILLSINC ¦ ClientLUID: 0x3e7 ¦ ClientUserName: SQLSERVER$ ¦ MechanismOID: 1.3.6.1.4.1.311.2.2.10 ¦ ProcessName:",
          "ExtraFieldInfo": "-",
          "RuleID": "c043d322-c767-faa8-92d4-381dcc35cab3"
        }
      },
      "raw_refs": [
        "timeline.csv:row:28"
      ],
      "provenance": {
        "origin": "enrichment",
        "manifest_path": "outputs/jsonl/hayabusa_evtx/893d610c-bb8e-4257-8ed7-c1bd80ae296d/manifest.json"
      }
    },
    {
      "finding_id": "F-893d610c-bb8e-4257-8ed7-c1bd80ae296d-000029",
      "category": "unknown",
      "summary": "Logon Failure (Unknown Reason)",
      "confidence": "medium",
      "severity": "low",
      "source": {
        "tool": "hayabusa",
        "rule_id": "a85096da-be85-48d7-8ad5-2f957cd74daa",
        "rule_title": "Logon Failure (Unknown Reason)",
        "profile": "deep",
        "rule_file": null
      },
      "evidence": {
        "event_refs": [
          "hayabusa:timeline.csv:row:29|computer=SQLSERVER.Mills.local|channel=Sec|event_id=4625|record_id=935187|evtx_file="
        ],
        "artifacts": [
          {
            "type": "event",
            "ref": "Computer=SQLSERVER.Mills.local Channel=Sec EventID=4625 RecordID=935187 EvtxFile="
          }
        ],
        "timestamps": {
          "first_seen": "2026-01-14T11:00:08.589343Z",
          "last_seen": "2026-01-14T11:00:08.589343Z"
        },
        "raw": {
          "Timestamp": "2026-01-14T11:00:08.589343Z",
          "RuleTitle": "Logon Failure (Unknown Reason)",
          "Level": "low",
          "Computer": "SQLSERVER.Mills.local",
          "Channel": "Sec",
          "EventID": "4625",
          "RecordID": "935187",
          "Details": "Type: 3 - NETWORK ¦ TgtUser: MOM$ ¦ SrcComp: MOM ¦ SrcIP: 172.16.1.111 ¦ AuthPkg: NTLM ¦ Proc: - ¦ SubStatus: SUCCESS",
          "ExtraFieldInfo": "FailureReason: ERROR ¦ IpPort: 55192 ¦ KeyLength: 0 ¦ LogonProcessName: NtLmSsp ¦ ProcessId: 0 ¦ Status: NO LOGON SERVER ¦ SubjectLogonId: 0x0 ¦ SubjectUserSid: S-1-0-0 ¦ TargetDomainName: MILLSINC ¦ TargetUserSid: S-1-0-0",
          "RuleID": "a85096da-be85-48d7-8ad5-2f957cd74daa"
        }
      },
      "raw_refs": [
        "timeline.csv:row:29"
      ],
      "provenance": {
        "origin": "enrichment",
        "manifest_path": "outputs/jsonl/hayabusa_evtx/893d610c-bb8e-4257-8ed7-c1bd80ae296d/manifest.json"
      }
    },
