    {
      "finding_id": "F-f5d1a29d-000280",
      "category": "unknown",
      "summary": "Network Logon",
      "confidence": null,
      "severity": "informational",
      "source": {
        "tool": "chainsaw",
        "rule_id": "RAWREF:chainsaw.evtx.jsonl:line:280",
        "rule_title": "Network Logon"
      },
      "evidence": {
        "event_refs": [
          "chainsaw.evtx.jsonl:line:280"
        ],
        "artifacts": [],
        "timestamps": {
          "first_seen": "2026-01-14T12:36:02.226657+00:00",
          "last_seen": "2026-01-14T12:36:02.226657+00:00"
        },
        "raw": {
          "group": "Lateral Movement",
          "kind": "individual",
          "document": {
            "kind": "evtx",
            "path": "/home/nevermore/cases/intake/evtx/Logs/Security.evtx",
            "data": {
              "Event": {
                "EventData": {
                  "AuthenticationPackageName": "NTLM",
                  "LogonProcessName": "NtLmSsp",
                  "TargetOutboundDomainName": "-",
                  "TargetLinkedLogonId": "0x0",
                  "LmPackageName": "NTLM V2",
                  "TargetDomainName": "MILLSINC",
                  "SubjectUserName": "-",
                  "TargetUserSid": "S-1-5-21-1841095656-2843128008-524542198-3673",
                  "IpAddress": "172.16.1.111",
                  "KeyLength": 128,
                  "SubjectLogonId": "0x0",
                  "TargetLogonId": "0x1be52c5",
                  "ElevatedToken": "%%1843",
                  "LogonGuid": "00000000-0000-0000-0000-000000000000",
                  "RestrictedAdminMode": "-",
                  "SubjectDomainName": "-",
                  "LogonType": 3,
                  "VirtualAccount": "%%1843",
                  "TargetOutboundUserName": "-",
                  "WorkstationName": "MOM",
                  "IpPort": "52738",
                  "ImpersonationLevel": "%%1833",
                  "SubjectUserSid": "S-1-0-0",
                  "TransmittedServices": "-",
                  "ProcessId": "0x0",
                  "TargetUserName": "MOM$",
                  "ProcessName": "-"
                },
                "System": {
                  "EventID": 4624,
                  "Level": 0,
                  "Provider_attributes": {
                    "Name": "Microsoft-Windows-Security-Auditing",
                    "Guid": "54849625-5478-4994-A5BA-3E3B0328C30D"
                  },
                  "Version": 2,
                  "Task": 12544,
                  "Opcode": 0,
                  "TimeCreated_attributes": {
                    "SystemTime": "2026-01-14T12:36:02.226657Z"
                  },
                  "Execution_attributes": {
                    "ProcessID": 716,
                    "ThreadID": 1992
                  },
                  "Keywords": "0x8020000000000000",
                  "Correlation_attributes": {
                    "ActivityID": "F2B6C865-8505-0002-B7C8-B6F20585DC01"
                  },
                  "EventRecordID": 936090,
                  "Channel": "Security",
                  "Computer": "SQLSERVER.Mills.local",
                  "Security": null
                }
              },
              "Event_attributes": {
                "xmlns": "http://schemas.microsoft.com/win/2004/08/events/event"
              }
            }
          },
          "name": "Network Logon",
          "timestamp": "2026-01-14T12:36:02.226657+00:00",
          "authors": [
            "FranticTyping"
          ],
          "level": "info",
          "source": "chainsaw",
          "status": "stable"
        }
      },
      "raw_refs": [
        "chainsaw.evtx.jsonl:line:280"
      ],
      "provenance": {
        "origin": "baseline",
        "manifest_path": "outputs/jsonl/chainsaw_evtx/f5d1a29d-2446-4a73-a0af-1e1bcc4b41b2/manifest.json"
      }
    },
    {
      "finding_id": "F-f5d1a29d-000281",
      "category": "unknown",
      "summary": "Network Logon",
      "confidence": null,
      "severity": "informational",
      "source": {
        "tool": "chainsaw",
        "rule_id": "RAWREF:chainsaw.evtx.jsonl:line:281",
        "rule_title": "Network Logon"
      },
      "evidence": {
        "event_refs": [
          "chainsaw.evtx.jsonl:line:281"
        ],
        "artifacts": [],
        "timestamps": {
          "first_seen": "2026-01-14T12:36:14.427135+00:00",
          "last_seen": "2026-01-14T12:36:14.427135+00:00"
        },
        "raw": {
          "group": "Lateral Movement",
          "kind": "individual",
          "document": {
            "kind": "evtx",
            "path": "/home/nevermore/cases/intake/evtx/Logs/Security.evtx",
            "data": {
              "Event": {
                "EventData": {
                  "AuthenticationPackageName": "NTLM",
                  "LogonProcessName": "NtLmSsp",
                  "TargetOutboundDomainName": "-",
                  "TargetLinkedLogonId": "0x0",
                  "LmPackageName": "NTLM V2",
                  "TargetDomainName": "MILLSINC",
                  "SubjectUserName": "-",
                  "TargetUserSid": "S-1-5-21-1841095656-2843128008-524542198-1264",
                  "IpAddress": "10.25.30.71",
                  "KeyLength": 128,
                  "SubjectLogonId": "0x0",
                  "TargetLogonId": "0x1be56cb",
                  "ElevatedToken": "%%1842",
                  "LogonGuid": "00000000-0000-0000-0000-000000000000",
                  "RestrictedAdminMode": "-",
                  "SubjectDomainName": "-",
                  "LogonType": 3,
                  "VirtualAccount": "%%1843",
                  "TargetOutboundUserName": "-",
                  "WorkstationName": "LT40",
                  "IpPort": "55533",
                  "ImpersonationLevel": "%%1833",
                  "SubjectUserSid": "S-1-0-0",
                  "TransmittedServices": "-",
                  "ProcessId": "0x0",
                  "TargetUserName": "roberts",
                  "ProcessName": "-"
                },
                "System": {
                  "EventID": 4624,
                  "Level": 0,
                  "Provider_attributes": {
                    "Name": "Microsoft-Windows-Security-Auditing",
                    "Guid": "54849625-5478-4994-A5BA-3E3B0328C30D"
                  },
                  "Version": 2,
                  "Task": 12544,
                  "Opcode": 0,
                  "TimeCreated_attributes": {
                    "SystemTime": "2026-01-14T12:36:14.427135Z"
                  },
                  "Execution_attributes": {
                    "ProcessID": 716,
                    "ThreadID": 1992
                  },
                  "Keywords": "0x8020000000000000",
                  "Correlation_attributes": {
                    "ActivityID": "F2B6C865-8505-0002-B7C8-B6F20585DC01"
                  },
                  "EventRecordID": 936093,
                  "Channel": "Security",
                  "Computer": "SQLSERVER.Mills.local",
                  "Security": null
                }
              },
              "Event_attributes": {
                "xmlns": "http://schemas.microsoft.com/win/2004/08/events/event"
              }
            }
          },
          "name": "Network Logon",
          "timestamp": "2026-01-14T12:36:14.427135+00:00",
          "authors": [
            "FranticTyping"
          ],
          "level": "info",
          "source": "chainsaw",
          "status": "stable"
        }
      },
      "raw_refs": [
        "chainsaw.evtx.jsonl:line:281"
      ],
      "provenance": {
        "origin": "baseline",
        "manifest_path": "outputs/jsonl/chainsaw_evtx/f5d1a29d-2446-4a73-a0af-1e1bcc4b41b2/manifest.json"
      }
    },
    {
      "finding_id": "F-f5d1a29d-000282",
      "category": "unknown",
      "summary": "Network Logon",
      "confidence": null,
      "severity": "informational",
      "source": {
        "tool": "chainsaw",
        "rule_id": "RAWREF:chainsaw.evtx.jsonl:line:282",
        "rule_title": "Network Logon"
      },
      "evidence": {
        "event_refs": [
          "chainsaw.evtx.jsonl:line:282"
        ],
        "artifacts": [],
        "timestamps": {
          "first_seen": "2026-01-14T12:36:22.935480+00:00",
          "last_seen": "2026-01-14T12:36:22.935480+00:00"
        },
        "raw": {
          "group": "Lateral Movement",
          "kind": "individual",
          "document": {
            "kind": "evtx",
            "path": "/home/nevermore/cases/intake/evtx/Logs/Security.evtx",
            "data": {
              "Event": {
                "EventData": {
                  "AuthenticationPackageName": "NTLM",
                  "LogonProcessName": "NtLmSsp",
                  "TargetOutboundDomainName": "-",
                  "TargetLinkedLogonId": "0x0",
                  "LmPackageName": "NTLM V2",
                  "TargetDomainName": "MILLSINC",
                  "SubjectUserName": "-",
                  "TargetUserSid": "S-1-5-21-1841095656-2843128008-524542198-2948",
                  "IpAddress": "10.25.30.60",
                  "KeyLength": 128,
                  "SubjectLogonId": "0x0",
                  "TargetLogonId": "0x1be59ad",
                  "ElevatedToken": "%%1842",
                  "LogonGuid": "00000000-0000-0000-0000-000000000000",
                  "RestrictedAdminMode": "-",
                  "SubjectDomainName": "-",
                  "LogonType": 3,
                  "VirtualAccount": "%%1843",
                  "TargetOutboundUserName": "-",
                  "WorkstationName": "SURFACE10",
                  "IpPort": "56360",
                  "ImpersonationLevel": "%%1833",
                  "SubjectUserSid": "S-1-0-0",
                  "TransmittedServices": "-",
                  "ProcessId": "0x0",
                  "TargetUserName": "Surface10",
                  "ProcessName": "-"
                },
                "System": {
                  "EventID": 4624,
                  "Level": 0,
                  "Provider_attributes": {
                    "Name": "Microsoft-Windows-Security-Auditing",
                    "Guid": "54849625-5478-4994-A5BA-3E3B0328C30D"
                  },
                  "Version": 2,
                  "Task": 12544,
                  "Opcode": 0,
                  "TimeCreated_attributes": {
                    "SystemTime": "2026-01-14T12:36:22.935480Z"
                  },
                  "Execution_attributes": {
                    "ProcessID": 716,
                    "ThreadID": 1992
                  },
                  "Keywords": "0x8020000000000000",
                  "Correlation_attributes": {
                    "ActivityID": "F2B6C865-8505-0002-B7C8-B6F20585DC01"
                  },
                  "EventRecordID": 936095,
                  "Channel": "Security",
                  "Computer": "SQLSERVER.Mills.local",
                  "Security": null
                }
              },
              "Event_attributes": {
                "xmlns": "http://schemas.microsoft.com/win/2004/08/events/event"
              }
            }
          },
          "name": "Network Logon",
          "timestamp": "2026-01-14T12:36:22.935480+00:00",
          "authors": [
            "FranticTyping"
          ],
          "level": "info",
          "source": "chainsaw",
          "status": "stable"
        }
      },
      "raw_refs": [
        "chainsaw.evtx.jsonl:line:282"
      ],
      "provenance": {
        "origin": "baseline",
        "manifest_path": "outputs/jsonl/chainsaw_evtx/f5d1a29d-2446-4a73-a0af-1e1bcc4b41b2/manifest.json"
      }
    },
    {
      "finding_id": "F-f5d1a29d-000283",
      "category": "unknown",
      "summary": "Network Logon",
      "confidence": null,
      "severity": "informational",
      "source": {
        "tool": "chainsaw",
        "rule_id": "RAWREF:chainsaw.evtx.jsonl:line:283",
        "rule_title": "Network Logon"
      },
      "evidence": {
        "event_refs": [
          "chainsaw.evtx.jsonl:line:283"
        ],
        "artifacts": [],
        "timestamps": {
          "first_seen": "2026-01-14T12:36:24.669380+00:00",
          "last_seen": "2026-01-14T12:36:24.669380+00:00"
        },
        "raw": {
          "group": "Lateral Movement",
          "kind": "individual",
          "document": {
            "kind": "evtx",
            "path": "/home/nevermore/cases/intake/evtx/Logs/Security.evtx",
            "data": {
              "Event": {
                "EventData": {
                  "AuthenticationPackageName": "Kerberos",
                  "LogonProcessName": "Kerberos",
                  "TargetOutboundDomainName": "-",
                  "TargetLinkedLogonId": "0x0",
                  "LmPackageName": "-",
                  "TargetDomainName": "MILLS.LOCAL",
                  "SubjectUserName": "-",
                  "TargetUserSid": "S-1-5-21-1841095656-2843128008-524542198-3673",
                  "IpAddress": "172.16.1.111",
                  "KeyLength": 0,
                  "SubjectLogonId": "0x0",
                  "TargetLogonId": "0x1be5a46",
                  "ElevatedToken": "%%1843",
                  "LogonGuid": "BFD49F00-18B9-92C1-3444-AC19B0A49816",
                  "RestrictedAdminMode": "-",
                  "SubjectDomainName": "-",
                  "LogonType": 3,
                  "VirtualAccount": "%%1843",
                  "TargetOutboundUserName": "-",
                  "WorkstationName": "-",
                  "IpPort": "52801",
                  "ImpersonationLevel": "%%1833",
                  "SubjectUserSid": "S-1-0-0",
                  "TransmittedServices": "-",
                  "ProcessId": "0x0",
                  "TargetUserName": "MOM$",
                  "ProcessName": "-"
                },
                "System": {
                  "EventID": 4624,
                  "Level": 0,
                  "Provider_attributes": {
                    "Name": "Microsoft-Windows-Security-Auditing",
                    "Guid": "54849625-5478-4994-A5BA-3E3B0328C30D"
                  },
                  "Version": 2,
                  "Task": 12544,
                  "Opcode": 0,
                  "TimeCreated_attributes": {
                    "SystemTime": "2026-01-14T12:36:24.669380Z"
                  },
                  "Execution_attributes": {
                    "ProcessID": 716,
                    "ThreadID": 1992
                  },
                  "Keywords": "0x8020000000000000",
                  "Correlation_attributes": {
                    "ActivityID": "F2B6C865-8505-0002-B7C8-B6F20585DC01"
                  },
                  "EventRecordID": 936097,
                  "Channel": "Security",
                  "Computer": "SQLSERVER.Mills.local",
                  "Security": null
                }
              },
              "Event_attributes": {
                "xmlns": "http://schemas.microsoft.com/win/2004/08/events/event"
              }
            }
          },
          "name": "Network Logon",
          "timestamp": "2026-01-14T12:36:24.669380+00:00",
          "authors": [
            "FranticTyping"
          ],
          "level": "info",
          "source": "chainsaw",
          "status": "stable"
        }
      },
      "raw_refs": [
        "chainsaw.evtx.jsonl:line:283"
      ],
      "provenance": {
        "origin": "baseline",
        "manifest_path": "outputs/jsonl/chainsaw_evtx/f5d1a29d-2446-4a73-a0af-1e1bcc4b41b2/manifest.json"
      }
    },
    {
      "finding_id": "F-f5d1a29d-000284",
      "category": "unknown",
      "summary": "Network Logon",
      "confidence": null,
      "severity": "informational",
      "source": {
        "tool": "chainsaw",
        "rule_id": "RAWREF:chainsaw.evtx.jsonl:line:284",
        "rule_title": "Network Logon"
      },
      "evidence": {
        "event_refs": [
          "chainsaw.evtx.jsonl:line:284"
        ],
        "artifacts": [],
        "timestamps": {
          "first_seen": "2026-01-14T12:36:47.421655+00:00",
          "last_seen": "2026-01-14T12:36:47.421655+00:00"
        },
        "raw": {
          "group": "Lateral Movement",
          "kind": "individual",
          "document": {
            "kind": "evtx",
            "path": "/home/nevermore/cases/intake/evtx/Logs/Security.evtx",
            "data": {
              "Event": {
                "EventData": {
                  "AuthenticationPackageName": "NTLM",
                  "LogonProcessName": "NtLmSsp",
                  "TargetOutboundDomainName": "-",
                  "TargetLinkedLogonId": "0x0",
                  "LmPackageName": "NTLM V2",
                  "TargetDomainName": "MILLSINC",
                  "SubjectUserName": "-",
                  "TargetUserSid": "S-1-5-21-1841095656-2843128008-524542198-3674",
                  "IpAddress": "172.16.1.8",
                  "KeyLength": 128,
                  "SubjectLogonId": "0x0",
                  "TargetLogonId": "0x1be7208",
                  "ElevatedToken": "%%1843",
                  "LogonGuid": "00000000-0000-0000-0000-000000000000",
                  "RestrictedAdminMode": "-",
                  "SubjectDomainName": "-",
                  "LogonType": 3,
                  "VirtualAccount": "%%1843",
                  "TargetOutboundUserName": "-",
                  "WorkstationName": "APPS",
                  "IpPort": "60603",
                  "ImpersonationLevel": "%%1833",
                  "SubjectUserSid": "S-1-0-0",
                  "TransmittedServices": "-",
                  "ProcessId": "0x0",
                  "TargetUserName": "APPS$",
                  "ProcessName": "-"
                },
                "System": {
                  "EventID": 4624,
                  "Level": 0,
                  "Provider_attributes": {
                    "Name": "Microsoft-Windows-Security-Auditing",
                    "Guid": "54849625-5478-4994-A5BA-3E3B0328C30D"
                  },
                  "Version": 2,
                  "Task": 12544,
                  "Opcode": 0,
                  "TimeCreated_attributes": {
                    "SystemTime": "2026-01-14T12:36:47.421655Z"
                  },
                  "Execution_attributes": {
                    "ProcessID": 716,
                    "ThreadID": 1992
                  },
                  "Keywords": "0x8020000000000000",
                  "Correlation_attributes": {
                    "ActivityID": "F2B6C865-8505-0002-B7C8-B6F20585DC01"
                  },
                  "EventRecordID": 936101,
                  "Channel": "Security",
                  "Computer": "SQLSERVER.Mills.local",
                  "Security": null
                }
              },
              "Event_attributes": {
                "xmlns": "http://schemas.microsoft.com/win/2004/08/events/event"
              }
            }
          },
          "name": "Network Logon",
          "timestamp": "2026-01-14T12:36:47.421655+00:00",
          "authors": [
            "FranticTyping"
          ],
          "level": "info",
          "source": "chainsaw",
          "status": "stable"
        }
      },
      "raw_refs": [
        "chainsaw.evtx.jsonl:line:284"
      ],
      "provenance": {
        "origin": "baseline",
        "manifest_path": "outputs/jsonl/chainsaw_evtx/f5d1a29d-2446-4a73-a0af-1e1bcc4b41b2/manifest.json"
      }
    },
    {
      "finding_id": "F-f5d1a29d-000285",
      "category": "unknown",
      "summary": "Network Logon",
      "confidence": null,
      "severity": "informational",
      "source": {
        "tool": "chainsaw",
        "rule_id": "RAWREF:chainsaw.evtx.jsonl:line:285",
        "rule_title": "Network Logon"
      },
      "evidence": {
        "event_refs": [
          "chainsaw.evtx.jsonl:line:285"
        ],
        "artifacts": [],
        "timestamps": {
          "first_seen": "2026-01-14T12:36:51.514467+00:00",
          "last_seen": "2026-01-14T12:36:51.514467+00:00"
        },
        "raw": {
          "group": "Lateral Movement",
          "kind": "individual",
          "document": {
            "kind": "evtx",
            "path": "/home/nevermore/cases/intake/evtx/Logs/Security.evtx",
            "data": {
              "Event": {
                "EventData": {
                  "AuthenticationPackageName": "NTLM",
                  "LogonProcessName": "NtLmSsp",
                  "TargetOutboundDomainName": "-",
                  "TargetLinkedLogonId": "0x0",
                  "LmPackageName": "NTLM V2",
                  "TargetDomainName": "MILLSINC",
                  "SubjectUserName": "-",
                  "TargetUserSid": "S-1-5-21-1841095656-2843128008-524542198-1138",
                  "IpAddress": "10.25.30.102",
                  "KeyLength": 128,
                  "SubjectLogonId": "0x0",
                  "TargetLogonId": "0x1be739c",
                  "ElevatedToken": "%%1843",
                  "LogonGuid": "00000000-0000-0000-0000-000000000000",
                  "RestrictedAdminMode": "-",
                  "SubjectDomainName": "-",
                  "LogonType": 3,
                  "VirtualAccount": "%%1843",
                  "TargetOutboundUserName": "-",
                  "WorkstationName": "MPISHIPPING",
                  "IpPort": "53100",
                  "ImpersonationLevel": "%%1833",
                  "SubjectUserSid": "S-1-0-0",
                  "TransmittedServices": "-",
                  "ProcessId": "0x0",
                  "TargetUserName": "bbeasley",
                  "ProcessName": "-"
                },
                "System": {
                  "EventID": 4624,
                  "Level": 0,
                  "Provider_attributes": {
                    "Name": "Microsoft-Windows-Security-Auditing",
                    "Guid": "54849625-5478-4994-A5BA-3E3B0328C30D"
                  },
                  "Version": 2,
                  "Task": 12544,
                  "Opcode": 0,
                  "TimeCreated_attributes": {
                    "SystemTime": "2026-01-14T12:36:51.514467Z"
                  },
                  "Execution_attributes": {
                    "ProcessID": 716,
                    "ThreadID": 1992
                  },
                  "Keywords": "0x8020000000000000",
                  "Correlation_attributes": {
                    "ActivityID": "F2B6C865-8505-0002-B7C8-B6F20585DC01"
                  },
                  "EventRecordID": 936104,
                  "Channel": "Security",
                  "Computer": "SQLSERVER.Mills.local",
                  "Security": null
                }
              },
              "Event_attributes": {
                "xmlns": "http://schemas.microsoft.com/win/2004/08/events/event"
              }
            }
          },
          "name": "Network Logon",
          "timestamp": "2026-01-14T12:36:51.514467+00:00",
          "authors": [
            "FranticTyping"
          ],
          "level": "info",
          "source": "chainsaw",
          "status": "stable"
        }
      },
      "raw_refs": [
        "chainsaw.evtx.jsonl:line:285"
      ],
      "provenance": {
        "origin": "baseline",
        "manifest_path": "outputs/jsonl/chainsaw_evtx/f5d1a29d-2446-4a73-a0af-1e1bcc4b41b2/manifest.json"
      }
    },
    {
      "finding_id": "F-f5d1a29d-000286",
      "category": "unknown",
      "summary": "Network Logon",
      "confidence": null,
      "severity": "informational",
      "source": {
        "tool": "chainsaw",
        "rule_id": "RAWREF:chainsaw.evtx.jsonl:line:286",
        "rule_title": "Network Logon"
      },
      "evidence": {
        "event_refs": [
          "chainsaw.evtx.jsonl:line:286"
        ],
        "artifacts": [],
        "timestamps": {
          "first_seen": "2026-01-14T12:37:23.182860+00:00",
          "last_seen": "2026-01-14T12:37:23.182860+00:00"
        },
        "raw": {
          "group": "Lateral Movement",
          "kind": "individual",
          "document": {
            "kind": "evtx",
            "path": "/home/nevermore/cases/intake/evtx/Logs/Security.evtx",
            "data": {
              "Event": {
                "EventData": {
                  "AuthenticationPackageName": "NTLM",
                  "LogonProcessName": "NtLmSsp",
                  "TargetOutboundDomainName": "-",
                  "TargetLinkedLogonId": "0x0",
                  "LmPackageName": "NTLM V2",
                  "TargetDomainName": "MILLSINC",
                  "SubjectUserName": "-",
                  "TargetUserSid": "S-1-5-21-1841095656-2843128008-524542198-3673",
                  "IpAddress": "172.16.1.111",
                  "KeyLength": 128,
                  "SubjectLogonId": "0x0",
                  "TargetLogonId": "0x1be84b8",
                  "ElevatedToken": "%%1843",
                  "LogonGuid": "00000000-0000-0000-0000-000000000000",
                  "RestrictedAdminMode": "-",
                  "SubjectDomainName": "-",
                  "LogonType": 3,
                  "VirtualAccount": "%%1843",
                  "TargetOutboundUserName": "-",
                  "WorkstationName": "MOM",
                  "IpPort": "52932",
                  "ImpersonationLevel": "%%1833",
                  "SubjectUserSid": "S-1-0-0",
                  "TransmittedServices": "-",
                  "ProcessId": "0x0",
                  "TargetUserName": "MOM$",
                  "ProcessName": "-"
                },
                "System": {
                  "EventID": 4624,
                  "Level": 0,
                  "Provider_attributes": {
                    "Name": "Microsoft-Windows-Security-Auditing",
                    "Guid": "54849625-5478-4994-A5BA-3E3B0328C30D"
                  },
                  "Version": 2,
                  "Task": 12544,
                  "Opcode": 0,
                  "TimeCreated_attributes": {
                    "SystemTime": "2026-01-14T12:37:23.182860Z"
                  },
                  "Execution_attributes": {
                    "ProcessID": 716,
                    "ThreadID": 1992
                  },
                  "Keywords": "0x8020000000000000",
                  "Correlation_attributes": {
                    "ActivityID": "F2B6C865-8505-0002-B7C8-B6F20585DC01"
                  },
                  "EventRecordID": 936109,
                  "Channel": "Security",
                  "Computer": "SQLSERVER.Mills.local",
                  "Security": null
                }
              },
              "Event_attributes": {
                "xmlns": "http://schemas.microsoft.com/win/2004/08/events/event"
              }
            }
          },
          "name": "Network Logon",
          "timestamp": "2026-01-14T12:37:23.182860+00:00",
          "authors": [
            "FranticTyping"
          ],
          "level": "info",
          "source": "chainsaw",
          "status": "stable"
        }
      },
      "raw_refs": [
        "chainsaw.evtx.jsonl:line:286"
      ],
      "provenance": {
        "origin": "baseline",
        "manifest_path": "outputs/jsonl/chainsaw_evtx/f5d1a29d-2446-4a73-a0af-1e1bcc4b41b2/manifest.json"
      }
    },
    {
      "finding_id": "F-f5d1a29d-000287",
      "category": "unknown",
      "summary": "Network Logon",
      "confidence": null,
      "severity": "informational",
      "source": {
        "tool": "chainsaw",
        "rule_id": "RAWREF:chainsaw.evtx.jsonl:line:287",
        "rule_title": "Network Logon"
      },
      "evidence": {
        "event_refs": [
          "chainsaw.evtx.jsonl:line:287"
        ],
        "artifacts": [],
        "timestamps": {
          "first_seen": "2026-01-14T12:37:44.709018+00:00",
          "last_seen": "2026-01-14T12:37:44.709018+00:00"
        },
        "raw": {
          "group": "Lateral Movement",
          "kind": "individual",
          "document": {
            "kind": "evtx",
            "path": "/home/nevermore/cases/intake/evtx/Logs/Security.evtx",
            "data": {
              "Event": {
                "EventData": {
                  "AuthenticationPackageName": "Kerberos",
                  "LogonProcessName": "Kerberos",
                  "TargetOutboundDomainName": "-",
                  "TargetLinkedLogonId": "0x0",
                  "LmPackageName": "-",
                  "TargetDomainName": "MILLS.LOCAL",
                  "SubjectUserName": "-",
                  "TargetUserSid": "S-1-5-21-1841095656-2843128008-524542198-3673",
                  "IpAddress": "172.16.1.111",
                  "KeyLength": 0,
                  "SubjectLogonId": "0x0",
                  "TargetLogonId": "0x1be9bf5",
                  "ElevatedToken": "%%1843",
                  "LogonGuid": "BFD49F00-18B9-92C1-3444-AC19B0A49816",
                  "RestrictedAdminMode": "-",
                  "SubjectDomainName": "-",
                  "LogonType": 3,
                  "VirtualAccount": "%%1843",
                  "TargetOutboundUserName": "-",
                  "WorkstationName": "-",
                  "IpPort": "52994",
                  "ImpersonationLevel": "%%1833",
                  "SubjectUserSid": "S-1-0-0",
                  "TransmittedServices": "-",
                  "ProcessId": "0x0",
                  "TargetUserName": "MOM$",
                  "ProcessName": "-"
                },
                "System": {
                  "EventID": 4624,
                  "Level": 0,
                  "Provider_attributes": {
                    "Name": "Microsoft-Windows-Security-Auditing",
                    "Guid": "54849625-5478-4994-A5BA-3E3B0328C30D"
                  },
                  "Version": 2,
                  "Task": 12544,
                  "Opcode": 0,
                  "TimeCreated_attributes": {
                    "SystemTime": "2026-01-14T12:37:44.709018Z"
                  },
                  "Execution_attributes": {
                    "ProcessID": 716,
                    "ThreadID": 1992
                  },
                  "Keywords": "0x8020000000000000",
                  "Correlation_attributes": {
                    "ActivityID": "F2B6C865-8505-0002-B7C8-B6F20585DC01"
                  },
                  "EventRecordID": 936112,
                  "Channel": "Security",
                  "Computer": "SQLSERVER.Mills.local",
                  "Security": null
                }
              },
              "Event_attributes": {
                "xmlns": "http://schemas.microsoft.com/win/2004/08/events/event"
              }
            }
          },
          "name": "Network Logon",
          "timestamp": "2026-01-14T12:37:44.709018+00:00",
          "authors": [
            "FranticTyping"
          ],
          "level": "info",
          "source": "chainsaw",
          "status": "stable"
        }
      },
      "raw_refs": [
        "chainsaw.evtx.jsonl:line:287"
      ],
      "provenance": {
        "origin": "baseline",
        "manifest_path": "outputs/jsonl/chainsaw_evtx/f5d1a29d-2446-4a73-a0af-1e1bcc4b41b2/manifest.json"
      }
    },
    {
      "finding_id": "F-f5d1a29d-000288",
      "category": "unknown",
      "summary": "Network Logon",
      "confidence": null,
      "severity": "informational",
      "source": {
        "tool": "chainsaw",
        "rule_id": "RAWREF:chainsaw.evtx.jsonl:line:288",
        "rule_title": "Network Logon"
      },
      "evidence": {
        "event_refs": [
          "chainsaw.evtx.jsonl:line:288"
        ],
        "artifacts": [],
        "timestamps": {
          "first_seen": "2026-01-14T12:37:47.454210+00:00",
          "last_seen": "2026-01-14T12:37:47.454210+00:00"
        },
        "raw": {
          "group": "Lateral Movement",
          "kind": "individual",
          "document": {
            "kind": "evtx",
            "path": "/home/nevermore/cases/intake/evtx/Logs/Security.evtx",
            "data": {
              "Event": {
                "EventData": {
                  "AuthenticationPackageName": "NTLM",
                  "LogonProcessName": "NtLmSsp",
                  "TargetOutboundDomainName": "-",
                  "TargetLinkedLogonId": "0x0",
                  "LmPackageName": "NTLM V2",
                  "TargetDomainName": "MILLSINC",
                  "SubjectUserName": "-",
                  "TargetUserSid": "S-1-5-21-1841095656-2843128008-524542198-1264",
                  "IpAddress": "10.25.30.71",
                  "KeyLength": 128,
                  "SubjectLogonId": "0x0",
                  "TargetLogonId": "0x1be9ce3",
                  "ElevatedToken": "%%1842",
                  "LogonGuid": "00000000-0000-0000-0000-000000000000",
                  "RestrictedAdminMode": "-",
                  "SubjectDomainName": "-",
                  "LogonType": 3,
                  "VirtualAccount": "%%1843",
                  "TargetOutboundUserName": "-",
                  "WorkstationName": "LT40",
                  "IpPort": "55551",
                  "ImpersonationLevel": "%%1833",
                  "SubjectUserSid": "S-1-0-0",
                  "TransmittedServices": "-",
                  "ProcessId": "0x0",
                  "TargetUserName": "roberts",
                  "ProcessName": "-"
                },
                "System": {
                  "EventID": 4624,
                  "Level": 0,
                  "Provider_attributes": {
                    "Name": "Microsoft-Windows-Security-Auditing",
                    "Guid": "54849625-5478-4994-A5BA-3E3B0328C30D"
                  },
                  "Version": 2,
                  "Task": 12544,
                  "Opcode": 0,
                  "TimeCreated_attributes": {
                    "SystemTime": "2026-01-14T12:37:47.454210Z"
                  },
                  "Execution_attributes": {
                    "ProcessID": 716,
                    "ThreadID": 1992
                  },
                  "Keywords": "0x8020000000000000",
                  "Correlation_attributes": {
                    "ActivityID": "F2B6C865-8505-0002-B7C8-B6F20585DC01"
                  },
                  "EventRecordID": 936115,
                  "Channel": "Security",
                  "Computer": "SQLSERVER.Mills.local",
                  "Security": null
                }
              },
              "Event_attributes": {
                "xmlns": "http://schemas.microsoft.com/win/2004/08/events/event"
              }
            }
          },
          "name": "Network Logon",
          "timestamp": "2026-01-14T12:37:47.454210+00:00",
          "authors": [
            "FranticTyping"
          ],
          "level": "info",
          "source": "chainsaw",
          "status": "stable"
        }
      },
      "raw_refs": [
        "chainsaw.evtx.jsonl:line:288"
      ],
      "provenance": {
        "origin": "baseline",
        "manifest_path": "outputs/jsonl/chainsaw_evtx/f5d1a29d-2446-4a73-a0af-1e1bcc4b41b2/manifest.json"
      }
    },
    {
      "finding_id": "F-f5d1a29d-000289",
      "category": "unknown",
      "summary": "Network Logon",
      "confidence": null,
      "severity": "informational",
      "source": {
        "tool": "chainsaw",
        "rule_id": "RAWREF:chainsaw.evtx.jsonl:line:289",
        "rule_title": "Network Logon"
      },
      "evidence": {
        "event_refs": [
          "chainsaw.evtx.jsonl:line:289"
        ],
        "artifacts": [],
        "timestamps": {
          "first_seen": "2026-01-14T12:37:48.245548+00:00",
          "last_seen": "2026-01-14T12:37:48.245548+00:00"
        },
        "raw": {
          "group": "Lateral Movement",
          "kind": "individual",
          "document": {
            "kind": "evtx",
            "path": "/home/nevermore/cases/intake/evtx/Logs/Security.evtx",
            "data": {
              "Event": {
                "EventData": {
                  "AuthenticationPackageName": "NTLM",
                  "LogonProcessName": "NtLmSsp",
                  "TargetOutboundDomainName": "-",
                  "TargetLinkedLogonId": "0x0",
                  "LmPackageName": "NTLM V2",
                  "TargetDomainName": "MILLSINC",
                  "SubjectUserName": "-",
                  "TargetUserSid": "S-1-5-21-1841095656-2843128008-524542198-3674",
                  "IpAddress": "172.16.1.8",
                  "KeyLength": 128,
                  "SubjectLogonId": "0x0",
                  "TargetLogonId": "0x1be9d4c",
                  "ElevatedToken": "%%1843",
                  "LogonGuid": "00000000-0000-0000-0000-000000000000",
                  "RestrictedAdminMode": "-",
                  "SubjectDomainName": "-",
                  "LogonType": 3,
                  "VirtualAccount": "%%1843",
                  "TargetOutboundUserName": "-",
                  "WorkstationName": "APPS",
                  "IpPort": "60798",
                  "ImpersonationLevel": "%%1833",
                  "SubjectUserSid": "S-1-0-0",
                  "TransmittedServices": "-",
                  "ProcessId": "0x0",
                  "TargetUserName": "APPS$",
                  "ProcessName": "-"
                },
                "System": {
                  "EventID": 4624,
                  "Level": 0,
                  "Provider_attributes": {
                    "Name": "Microsoft-Windows-Security-Auditing",
                    "Guid": "54849625-5478-4994-A5BA-3E3B0328C30D"
                  },
                  "Version": 2,
                  "Task": 12544,
                  "Opcode": 0,
                  "TimeCreated_attributes": {
                    "SystemTime": "2026-01-14T12:37:48.245548Z"
                  },
                  "Execution_attributes": {
                    "ProcessID": 716,
                    "ThreadID": 1992
                  },
                  "Keywords": "0x8020000000000000",
                  "Correlation_attributes": {
                    "ActivityID": "F2B6C865-8505-0002-B7C8-B6F20585DC01"
                  },
                  "EventRecordID": 936117,
                  "Channel": "Security",
                  "Computer": "SQLSERVER.Mills.local",
                  "Security": null
                }
              },
              "Event_attributes": {
                "xmlns": "http://schemas.microsoft.com/win/2004/08/events/event"
              }
            }
          },
          "name": "Network Logon",
          "timestamp": "2026-01-14T12:37:48.245548+00:00",
          "authors": [
            "FranticTyping"
          ],
          "level": "info",
          "source": "chainsaw",
          "status": "stable"
        }
      },
      "raw_refs": [
        "chainsaw.evtx.jsonl:line:289"
      ],
      "provenance": {
        "origin": "baseline",
        "manifest_path": "outputs/jsonl/chainsaw_evtx/f5d1a29d-2446-4a73-a0af-1e1bcc4b41b2/manifest.json"
      }
    },
    {
      "finding_id": "F-f5d1a29d-000290",
      "category": "unknown",
      "summary": "Network Logon",
      "confidence": null,
      "severity": "informational",
      "source": {
        "tool": "chainsaw",
        "rule_id": "RAWREF:chainsaw.evtx.jsonl:line:290",
        "rule_title": "Network Logon"
      },
      "evidence": {
        "event_refs": [
          "chainsaw.evtx.jsonl:line:290"
        ],
        "artifacts": [],
        "timestamps": {
          "first_seen": "2026-01-14T12:38:44.131893+00:00",
          "last_seen": "2026-01-14T12:38:44.131893+00:00"
        },
        "raw": {
          "group": "Lateral Movement",
          "kind": "individual",
          "document": {
            "kind": "evtx",
            "path": "/home/nevermore/cases/intake/evtx/Logs/Security.evtx",
            "data": {
              "Event": {
                "EventData": {
                  "AuthenticationPackageName": "NTLM",
                  "LogonProcessName": "NtLmSsp",
                  "TargetOutboundDomainName": "-",
                  "TargetLinkedLogonId": "0x0",
                  "LmPackageName": "NTLM V2",
                  "TargetDomainName": "MILLSINC",
                  "SubjectUserName": "-",
                  "TargetUserSid": "S-1-5-21-1841095656-2843128008-524542198-3673",
                  "IpAddress": "172.16.1.111",
                  "KeyLength": 128,
                  "SubjectLogonId": "0x0",
                  "TargetLogonId": "0x1bec609",
                  "ElevatedToken": "%%1843",
                  "LogonGuid": "00000000-0000-0000-0000-000000000000",
                  "RestrictedAdminMode": "-",
                  "SubjectDomainName": "-",
                  "LogonType": 3,
                  "VirtualAccount": "%%1843",
                  "TargetOutboundUserName": "-",
                  "WorkstationName": "MOM",
                  "IpPort": "53126",
                  "ImpersonationLevel": "%%1833",
                  "SubjectUserSid": "S-1-0-0",
                  "TransmittedServices": "-",
                  "ProcessId": "0x0",
                  "TargetUserName": "MOM$",
                  "ProcessName": "-"
                },
                "System": {
                  "EventID": 4624,
                  "Level": 0,
                  "Provider_attributes": {
                    "Name": "Microsoft-Windows-Security-Auditing",
                    "Guid": "54849625-5478-4994-A5BA-3E3B0328C30D"
                  },
                  "Version": 2,
                  "Task": 12544,
                  "Opcode": 0,
                  "TimeCreated_attributes": {
                    "SystemTime": "2026-01-14T12:38:44.131893Z"
                  },
                  "Execution_attributes": {
                    "ProcessID": 716,
                    "ThreadID": 4916
                  },
                  "Keywords": "0x8020000000000000",
                  "Correlation_attributes": {
                    "ActivityID": "F2B6C865-8505-0002-B7C8-B6F20585DC01"
                  },
                  "EventRecordID": 936123,
                  "Channel": "Security",
                  "Computer": "SQLSERVER.Mills.local",
                  "Security": null
                }
              },
              "Event_attributes": {
                "xmlns": "http://schemas.microsoft.com/win/2004/08/events/event"
              }
            }
          },
          "name": "Network Logon",
          "timestamp": "2026-01-14T12:38:44.131893+00:00",
          "authors": [
            "FranticTyping"
          ],
          "level": "info",
          "source": "chainsaw",
          "status": "stable"
        }
      },
      "raw_refs": [
        "chainsaw.evtx.jsonl:line:290"
      ],
      "provenance": {
        "origin": "baseline",
        "manifest_path": "outputs/jsonl/chainsaw_evtx/f5d1a29d-2446-4a73-a0af-1e1bcc4b41b2/manifest.json"
      }
    },
    {
      "finding_id": "F-f5d1a29d-000291",
      "category": "unknown",
      "summary": "Network Logon",
      "confidence": null,
      "severity": "informational",
      "source": {
        "tool": "chainsaw",
        "rule_id": "RAWREF:chainsaw.evtx.jsonl:line:291",
        "rule_title": "Network Logon"
      },
      "evidence": {
        "event_refs": [
          "chainsaw.evtx.jsonl:line:291"
        ],
        "artifacts": [],
        "timestamps": {
          "first_seen": "2026-01-14T12:39:04.737146+00:00",
          "last_seen": "2026-01-14T12:39:04.737146+00:00"
        },
        "raw": {
          "group": "Lateral Movement",
          "kind": "individual",
          "document": {
            "kind": "evtx",
            "path": "/home/nevermore/cases/intake/evtx/Logs/Security.evtx",
            "data": {
              "Event": {
                "EventData": {
                  "AuthenticationPackageName": "Kerberos",
                  "LogonProcessName": "Kerberos",
                  "TargetOutboundDomainName": "-",
                  "TargetLinkedLogonId": "0x0",
                  "LmPackageName": "-",
                  "TargetDomainName": "MILLS.LOCAL",
                  "SubjectUserName": "-",
                  "TargetUserSid": "S-1-5-21-1841095656-2843128008-524542198-3673",
                  "IpAddress": "172.16.1.111",
                  "KeyLength": 0,
                  "SubjectLogonId": "0x0",
                  "TargetLogonId": "0x1bed250",
                  "ElevatedToken": "%%1843",
                  "LogonGuid": "BFD49F00-18B9-92C1-3444-AC19B0A49816",
                  "RestrictedAdminMode": "-",
                  "SubjectDomainName": "-",
                  "LogonType": 3,
                  "VirtualAccount": "%%1843",
                  "TargetOutboundUserName": "-",
                  "WorkstationName": "-",
                  "IpPort": "53188",
                  "ImpersonationLevel": "%%1833",
                  "SubjectUserSid": "S-1-0-0",
                  "TransmittedServices": "-",
                  "ProcessId": "0x0",
                  "TargetUserName": "MOM$",
                  "ProcessName": "-"
                },
                "System": {
                  "EventID": 4624,
                  "Level": 0,
                  "Provider_attributes": {
                    "Name": "Microsoft-Windows-Security-Auditing",
                    "Guid": "54849625-5478-4994-A5BA-3E3B0328C30D"
                  },
                  "Version": 2,
                  "Task": 12544,
                  "Opcode": 0,
                  "TimeCreated_attributes": {
                    "SystemTime": "2026-01-14T12:39:04.737146Z"
                  },
                  "Execution_attributes": {
                    "ProcessID": 716,
                    "ThreadID": 4916
                  },
                  "Keywords": "0x8020000000000000",
                  "Correlation_attributes": {
                    "ActivityID": "F2B6C865-8505-0002-B7C8-B6F20585DC01"
                  },
                  "EventRecordID": 936125,
                  "Channel": "Security",
                  "Computer": "SQLSERVER.Mills.local",
                  "Security": null
                }
              },
              "Event_attributes": {
                "xmlns": "http://schemas.microsoft.com/win/2004/08/events/event"
              }
            }
          },
          "name": "Network Logon",
          "timestamp": "2026-01-14T12:39:04.737146+00:00",
          "authors": [
            "FranticTyping"
          ],
          "level": "info",
          "source": "chainsaw",
          "status": "stable"
        }
      },
      "raw_refs": [
        "chainsaw.evtx.jsonl:line:291"
      ],
      "provenance": {
        "origin": "baseline",
        "manifest_path": "outputs/jsonl/chainsaw_evtx/f5d1a29d-2446-4a73-a0af-1e1bcc4b41b2/manifest.json"
      }
    },
