    {
      "finding_id": "F-f5d1a29d-000076",
      "category": "unknown",
      "summary": "Network Logon",
      "confidence": null,
      "severity": "informational",
      "source": {
        "tool": "chainsaw",
        "rule_id": "RAWREF:chainsaw.evtx.jsonl:line:76",
        "rule_title": "Network Logon"
      },
      "evidence": {
        "event_refs": [
          "chainsaw.evtx.jsonl:line:76"
        ],
        "artifacts": [],
        "timestamps": {
          "first_seen": "2026-01-14T11:33:24.417951+00:00",
          "last_seen": "2026-01-14T11:33:24.417951+00:00"
        },
        "raw": {
          "group": "Lateral Movement",
          "kind": "individual",
          "document": {
            "kind": "evtx",
            "path": "/home/nevermore/cases/intake/evtx/Logs/Security.evtx",
            "data": {
              "Event": {
                "EventData": {
                  "AuthenticationPackageName": "NTLM",
                  "LogonProcessName": "NtLmSsp",
                  "TargetOutboundDomainName": "-",
                  "TargetLinkedLogonId": "0x0",
                  "LmPackageName": "NTLM V2",
                  "TargetDomainName": "MILLSINC",
                  "SubjectUserName": "-",
                  "TargetUserSid": "S-1-5-21-1841095656-2843128008-524542198-3673",
                  "IpAddress": "172.16.1.111",
                  "KeyLength": 128,
                  "SubjectLogonId": "0x0",
                  "TargetLogonId": "0x1b2c0dd",
                  "ElevatedToken": "%%1843",
                  "LogonGuid": "00000000-0000-0000-0000-000000000000",
                  "RestrictedAdminMode": "-",
                  "SubjectDomainName": "-",
                  "LogonType": 3,
                  "VirtualAccount": "%%1843",
                  "TargetOutboundUserName": "-",
                  "WorkstationName": "MOM",
                  "IpPort": "59992",
                  "ImpersonationLevel": "%%1833",
                  "SubjectUserSid": "S-1-0-0",
                  "TransmittedServices": "-",
                  "ProcessId": "0x0",
                  "TargetUserName": "MOM$",
                  "ProcessName": "-"
                },
                "System": {
                  "EventID": 4624,
                  "Level": 0,
                  "Provider_attributes": {
                    "Name": "Microsoft-Windows-Security-Auditing",
                    "Guid": "54849625-5478-4994-A5BA-3E3B0328C30D"
                  },
                  "Version": 2,
                  "Task": 12544,
                  "Opcode": 0,
                  "TimeCreated_attributes": {
                    "SystemTime": "2026-01-14T11:33:24.417951Z"
                  },
                  "Execution_attributes": {
                    "ProcessID": 716,
                    "ThreadID": 4916
                  },
                  "Keywords": "0x8020000000000000",
                  "Correlation_attributes": {
                    "ActivityID": "F2B6C865-8505-0002-B7C8-B6F20585DC01"
                  },
                  "EventRecordID": 935378,
                  "Channel": "Security",
                  "Computer": "SQLSERVER.Mills.local",
                  "Security": null
                }
              },
              "Event_attributes": {
                "xmlns": "http://schemas.microsoft.com/win/2004/08/events/event"
              }
            }
          },
          "name": "Network Logon",
          "timestamp": "2026-01-14T11:33:24.417951+00:00",
          "authors": [
            "FranticTyping"
          ],
          "level": "info",
          "source": "chainsaw",
          "status": "stable"
        }
      },
      "raw_refs": [
        "chainsaw.evtx.jsonl:line:76"
      ],
      "provenance": {
        "origin": "baseline",
        "manifest_path": "outputs/jsonl/chainsaw_evtx/f5d1a29d-2446-4a73-a0af-1e1bcc4b41b2/manifest.json"
      }
    },
    {
      "finding_id": "F-f5d1a29d-000077",
      "category": "unknown",
      "summary": "Network Logon",
      "confidence": null,
      "severity": "informational",
      "source": {
        "tool": "chainsaw",
        "rule_id": "RAWREF:chainsaw.evtx.jsonl:line:77",
        "rule_title": "Network Logon"
      },
      "evidence": {
        "event_refs": [
          "chainsaw.evtx.jsonl:line:77"
        ],
        "artifacts": [],
        "timestamps": {
          "first_seen": "2026-01-14T11:34:45.420020+00:00",
          "last_seen": "2026-01-14T11:34:45.420020+00:00"
        },
        "raw": {
          "group": "Lateral Movement",
          "kind": "individual",
          "document": {
            "kind": "evtx",
            "path": "/home/nevermore/cases/intake/evtx/Logs/Security.evtx",
            "data": {
              "Event": {
                "EventData": {
                  "AuthenticationPackageName": "NTLM",
                  "LogonProcessName": "NtLmSsp",
                  "TargetOutboundDomainName": "-",
                  "TargetLinkedLogonId": "0x0",
                  "LmPackageName": "NTLM V2",
                  "TargetDomainName": "MILLSINC",
                  "SubjectUserName": "-",
                  "TargetUserSid": "S-1-5-21-1841095656-2843128008-524542198-3673",
                  "IpAddress": "172.16.1.111",
                  "KeyLength": 128,
                  "SubjectLogonId": "0x0",
                  "TargetLogonId": "0x1b30dba",
                  "ElevatedToken": "%%1843",
                  "LogonGuid": "00000000-0000-0000-0000-000000000000",
                  "RestrictedAdminMode": "-",
                  "SubjectDomainName": "-",
                  "LogonType": 3,
                  "VirtualAccount": "%%1843",
                  "TargetOutboundUserName": "-",
                  "WorkstationName": "MOM",
                  "IpPort": "60182",
                  "ImpersonationLevel": "%%1833",
                  "SubjectUserSid": "S-1-0-0",
                  "TransmittedServices": "-",
                  "ProcessId": "0x0",
                  "TargetUserName": "MOM$",
                  "ProcessName": "-"
                },
                "System": {
                  "EventID": 4624,
                  "Level": 0,
                  "Provider_attributes": {
                    "Name": "Microsoft-Windows-Security-Auditing",
                    "Guid": "54849625-5478-4994-A5BA-3E3B0328C30D"
                  },
                  "Version": 2,
                  "Task": 12544,
                  "Opcode": 0,
                  "TimeCreated_attributes": {
                    "SystemTime": "2026-01-14T11:34:45.420020Z"
                  },
                  "Execution_attributes": {
                    "ProcessID": 716,
                    "ThreadID": 1992
                  },
                  "Keywords": "0x8020000000000000",
                  "Correlation_attributes": {
                    "ActivityID": "F2B6C865-8505-0002-B7C8-B6F20585DC01"
                  },
                  "EventRecordID": 935381,
                  "Channel": "Security",
                  "Computer": "SQLSERVER.Mills.local",
                  "Security": null
                }
              },
              "Event_attributes": {
                "xmlns": "http://schemas.microsoft.com/win/2004/08/events/event"
              }
            }
          },
          "name": "Network Logon",
          "timestamp": "2026-01-14T11:34:45.420020+00:00",
          "authors": [
            "FranticTyping"
          ],
          "level": "info",
          "source": "chainsaw",
          "status": "stable"
        }
      },
      "raw_refs": [
        "chainsaw.evtx.jsonl:line:77"
      ],
      "provenance": {
        "origin": "baseline",
        "manifest_path": "outputs/jsonl/chainsaw_evtx/f5d1a29d-2446-4a73-a0af-1e1bcc4b41b2/manifest.json"
      }
    },
    {
      "finding_id": "F-f5d1a29d-000078",
      "category": "unknown",
      "summary": "Network Logon",
      "confidence": null,
      "severity": "informational",
      "source": {
        "tool": "chainsaw",
        "rule_id": "RAWREF:chainsaw.evtx.jsonl:line:78",
        "rule_title": "Network Logon"
      },
      "evidence": {
        "event_refs": [
          "chainsaw.evtx.jsonl:line:78"
        ],
        "artifacts": [],
        "timestamps": {
          "first_seen": "2026-01-14T11:34:48.270067+00:00",
          "last_seen": "2026-01-14T11:34:48.270067+00:00"
        },
        "raw": {
          "group": "Lateral Movement",
          "kind": "individual",
          "document": {
            "kind": "evtx",
            "path": "/home/nevermore/cases/intake/evtx/Logs/Security.evtx",
            "data": {
              "Event": {
                "EventData": {
                  "AuthenticationPackageName": "NTLM",
                  "LogonProcessName": "NtLmSsp",
                  "TargetOutboundDomainName": "-",
                  "TargetLinkedLogonId": "0x0",
                  "LmPackageName": "NTLM V2",
                  "TargetDomainName": "MILLSINC",
                  "SubjectUserName": "-",
                  "TargetUserSid": "S-1-5-21-1841095656-2843128008-524542198-3674",
                  "IpAddress": "172.16.1.8",
                  "KeyLength": 128,
                  "SubjectLogonId": "0x0",
                  "TargetLogonId": "0x1b30ed9",
                  "ElevatedToken": "%%1843",
                  "LogonGuid": "00000000-0000-0000-0000-000000000000",
                  "RestrictedAdminMode": "-",
                  "SubjectDomainName": "-",
                  "LogonType": 3,
                  "VirtualAccount": "%%1843",
                  "TargetOutboundUserName": "-",
                  "WorkstationName": "APPS",
                  "IpPort": "53651",
                  "ImpersonationLevel": "%%1833",
                  "SubjectUserSid": "S-1-0-0",
                  "TransmittedServices": "-",
                  "ProcessId": "0x0",
                  "TargetUserName": "APPS$",
                  "ProcessName": "-"
                },
                "System": {
                  "EventID": 4624,
                  "Level": 0,
                  "Provider_attributes": {
                    "Name": "Microsoft-Windows-Security-Auditing",
                    "Guid": "54849625-5478-4994-A5BA-3E3B0328C30D"
                  },
                  "Version": 2,
                  "Task": 12544,
                  "Opcode": 0,
                  "TimeCreated_attributes": {
                    "SystemTime": "2026-01-14T11:34:48.270067Z"
                  },
                  "Execution_attributes": {
                    "ProcessID": 716,
                    "ThreadID": 1992
                  },
                  "Keywords": "0x8020000000000000",
                  "Correlation_attributes": {
                    "ActivityID": "F2B6C865-8505-0002-B7C8-B6F20585DC01"
                  },
                  "EventRecordID": 935383,
                  "Channel": "Security",
                  "Computer": "SQLSERVER.Mills.local",
                  "Security": null
                }
              },
              "Event_attributes": {
                "xmlns": "http://schemas.microsoft.com/win/2004/08/events/event"
              }
            }
          },
          "name": "Network Logon",
          "timestamp": "2026-01-14T11:34:48.270067+00:00",
          "authors": [
            "FranticTyping"
          ],
          "level": "info",
          "source": "chainsaw",
          "status": "stable"
        }
      },
      "raw_refs": [
        "chainsaw.evtx.jsonl:line:78"
      ],
      "provenance": {
        "origin": "baseline",
        "manifest_path": "outputs/jsonl/chainsaw_evtx/f5d1a29d-2446-4a73-a0af-1e1bcc4b41b2/manifest.json"
      }
    },
    {
      "finding_id": "F-f5d1a29d-000079",
      "category": "unknown",
      "summary": "Network Logon",
      "confidence": null,
      "severity": "informational",
      "source": {
        "tool": "chainsaw",
        "rule_id": "RAWREF:chainsaw.evtx.jsonl:line:79",
        "rule_title": "Network Logon"
      },
      "evidence": {
        "event_refs": [
          "chainsaw.evtx.jsonl:line:79"
        ],
        "artifacts": [],
        "timestamps": {
          "first_seen": "2026-01-14T11:36:06.470504+00:00",
          "last_seen": "2026-01-14T11:36:06.470504+00:00"
        },
        "raw": {
          "group": "Lateral Movement",
          "kind": "individual",
          "document": {
            "kind": "evtx",
            "path": "/home/nevermore/cases/intake/evtx/Logs/Security.evtx",
            "data": {
              "Event": {
                "EventData": {
                  "AuthenticationPackageName": "NTLM",
                  "LogonProcessName": "NtLmSsp",
                  "TargetOutboundDomainName": "-",
                  "TargetLinkedLogonId": "0x0",
                  "LmPackageName": "NTLM V2",
                  "TargetDomainName": "MILLSINC",
                  "SubjectUserName": "-",
                  "TargetUserSid": "S-1-5-21-1841095656-2843128008-524542198-3673",
                  "IpAddress": "172.16.1.111",
                  "KeyLength": 128,
                  "SubjectLogonId": "0x0",
                  "TargetLogonId": "0x1b34da4",
                  "ElevatedToken": "%%1843",
                  "LogonGuid": "00000000-0000-0000-0000-000000000000",
                  "RestrictedAdminMode": "-",
                  "SubjectDomainName": "-",
                  "LogonType": 3,
                  "VirtualAccount": "%%1843",
                  "TargetOutboundUserName": "-",
                  "WorkstationName": "MOM",
                  "IpPort": "60367",
                  "ImpersonationLevel": "%%1833",
                  "SubjectUserSid": "S-1-0-0",
                  "TransmittedServices": "-",
                  "ProcessId": "0x0",
                  "TargetUserName": "MOM$",
                  "ProcessName": "-"
                },
                "System": {
                  "EventID": 4624,
                  "Level": 0,
                  "Provider_attributes": {
                    "Name": "Microsoft-Windows-Security-Auditing",
                    "Guid": "54849625-5478-4994-A5BA-3E3B0328C30D"
                  },
                  "Version": 2,
                  "Task": 12544,
                  "Opcode": 0,
                  "TimeCreated_attributes": {
                    "SystemTime": "2026-01-14T11:36:06.470504Z"
                  },
                  "Execution_attributes": {
                    "ProcessID": 716,
                    "ThreadID": 4916
                  },
                  "Keywords": "0x8020000000000000",
                  "Correlation_attributes": {
                    "ActivityID": "F2B6C865-8505-0002-B7C8-B6F20585DC01"
                  },
                  "EventRecordID": 935392,
                  "Channel": "Security",
                  "Computer": "SQLSERVER.Mills.local",
                  "Security": null
                }
              },
              "Event_attributes": {
                "xmlns": "http://schemas.microsoft.com/win/2004/08/events/event"
              }
            }
          },
          "name": "Network Logon",
          "timestamp": "2026-01-14T11:36:06.470504+00:00",
          "authors": [
            "FranticTyping"
          ],
          "level": "info",
          "source": "chainsaw",
          "status": "stable"
        }
      },
      "raw_refs": [
        "chainsaw.evtx.jsonl:line:79"
      ],
      "provenance": {
        "origin": "baseline",
        "manifest_path": "outputs/jsonl/chainsaw_evtx/f5d1a29d-2446-4a73-a0af-1e1bcc4b41b2/manifest.json"
      }
    },
    {
      "finding_id": "F-f5d1a29d-000080",
      "category": "unknown",
      "summary": "Network Logon",
      "confidence": null,
      "severity": "informational",
      "source": {
        "tool": "chainsaw",
        "rule_id": "RAWREF:chainsaw.evtx.jsonl:line:80",
        "rule_title": "Network Logon"
      },
      "evidence": {
        "event_refs": [
          "chainsaw.evtx.jsonl:line:80"
        ],
        "artifacts": [],
        "timestamps": {
          "first_seen": "2026-01-14T11:37:27.428370+00:00",
          "last_seen": "2026-01-14T11:37:27.428370+00:00"
        },
        "raw": {
          "group": "Lateral Movement",
          "kind": "individual",
          "document": {
            "kind": "evtx",
            "path": "/home/nevermore/cases/intake/evtx/Logs/Security.evtx",
            "data": {
              "Event": {
                "EventData": {
                  "AuthenticationPackageName": "NTLM",
                  "LogonProcessName": "NtLmSsp",
                  "TargetOutboundDomainName": "-",
                  "TargetLinkedLogonId": "0x0",
                  "LmPackageName": "NTLM V2",
                  "TargetDomainName": "MILLSINC",
                  "SubjectUserName": "-",
                  "TargetUserSid": "S-1-5-21-1841095656-2843128008-524542198-3673",
                  "IpAddress": "172.16.1.111",
                  "KeyLength": 128,
                  "SubjectLogonId": "0x0",
                  "TargetLogonId": "0x1b37e7a",
                  "ElevatedToken": "%%1843",
                  "LogonGuid": "00000000-0000-0000-0000-000000000000",
                  "RestrictedAdminMode": "-",
                  "SubjectDomainName": "-",
                  "LogonType": 3,
                  "VirtualAccount": "%%1843",
                  "TargetOutboundUserName": "-",
                  "WorkstationName": "MOM",
                  "IpPort": "60555",
                  "ImpersonationLevel": "%%1833",
                  "SubjectUserSid": "S-1-0-0",
                  "TransmittedServices": "-",
                  "ProcessId": "0x0",
                  "TargetUserName": "MOM$",
                  "ProcessName": "-"
                },
                "System": {
                  "EventID": 4624,
                  "Level": 0,
                  "Provider_attributes": {
                    "Name": "Microsoft-Windows-Security-Auditing",
                    "Guid": "54849625-5478-4994-A5BA-3E3B0328C30D"
                  },
                  "Version": 2,
                  "Task": 12544,
                  "Opcode": 0,
                  "TimeCreated_attributes": {
                    "SystemTime": "2026-01-14T11:37:27.428370Z"
                  },
                  "Execution_attributes": {
                    "ProcessID": 716,
                    "ThreadID": 1992
                  },
                  "Keywords": "0x8020000000000000",
                  "Correlation_attributes": {
                    "ActivityID": "F2B6C865-8505-0002-B7C8-B6F20585DC01"
                  },
                  "EventRecordID": 935395,
                  "Channel": "Security",
                  "Computer": "SQLSERVER.Mills.local",
                  "Security": null
                }
              },
              "Event_attributes": {
                "xmlns": "http://schemas.microsoft.com/win/2004/08/events/event"
              }
            }
          },
          "name": "Network Logon",
          "timestamp": "2026-01-14T11:37:27.428370+00:00",
          "authors": [
            "FranticTyping"
          ],
          "level": "info",
          "source": "chainsaw",
          "status": "stable"
        }
      },
      "raw_refs": [
        "chainsaw.evtx.jsonl:line:80"
      ],
      "provenance": {
        "origin": "baseline",
        "manifest_path": "outputs/jsonl/chainsaw_evtx/f5d1a29d-2446-4a73-a0af-1e1bcc4b41b2/manifest.json"
      }
    },
    {
      "finding_id": "F-f5d1a29d-000081",
      "category": "unknown",
      "summary": "Network Logon",
      "confidence": null,
      "severity": "informational",
      "source": {
        "tool": "chainsaw",
        "rule_id": "RAWREF:chainsaw.evtx.jsonl:line:81",
        "rule_title": "Network Logon"
      },
      "evidence": {
        "event_refs": [
          "chainsaw.evtx.jsonl:line:81"
        ],
        "artifacts": [],
        "timestamps": {
          "first_seen": "2026-01-14T11:37:48.253946+00:00",
          "last_seen": "2026-01-14T11:37:48.253946+00:00"
        },
        "raw": {
          "group": "Lateral Movement",
          "kind": "individual",
          "document": {
            "kind": "evtx",
            "path": "/home/nevermore/cases/intake/evtx/Logs/Security.evtx",
            "data": {
              "Event": {
                "EventData": {
                  "AuthenticationPackageName": "NTLM",
                  "LogonProcessName": "NtLmSsp",
                  "TargetOutboundDomainName": "-",
                  "TargetLinkedLogonId": "0x0",
                  "LmPackageName": "NTLM V2",
                  "TargetDomainName": "MILLSINC",
                  "SubjectUserName": "-",
                  "TargetUserSid": "S-1-5-21-1841095656-2843128008-524542198-3674",
                  "IpAddress": "172.16.1.8",
                  "KeyLength": 128,
                  "SubjectLogonId": "0x0",
                  "TargetLogonId": "0x1b395ce",
                  "ElevatedToken": "%%1843",
                  "LogonGuid": "00000000-0000-0000-0000-000000000000",
                  "RestrictedAdminMode": "-",
                  "SubjectDomainName": "-",
                  "LogonType": 3,
                  "VirtualAccount": "%%1843",
                  "TargetOutboundUserName": "-",
                  "WorkstationName": "APPS",
                  "IpPort": "53957",
                  "ImpersonationLevel": "%%1833",
                  "SubjectUserSid": "S-1-0-0",
                  "TransmittedServices": "-",
                  "ProcessId": "0x0",
                  "TargetUserName": "APPS$",
                  "ProcessName": "-"
                },
                "System": {
                  "EventID": 4624,
                  "Level": 0,
                  "Provider_attributes": {
                    "Name": "Microsoft-Windows-Security-Auditing",
                    "Guid": "54849625-5478-4994-A5BA-3E3B0328C30D"
                  },
                  "Version": 2,
                  "Task": 12544,
                  "Opcode": 0,
                  "TimeCreated_attributes": {
                    "SystemTime": "2026-01-14T11:37:48.253946Z"
                  },
                  "Execution_attributes": {
                    "ProcessID": 716,
                    "ThreadID": 1992
                  },
                  "Keywords": "0x8020000000000000",
                  "Correlation_attributes": {
                    "ActivityID": "F2B6C865-8505-0002-B7C8-B6F20585DC01"
                  },
                  "EventRecordID": 935397,
                  "Channel": "Security",
                  "Computer": "SQLSERVER.Mills.local",
                  "Security": null
                }
              },
              "Event_attributes": {
                "xmlns": "http://schemas.microsoft.com/win/2004/08/events/event"
              }
            }
          },
          "name": "Network Logon",
          "timestamp": "2026-01-14T11:37:48.253946+00:00",
          "authors": [
            "FranticTyping"
          ],
          "level": "info",
          "source": "chainsaw",
          "status": "stable"
        }
      },
      "raw_refs": [
        "chainsaw.evtx.jsonl:line:81"
      ],
      "provenance": {
        "origin": "baseline",
        "manifest_path": "outputs/jsonl/chainsaw_evtx/f5d1a29d-2446-4a73-a0af-1e1bcc4b41b2/manifest.json"
      }
    },
    {
      "finding_id": "F-f5d1a29d-000082",
      "category": "unknown",
      "summary": "Network Logon",
      "confidence": null,
      "severity": "informational",
      "source": {
        "tool": "chainsaw",
        "rule_id": "RAWREF:chainsaw.evtx.jsonl:line:82",
        "rule_title": "Network Logon"
      },
      "evidence": {
        "event_refs": [
          "chainsaw.evtx.jsonl:line:82"
        ],
        "artifacts": [],
        "timestamps": {
          "first_seen": "2026-01-14T11:38:46.105808+00:00",
          "last_seen": "2026-01-14T11:38:46.105808+00:00"
        },
        "raw": {
          "group": "Lateral Movement",
          "kind": "individual",
          "document": {
            "kind": "evtx",
            "path": "/home/nevermore/cases/intake/evtx/Logs/Security.evtx",
            "data": {
              "Event": {
                "EventData": {
                  "AuthenticationPackageName": "NTLM",
                  "LogonProcessName": "NtLmSsp",
                  "TargetOutboundDomainName": "-",
                  "TargetLinkedLogonId": "0x0",
                  "LmPackageName": "NTLM V2",
                  "TargetDomainName": "MILLSINC",
                  "SubjectUserName": "-",
                  "TargetUserSid": "S-1-5-21-1841095656-2843128008-524542198-3673",
                  "IpAddress": "172.16.1.111",
                  "KeyLength": 128,
                  "SubjectLogonId": "0x0",
                  "TargetLogonId": "0x1b3bdfc",
                  "ElevatedToken": "%%1843",
                  "LogonGuid": "00000000-0000-0000-0000-000000000000",
                  "RestrictedAdminMode": "-",
                  "SubjectDomainName": "-",
                  "LogonType": 3,
                  "VirtualAccount": "%%1843",
                  "TargetOutboundUserName": "-",
                  "WorkstationName": "MOM",
                  "IpPort": "60737",
                  "ImpersonationLevel": "%%1833",
                  "SubjectUserSid": "S-1-0-0",
                  "TransmittedServices": "-",
                  "ProcessId": "0x0",
                  "TargetUserName": "MOM$",
                  "ProcessName": "-"
                },
                "System": {
                  "EventID": 4624,
                  "Level": 0,
                  "Provider_attributes": {
                    "Name": "Microsoft-Windows-Security-Auditing",
                    "Guid": "54849625-5478-4994-A5BA-3E3B0328C30D"
                  },
                  "Version": 2,
                  "Task": 12544,
                  "Opcode": 0,
                  "TimeCreated_attributes": {
                    "SystemTime": "2026-01-14T11:38:46.105808Z"
                  },
                  "Execution_attributes": {
                    "ProcessID": 716,
                    "ThreadID": 4916
                  },
                  "Keywords": "0x8020000000000000",
                  "Correlation_attributes": {
                    "ActivityID": "F2B6C865-8505-0002-B7C8-B6F20585DC01"
                  },
                  "EventRecordID": 935401,
                  "Channel": "Security",
                  "Computer": "SQLSERVER.Mills.local",
                  "Security": null
                }
              },
              "Event_attributes": {
                "xmlns": "http://schemas.microsoft.com/win/2004/08/events/event"
              }
            }
          },
          "name": "Network Logon",
          "timestamp": "2026-01-14T11:38:46.105808+00:00",
          "authors": [
            "FranticTyping"
          ],
          "level": "info",
          "source": "chainsaw",
          "status": "stable"
        }
      },
      "raw_refs": [
        "chainsaw.evtx.jsonl:line:82"
      ],
      "provenance": {
        "origin": "baseline",
        "manifest_path": "outputs/jsonl/chainsaw_evtx/f5d1a29d-2446-4a73-a0af-1e1bcc4b41b2/manifest.json"
      }
    },
    {
      "finding_id": "F-f5d1a29d-000083",
      "category": "unknown",
      "summary": "Network Logon",
      "confidence": null,
      "severity": "informational",
      "source": {
        "tool": "chainsaw",
        "rule_id": "RAWREF:chainsaw.evtx.jsonl:line:83",
        "rule_title": "Network Logon"
      },
      "evidence": {
        "event_refs": [
          "chainsaw.evtx.jsonl:line:83"
        ],
        "artifacts": [],
        "timestamps": {
          "first_seen": "2026-01-14T11:39:03.982226+00:00",
          "last_seen": "2026-01-14T11:39:03.982226+00:00"
        },
        "raw": {
          "group": "Lateral Movement",
          "kind": "individual",
          "document": {
            "kind": "evtx",
            "path": "/home/nevermore/cases/intake/evtx/Logs/Security.evtx",
            "data": {
              "Event": {
                "EventData": {
                  "AuthenticationPackageName": "Kerberos",
                  "LogonProcessName": "Kerberos",
                  "TargetOutboundDomainName": "-",
                  "TargetLinkedLogonId": "0x0",
                  "LmPackageName": "-",
                  "TargetDomainName": "MILLS.LOCAL",
                  "SubjectUserName": "-",
                  "TargetUserSid": "S-1-5-21-1841095656-2843128008-524542198-3673",
                  "IpAddress": "172.16.1.111",
                  "KeyLength": 0,
                  "SubjectLogonId": "0x0",
                  "TargetLogonId": "0x1b3c972",
                  "ElevatedToken": "%%1843",
                  "LogonGuid": "BFD49F00-18B9-92C1-3444-AC19B0A49816",
                  "RestrictedAdminMode": "-",
                  "SubjectDomainName": "-",
                  "LogonType": 3,
                  "VirtualAccount": "%%1843",
                  "TargetOutboundUserName": "-",
                  "WorkstationName": "-",
                  "IpPort": "60791",
                  "ImpersonationLevel": "%%1833",
                  "SubjectUserSid": "S-1-0-0",
                  "TransmittedServices": "-",
                  "ProcessId": "0x0",
                  "TargetUserName": "MOM$",
                  "ProcessName": "-"
                },
                "System": {
                  "EventID": 4624,
                  "Level": 0,
                  "Provider_attributes": {
                    "Name": "Microsoft-Windows-Security-Auditing",
                    "Guid": "54849625-5478-4994-A5BA-3E3B0328C30D"
                  },
                  "Version": 2,
                  "Task": 12544,
                  "Opcode": 0,
                  "TimeCreated_attributes": {
                    "SystemTime": "2026-01-14T11:39:03.982226Z"
                  },
                  "Execution_attributes": {
                    "ProcessID": 716,
                    "ThreadID": 4916
                  },
                  "Keywords": "0x8020000000000000",
                  "Correlation_attributes": {
                    "ActivityID": "F2B6C865-8505-0002-B7C8-B6F20585DC01"
                  },
                  "EventRecordID": 935403,
                  "Channel": "Security",
                  "Computer": "SQLSERVER.Mills.local",
                  "Security": null
                }
              },
              "Event_attributes": {
                "xmlns": "http://schemas.microsoft.com/win/2004/08/events/event"
              }
            }
          },
          "name": "Network Logon",
          "timestamp": "2026-01-14T11:39:03.982226+00:00",
          "authors": [
            "FranticTyping"
          ],
          "level": "info",
          "source": "chainsaw",
          "status": "stable"
        }
      },
      "raw_refs": [
        "chainsaw.evtx.jsonl:line:83"
      ],
      "provenance": {
        "origin": "baseline",
        "manifest_path": "outputs/jsonl/chainsaw_evtx/f5d1a29d-2446-4a73-a0af-1e1bcc4b41b2/manifest.json"
      }
    },
    {
      "finding_id": "F-f5d1a29d-000084",
      "category": "unknown",
      "summary": "Network Logon",
      "confidence": null,
      "severity": "informational",
      "source": {
        "tool": "chainsaw",
        "rule_id": "RAWREF:chainsaw.evtx.jsonl:line:84",
        "rule_title": "Network Logon"
      },
      "evidence": {
        "event_refs": [
          "chainsaw.evtx.jsonl:line:84"
        ],
        "artifacts": [],
        "timestamps": {
          "first_seen": "2026-01-14T11:40:02.016224+00:00",
          "last_seen": "2026-01-14T11:40:02.016224+00:00"
        },
        "raw": {
          "group": "Lateral Movement",
          "kind": "individual",
          "document": {
            "kind": "evtx",
            "path": "/home/nevermore/cases/intake/evtx/Logs/Security.evtx",
            "data": {
              "Event": {
                "EventData": {
                  "AuthenticationPackageName": "NTLM",
                  "LogonProcessName": "NtLmSsp",
                  "TargetOutboundDomainName": "-",
                  "TargetLinkedLogonId": "0x0",
                  "LmPackageName": "NTLM V2",
                  "TargetDomainName": "MILLSINC",
                  "SubjectUserName": "-",
                  "TargetUserSid": "S-1-5-21-1841095656-2843128008-524542198-3673",
                  "IpAddress": "172.16.1.111",
                  "KeyLength": 128,
                  "SubjectLogonId": "0x0",
                  "TargetLogonId": "0x1b3f310",
                  "ElevatedToken": "%%1843",
                  "LogonGuid": "00000000-0000-0000-0000-000000000000",
                  "RestrictedAdminMode": "-",
                  "SubjectDomainName": "-",
                  "LogonType": 3,
                  "VirtualAccount": "%%1843",
                  "TargetOutboundUserName": "-",
                  "WorkstationName": "MOM",
                  "IpPort": "60920",
                  "ImpersonationLevel": "%%1833",
                  "SubjectUserSid": "S-1-0-0",
                  "TransmittedServices": "-",
                  "ProcessId": "0x0",
                  "TargetUserName": "MOM$",
                  "ProcessName": "-"
                },
                "System": {
                  "EventID": 4624,
                  "Level": 0,
                  "Provider_attributes": {
                    "Name": "Microsoft-Windows-Security-Auditing",
                    "Guid": "54849625-5478-4994-A5BA-3E3B0328C30D"
                  },
                  "Version": 2,
                  "Task": 12544,
                  "Opcode": 0,
                  "TimeCreated_attributes": {
                    "SystemTime": "2026-01-14T11:40:02.016224Z"
                  },
                  "Execution_attributes": {
                    "ProcessID": 716,
                    "ThreadID": 1992
                  },
                  "Keywords": "0x8020000000000000",
                  "Correlation_attributes": {
                    "ActivityID": "F2B6C865-8505-0002-B7C8-B6F20585DC01"
                  },
                  "EventRecordID": 935407,
                  "Channel": "Security",
                  "Computer": "SQLSERVER.Mills.local",
                  "Security": null
                }
              },
              "Event_attributes": {
                "xmlns": "http://schemas.microsoft.com/win/2004/08/events/event"
              }
            }
          },
          "name": "Network Logon",
          "timestamp": "2026-01-14T11:40:02.016224+00:00",
          "authors": [
            "FranticTyping"
          ],
          "level": "info",
          "source": "chainsaw",
          "status": "stable"
        }
      },
      "raw_refs": [
        "chainsaw.evtx.jsonl:line:84"
      ],
      "provenance": {
        "origin": "baseline",
        "manifest_path": "outputs/jsonl/chainsaw_evtx/f5d1a29d-2446-4a73-a0af-1e1bcc4b41b2/manifest.json"
      }
    },
    {
      "finding_id": "F-f5d1a29d-000085",
      "category": "unknown",
      "summary": "Network Logon",
      "confidence": null,
      "severity": "informational",
      "source": {
        "tool": "chainsaw",
        "rule_id": "RAWREF:chainsaw.evtx.jsonl:line:85",
        "rule_title": "Network Logon"
      },
      "evidence": {
        "event_refs": [
          "chainsaw.evtx.jsonl:line:85"
        ],
        "artifacts": [],
        "timestamps": {
          "first_seen": "2026-01-14T11:40:22.974944+00:00",
          "last_seen": "2026-01-14T11:40:22.974944+00:00"
        },
        "raw": {
          "group": "Lateral Movement",
          "kind": "individual",
          "document": {
            "kind": "evtx",
            "path": "/home/nevermore/cases/intake/evtx/Logs/Security.evtx",
            "data": {
              "Event": {
                "EventData": {
                  "AuthenticationPackageName": "Kerberos",
                  "LogonProcessName": "Kerberos",
                  "TargetOutboundDomainName": "-",
                  "TargetLinkedLogonId": "0x0",
                  "LmPackageName": "-",
                  "TargetDomainName": "MILLS.LOCAL",
                  "SubjectUserName": "-",
                  "TargetUserSid": "S-1-5-21-1841095656-2843128008-524542198-3673",
                  "IpAddress": "172.16.1.111",
                  "KeyLength": 0,
                  "SubjectLogonId": "0x0",
                  "TargetLogonId": "0x1b3f991",
                  "ElevatedToken": "%%1843",
                  "LogonGuid": "BFD49F00-18B9-92C1-3444-AC19B0A49816",
                  "RestrictedAdminMode": "-",
                  "SubjectDomainName": "-",
                  "LogonType": 3,
                  "VirtualAccount": "%%1843",
                  "TargetOutboundUserName": "-",
                  "WorkstationName": "-",
                  "IpPort": "60980",
                  "ImpersonationLevel": "%%1833",
                  "SubjectUserSid": "S-1-0-0",
                  "TransmittedServices": "-",
                  "ProcessId": "0x0",
                  "TargetUserName": "MOM$",
                  "ProcessName": "-"
                },
                "System": {
                  "EventID": 4624,
                  "Level": 0,
                  "Provider_attributes": {
                    "Name": "Microsoft-Windows-Security-Auditing",
                    "Guid": "54849625-5478-4994-A5BA-3E3B0328C30D"
                  },
                  "Version": 2,
                  "Task": 12544,
                  "Opcode": 0,
                  "TimeCreated_attributes": {
                    "SystemTime": "2026-01-14T11:40:22.974944Z"
                  },
                  "Execution_attributes": {
                    "ProcessID": 716,
                    "ThreadID": 1992
                  },
                  "Keywords": "0x8020000000000000",
                  "Correlation_attributes": {
                    "ActivityID": "F2B6C865-8505-0002-B7C8-B6F20585DC01"
                  },
                  "EventRecordID": 935409,
                  "Channel": "Security",
                  "Computer": "SQLSERVER.Mills.local",
                  "Security": null
                }
              },
              "Event_attributes": {
                "xmlns": "http://schemas.microsoft.com/win/2004/08/events/event"
              }
            }
          },
          "name": "Network Logon",
          "timestamp": "2026-01-14T11:40:22.974944+00:00",
          "authors": [
            "FranticTyping"
          ],
          "level": "info",
          "source": "chainsaw",
          "status": "stable"
        }
      },
      "raw_refs": [
        "chainsaw.evtx.jsonl:line:85"
      ],
      "provenance": {
        "origin": "baseline",
        "manifest_path": "outputs/jsonl/chainsaw_evtx/f5d1a29d-2446-4a73-a0af-1e1bcc4b41b2/manifest.json"
      }
    },
    {
      "finding_id": "F-f5d1a29d-000086",
      "category": "unknown",
      "summary": "Network Logon",
      "confidence": null,
      "severity": "informational",
      "source": {
        "tool": "chainsaw",
        "rule_id": "RAWREF:chainsaw.evtx.jsonl:line:86",
        "rule_title": "Network Logon"
      },
      "evidence": {
        "event_refs": [
          "chainsaw.evtx.jsonl:line:86"
        ],
        "artifacts": [],
        "timestamps": {
          "first_seen": "2026-01-14T11:40:48.074146+00:00",
          "last_seen": "2026-01-14T11:40:48.074146+00:00"
        },
        "raw": {
          "group": "Lateral Movement",
          "kind": "individual",
          "document": {
            "kind": "evtx",
            "path": "/home/nevermore/cases/intake/evtx/Logs/Security.evtx",
            "data": {
              "Event": {
                "EventData": {
                  "AuthenticationPackageName": "NTLM",
                  "LogonProcessName": "NtLmSsp",
                  "TargetOutboundDomainName": "-",
                  "TargetLinkedLogonId": "0x0",
                  "LmPackageName": "NTLM V2",
                  "TargetDomainName": "MILLSINC",
                  "SubjectUserName": "-",
                  "TargetUserSid": "S-1-5-21-1841095656-2843128008-524542198-3674",
                  "IpAddress": "172.16.1.8",
                  "KeyLength": 128,
                  "SubjectLogonId": "0x0",
                  "TargetLogonId": "0x1b411b2",
                  "ElevatedToken": "%%1843",
                  "LogonGuid": "00000000-0000-0000-0000-000000000000",
                  "RestrictedAdminMode": "-",
                  "SubjectDomainName": "-",
                  "LogonType": 3,
                  "VirtualAccount": "%%1843",
                  "TargetOutboundUserName": "-",
                  "WorkstationName": "APPS",
                  "IpPort": "54248",
                  "ImpersonationLevel": "%%1833",
                  "SubjectUserSid": "S-1-0-0",
                  "TransmittedServices": "-",
                  "ProcessId": "0x0",
                  "TargetUserName": "APPS$",
                  "ProcessName": "-"
                },
                "System": {
                  "EventID": 4624,
                  "Level": 0,
                  "Provider_attributes": {
                    "Name": "Microsoft-Windows-Security-Auditing",
                    "Guid": "54849625-5478-4994-A5BA-3E3B0328C30D"
                  },
                  "Version": 2,
                  "Task": 12544,
                  "Opcode": 0,
                  "TimeCreated_attributes": {
                    "SystemTime": "2026-01-14T11:40:48.074146Z"
                  },
                  "Execution_attributes": {
                    "ProcessID": 716,
                    "ThreadID": 1992
                  },
                  "Keywords": "0x8020000000000000",
                  "Correlation_attributes": {
                    "ActivityID": "F2B6C865-8505-0002-B7C8-B6F20585DC01"
                  },
                  "EventRecordID": 935412,
                  "Channel": "Security",
                  "Computer": "SQLSERVER.Mills.local",
                  "Security": null
                }
              },
              "Event_attributes": {
                "xmlns": "http://schemas.microsoft.com/win/2004/08/events/event"
              }
            }
          },
          "name": "Network Logon",
          "timestamp": "2026-01-14T11:40:48.074146+00:00",
          "authors": [
            "FranticTyping"
          ],
          "level": "info",
          "source": "chainsaw",
          "status": "stable"
        }
      },
      "raw_refs": [
        "chainsaw.evtx.jsonl:line:86"
      ],
      "provenance": {
        "origin": "baseline",
        "manifest_path": "outputs/jsonl/chainsaw_evtx/f5d1a29d-2446-4a73-a0af-1e1bcc4b41b2/manifest.json"
      }
    },
    {
      "finding_id": "F-f5d1a29d-000087",
      "category": "unknown",
      "summary": "Network Logon",
      "confidence": null,
      "severity": "informational",
      "source": {
        "tool": "chainsaw",
        "rule_id": "RAWREF:chainsaw.evtx.jsonl:line:87",
        "rule_title": "Network Logon"
      },
      "evidence": {
        "event_refs": [
          "chainsaw.evtx.jsonl:line:87"
        ],
        "artifacts": [],
        "timestamps": {
          "first_seen": "2026-01-14T11:40:59.570029+00:00",
          "last_seen": "2026-01-14T11:40:59.570029+00:00"
        },
        "raw": {
          "group": "Lateral Movement",
          "kind": "individual",
          "document": {
            "kind": "evtx",
            "path": "/home/nevermore/cases/intake/evtx/Logs/Security.evtx",
            "data": {
              "Event": {
                "EventData": {
                  "AuthenticationPackageName": "NTLM",
                  "LogonProcessName": "NtLmSsp",
                  "TargetOutboundDomainName": "-",
                  "TargetLinkedLogonId": "0x0",
                  "LmPackageName": "NTLM V2",
                  "TargetDomainName": "MILLSINC",
                  "SubjectUserName": "-",
                  "TargetUserSid": "S-1-5-21-1841095656-2843128008-524542198-1264",
                  "IpAddress": "10.25.30.71",
                  "KeyLength": 128,
                  "SubjectLogonId": "0x0",
                  "TargetLogonId": "0x1b41bc1",
                  "ElevatedToken": "%%1842",
                  "LogonGuid": "00000000-0000-0000-0000-000000000000",
                  "RestrictedAdminMode": "-",
                  "SubjectDomainName": "-",
                  "LogonType": 3,
                  "VirtualAccount": "%%1843",
                  "TargetOutboundUserName": "-",
                  "WorkstationName": "LT40",
                  "IpPort": "54414",
                  "ImpersonationLevel": "%%1833",
                  "SubjectUserSid": "S-1-0-0",
                  "TransmittedServices": "-",
                  "ProcessId": "0x0",
                  "TargetUserName": "roberts",
                  "ProcessName": "-"
                },
                "System": {
                  "EventID": 4624,
                  "Level": 0,
                  "Provider_attributes": {
                    "Name": "Microsoft-Windows-Security-Auditing",
                    "Guid": "54849625-5478-4994-A5BA-3E3B0328C30D"
                  },
                  "Version": 2,
                  "Task": 12544,
                  "Opcode": 0,
                  "TimeCreated_attributes": {
                    "SystemTime": "2026-01-14T11:40:59.570029Z"
                  },
                  "Execution_attributes": {
                    "ProcessID": 716,
                    "ThreadID": 1992
                  },
                  "Keywords": "0x8020000000000000",
                  "Correlation_attributes": {
                    "ActivityID": "F2B6C865-8505-0002-B7C8-B6F20585DC01"
                  },
                  "EventRecordID": 935416,
                  "Channel": "Security",
                  "Computer": "SQLSERVER.Mills.local",
                  "Security": null
                }
              },
              "Event_attributes": {
                "xmlns": "http://schemas.microsoft.com/win/2004/08/events/event"
              }
            }
          },
          "name": "Network Logon",
          "timestamp": "2026-01-14T11:40:59.570029+00:00",
          "authors": [
            "FranticTyping"
          ],
          "level": "info",
          "source": "chainsaw",
          "status": "stable"
        }
      },
      "raw_refs": [
        "chainsaw.evtx.jsonl:line:87"
      ],
      "provenance": {
        "origin": "baseline",
        "manifest_path": "outputs/jsonl/chainsaw_evtx/f5d1a29d-2446-4a73-a0af-1e1bcc4b41b2/manifest.json"
      }
    },
