{
  "run_metadata": {
    "run_id": "c4819f7f-6f10-4105-82d3-34a3d9755b67",
    "timestamp_utc": "2026-03-03T22:49:48Z",
    "environment": {
      "hostname": "siftworkstation",
      "os": "Ubuntu 22.04.5 LTS",
      "timezone": "Etc/UTC"
    },
    "pipeline": {
      "name": "case-merge",
      "version": "0.1.0"
    },
    "inputs": {
      "intake_dir": "outputs/intake/54c69a3c-1ba6-44c2-9ece-52363fe1d1ff",
      "auto_json": {
        "path": "outputs/intake/54c69a3c-1ba6-44c2-9ece-52363fe1d1ff/auto.json",
        "sha256": "a425db476b70ef858bbf8affea5a0d20550e41ce116a53b4e615491be9cd34f5",
        "size_bytes": 887
      },
      "baseline_manifest": {
        "path": "outputs/jsonl/chainsaw_evtx/f5d1a29d-2446-4a73-a0af-1e1bcc4b41b2/manifest.json",
        "sha256": "d2c0f8fa1e444406db10579b7334a7ab8d627b5a85be31b4fb1b8db44deaeabf",
        "size_bytes": 82499
      },
      "baseline_findings": {
        "path": "outputs/jsonl/chainsaw_evtx/f5d1a29d-2446-4a73-a0af-1e1bcc4b41b2/findings.json",
        "sha256": "f8a7c306f76d0a2658e02d9aa99c43f6ddeee6718f84c879e7bdae930a8d2dae",
        "size_bytes": 1306866
      },
      "enrichment_json": {
        "path": "outputs/intake/54c69a3c-1ba6-44c2-9ece-52363fe1d1ff/enrichment.json",
        "sha256": "c182921ca5320c4960983a78d6be7af75cb972144af543358321b0dbbe1f6af3",
        "size_bytes": 963
      },
      "enrichment_manifest": {
        "path": "outputs/jsonl/hayabusa_evtx/893d610c-bb8e-4257-8ed7-c1bd80ae296d/manifest.json",
        "sha256": "67e0152a641d2ebeda7bc649d2596f23759e5f1ff097b851bc04be7db4865e35",
        "size_bytes": 82831
      },
      "enrichment_findings": {
        "path": "/home/nevermore/dfir-agentic/outputs/jsonl/hayabusa_evtx/893d610c-bb8e-4257-8ed7-c1bd80ae296d/findings.json",
        "sha256": "649c036efdd830176edd805b6a19bd7e04f54df650c5234a0c486a75ab0453bb",
        "size_bytes": 1261724
      }
    },
    "case_context": {
      "intake_id": "54c69a3c-1ba6-44c2-9ece-52363fe1d1ff",
      "baseline_pipeline": {
        "name": "chainsaw-evtx",
        "version": "0.1.0"
      },
      "has_enrichment": true,
      "enrichment_status": "ok",
      "upstream_case_run_id": null
    }
  },
  "findings": [
    {
      "finding_id": "F-f5d1a29d-000001",
      "category": "unknown",
      "summary": "User Profile Disk - Registry file loaded",
      "confidence": null,
      "severity": "informational",
      "source": {
        "tool": "chainsaw",
        "rule_id": "RAWREF:chainsaw.evtx.jsonl:line:1",
        "rule_title": "User Profile Disk - Registry file loaded"
      },
      "evidence": {
        "event_refs": [
          "chainsaw.evtx.jsonl:line:1"
        ],
        "artifacts": [],
        "timestamps": {
          "first_seen": "2026-01-14T12:51:49.560663+00:00",
          "last_seen": "2026-01-14T12:51:49.560663+00:00"
        },
        "raw": {
          "group": "Microsoft RDS Events - User Profile Disk",
          "kind": "individual",
          "document": {
            "kind": "evtx",
            "path": "/home/nevermore/cases/intake/evtx/Logs/Microsoft-Windows-User Profile Service%254Operational.evtx",
            "data": {
              "Event": {
                "EventData": {
                  "File": "C:\\Users\\informatica\\ntuser.dat",
                  "Key": "S-1-5-21-1841095656-2843128008-524542198-3682"
                },
                "System": {
                  "EventID": 5,
                  "Level": 4,
                  "Provider_attributes": {
                    "Name": "Microsoft-Windows-User Profiles Service",
                    "Guid": "89B1E9F0-5AFF-44A6-9B44-0A07A7CE5845"
                  },
                  "Version": 0,
                  "Task": 0,
                  "Opcode": 0,
                  "TimeCreated_attributes": {
                    "SystemTime": "2026-01-14T12:51:49.560663Z"
                  },
                  "Execution_attributes": {
                    "ProcessID": 1444,
                    "ThreadID": 1732
                  },
                  "Correlation": null,
                  "Keywords": "0x4000000000000000",
                  "Security_attributes": {
                    "UserID": "S-1-5-18"
                  },
                  "EventRecordID": 6636,
                  "Channel": "Microsoft-Windows-User Profile Service/Operational",
                  "Computer": "SQLSERVER.Mills.local"
                }
              },
              "Event_attributes": {
                "xmlns": "http://schemas.microsoft.com/win/2004/08/events/event"
              }
            }
          },
          "name": "User Profile Disk - Registry file loaded",
          "timestamp": "2026-01-14T12:51:49.560663+00:00",
          "authors": [
            "Catarina de Faria"
          ],
          "level": "info",
          "source": "chainsaw",
          "status": "stable"
        }
      },
      "raw_refs": [
        "chainsaw.evtx.jsonl:line:1"
      ],
      "provenance": {
        "origin": "baseline",
        "manifest_path": "outputs/jsonl/chainsaw_evtx/f5d1a29d-2446-4a73-a0af-1e1bcc4b41b2/manifest.json"
      }
    },
    {
      "finding_id": "F-f5d1a29d-000002",
      "category": "unknown",
      "summary": "User Profile Disk - Registry file loaded",
      "confidence": null,
      "severity": "informational",
      "source": {
        "tool": "chainsaw",
        "rule_id": "RAWREF:chainsaw.evtx.jsonl:line:2",
        "rule_title": "User Profile Disk - Registry file loaded"
      },
      "evidence": {
        "event_refs": [
          "chainsaw.evtx.jsonl:line:2"
        ],
        "artifacts": [],
        "timestamps": {
          "first_seen": "2026-01-14T12:51:49.648018+00:00",
          "last_seen": "2026-01-14T12:51:49.648018+00:00"
        },
        "raw": {
          "group": "Microsoft RDS Events - User Profile Disk",
          "kind": "individual",
          "document": {
            "kind": "evtx",
            "path": "/home/nevermore/cases/intake/evtx/Logs/Microsoft-Windows-User Profile Service%254Operational.evtx",
            "data": {
              "Event": {
                "EventData": {
                  "File": "C:\\Users\\informatica\\AppData\\Local\\Microsoft\\Windows\\\\UsrClass.dat",
                  "Key": "S-1-5-21-1841095656-2843128008-524542198-3682_Classes"
                },
                "System": {
                  "EventID": 5,
                  "Level": 4,
                  "Provider_attributes": {
                    "Name": "Microsoft-Windows-User Profiles Service",
                    "Guid": "89B1E9F0-5AFF-44A6-9B44-0A07A7CE5845"
                  },
                  "Version": 0,
                  "Task": 0,
                  "Opcode": 0,
                  "TimeCreated_attributes": {
                    "SystemTime": "2026-01-14T12:51:49.648018Z"
                  },
                  "Execution_attributes": {
                    "ProcessID": 1444,
                    "ThreadID": 1732
                  },
                  "Correlation": null,
                  "Keywords": "0x4000000000000000",
                  "Security_attributes": {
                    "UserID": "S-1-5-18"
                  },
                  "EventRecordID": 6638,
                  "Channel": "Microsoft-Windows-User Profile Service/Operational",
                  "Computer": "SQLSERVER.Mills.local"
                }
              },
              "Event_attributes": {
                "xmlns": "http://schemas.microsoft.com/win/2004/08/events/event"
              }
            }
          },
          "name": "User Profile Disk - Registry file loaded",
          "timestamp": "2026-01-14T12:51:49.648018+00:00",
          "authors": [
            "Catarina de Faria"
          ],
          "level": "info",
          "source": "chainsaw",
          "status": "stable"
        }
      },
      "raw_refs": [
        "chainsaw.evtx.jsonl:line:2"
      ],
      "provenance": {
        "origin": "baseline",
        "manifest_path": "outputs/jsonl/chainsaw_evtx/f5d1a29d-2446-4a73-a0af-1e1bcc4b41b2/manifest.json"
      }
    },
    {
      "finding_id": "F-f5d1a29d-000003",
      "category": "unknown",
      "summary": "PowerShell - Engine state is changed from Available to Stopped",
      "confidence": null,
      "severity": "informational",
      "source": {
        "tool": "chainsaw",
        "rule_id": "RAWREF:chainsaw.evtx.jsonl:line:3",
        "rule_title": "PowerShell - Engine state is changed from Available to Stopped"
      },
      "evidence": {
        "event_refs": [
          "chainsaw.evtx.jsonl:line:3"
        ],
        "artifacts": [],
        "timestamps": {
          "first_seen": "2026-01-14T10:49:44.573258+00:00",
          "last_seen": "2026-01-14T10:49:44.573258+00:00"
        },
        "raw": {
          "group": "PowerShell Engine State",
          "kind": "individual",
          "document": {
            "kind": "evtx",
            "path": "/home/nevermore/cases/intake/evtx/Logs/Windows PowerShell.evtx",
            "data": {
              "Event": {
                "EventData": {
                  "Binary": null,
                  "Data": [
                    "Stopped",
                    "Available",
                    "\tNewEngineState=Stopped\r\n\tPreviousEngineState=Available\r\n\r\n\tSequenceNumber=15\r\n\r\n\tHostName=ConsoleHost\r\n\tHostVersion=5.1.17763.8146\r\n\tHostId=0b1a9ff7-0fed-4688-b2e1-7f42bbdff958\r\n\tHostApplication=powershell $logs = Get-WinEvent -ListLog * | Where-Object {$_.RecordCount} | Select-Object -ExpandProperty LogName ; ForEach ( $l in $logs | Sort | Get-Unique ) {[System.Diagnostics.Eventing.Reader.EventLogSession]::GlobalSession.ClearLog($l)}\r\n\tEngineVersion=5.1.17763.8146\r\n\tRunspaceId=3ffd16a6-5589-4c76-b127-c3fb173bbf05\r\n\tPipelineId=\r\n\tCommandName=\r\n\tCommandType=\r\n\tScriptName=\r\n\tCommandPath=\r\n\tCommandLine="
                  ]
                },
                "System": {
                  "EventID": 403,
                  "Level": 4,
                  "Provider_attributes": {
                    "Name": "PowerShell"
                  },
                  "EventID_attributes": {
                    "Qualifiers": 0
                  },
                  "Task": 4,
                  "TimeCreated_attributes": {
                    "SystemTime": "2026-01-14T10:49:44.573258Z"
                  },
                  "Keywords": "0x80000000000000",
                  "EventRecordID": 11172,
                  "Channel": "Windows PowerShell",
                  "Computer": "SQLSERVER.Mills.local",
                  "Security": null
                }
              },
              "Event_attributes": {
                "xmlns": "http://schemas.microsoft.com/win/2004/08/events/event"
              }
            }
          },
          "name": "PowerShell - Engine state is changed from Available to Stopped",
          "timestamp": "2026-01-14T10:49:44.573258+00:00",
          "authors": [
            "Reece394"
          ],
          "level": "info",
          "source": "chainsaw",
          "status": "stable"
        }
      },
      "raw_refs": [
        "chainsaw.evtx.jsonl:line:3"
      ],
      "provenance": {
        "origin": "baseline",
        "manifest_path": "outputs/jsonl/chainsaw_evtx/f5d1a29d-2446-4a73-a0af-1e1bcc4b41b2/manifest.json"
      }
    },
    {
      "finding_id": "F-f5d1a29d-000004",
      "category": "unknown",
      "summary": "System Logs Cleared",
      "confidence": null,
      "severity": "high",
      "source": {
        "tool": "chainsaw",
        "rule_id": "RAWREF:chainsaw.evtx.jsonl:line:4",
        "rule_title": "System Logs Cleared"
      },
      "evidence": {
        "event_refs": [
          "chainsaw.evtx.jsonl:line:4"
        ],
        "artifacts": [],
        "timestamps": {
          "first_seen": "2026-01-14T10:49:44.557632+00:00",
          "last_seen": "2026-01-14T10:49:44.557632+00:00"
        },
        "raw": {
          "group": "Log Tampering",
          "kind": "individual",
          "document": {
            "kind": "evtx",
            "path": "/home/nevermore/cases/intake/evtx/Logs/System.evtx",
            "data": {
              "Event": {
                "UserData": {
                  "LogFileCleared": {
                    "ClientProcessStartKey": 7599824371189413,
                    "SubjectDomainName": "MILLSINC",
                    "SubjectUserName": "jasonr",
                    "Channel": "System",
                    "ClientProcessId": 5760,
                    "BackupPath": ""
                  },
                  "LogFileCleared_attributes": {
                    "xmlns": "http://manifests.microsoft.com/win/2004/08/windows/eventlog"
                  }
                },
                "System": {
                  "EventID": 104,
                  "Level": 4,
                  "Provider_attributes": {
                    "Name": "Microsoft-Windows-Eventlog",
                    "Guid": "{fc65ddd8-d6ef-4962-83d5-6e5cfe9ce148}"
                  },
                  "Version": 1,
                  "Task": 104,
                  "Opcode": 0,
                  "TimeCreated_attributes": {
                    "SystemTime": "2026-01-14T10:49:44.557632Z"
                  },
                  "Execution_attributes": {
                    "ProcessID": 1376,
                    "ThreadID": 9100
                  },
                  "Correlation": null,
                  "Keywords": "0x8000000000000000",
                  "Security_attributes": {
                    "UserID": "S-1-5-21-1841095656-2843128008-524542198-2677"
                  },
                  "EventRecordID": 70729,
                  "Channel": "System",
                  "Computer": "SQLSERVER.Mills.local"
                }
              },
              "Event_attributes": {
                "xmlns": "http://schemas.microsoft.com/win/2004/08/events/event"
              }
            }
          },
          "name": "System Logs Cleared",
          "timestamp": "2026-01-14T10:49:44.557632+00:00",
          "authors": [
            "FranticTyping"
          ],
          "level": "high",
          "source": "chainsaw",
          "status": "stable"
        }
      },
      "raw_refs": [
        "chainsaw.evtx.jsonl:line:4"
      ],
      "provenance": {
        "origin": "baseline",
        "manifest_path": "outputs/jsonl/chainsaw_evtx/f5d1a29d-2446-4a73-a0af-1e1bcc4b41b2/manifest.json"
      }
    },
    {
      "finding_id": "F-f5d1a29d-000005",
      "category": "unknown",
      "summary": "System Logs Cleared",
      "confidence": null,
      "severity": "high",
      "source": {
        "tool": "chainsaw",
        "rule_id": "RAWREF:chainsaw.evtx.jsonl:line:5",
        "rule_title": "System Logs Cleared"
      },
      "evidence": {
        "event_refs": [
          "chainsaw.evtx.jsonl:line:5"
        ],
        "artifacts": [],
        "timestamps": {
          "first_seen": "2026-01-14T10:49:44.557632+00:00",
          "last_seen": "2026-01-14T10:49:44.557632+00:00"
        },
        "raw": {
          "group": "Log Tampering",
          "kind": "individual",
          "document": {
            "kind": "evtx",
            "path": "/home/nevermore/cases/intake/evtx/Logs/System.evtx",
            "data": {
              "Event": {
                "UserData": {
                  "LogFileCleared": {
                    "ClientProcessStartKey": 7599824371189413,
                    "SubjectDomainName": "MILLSINC",
                    "SubjectUserName": "jasonr",
                    "Channel": "Windows PowerShell",
                    "ClientProcessId": 5760,
                    "BackupPath": ""
                  },
                  "LogFileCleared_attributes": {
                    "xmlns": "http://manifests.microsoft.com/win/2004/08/windows/eventlog"
                  }
                },
                "System": {
                  "EventID": 104,
                  "Level": 4,
                  "Provider_attributes": {
                    "Name": "Microsoft-Windows-Eventlog",
                    "Guid": "{fc65ddd8-d6ef-4962-83d5-6e5cfe9ce148}"
                  },
                  "Version": 1,
                  "Task": 104,
                  "Opcode": 0,
                  "TimeCreated_attributes": {
                    "SystemTime": "2026-01-14T10:49:44.557632Z"
                  },
                  "Execution_attributes": {
                    "ProcessID": 1376,
                    "ThreadID": 9100
                  },
                  "Correlation": null,
                  "Keywords": "0x8000000000000000",
                  "Security_attributes": {
                    "UserID": "S-1-5-21-1841095656-2843128008-524542198-2677"
                  },
                  "EventRecordID": 70730,
                  "Channel": "System",
                  "Computer": "SQLSERVER.Mills.local"
                }
              },
              "Event_attributes": {
                "xmlns": "http://schemas.microsoft.com/win/2004/08/events/event"
              }
            }
          },
          "name": "System Logs Cleared",
          "timestamp": "2026-01-14T10:49:44.557632+00:00",
          "authors": [
            "FranticTyping"
          ],
          "level": "high",
          "source": "chainsaw",
          "status": "stable"
        }
      },
      "raw_refs": [
        "chainsaw.evtx.jsonl:line:5"
      ],
      "provenance": {
        "origin": "baseline",
        "manifest_path": "outputs/jsonl/chainsaw_evtx/f5d1a29d-2446-4a73-a0af-1e1bcc4b41b2/manifest.json"
      }
    },
    {
      "finding_id": "F-f5d1a29d-000006",
      "category": "unknown",
      "summary": "Security Audit Logs Cleared",
      "confidence": null,
      "severity": "critical",
      "source": {
        "tool": "chainsaw",
        "rule_id": "RAWREF:chainsaw.evtx.jsonl:line:6",
        "rule_title": "Security Audit Logs Cleared"
      },
      "evidence": {
        "event_refs": [
          "chainsaw.evtx.jsonl:line:6"
        ],
        "artifacts": [],
        "timestamps": {
          "first_seen": "2026-01-14T10:49:44.557632+00:00",
          "last_seen": "2026-01-14T10:49:44.557632+00:00"
        },
        "raw": {
          "group": "Log Tampering",
          "kind": "individual",
          "document": {
            "kind": "evtx",
            "path": "/home/nevermore/cases/intake/evtx/Logs/Security.evtx",
            "data": {
              "Event": {
                "UserData": {
                  "LogFileCleared": {
                    "ClientProcessStartKey": 7599824371189413,
                    "SubjectDomainName": "MILLSINC",
                    "SubjectUserName": "jasonr",
                    "SubjectLogonId": "0x9d397",
                    "SubjectUserSid": "S-1-5-21-1841095656-2843128008-524542198-2677",
                    "ClientProcessId": 5760
                  },
                  "LogFileCleared_attributes": {
                    "xmlns": "http://manifests.microsoft.com/win/2004/08/windows/eventlog"
                  }
                },
                "System": {
                  "EventID": 1102,
                  "Level": 4,
                  "Provider_attributes": {
                    "Name": "Microsoft-Windows-Eventlog",
                    "Guid": "{fc65ddd8-d6ef-4962-83d5-6e5cfe9ce148}"
                  },
                  "Version": 1,
                  "Task": 104,
                  "Opcode": 0,
                  "TimeCreated_attributes": {
                    "SystemTime": "2026-01-14T10:49:44.557632Z"
                  },
                  "Execution_attributes": {
                    "ProcessID": 1376,
                    "ThreadID": 9100
                  },
                  "Correlation": null,
                  "Keywords": "0x4020000000000000",
                  "EventRecordID": 935131,
                  "Channel": "Security",
                  "Computer": "SQLSERVER.Mills.local",
                  "Security": null
                }
              },
              "Event_attributes": {
                "xmlns": "http://schemas.microsoft.com/win/2004/08/events/event"
              }
            }
          },
          "name": "Security Audit Logs Cleared",
          "timestamp": "2026-01-14T10:49:44.557632+00:00",
          "authors": [
            "FranticTyping"
          ],
          "level": "critical",
          "source": "chainsaw",
          "status": "stable"
        }
      },
      "raw_refs": [
        "chainsaw.evtx.jsonl:line:6"
      ],
      "provenance": {
        "origin": "baseline",
        "manifest_path": "outputs/jsonl/chainsaw_evtx/f5d1a29d-2446-4a73-a0af-1e1bcc4b41b2/manifest.json"
      }
    },
    {
      "finding_id": "F-f5d1a29d-000007",
      "category": "unknown",
      "summary": "Network Logon",
      "confidence": null,
      "severity": "informational",
      "source": {
        "tool": "chainsaw",
        "rule_id": "RAWREF:chainsaw.evtx.jsonl:line:7",
        "rule_title": "Network Logon"
      },
      "evidence": {
        "event_refs": [
          "chainsaw.evtx.jsonl:line:7"
        ],
        "artifacts": [],
        "timestamps": {
          "first_seen": "2026-01-14T10:49:48.197122+00:00",
          "last_seen": "2026-01-14T10:49:48.197122+00:00"
        },
        "raw": {
          "group": "Lateral Movement",
          "kind": "individual",
          "document": {
            "kind": "evtx",
            "path": "/home/nevermore/cases/intake/evtx/Logs/Security.evtx",
            "data": {
              "Event": {
                "EventData": {
                  "AuthenticationPackageName": "NTLM",
                  "LogonProcessName": "NtLmSsp",
                  "TargetOutboundDomainName": "-",
                  "TargetLinkedLogonId": "0x0",
                  "LmPackageName": "NTLM V2",
                  "TargetDomainName": "MILLSINC",
                  "SubjectUserName": "-",
                  "TargetUserSid": "S-1-5-21-1841095656-2843128008-524542198-3674",
                  "IpAddress": "172.16.1.8",
                  "KeyLength": 128,
                  "SubjectLogonId": "0x0",
                  "TargetLogonId": "0x1ab514c",
                  "ElevatedToken": "%%1843",
                  "LogonGuid": "00000000-0000-0000-0000-000000000000",
                  "RestrictedAdminMode": "-",
                  "SubjectDomainName": "-",
                  "LogonType": 3,
                  "VirtualAccount": "%%1843",
                  "TargetOutboundUserName": "-",
                  "WorkstationName": "APPS",
                  "IpPort": "65191",
                  "ImpersonationLevel": "%%1833",
                  "SubjectUserSid": "S-1-0-0",
                  "TransmittedServices": "-",
                  "ProcessId": "0x0",
                  "TargetUserName": "APPS$",
                  "ProcessName": "-"
                },
                "System": {
                  "EventID": 4624,
                  "Level": 0,
                  "Provider_attributes": {
                    "Name": "Microsoft-Windows-Security-Auditing",
                    "Guid": "54849625-5478-4994-A5BA-3E3B0328C30D"
                  },
                  "Version": 2,
                  "Task": 12544,
                  "Opcode": 0,
                  "TimeCreated_attributes": {
                    "SystemTime": "2026-01-14T10:49:48.197122Z"
                  },
                  "Execution_attributes": {
                    "ProcessID": 716,
                    "ThreadID": 1992
                  },
                  "Keywords": "0x8020000000000000",
                  "Correlation_attributes": {
                    "ActivityID": "F2B6C865-8505-0002-B7C8-B6F20585DC01"
                  },
                  "EventRecordID": 935132,
                  "Channel": "Security",
                  "Computer": "SQLSERVER.Mills.local",
                  "Security": null
                }
              },
              "Event_attributes": {
                "xmlns": "http://schemas.microsoft.com/win/2004/08/events/event"
              }
            }
          },
          "name": "Network Logon",
          "timestamp": "2026-01-14T10:49:48.197122+00:00",
          "authors": [
            "FranticTyping"
          ],
          "level": "info",
          "source": "chainsaw",
          "status": "stable"
        }
      },
      "raw_refs": [
        "chainsaw.evtx.jsonl:line:7"
      ],
      "provenance": {
        "origin": "baseline",
        "manifest_path": "outputs/jsonl/chainsaw_evtx/f5d1a29d-2446-4a73-a0af-1e1bcc4b41b2/manifest.json"
      }
    },
    {
      "finding_id": "F-f5d1a29d-000008",
      "category": "unknown",
      "summary": "Network Logon",
      "confidence": null,
      "severity": "informational",
      "source": {
        "tool": "chainsaw",
        "rule_id": "RAWREF:chainsaw.evtx.jsonl:line:8",
        "rule_title": "Network Logon"
      },
      "evidence": {
        "event_refs": [
          "chainsaw.evtx.jsonl:line:8"
        ],
        "artifacts": [],
        "timestamps": {
          "first_seen": "2026-01-14T10:50:43.428485+00:00",
          "last_seen": "2026-01-14T10:50:43.428485+00:00"
        },
        "raw": {
          "group": "Lateral Movement",
          "kind": "individual",
          "document": {
            "kind": "evtx",
            "path": "/home/nevermore/cases/intake/evtx/Logs/Security.evtx",
            "data": {
              "Event": {
                "EventData": {
                  "AuthenticationPackageName": "NTLM",
                  "LogonProcessName": "NtLmSsp",
                  "TargetOutboundDomainName": "-",
                  "TargetLinkedLogonId": "0x0",
                  "LmPackageName": "NTLM V2",
                  "TargetDomainName": "MILLSINC",
                  "SubjectUserName": "-",
                  "TargetUserSid": "S-1-5-21-1841095656-2843128008-524542198-3673",
                  "IpAddress": "172.16.1.111",
                  "KeyLength": 128,
                  "SubjectLogonId": "0x0",
                  "TargetLogonId": "0x1ab8a66",
                  "ElevatedToken": "%%1843",
                  "LogonGuid": "00000000-0000-0000-0000-000000000000",
                  "RestrictedAdminMode": "-",
                  "SubjectDomainName": "-",
                  "LogonType": 3,
                  "VirtualAccount": "%%1843",
                  "TargetOutboundUserName": "-",
                  "WorkstationName": "MOM",
                  "IpPort": "53813",
                  "ImpersonationLevel": "%%1833",
                  "SubjectUserSid": "S-1-0-0",
                  "TransmittedServices": "-",
                  "ProcessId": "0x0",
                  "TargetUserName": "MOM$",
                  "ProcessName": "-"
                },
                "System": {
                  "EventID": 4624,
                  "Level": 0,
                  "Provider_attributes": {
                    "Name": "Microsoft-Windows-Security-Auditing",
                    "Guid": "54849625-5478-4994-A5BA-3E3B0328C30D"
                  },
                  "Version": 2,
                  "Task": 12544,
                  "Opcode": 0,
                  "TimeCreated_attributes": {
                    "SystemTime": "2026-01-14T10:50:43.428485Z"
                  },
                  "Execution_attributes": {
                    "ProcessID": 716,
                    "ThreadID": 4644
                  },
                  "Keywords": "0x8020000000000000",
                  "Correlation_attributes": {
                    "ActivityID": "F2B6C865-8505-0002-B7C8-B6F20585DC01"
                  },
                  "EventRecordID": 935141,
                  "Channel": "Security",
                  "Computer": "SQLSERVER.Mills.local",
                  "Security": null
                }
              },
              "Event_attributes": {
                "xmlns": "http://schemas.microsoft.com/win/2004/08/events/event"
              }
            }
          },
          "name": "Network Logon",
          "timestamp": "2026-01-14T10:50:43.428485+00:00",
          "authors": [
            "FranticTyping"
          ],
          "level": "info",
          "source": "chainsaw",
          "status": "stable"
        }
      },
      "raw_refs": [
        "chainsaw.evtx.jsonl:line:8"
      ],
      "provenance": {
        "origin": "baseline",
        "manifest_path": "outputs/jsonl/chainsaw_evtx/f5d1a29d-2446-4a73-a0af-1e1bcc4b41b2/manifest.json"
      }
    },
    {
      "finding_id": "F-f5d1a29d-000009",
      "category": "unknown",
      "summary": "Network Logon",
      "confidence": null,
      "severity": "informational",
      "source": {
        "tool": "chainsaw",
        "rule_id": "RAWREF:chainsaw.evtx.jsonl:line:9",
        "rule_title": "Network Logon"
      },
      "evidence": {
        "event_refs": [
          "chainsaw.evtx.jsonl:line:9"
        ],
        "artifacts": [],
        "timestamps": {
          "first_seen": "2026-01-14T10:51:01.522970+00:00",
          "last_seen": "2026-01-14T10:51:01.522970+00:00"
        },
        "raw": {
          "group": "Lateral Movement",
          "kind": "individual",
          "document": {
            "kind": "evtx",
            "path": "/home/nevermore/cases/intake/evtx/Logs/Security.evtx",
            "data": {
              "Event": {
                "EventData": {
                  "AuthenticationPackageName": "Kerberos",
                  "LogonProcessName": "Kerberos",
                  "TargetOutboundDomainName": "-",
                  "TargetLinkedLogonId": "0x0",
                  "LmPackageName": "-",
                  "TargetDomainName": "MILLS.LOCAL",
                  "SubjectUserName": "-",
                  "TargetUserSid": "S-1-5-21-1841095656-2843128008-524542198-3673",
                  "IpAddress": "172.16.1.111",
                  "KeyLength": 0,
                  "SubjectLogonId": "0x0",
                  "TargetLogonId": "0x1ab9a3d",
                  "ElevatedToken": "%%1843",
                  "LogonGuid": "BFD49F00-18B9-92C1-3444-AC19B0A49816",
                  "RestrictedAdminMode": "-",
                  "SubjectDomainName": "-",
                  "LogonType": 3,
                  "VirtualAccount": "%%1843",
                  "TargetOutboundUserName": "-",
                  "WorkstationName": "-",
                  "IpPort": "53869",
                  "ImpersonationLevel": "%%1833",
                  "SubjectUserSid": "S-1-0-0",
                  "TransmittedServices": "-",
                  "ProcessId": "0x0",
                  "TargetUserName": "MOM$",
                  "ProcessName": "-"
                },
                "System": {
                  "EventID": 4624,
                  "Level": 0,
                  "Provider_attributes": {
                    "Name": "Microsoft-Windows-Security-Auditing",
                    "Guid": "54849625-5478-4994-A5BA-3E3B0328C30D"
                  },
                  "Version": 2,
                  "Task": 12544,
                  "Opcode": 0,
                  "TimeCreated_attributes": {
                    "SystemTime": "2026-01-14T10:51:01.522970Z"
                  },
                  "Execution_attributes": {
                    "ProcessID": 716,
                    "ThreadID": 4644
                  },
                  "Keywords": "0x8020000000000000",
                  "Correlation_attributes": {
                    "ActivityID": "F2B6C865-8505-0002-B7C8-B6F20585DC01"
                  },
                  "EventRecordID": 935143,
                  "Channel": "Security",
                  "Computer": "SQLSERVER.Mills.local",
                  "Security": null
                }
              },
              "Event_attributes": {
                "xmlns": "http://schemas.microsoft.com/win/2004/08/events/event"
              }
            }
          },
          "name": "Network Logon",
          "timestamp": "2026-01-14T10:51:01.522970+00:00",
          "authors": [
            "FranticTyping"
          ],
          "level": "info",
          "source": "chainsaw",
          "status": "stable"
        }
      },
      "raw_refs": [
        "chainsaw.evtx.jsonl:line:9"
      ],
      "provenance": {
        "origin": "baseline",
        "manifest_path": "outputs/jsonl/chainsaw_evtx/f5d1a29d-2446-4a73-a0af-1e1bcc4b41b2/manifest.json"
      }
    },
    {
      "finding_id": "F-f5d1a29d-000010",
      "category": "unknown",
      "summary": "Network Logon",
      "confidence": null,
      "severity": "informational",
      "source": {
        "tool": "chainsaw",
        "rule_id": "RAWREF:chainsaw.evtx.jsonl:line:10",
        "rule_title": "Network Logon"
      },
      "evidence": {
        "event_refs": [
          "chainsaw.evtx.jsonl:line:10"
        ],
        "artifacts": [],
        "timestamps": {
          "first_seen": "2026-01-14T10:52:04.453219+00:00",
          "last_seen": "2026-01-14T10:52:04.453219+00:00"
        },
        "raw": {
          "group": "Lateral Movement",
          "kind": "individual",
          "document": {
            "kind": "evtx",
            "path": "/home/nevermore/cases/intake/evtx/Logs/Security.evtx",
            "data": {
              "Event": {
                "EventData": {
                  "AuthenticationPackageName": "NTLM",
                  "LogonProcessName": "NtLmSsp",
                  "TargetOutboundDomainName": "-",
                  "TargetLinkedLogonId": "0x0",
                  "LmPackageName": "NTLM V2",
                  "TargetDomainName": "MILLSINC",
                  "SubjectUserName": "-",
                  "TargetUserSid": "S-1-5-21-1841095656-2843128008-524542198-3673",
                  "IpAddress": "172.16.1.111",
                  "KeyLength": 128,
                  "SubjectLogonId": "0x0",
                  "TargetLogonId": "0x1abc3e5",
                  "ElevatedToken": "%%1843",
                  "LogonGuid": "00000000-0000-0000-0000-000000000000",
                  "RestrictedAdminMode": "-",
                  "SubjectDomainName": "-",
                  "LogonType": 3,
                  "VirtualAccount": "%%1843",
                  "TargetOutboundUserName": "-",
                  "WorkstationName": "MOM",
                  "IpPort": "54008",
                  "ImpersonationLevel": "%%1833",
                  "SubjectUserSid": "S-1-0-0",
                  "TransmittedServices": "-",
                  "ProcessId": "0x0",
                  "TargetUserName": "MOM$",
                  "ProcessName": "-"
                },
                "System": {
                  "EventID": 4624,
                  "Level": 0,
                  "Provider_attributes": {
                    "Name": "Microsoft-Windows-Security-Auditing",
                    "Guid": "54849625-5478-4994-A5BA-3E3B0328C30D"
                  },
                  "Version": 2,
                  "Task": 12544,
                  "Opcode": 0,
                  "TimeCreated_attributes": {
                    "SystemTime": "2026-01-14T10:52:04.453219Z"
                  },
                  "Execution_attributes": {
                    "ProcessID": 716,
                    "ThreadID": 1992
                  },
                  "Keywords": "0x8020000000000000",
                  "Correlation_attributes": {
                    "ActivityID": "F2B6C865-8505-0002-B7C8-B6F20585DC01"
                  },
                  "EventRecordID": 935147,
                  "Channel": "Security",
                  "Computer": "SQLSERVER.Mills.local",
                  "Security": null
                }
              },
              "Event_attributes": {
                "xmlns": "http://schemas.microsoft.com/win/2004/08/events/event"
              }
            }
          },
          "name": "Network Logon",
          "timestamp": "2026-01-14T10:52:04.453219+00:00",
          "authors": [
            "FranticTyping"
          ],
          "level": "info",
          "source": "chainsaw",
          "status": "stable"
        }
      },
      "raw_refs": [
        "chainsaw.evtx.jsonl:line:10"
      ],
      "provenance": {
        "origin": "baseline",
        "manifest_path": "outputs/jsonl/chainsaw_evtx/f5d1a29d-2446-4a73-a0af-1e1bcc4b41b2/manifest.json"
      }
    },
    {
      "finding_id": "F-f5d1a29d-000011",
      "category": "unknown",
      "summary": "Network Logon",
      "confidence": null,
      "severity": "informational",
      "source": {
        "tool": "chainsaw",
        "rule_id": "RAWREF:chainsaw.evtx.jsonl:line:11",
        "rule_title": "Network Logon"
      },
      "evidence": {
        "event_refs": [
          "chainsaw.evtx.jsonl:line:11"
        ],
        "artifacts": [],
        "timestamps": {
          "first_seen": "2026-01-14T10:52:21.549523+00:00",
          "last_seen": "2026-01-14T10:52:21.549523+00:00"
        },
        "raw": {
          "group": "Lateral Movement",
          "kind": "individual",
          "document": {
            "kind": "evtx",
            "path": "/home/nevermore/cases/intake/evtx/Logs/Security.evtx",
            "data": {
              "Event": {
                "EventData": {
                  "AuthenticationPackageName": "Kerberos",
                  "LogonProcessName": "Kerberos",
                  "TargetOutboundDomainName": "-",
                  "TargetLinkedLogonId": "0x0",
                  "LmPackageName": "-",
                  "TargetDomainName": "MILLS.LOCAL",
                  "SubjectUserName": "-",
                  "TargetUserSid": "S-1-5-21-1841095656-2843128008-524542198-3673",
                  "IpAddress": "172.16.1.111",
                  "KeyLength": 0,
                  "SubjectLogonId": "0x0",
                  "TargetLogonId": "0x1abc998",
                  "ElevatedToken": "%%1843",
                  "LogonGuid": "BFD49F00-18B9-92C1-3444-AC19B0A49816",
                  "RestrictedAdminMode": "-",
                  "SubjectDomainName": "-",
                  "LogonType": 3,
                  "VirtualAccount": "%%1843",
                  "TargetOutboundUserName": "-",
                  "WorkstationName": "-",
                  "IpPort": "54075",
                  "ImpersonationLevel": "%%1833",
                  "SubjectUserSid": "S-1-0-0",
                  "TransmittedServices": "-",
                  "ProcessId": "0x0",
                  "TargetUserName": "MOM$",
                  "ProcessName": "-"
                },
                "System": {
                  "EventID": 4624,
                  "Level": 0,
                  "Provider_attributes": {
                    "Name": "Microsoft-Windows-Security-Auditing",
                    "Guid": "54849625-5478-4994-A5BA-3E3B0328C30D"
                  },
                  "Version": 2,
                  "Task": 12544,
                  "Opcode": 0,
                  "TimeCreated_attributes": {
                    "SystemTime": "2026-01-14T10:52:21.549523Z"
                  },
                  "Execution_attributes": {
                    "ProcessID": 716,
                    "ThreadID": 1992
                  },
                  "Keywords": "0x8020000000000000",
                  "Correlation_attributes": {
                    "ActivityID": "F2B6C865-8505-0002-B7C8-B6F20585DC01"
                  },
                  "EventRecordID": 935149,
                  "Channel": "Security",
                  "Computer": "SQLSERVER.Mills.local",
                  "Security": null
                }
              },
              "Event_attributes": {
                "xmlns": "http://schemas.microsoft.com/win/2004/08/events/event"
              }
            }
          },
          "name": "Network Logon",
          "timestamp": "2026-01-14T10:52:21.549523+00:00",
          "authors": [
            "FranticTyping"
          ],
          "level": "info",
          "source": "chainsaw",
          "status": "stable"
        }
      },
      "raw_refs": [
        "chainsaw.evtx.jsonl:line:11"
      ],
      "provenance": {
        "origin": "baseline",
        "manifest_path": "outputs/jsonl/chainsaw_evtx/f5d1a29d-2446-4a73-a0af-1e1bcc4b41b2/manifest.json"
      }
    },
    {
      "finding_id": "F-f5d1a29d-000012",
      "category": "unknown",
      "summary": "Network Logon",
      "confidence": null,
      "severity": "informational",
      "source": {
        "tool": "chainsaw",
        "rule_id": "RAWREF:chainsaw.evtx.jsonl:line:12",
        "rule_title": "Network Logon"
      },
      "evidence": {
        "event_refs": [
          "chainsaw.evtx.jsonl:line:12"
        ],
        "artifacts": [],
        "timestamps": {
          "first_seen": "2026-01-14T10:52:48.045827+00:00",
          "last_seen": "2026-01-14T10:52:48.045827+00:00"
        },
        "raw": {
          "group": "Lateral Movement",
          "kind": "individual",
          "document": {
            "kind": "evtx",
            "path": "/home/nevermore/cases/intake/evtx/Logs/Security.evtx",
            "data": {
              "Event": {
                "EventData": {
                  "AuthenticationPackageName": "NTLM",
                  "LogonProcessName": "NtLmSsp",
                  "TargetOutboundDomainName": "-",
                  "TargetLinkedLogonId": "0x0",
                  "LmPackageName": "NTLM V2",
                  "TargetDomainName": "MILLSINC",
                  "SubjectUserName": "-",
                  "TargetUserSid": "S-1-5-21-1841095656-2843128008-524542198-3674",
                  "IpAddress": "172.16.1.8",
                  "KeyLength": 128,
                  "SubjectLogonId": "0x0",
                  "TargetLogonId": "0x1abe2d7",
                  "ElevatedToken": "%%1843",
                  "LogonGuid": "00000000-0000-0000-0000-000000000000",
                  "RestrictedAdminMode": "-",
                  "SubjectDomainName": "-",
                  "LogonType": 3,
                  "VirtualAccount": "%%1843",
                  "TargetOutboundUserName": "-",
                  "WorkstationName": "APPS",
                  "IpPort": "65479",
                  "ImpersonationLevel": "%%1833",
                  "SubjectUserSid": "S-1-0-0",
                  "TransmittedServices": "-",
                  "ProcessId": "0x0",
                  "TargetUserName": "APPS$",
                  "ProcessName": "-"
                },
                "System": {
                  "EventID": 4624,
                  "Level": 0,
                  "Provider_attributes": {
                    "Name": "Microsoft-Windows-Security-Auditing",
                    "Guid": "54849625-5478-4994-A5BA-3E3B0328C30D"
                  },
                  "Version": 2,
                  "Task": 12544,
                  "Opcode": 0,
                  "TimeCreated_attributes": {
                    "SystemTime": "2026-01-14T10:52:48.045827Z"
                  },
                  "Execution_attributes": {
                    "ProcessID": 716,
                    "ThreadID": 1992
                  },
                  "Keywords": "0x8020000000000000",
                  "Correlation_attributes": {
                    "ActivityID": "F2B6C865-8505-0002-B7C8-B6F20585DC01"
                  },
                  "EventRecordID": 935153,
                  "Channel": "Security",
                  "Computer": "SQLSERVER.Mills.local",
                  "Security": null
                }
              },
              "Event_attributes": {
                "xmlns": "http://schemas.microsoft.com/win/2004/08/events/event"
              }
            }
          },
          "name": "Network Logon",
          "timestamp": "2026-01-14T10:52:48.045827+00:00",
          "authors": [
            "FranticTyping"
          ],
          "level": "info",
          "source": "chainsaw",
          "status": "stable"
        }
      },
      "raw_refs": [
        "chainsaw.evtx.jsonl:line:12"
      ],
      "provenance": {
        "origin": "baseline",
        "manifest_path": "outputs/jsonl/chainsaw_evtx/f5d1a29d-2446-4a73-a0af-1e1bcc4b41b2/manifest.json"
      }
    },
    {
      "finding_id": "F-f5d1a29d-000013",
      "category": "unknown",
      "summary": "Network Logon",
      "confidence": null,
      "severity": "informational",
      "source": {
        "tool": "chainsaw",
        "rule_id": "RAWREF:chainsaw.evtx.jsonl:line:13",
        "rule_title": "Network Logon"
      },
      "evidence": {
        "event_refs": [
          "chainsaw.evtx.jsonl:line:13"
        ],
        "artifacts": [],
        "timestamps": {
          "first_seen": "2026-01-14T10:53:25.453893+00:00",
          "last_seen": "2026-01-14T10:53:25.453893+00:00"
        },
        "raw": {
          "group": "Lateral Movement",
          "kind": "individual",
          "document": {
            "kind": "evtx",
            "path": "/home/nevermore/cases/intake/evtx/Logs/Security.evtx",
            "data": {
              "Event": {
                "EventData": {
                  "AuthenticationPackageName": "NTLM",
                  "LogonProcessName": "NtLmSsp",
                  "TargetOutboundDomainName": "-",
                  "TargetLinkedLogonId": "0x0",
                  "LmPackageName": "NTLM V2",
                  "TargetDomainName": "MILLSINC",
                  "SubjectUserName": "-",
                  "TargetUserSid": "S-1-5-21-1841095656-2843128008-524542198-3673",
                  "IpAddress": "172.16.1.111",
                  "KeyLength": 128,
                  "SubjectLogonId": "0x0",
                  "TargetLogonId": "0x1abf3ca",
                  "ElevatedToken": "%%1843",
                  "LogonGuid": "00000000-0000-0000-0000-000000000000",
                  "RestrictedAdminMode": "-",
                  "SubjectDomainName": "-",
                  "LogonType": 3,
                  "VirtualAccount": "%%1843",
                  "TargetOutboundUserName": "-",
                  "WorkstationName": "MOM",
                  "IpPort": "54216",
                  "ImpersonationLevel": "%%1833",
                  "SubjectUserSid": "S-1-0-0",
                  "TransmittedServices": "-",
                  "ProcessId": "0x0",
                  "TargetUserName": "MOM$",
                  "ProcessName": "-"
                },
                "System": {
                  "EventID": 4624,
                  "Level": 0,
                  "Provider_attributes": {
                    "Name": "Microsoft-Windows-Security-Auditing",
                    "Guid": "54849625-5478-4994-A5BA-3E3B0328C30D"
                  },
                  "Version": 2,
                  "Task": 12544,
                  "Opcode": 0,
                  "TimeCreated_attributes": {
                    "SystemTime": "2026-01-14T10:53:25.453893Z"
                  },
                  "Execution_attributes": {
                    "ProcessID": 716,
                    "ThreadID": 4644
                  },
                  "Keywords": "0x8020000000000000",
                  "Correlation_attributes": {
                    "ActivityID": "F2B6C865-8505-0002-B7C8-B6F20585DC01"
                  },
                  "EventRecordID": 935155,
                  "Channel": "Security",
                  "Computer": "SQLSERVER.Mills.local",
                  "Security": null
                }
              },
              "Event_attributes": {
                "xmlns": "http://schemas.microsoft.com/win/2004/08/events/event"
              }
            }
          },
          "name": "Network Logon",
          "timestamp": "2026-01-14T10:53:25.453893+00:00",
          "authors": [
            "FranticTyping"
          ],
          "level": "info",
          "source": "chainsaw",
          "status": "stable"
        }
      },
      "raw_refs": [
        "chainsaw.evtx.jsonl:line:13"
      ],
      "provenance": {
        "origin": "baseline",
        "manifest_path": "outputs/jsonl/chainsaw_evtx/f5d1a29d-2446-4a73-a0af-1e1bcc4b41b2/manifest.json"
      }
    },
