    {
      "finding_id": "F-f5d1a29d-000160",
      "category": "unknown",
      "summary": "Network Logon",
      "confidence": null,
      "severity": "informational",
      "source": {
        "tool": "chainsaw",
        "rule_id": "RAWREF:chainsaw.evtx.jsonl:line:160",
        "rule_title": "Network Logon"
      },
      "evidence": {
        "event_refs": [
          "chainsaw.evtx.jsonl:line:160"
        ],
        "artifacts": [],
        "timestamps": {
          "first_seen": "2026-01-14T12:02:07.426014+00:00",
          "last_seen": "2026-01-14T12:02:07.426014+00:00"
        },
        "raw": {
          "group": "Lateral Movement",
          "kind": "individual",
          "document": {
            "kind": "evtx",
            "path": "/home/nevermore/cases/intake/evtx/Logs/Security.evtx",
            "data": {
              "Event": {
                "EventData": {
                  "AuthenticationPackageName": "NTLM",
                  "LogonProcessName": "NtLmSsp",
                  "TargetOutboundDomainName": "-",
                  "TargetLinkedLogonId": "0x0",
                  "LmPackageName": "NTLM V2",
                  "TargetDomainName": "MILLSINC",
                  "SubjectUserName": "-",
                  "TargetUserSid": "S-1-5-21-1841095656-2843128008-524542198-1264",
                  "IpAddress": "10.25.30.71",
                  "KeyLength": 128,
                  "SubjectLogonId": "0x0",
                  "TargetLogonId": "0x1b8734b",
                  "ElevatedToken": "%%1842",
                  "LogonGuid": "00000000-0000-0000-0000-000000000000",
                  "RestrictedAdminMode": "-",
                  "SubjectDomainName": "-",
                  "LogonType": 3,
                  "VirtualAccount": "%%1843",
                  "TargetOutboundUserName": "-",
                  "WorkstationName": "LT40",
                  "IpPort": "54879",
                  "ImpersonationLevel": "%%1833",
                  "SubjectUserSid": "S-1-0-0",
                  "TransmittedServices": "-",
                  "ProcessId": "0x0",
                  "TargetUserName": "roberts",
                  "ProcessName": "-"
                },
                "System": {
                  "EventID": 4624,
                  "Level": 0,
                  "Provider_attributes": {
                    "Name": "Microsoft-Windows-Security-Auditing",
                    "Guid": "54849625-5478-4994-A5BA-3E3B0328C30D"
                  },
                  "Version": 2,
                  "Task": 12544,
                  "Opcode": 0,
                  "TimeCreated_attributes": {
                    "SystemTime": "2026-01-14T12:02:07.426014Z"
                  },
                  "Execution_attributes": {
                    "ProcessID": 716,
                    "ThreadID": 1992
                  },
                  "Keywords": "0x8020000000000000",
                  "Correlation_attributes": {
                    "ActivityID": "F2B6C865-8505-0002-B7C8-B6F20585DC01"
                  },
                  "EventRecordID": 935678,
                  "Channel": "Security",
                  "Computer": "SQLSERVER.Mills.local",
                  "Security": null
                }
              },
              "Event_attributes": {
                "xmlns": "http://schemas.microsoft.com/win/2004/08/events/event"
              }
            }
          },
          "name": "Network Logon",
          "timestamp": "2026-01-14T12:02:07.426014+00:00",
          "authors": [
            "FranticTyping"
          ],
          "level": "info",
          "source": "chainsaw",
          "status": "stable"
        }
      },
      "raw_refs": [
        "chainsaw.evtx.jsonl:line:160"
      ],
      "provenance": {
        "origin": "baseline",
        "manifest_path": "outputs/jsonl/chainsaw_evtx/f5d1a29d-2446-4a73-a0af-1e1bcc4b41b2/manifest.json"
      }
    },
    {
      "finding_id": "F-f5d1a29d-000161",
      "category": "unknown",
      "summary": "Network Logon",
      "confidence": null,
      "severity": "informational",
      "source": {
        "tool": "chainsaw",
        "rule_id": "RAWREF:chainsaw.evtx.jsonl:line:161",
        "rule_title": "Network Logon"
      },
      "evidence": {
        "event_refs": [
          "chainsaw.evtx.jsonl:line:161"
        ],
        "artifacts": [],
        "timestamps": {
          "first_seen": "2026-01-14T12:02:36.620408+00:00",
          "last_seen": "2026-01-14T12:02:36.620408+00:00"
        },
        "raw": {
          "group": "Lateral Movement",
          "kind": "individual",
          "document": {
            "kind": "evtx",
            "path": "/home/nevermore/cases/intake/evtx/Logs/Security.evtx",
            "data": {
              "Event": {
                "EventData": {
                  "AuthenticationPackageName": "NTLM",
                  "LogonProcessName": "NtLmSsp",
                  "TargetOutboundDomainName": "-",
                  "TargetLinkedLogonId": "0x0",
                  "LmPackageName": "NTLM V1",
                  "TargetDomainName": "MILLSINC",
                  "SubjectUserName": "-",
                  "TargetUserSid": "S-1-5-21-1841095656-2843128008-524542198-500",
                  "IpAddress": "195.101.67.3",
                  "KeyLength": 128,
                  "SubjectLogonId": "0x0",
                  "TargetLogonId": "0x1b88cf1",
                  "ElevatedToken": "%%1842",
                  "LogonGuid": "00000000-0000-0000-0000-000000000000",
                  "RestrictedAdminMode": "-",
                  "SubjectDomainName": "-",
                  "LogonType": 3,
                  "VirtualAccount": "%%1843",
                  "TargetOutboundUserName": "-",
                  "WorkstationName": "DCFS",
                  "IpPort": "58876",
                  "ImpersonationLevel": "%%1833",
                  "SubjectUserSid": "S-1-0-0",
                  "TransmittedServices": "-",
                  "ProcessId": "0x0",
                  "TargetUserName": "Administrator",
                  "ProcessName": "-"
                },
                "System": {
                  "EventID": 4624,
                  "Level": 0,
                  "Provider_attributes": {
                    "Name": "Microsoft-Windows-Security-Auditing",
                    "Guid": "54849625-5478-4994-A5BA-3E3B0328C30D"
                  },
                  "Version": 2,
                  "Task": 12544,
                  "Opcode": 0,
                  "TimeCreated_attributes": {
                    "SystemTime": "2026-01-14T12:02:36.620408Z"
                  },
                  "Execution_attributes": {
                    "ProcessID": 716,
                    "ThreadID": 1992
                  },
                  "Keywords": "0x8020000000000000",
                  "Correlation_attributes": {
                    "ActivityID": "F2B6C865-8505-0002-B7C8-B6F20585DC01"
                  },
                  "EventRecordID": 935683,
                  "Channel": "Security",
                  "Computer": "SQLSERVER.Mills.local",
                  "Security": null
                }
              },
              "Event_attributes": {
                "xmlns": "http://schemas.microsoft.com/win/2004/08/events/event"
              }
            }
          },
          "name": "Network Logon",
          "timestamp": "2026-01-14T12:02:36.620408+00:00",
          "authors": [
            "FranticTyping"
          ],
          "level": "info",
          "source": "chainsaw",
          "status": "stable"
        }
      },
      "raw_refs": [
        "chainsaw.evtx.jsonl:line:161"
      ],
      "provenance": {
        "origin": "baseline",
        "manifest_path": "outputs/jsonl/chainsaw_evtx/f5d1a29d-2446-4a73-a0af-1e1bcc4b41b2/manifest.json"
      }
    },
    {
      "finding_id": "F-f5d1a29d-000162",
      "category": "unknown",
      "summary": "Network Logon",
      "confidence": null,
      "severity": "informational",
      "source": {
        "tool": "chainsaw",
        "rule_id": "RAWREF:chainsaw.evtx.jsonl:line:162",
        "rule_title": "Network Logon"
      },
      "evidence": {
        "event_refs": [
          "chainsaw.evtx.jsonl:line:162"
        ],
        "artifacts": [],
        "timestamps": {
          "first_seen": "2026-01-14T12:02:45.246663+00:00",
          "last_seen": "2026-01-14T12:02:45.246663+00:00"
        },
        "raw": {
          "group": "Lateral Movement",
          "kind": "individual",
          "document": {
            "kind": "evtx",
            "path": "/home/nevermore/cases/intake/evtx/Logs/Security.evtx",
            "data": {
              "Event": {
                "EventData": {
                  "AuthenticationPackageName": "NTLM",
                  "LogonProcessName": "NtLmSsp",
                  "TargetOutboundDomainName": "-",
                  "TargetLinkedLogonId": "0x0",
                  "LmPackageName": "NTLM V2",
                  "TargetDomainName": "MILLSINC",
                  "SubjectUserName": "-",
                  "TargetUserSid": "S-1-5-21-1841095656-2843128008-524542198-3673",
                  "IpAddress": "172.16.1.111",
                  "KeyLength": 128,
                  "SubjectLogonId": "0x0",
                  "TargetLogonId": "0x1b88fe7",
                  "ElevatedToken": "%%1843",
                  "LogonGuid": "00000000-0000-0000-0000-000000000000",
                  "RestrictedAdminMode": "-",
                  "SubjectDomainName": "-",
                  "LogonType": 3,
                  "VirtualAccount": "%%1843",
                  "TargetOutboundUserName": "-",
                  "WorkstationName": "MOM",
                  "IpPort": "64238",
                  "ImpersonationLevel": "%%1833",
                  "SubjectUserSid": "S-1-0-0",
                  "TransmittedServices": "-",
                  "ProcessId": "0x0",
                  "TargetUserName": "MOM$",
                  "ProcessName": "-"
                },
                "System": {
                  "EventID": 4624,
                  "Level": 0,
                  "Provider_attributes": {
                    "Name": "Microsoft-Windows-Security-Auditing",
                    "Guid": "54849625-5478-4994-A5BA-3E3B0328C30D"
                  },
                  "Version": 2,
                  "Task": 12544,
                  "Opcode": 0,
                  "TimeCreated_attributes": {
                    "SystemTime": "2026-01-14T12:02:45.246663Z"
                  },
                  "Execution_attributes": {
                    "ProcessID": 716,
                    "ThreadID": 1992
                  },
                  "Keywords": "0x8020000000000000",
                  "Correlation_attributes": {
                    "ActivityID": "F2B6C865-8505-0002-B7C8-B6F20585DC01"
                  },
                  "EventRecordID": 935685,
                  "Channel": "Security",
                  "Computer": "SQLSERVER.Mills.local",
                  "Security": null
                }
              },
              "Event_attributes": {
                "xmlns": "http://schemas.microsoft.com/win/2004/08/events/event"
              }
            }
          },
          "name": "Network Logon",
          "timestamp": "2026-01-14T12:02:45.246663+00:00",
          "authors": [
            "FranticTyping"
          ],
          "level": "info",
          "source": "chainsaw",
          "status": "stable"
        }
      },
      "raw_refs": [
        "chainsaw.evtx.jsonl:line:162"
      ],
      "provenance": {
        "origin": "baseline",
        "manifest_path": "outputs/jsonl/chainsaw_evtx/f5d1a29d-2446-4a73-a0af-1e1bcc4b41b2/manifest.json"
      }
    },
    {
      "finding_id": "F-f5d1a29d-000163",
      "category": "unknown",
      "summary": "Network Logon",
      "confidence": null,
      "severity": "informational",
      "source": {
        "tool": "chainsaw",
        "rule_id": "RAWREF:chainsaw.evtx.jsonl:line:163",
        "rule_title": "Network Logon"
      },
      "evidence": {
        "event_refs": [
          "chainsaw.evtx.jsonl:line:163"
        ],
        "artifacts": [],
        "timestamps": {
          "first_seen": "2026-01-14T12:03:03.730270+00:00",
          "last_seen": "2026-01-14T12:03:03.730270+00:00"
        },
        "raw": {
          "group": "Lateral Movement",
          "kind": "individual",
          "document": {
            "kind": "evtx",
            "path": "/home/nevermore/cases/intake/evtx/Logs/Security.evtx",
            "data": {
              "Event": {
                "EventData": {
                  "AuthenticationPackageName": "Kerberos",
                  "LogonProcessName": "Kerberos",
                  "TargetOutboundDomainName": "-",
                  "TargetLinkedLogonId": "0x0",
                  "LmPackageName": "-",
                  "TargetDomainName": "MILLS.LOCAL",
                  "SubjectUserName": "-",
                  "TargetUserSid": "S-1-5-21-1841095656-2843128008-524542198-3673",
                  "IpAddress": "172.16.1.111",
                  "KeyLength": 0,
                  "SubjectLogonId": "0x0",
                  "TargetLogonId": "0x1b89bb9",
                  "ElevatedToken": "%%1843",
                  "LogonGuid": "BFD49F00-18B9-92C1-3444-AC19B0A49816",
                  "RestrictedAdminMode": "-",
                  "SubjectDomainName": "-",
                  "LogonType": 3,
                  "VirtualAccount": "%%1843",
                  "TargetOutboundUserName": "-",
                  "WorkstationName": "-",
                  "IpPort": "64294",
                  "ImpersonationLevel": "%%1833",
                  "SubjectUserSid": "S-1-0-0",
                  "TransmittedServices": "-",
                  "ProcessId": "0x0",
                  "TargetUserName": "MOM$",
                  "ProcessName": "-"
                },
                "System": {
                  "EventID": 4624,
                  "Level": 0,
                  "Provider_attributes": {
                    "Name": "Microsoft-Windows-Security-Auditing",
                    "Guid": "54849625-5478-4994-A5BA-3E3B0328C30D"
                  },
                  "Version": 2,
                  "Task": 12544,
                  "Opcode": 0,
                  "TimeCreated_attributes": {
                    "SystemTime": "2026-01-14T12:03:03.730270Z"
                  },
                  "Execution_attributes": {
                    "ProcessID": 716,
                    "ThreadID": 840
                  },
                  "Keywords": "0x8020000000000000",
                  "Correlation_attributes": {
                    "ActivityID": "F2B6C865-8505-0002-B7C8-B6F20585DC01"
                  },
                  "EventRecordID": 935689,
                  "Channel": "Security",
                  "Computer": "SQLSERVER.Mills.local",
                  "Security": null
                }
              },
              "Event_attributes": {
                "xmlns": "http://schemas.microsoft.com/win/2004/08/events/event"
              }
            }
          },
          "name": "Network Logon",
          "timestamp": "2026-01-14T12:03:03.730270+00:00",
          "authors": [
            "FranticTyping"
          ],
          "level": "info",
          "source": "chainsaw",
          "status": "stable"
        }
      },
      "raw_refs": [
        "chainsaw.evtx.jsonl:line:163"
      ],
      "provenance": {
        "origin": "baseline",
        "manifest_path": "outputs/jsonl/chainsaw_evtx/f5d1a29d-2446-4a73-a0af-1e1bcc4b41b2/manifest.json"
      }
    },
    {
      "finding_id": "F-f5d1a29d-000164",
      "category": "unknown",
      "summary": "Network Logon",
      "confidence": null,
      "severity": "informational",
      "source": {
        "tool": "chainsaw",
        "rule_id": "RAWREF:chainsaw.evtx.jsonl:line:164",
        "rule_title": "Network Logon"
      },
      "evidence": {
        "event_refs": [
          "chainsaw.evtx.jsonl:line:164"
        ],
        "artifacts": [],
        "timestamps": {
          "first_seen": "2026-01-14T12:03:08.579014+00:00",
          "last_seen": "2026-01-14T12:03:08.579014+00:00"
        },
        "raw": {
          "group": "Lateral Movement",
          "kind": "individual",
          "document": {
            "kind": "evtx",
            "path": "/home/nevermore/cases/intake/evtx/Logs/Security.evtx",
            "data": {
              "Event": {
                "EventData": {
                  "AuthenticationPackageName": "NTLM",
                  "LogonProcessName": "NtLmSsp",
                  "TargetOutboundDomainName": "-",
                  "TargetLinkedLogonId": "0x0",
                  "LmPackageName": "NTLM V2",
                  "TargetDomainName": "MILLSINC",
                  "SubjectUserName": "-",
                  "TargetUserSid": "S-1-5-21-1841095656-2843128008-524542198-1135",
                  "IpAddress": "10.25.30.242",
                  "KeyLength": 128,
                  "SubjectLogonId": "0x0",
                  "TargetLogonId": "0x1b89d44",
                  "ElevatedToken": "%%1843",
                  "LogonGuid": "00000000-0000-0000-0000-000000000000",
                  "RestrictedAdminMode": "-",
                  "SubjectDomainName": "-",
                  "LogonType": 3,
                  "VirtualAccount": "%%1843",
                  "TargetOutboundUserName": "-",
                  "WorkstationName": "LTPLANT2",
                  "IpPort": "51023",
                  "ImpersonationLevel": "%%1833",
                  "SubjectUserSid": "S-1-0-0",
                  "TransmittedServices": "-",
                  "ProcessId": "0x0",
                  "TargetUserName": "jeffb",
                  "ProcessName": "-"
                },
                "System": {
                  "EventID": 4624,
                  "Level": 0,
                  "Provider_attributes": {
                    "Name": "Microsoft-Windows-Security-Auditing",
                    "Guid": "54849625-5478-4994-A5BA-3E3B0328C30D"
                  },
                  "Version": 2,
                  "Task": 12544,
                  "Opcode": 0,
                  "TimeCreated_attributes": {
                    "SystemTime": "2026-01-14T12:03:08.579014Z"
                  },
                  "Execution_attributes": {
                    "ProcessID": 716,
                    "ThreadID": 840
                  },
                  "Keywords": "0x8020000000000000",
                  "Correlation_attributes": {
                    "ActivityID": "F2B6C865-8505-0002-B7C8-B6F20585DC01"
                  },
                  "EventRecordID": 935691,
                  "Channel": "Security",
                  "Computer": "SQLSERVER.Mills.local",
                  "Security": null
                }
              },
              "Event_attributes": {
                "xmlns": "http://schemas.microsoft.com/win/2004/08/events/event"
              }
            }
          },
          "name": "Network Logon",
          "timestamp": "2026-01-14T12:03:08.579014+00:00",
          "authors": [
            "FranticTyping"
          ],
          "level": "info",
          "source": "chainsaw",
          "status": "stable"
        }
      },
      "raw_refs": [
        "chainsaw.evtx.jsonl:line:164"
      ],
      "provenance": {
        "origin": "baseline",
        "manifest_path": "outputs/jsonl/chainsaw_evtx/f5d1a29d-2446-4a73-a0af-1e1bcc4b41b2/manifest.json"
      }
    },
    {
      "finding_id": "F-f5d1a29d-000165",
      "category": "unknown",
      "summary": "Network Logon",
      "confidence": null,
      "severity": "informational",
      "source": {
        "tool": "chainsaw",
        "rule_id": "RAWREF:chainsaw.evtx.jsonl:line:165",
        "rule_title": "Network Logon"
      },
      "evidence": {
        "event_refs": [
          "chainsaw.evtx.jsonl:line:165"
        ],
        "artifacts": [],
        "timestamps": {
          "first_seen": "2026-01-14T12:03:32.187365+00:00",
          "last_seen": "2026-01-14T12:03:32.187365+00:00"
        },
        "raw": {
          "group": "Lateral Movement",
          "kind": "individual",
          "document": {
            "kind": "evtx",
            "path": "/home/nevermore/cases/intake/evtx/Logs/Security.evtx",
            "data": {
              "Event": {
                "EventData": {
                  "AuthenticationPackageName": "NTLM",
                  "LogonProcessName": "NtLmSsp",
                  "TargetOutboundDomainName": "-",
                  "TargetLinkedLogonId": "0x0",
                  "LmPackageName": "NTLM V2",
                  "TargetDomainName": "MILLSINC",
                  "SubjectUserName": "-",
                  "TargetUserSid": "S-1-5-21-1841095656-2843128008-524542198-3674",
                  "IpAddress": "172.16.1.8",
                  "KeyLength": 128,
                  "SubjectLogonId": "0x0",
                  "TargetLogonId": "0x1b8a883",
                  "ElevatedToken": "%%1843",
                  "LogonGuid": "00000000-0000-0000-0000-000000000000",
                  "RestrictedAdminMode": "-",
                  "SubjectDomainName": "-",
                  "LogonType": 3,
                  "VirtualAccount": "%%1843",
                  "TargetOutboundUserName": "-",
                  "WorkstationName": "APPS",
                  "IpPort": "56503",
                  "ImpersonationLevel": "%%1833",
                  "SubjectUserSid": "S-1-0-0",
                  "TransmittedServices": "-",
                  "ProcessId": "0x0",
                  "TargetUserName": "APPS$",
                  "ProcessName": "-"
                },
                "System": {
                  "EventID": 4624,
                  "Level": 0,
                  "Provider_attributes": {
                    "Name": "Microsoft-Windows-Security-Auditing",
                    "Guid": "54849625-5478-4994-A5BA-3E3B0328C30D"
                  },
                  "Version": 2,
                  "Task": 12544,
                  "Opcode": 0,
                  "TimeCreated_attributes": {
                    "SystemTime": "2026-01-14T12:03:32.187365Z"
                  },
                  "Execution_attributes": {
                    "ProcessID": 716,
                    "ThreadID": 840
                  },
                  "Keywords": "0x8020000000000000",
                  "Correlation_attributes": {
                    "ActivityID": "F2B6C865-8505-0002-B7C8-B6F20585DC01"
                  },
                  "EventRecordID": 935695,
                  "Channel": "Security",
                  "Computer": "SQLSERVER.Mills.local",
                  "Security": null
                }
              },
              "Event_attributes": {
                "xmlns": "http://schemas.microsoft.com/win/2004/08/events/event"
              }
            }
          },
          "name": "Network Logon",
          "timestamp": "2026-01-14T12:03:32.187365+00:00",
          "authors": [
            "FranticTyping"
          ],
          "level": "info",
          "source": "chainsaw",
          "status": "stable"
        }
      },
      "raw_refs": [
        "chainsaw.evtx.jsonl:line:165"
      ],
      "provenance": {
        "origin": "baseline",
        "manifest_path": "outputs/jsonl/chainsaw_evtx/f5d1a29d-2446-4a73-a0af-1e1bcc4b41b2/manifest.json"
      }
    },
    {
      "finding_id": "F-f5d1a29d-000166",
      "category": "unknown",
      "summary": "Network Logon",
      "confidence": null,
      "severity": "informational",
      "source": {
        "tool": "chainsaw",
        "rule_id": "RAWREF:chainsaw.evtx.jsonl:line:166",
        "rule_title": "Network Logon"
      },
      "evidence": {
        "event_refs": [
          "chainsaw.evtx.jsonl:line:166"
        ],
        "artifacts": [],
        "timestamps": {
          "first_seen": "2026-01-14T12:03:40.470133+00:00",
          "last_seen": "2026-01-14T12:03:40.470133+00:00"
        },
        "raw": {
          "group": "Lateral Movement",
          "kind": "individual",
          "document": {
            "kind": "evtx",
            "path": "/home/nevermore/cases/intake/evtx/Logs/Security.evtx",
            "data": {
              "Event": {
                "EventData": {
                  "AuthenticationPackageName": "NTLM",
                  "LogonProcessName": "NtLmSsp",
                  "TargetOutboundDomainName": "-",
                  "TargetLinkedLogonId": "0x0",
                  "LmPackageName": "NTLM V2",
                  "TargetDomainName": "MILLSINC",
                  "SubjectUserName": "-",
                  "TargetUserSid": "S-1-5-21-1841095656-2843128008-524542198-1264",
                  "IpAddress": "10.25.30.71",
                  "KeyLength": 128,
                  "SubjectLogonId": "0x0",
                  "TargetLogonId": "0x1b8bbf4",
                  "ElevatedToken": "%%1842",
                  "LogonGuid": "00000000-0000-0000-0000-000000000000",
                  "RestrictedAdminMode": "-",
                  "SubjectDomainName": "-",
                  "LogonType": 3,
                  "VirtualAccount": "%%1843",
                  "TargetOutboundUserName": "-",
                  "WorkstationName": "LT40",
                  "IpPort": "54906",
                  "ImpersonationLevel": "%%1833",
                  "SubjectUserSid": "S-1-0-0",
                  "TransmittedServices": "-",
                  "ProcessId": "0x0",
                  "TargetUserName": "roberts",
                  "ProcessName": "-"
                },
                "System": {
                  "EventID": 4624,
                  "Level": 0,
                  "Provider_attributes": {
                    "Name": "Microsoft-Windows-Security-Auditing",
                    "Guid": "54849625-5478-4994-A5BA-3E3B0328C30D"
                  },
                  "Version": 2,
                  "Task": 12544,
                  "Opcode": 0,
                  "TimeCreated_attributes": {
                    "SystemTime": "2026-01-14T12:03:40.470133Z"
                  },
                  "Execution_attributes": {
                    "ProcessID": 716,
                    "ThreadID": 840
                  },
                  "Keywords": "0x8020000000000000",
                  "Correlation_attributes": {
                    "ActivityID": "F2B6C865-8505-0002-B7C8-B6F20585DC01"
                  },
                  "EventRecordID": 935698,
                  "Channel": "Security",
                  "Computer": "SQLSERVER.Mills.local",
                  "Security": null
                }
              },
              "Event_attributes": {
                "xmlns": "http://schemas.microsoft.com/win/2004/08/events/event"
              }
            }
          },
          "name": "Network Logon",
          "timestamp": "2026-01-14T12:03:40.470133+00:00",
          "authors": [
            "FranticTyping"
          ],
          "level": "info",
          "source": "chainsaw",
          "status": "stable"
        }
      },
      "raw_refs": [
        "chainsaw.evtx.jsonl:line:166"
      ],
      "provenance": {
        "origin": "baseline",
        "manifest_path": "outputs/jsonl/chainsaw_evtx/f5d1a29d-2446-4a73-a0af-1e1bcc4b41b2/manifest.json"
      }
    },
    {
      "finding_id": "F-f5d1a29d-000167",
      "category": "unknown",
      "summary": "Network Logon",
      "confidence": null,
      "severity": "informational",
      "source": {
        "tool": "chainsaw",
        "rule_id": "RAWREF:chainsaw.evtx.jsonl:line:167",
        "rule_title": "Network Logon"
      },
      "evidence": {
        "event_refs": [
          "chainsaw.evtx.jsonl:line:167"
        ],
        "artifacts": [],
        "timestamps": {
          "first_seen": "2026-01-14T12:03:51.399728+00:00",
          "last_seen": "2026-01-14T12:03:51.399728+00:00"
        },
        "raw": {
          "group": "Lateral Movement",
          "kind": "individual",
          "document": {
            "kind": "evtx",
            "path": "/home/nevermore/cases/intake/evtx/Logs/Security.evtx",
            "data": {
              "Event": {
                "EventData": {
                  "AuthenticationPackageName": "NTLM",
                  "LogonProcessName": "NtLmSsp",
                  "TargetOutboundDomainName": "-",
                  "TargetLinkedLogonId": "0x0",
                  "LmPackageName": "NTLM V2",
                  "TargetDomainName": "MILLSINC",
                  "SubjectUserName": "-",
                  "TargetUserSid": "S-1-5-21-1841095656-2843128008-524542198-1138",
                  "IpAddress": "10.25.30.102",
                  "KeyLength": 128,
                  "SubjectLogonId": "0x0",
                  "TargetLogonId": "0x1b8c007",
                  "ElevatedToken": "%%1843",
                  "LogonGuid": "00000000-0000-0000-0000-000000000000",
                  "RestrictedAdminMode": "-",
                  "SubjectDomainName": "-",
                  "LogonType": 3,
                  "VirtualAccount": "%%1843",
                  "TargetOutboundUserName": "-",
                  "WorkstationName": "MPISHIPPING",
                  "IpPort": "52923",
                  "ImpersonationLevel": "%%1833",
                  "SubjectUserSid": "S-1-0-0",
                  "TransmittedServices": "-",
                  "ProcessId": "0x0",
                  "TargetUserName": "bbeasley",
                  "ProcessName": "-"
                },
                "System": {
                  "EventID": 4624,
                  "Level": 0,
                  "Provider_attributes": {
                    "Name": "Microsoft-Windows-Security-Auditing",
                    "Guid": "54849625-5478-4994-A5BA-3E3B0328C30D"
                  },
                  "Version": 2,
                  "Task": 12544,
                  "Opcode": 0,
                  "TimeCreated_attributes": {
                    "SystemTime": "2026-01-14T12:03:51.399728Z"
                  },
                  "Execution_attributes": {
                    "ProcessID": 716,
                    "ThreadID": 840
                  },
                  "Keywords": "0x8020000000000000",
                  "Correlation_attributes": {
                    "ActivityID": "F2B6C865-8505-0002-B7C8-B6F20585DC01"
                  },
                  "EventRecordID": 935700,
                  "Channel": "Security",
                  "Computer": "SQLSERVER.Mills.local",
                  "Security": null
                }
              },
              "Event_attributes": {
                "xmlns": "http://schemas.microsoft.com/win/2004/08/events/event"
              }
            }
          },
          "name": "Network Logon",
          "timestamp": "2026-01-14T12:03:51.399728+00:00",
          "authors": [
            "FranticTyping"
          ],
          "level": "info",
          "source": "chainsaw",
          "status": "stable"
        }
      },
      "raw_refs": [
        "chainsaw.evtx.jsonl:line:167"
      ],
      "provenance": {
        "origin": "baseline",
        "manifest_path": "outputs/jsonl/chainsaw_evtx/f5d1a29d-2446-4a73-a0af-1e1bcc4b41b2/manifest.json"
      }
    },
    {
      "finding_id": "F-f5d1a29d-000168",
      "category": "unknown",
      "summary": "Network Logon",
      "confidence": null,
      "severity": "informational",
      "source": {
        "tool": "chainsaw",
        "rule_id": "RAWREF:chainsaw.evtx.jsonl:line:168",
        "rule_title": "Network Logon"
      },
      "evidence": {
        "event_refs": [
          "chainsaw.evtx.jsonl:line:168"
        ],
        "artifacts": [],
        "timestamps": {
          "first_seen": "2026-01-14T12:04:06.218636+00:00",
          "last_seen": "2026-01-14T12:04:06.218636+00:00"
        },
        "raw": {
          "group": "Lateral Movement",
          "kind": "individual",
          "document": {
            "kind": "evtx",
            "path": "/home/nevermore/cases/intake/evtx/Logs/Security.evtx",
            "data": {
              "Event": {
                "EventData": {
                  "AuthenticationPackageName": "NTLM",
                  "LogonProcessName": "NtLmSsp",
                  "TargetOutboundDomainName": "-",
                  "TargetLinkedLogonId": "0x0",
                  "LmPackageName": "NTLM V2",
                  "TargetDomainName": "MILLSINC",
                  "SubjectUserName": "-",
                  "TargetUserSid": "S-1-5-21-1841095656-2843128008-524542198-3673",
                  "IpAddress": "172.16.1.111",
                  "KeyLength": 128,
                  "SubjectLogonId": "0x0",
                  "TargetLogonId": "0x1b8ca85",
                  "ElevatedToken": "%%1843",
                  "LogonGuid": "00000000-0000-0000-0000-000000000000",
                  "RestrictedAdminMode": "-",
                  "SubjectDomainName": "-",
                  "LogonType": 3,
                  "VirtualAccount": "%%1843",
                  "TargetOutboundUserName": "-",
                  "WorkstationName": "MOM",
                  "IpPort": "64437",
                  "ImpersonationLevel": "%%1833",
                  "SubjectUserSid": "S-1-0-0",
                  "TransmittedServices": "-",
                  "ProcessId": "0x0",
                  "TargetUserName": "MOM$",
                  "ProcessName": "-"
                },
                "System": {
                  "EventID": 4624,
                  "Level": 0,
                  "Provider_attributes": {
                    "Name": "Microsoft-Windows-Security-Auditing",
                    "Guid": "54849625-5478-4994-A5BA-3E3B0328C30D"
                  },
                  "Version": 2,
                  "Task": 12544,
                  "Opcode": 0,
                  "TimeCreated_attributes": {
                    "SystemTime": "2026-01-14T12:04:06.218636Z"
                  },
                  "Execution_attributes": {
                    "ProcessID": 716,
                    "ThreadID": 4644
                  },
                  "Keywords": "0x8020000000000000",
                  "Correlation_attributes": {
                    "ActivityID": "F2B6C865-8505-0002-B7C8-B6F20585DC01"
                  },
                  "EventRecordID": 935703,
                  "Channel": "Security",
                  "Computer": "SQLSERVER.Mills.local",
                  "Security": null
                }
              },
              "Event_attributes": {
                "xmlns": "http://schemas.microsoft.com/win/2004/08/events/event"
              }
            }
          },
          "name": "Network Logon",
          "timestamp": "2026-01-14T12:04:06.218636+00:00",
          "authors": [
            "FranticTyping"
          ],
          "level": "info",
          "source": "chainsaw",
          "status": "stable"
        }
      },
      "raw_refs": [
        "chainsaw.evtx.jsonl:line:168"
      ],
      "provenance": {
        "origin": "baseline",
        "manifest_path": "outputs/jsonl/chainsaw_evtx/f5d1a29d-2446-4a73-a0af-1e1bcc4b41b2/manifest.json"
      }
    },
    {
      "finding_id": "F-f5d1a29d-000169",
      "category": "unknown",
      "summary": "Network Logon",
      "confidence": null,
      "severity": "informational",
      "source": {
        "tool": "chainsaw",
        "rule_id": "RAWREF:chainsaw.evtx.jsonl:line:169",
        "rule_title": "Network Logon"
      },
      "evidence": {
        "event_refs": [
          "chainsaw.evtx.jsonl:line:169"
        ],
        "artifacts": [],
        "timestamps": {
          "first_seen": "2026-01-14T12:04:23.767369+00:00",
          "last_seen": "2026-01-14T12:04:23.767369+00:00"
        },
        "raw": {
          "group": "Lateral Movement",
          "kind": "individual",
          "document": {
            "kind": "evtx",
            "path": "/home/nevermore/cases/intake/evtx/Logs/Security.evtx",
            "data": {
              "Event": {
                "EventData": {
                  "AuthenticationPackageName": "Kerberos",
                  "LogonProcessName": "Kerberos",
                  "TargetOutboundDomainName": "-",
                  "TargetLinkedLogonId": "0x0",
                  "LmPackageName": "-",
                  "TargetDomainName": "MILLS.LOCAL",
                  "SubjectUserName": "-",
                  "TargetUserSid": "S-1-5-21-1841095656-2843128008-524542198-3673",
                  "IpAddress": "172.16.1.111",
                  "KeyLength": 0,
                  "SubjectLogonId": "0x0",
                  "TargetLogonId": "0x1b8d15b",
                  "ElevatedToken": "%%1843",
                  "LogonGuid": "BFD49F00-18B9-92C1-3444-AC19B0A49816",
                  "RestrictedAdminMode": "-",
                  "SubjectDomainName": "-",
                  "LogonType": 3,
                  "VirtualAccount": "%%1843",
                  "TargetOutboundUserName": "-",
                  "WorkstationName": "-",
                  "IpPort": "64489",
                  "ImpersonationLevel": "%%1833",
                  "SubjectUserSid": "S-1-0-0",
                  "TransmittedServices": "-",
                  "ProcessId": "0x0",
                  "TargetUserName": "MOM$",
                  "ProcessName": "-"
                },
                "System": {
                  "EventID": 4624,
                  "Level": 0,
                  "Provider_attributes": {
                    "Name": "Microsoft-Windows-Security-Auditing",
                    "Guid": "54849625-5478-4994-A5BA-3E3B0328C30D"
                  },
                  "Version": 2,
                  "Task": 12544,
                  "Opcode": 0,
                  "TimeCreated_attributes": {
                    "SystemTime": "2026-01-14T12:04:23.767369Z"
                  },
                  "Execution_attributes": {
                    "ProcessID": 716,
                    "ThreadID": 840
                  },
                  "Keywords": "0x8020000000000000",
                  "Correlation_attributes": {
                    "ActivityID": "F2B6C865-8505-0002-B7C8-B6F20585DC01"
                  },
                  "EventRecordID": 935708,
                  "Channel": "Security",
                  "Computer": "SQLSERVER.Mills.local",
                  "Security": null
                }
              },
              "Event_attributes": {
                "xmlns": "http://schemas.microsoft.com/win/2004/08/events/event"
              }
            }
          },
          "name": "Network Logon",
          "timestamp": "2026-01-14T12:04:23.767369+00:00",
          "authors": [
            "FranticTyping"
          ],
          "level": "info",
          "source": "chainsaw",
          "status": "stable"
        }
      },
      "raw_refs": [
        "chainsaw.evtx.jsonl:line:169"
      ],
      "provenance": {
        "origin": "baseline",
        "manifest_path": "outputs/jsonl/chainsaw_evtx/f5d1a29d-2446-4a73-a0af-1e1bcc4b41b2/manifest.json"
      }
    },
    {
      "finding_id": "F-f5d1a29d-000170",
      "category": "unknown",
      "summary": "Network Logon",
      "confidence": null,
      "severity": "informational",
      "source": {
        "tool": "chainsaw",
        "rule_id": "RAWREF:chainsaw.evtx.jsonl:line:170",
        "rule_title": "Network Logon"
      },
      "evidence": {
        "event_refs": [
          "chainsaw.evtx.jsonl:line:170"
        ],
        "artifacts": [],
        "timestamps": {
          "first_seen": "2026-01-14T12:04:40.475957+00:00",
          "last_seen": "2026-01-14T12:04:40.475957+00:00"
        },
        "raw": {
          "group": "Lateral Movement",
          "kind": "individual",
          "document": {
            "kind": "evtx",
            "path": "/home/nevermore/cases/intake/evtx/Logs/Security.evtx",
            "data": {
              "Event": {
                "EventData": {
                  "AuthenticationPackageName": "NTLM",
                  "LogonProcessName": "NtLmSsp",
                  "TargetOutboundDomainName": "-",
                  "TargetLinkedLogonId": "0x0",
                  "LmPackageName": "NTLM V2",
                  "TargetDomainName": "MILLSINC",
                  "SubjectUserName": "-",
                  "TargetUserSid": "S-1-5-21-1841095656-2843128008-524542198-3674",
                  "IpAddress": "172.16.1.8",
                  "KeyLength": 128,
                  "SubjectLogonId": "0x0",
                  "TargetLogonId": "0x1b8e707",
                  "ElevatedToken": "%%1843",
                  "LogonGuid": "00000000-0000-0000-0000-000000000000",
                  "RestrictedAdminMode": "-",
                  "SubjectDomainName": "-",
                  "LogonType": 3,
                  "VirtualAccount": "%%1843",
                  "TargetOutboundUserName": "-",
                  "WorkstationName": "APPS",
                  "IpPort": "56712",
                  "ImpersonationLevel": "%%1833",
                  "SubjectUserSid": "S-1-0-0",
                  "TransmittedServices": "-",
                  "ProcessId": "0x0",
                  "TargetUserName": "APPS$",
                  "ProcessName": "-"
                },
                "System": {
                  "EventID": 4624,
                  "Level": 0,
                  "Provider_attributes": {
                    "Name": "Microsoft-Windows-Security-Auditing",
                    "Guid": "54849625-5478-4994-A5BA-3E3B0328C30D"
                  },
                  "Version": 2,
                  "Task": 12544,
                  "Opcode": 0,
                  "TimeCreated_attributes": {
                    "SystemTime": "2026-01-14T12:04:40.475957Z"
                  },
                  "Execution_attributes": {
                    "ProcessID": 716,
                    "ThreadID": 8600
                  },
                  "Keywords": "0x8020000000000000",
                  "Correlation_attributes": {
                    "ActivityID": "F2B6C865-8505-0002-B7C8-B6F20585DC01"
                  },
                  "EventRecordID": 935711,
                  "Channel": "Security",
                  "Computer": "SQLSERVER.Mills.local",
                  "Security": null
                }
              },
              "Event_attributes": {
                "xmlns": "http://schemas.microsoft.com/win/2004/08/events/event"
              }
            }
          },
          "name": "Network Logon",
          "timestamp": "2026-01-14T12:04:40.475957+00:00",
          "authors": [
            "FranticTyping"
          ],
          "level": "info",
          "source": "chainsaw",
          "status": "stable"
        }
      },
      "raw_refs": [
        "chainsaw.evtx.jsonl:line:170"
      ],
      "provenance": {
        "origin": "baseline",
        "manifest_path": "outputs/jsonl/chainsaw_evtx/f5d1a29d-2446-4a73-a0af-1e1bcc4b41b2/manifest.json"
      }
    },
    {
      "finding_id": "F-f5d1a29d-000171",
      "category": "unknown",
      "summary": "Network Logon",
      "confidence": null,
      "severity": "informational",
      "source": {
        "tool": "chainsaw",
        "rule_id": "RAWREF:chainsaw.evtx.jsonl:line:171",
        "rule_title": "Network Logon"
      },
      "evidence": {
        "event_refs": [
          "chainsaw.evtx.jsonl:line:171"
        ],
        "artifacts": [],
        "timestamps": {
          "first_seen": "2026-01-14T12:05:06.257635+00:00",
          "last_seen": "2026-01-14T12:05:06.257635+00:00"
        },
        "raw": {
          "group": "Lateral Movement",
          "kind": "individual",
          "document": {
            "kind": "evtx",
            "path": "/home/nevermore/cases/intake/evtx/Logs/Security.evtx",
            "data": {
              "Event": {
                "EventData": {
                  "AuthenticationPackageName": "NTLM",
                  "LogonProcessName": "NtLmSsp",
                  "TargetOutboundDomainName": "-",
                  "TargetLinkedLogonId": "0x0",
                  "LmPackageName": "NTLM V1",
                  "TargetDomainName": "MILLSINC",
                  "SubjectUserName": "-",
                  "TargetUserSid": "S-1-5-21-1841095656-2843128008-524542198-500",
                  "IpAddress": "195.101.67.3",
                  "KeyLength": 128,
                  "SubjectLogonId": "0x0",
                  "TargetLogonId": "0x1b8fe8e",
                  "ElevatedToken": "%%1842",
                  "LogonGuid": "00000000-0000-0000-0000-000000000000",
                  "RestrictedAdminMode": "-",
                  "SubjectDomainName": "-",
                  "LogonType": 3,
                  "VirtualAccount": "%%1843",
                  "TargetOutboundUserName": "-",
                  "WorkstationName": "DCFS",
                  "IpPort": "60469",
                  "ImpersonationLevel": "%%1833",
                  "SubjectUserSid": "S-1-0-0",
                  "TransmittedServices": "-",
                  "ProcessId": "0x0",
                  "TargetUserName": "Administrator",
                  "ProcessName": "-"
                },
                "System": {
                  "EventID": 4624,
                  "Level": 0,
                  "Provider_attributes": {
                    "Name": "Microsoft-Windows-Security-Auditing",
                    "Guid": "54849625-5478-4994-A5BA-3E3B0328C30D"
                  },
                  "Version": 2,
                  "Task": 12544,
                  "Opcode": 0,
                  "TimeCreated_attributes": {
                    "SystemTime": "2026-01-14T12:05:06.257635Z"
                  },
                  "Execution_attributes": {
                    "ProcessID": 716,
                    "ThreadID": 8600
                  },
                  "Keywords": "0x8020000000000000",
                  "Correlation_attributes": {
                    "ActivityID": "F2B6C865-8505-0002-B7C8-B6F20585DC01"
                  },
                  "EventRecordID": 935720,
                  "Channel": "Security",
                  "Computer": "SQLSERVER.Mills.local",
                  "Security": null
                }
              },
              "Event_attributes": {
                "xmlns": "http://schemas.microsoft.com/win/2004/08/events/event"
              }
            }
          },
          "name": "Network Logon",
          "timestamp": "2026-01-14T12:05:06.257635+00:00",
          "authors": [
            "FranticTyping"
          ],
          "level": "info",
          "source": "chainsaw",
          "status": "stable"
        }
      },
      "raw_refs": [
        "chainsaw.evtx.jsonl:line:171"
      ],
      "provenance": {
        "origin": "baseline",
        "manifest_path": "outputs/jsonl/chainsaw_evtx/f5d1a29d-2446-4a73-a0af-1e1bcc4b41b2/manifest.json"
      }
    },
