    {
      "finding_id": "F-f5d1a29d-000014",
      "category": "unknown",
      "summary": "Network Logon",
      "confidence": null,
      "severity": "informational",
      "source": {
        "tool": "chainsaw",
        "rule_id": "RAWREF:chainsaw.evtx.jsonl:line:14",
        "rule_title": "Network Logon"
      },
      "evidence": {
        "event_refs": [
          "chainsaw.evtx.jsonl:line:14"
        ],
        "artifacts": [],
        "timestamps": {
          "first_seen": "2026-01-14T10:53:41.578749+00:00",
          "last_seen": "2026-01-14T10:53:41.578749+00:00"
        },
        "raw": {
          "group": "Lateral Movement",
          "kind": "individual",
          "document": {
            "kind": "evtx",
            "path": "/home/nevermore/cases/intake/evtx/Logs/Security.evtx",
            "data": {
              "Event": {
                "EventData": {
                  "AuthenticationPackageName": "Kerberos",
                  "LogonProcessName": "Kerberos",
                  "TargetOutboundDomainName": "-",
                  "TargetLinkedLogonId": "0x0",
                  "LmPackageName": "-",
                  "TargetDomainName": "MILLS.LOCAL",
                  "SubjectUserName": "-",
                  "TargetUserSid": "S-1-5-21-1841095656-2843128008-524542198-3673",
                  "IpAddress": "172.16.1.111",
                  "KeyLength": 0,
                  "SubjectLogonId": "0x0",
                  "TargetLogonId": "0x1ac098a",
                  "ElevatedToken": "%%1843",
                  "LogonGuid": "BFD49F00-18B9-92C1-3444-AC19B0A49816",
                  "RestrictedAdminMode": "-",
                  "SubjectDomainName": "-",
                  "LogonType": 3,
                  "VirtualAccount": "%%1843",
                  "TargetOutboundUserName": "-",
                  "WorkstationName": "-",
                  "IpPort": "54267",
                  "ImpersonationLevel": "%%1833",
                  "SubjectUserSid": "S-1-0-0",
                  "TransmittedServices": "-",
                  "ProcessId": "0x0",
                  "TargetUserName": "MOM$",
                  "ProcessName": "-"
                },
                "System": {
                  "EventID": 4624,
                  "Level": 0,
                  "Provider_attributes": {
                    "Name": "Microsoft-Windows-Security-Auditing",
                    "Guid": "54849625-5478-4994-A5BA-3E3B0328C30D"
                  },
                  "Version": 2,
                  "Task": 12544,
                  "Opcode": 0,
                  "TimeCreated_attributes": {
                    "SystemTime": "2026-01-14T10:53:41.578749Z"
                  },
                  "Execution_attributes": {
                    "ProcessID": 716,
                    "ThreadID": 4644
                  },
                  "Keywords": "0x8020000000000000",
                  "Correlation_attributes": {
                    "ActivityID": "F2B6C865-8505-0002-B7C8-B6F20585DC01"
                  },
                  "EventRecordID": 935158,
                  "Channel": "Security",
                  "Computer": "SQLSERVER.Mills.local",
                  "Security": null
                }
              },
              "Event_attributes": {
                "xmlns": "http://schemas.microsoft.com/win/2004/08/events/event"
              }
            }
          },
          "name": "Network Logon",
          "timestamp": "2026-01-14T10:53:41.578749+00:00",
          "authors": [
            "FranticTyping"
          ],
          "level": "info",
          "source": "chainsaw",
          "status": "stable"
        }
      },
      "raw_refs": [
        "chainsaw.evtx.jsonl:line:14"
      ],
      "provenance": {
        "origin": "baseline",
        "manifest_path": "outputs/jsonl/chainsaw_evtx/f5d1a29d-2446-4a73-a0af-1e1bcc4b41b2/manifest.json"
      }
    },
    {
      "finding_id": "F-f5d1a29d-000015",
      "category": "unknown",
      "summary": "Network Logon",
      "confidence": null,
      "severity": "informational",
      "source": {
        "tool": "chainsaw",
        "rule_id": "RAWREF:chainsaw.evtx.jsonl:line:15",
        "rule_title": "Network Logon"
      },
      "evidence": {
        "event_refs": [
          "chainsaw.evtx.jsonl:line:15"
        ],
        "artifacts": [],
        "timestamps": {
          "first_seen": "2026-01-14T10:54:46.070030+00:00",
          "last_seen": "2026-01-14T10:54:46.070030+00:00"
        },
        "raw": {
          "group": "Lateral Movement",
          "kind": "individual",
          "document": {
            "kind": "evtx",
            "path": "/home/nevermore/cases/intake/evtx/Logs/Security.evtx",
            "data": {
              "Event": {
                "EventData": {
                  "AuthenticationPackageName": "NTLM",
                  "LogonProcessName": "NtLmSsp",
                  "TargetOutboundDomainName": "-",
                  "TargetLinkedLogonId": "0x0",
                  "LmPackageName": "NTLM V2",
                  "TargetDomainName": "MILLSINC",
                  "SubjectUserName": "-",
                  "TargetUserSid": "S-1-5-21-1841095656-2843128008-524542198-3673",
                  "IpAddress": "172.16.1.111",
                  "KeyLength": 128,
                  "SubjectLogonId": "0x0",
                  "TargetLogonId": "0x1ac3a1d",
                  "ElevatedToken": "%%1843",
                  "LogonGuid": "00000000-0000-0000-0000-000000000000",
                  "RestrictedAdminMode": "-",
                  "SubjectDomainName": "-",
                  "LogonType": 3,
                  "VirtualAccount": "%%1843",
                  "TargetOutboundUserName": "-",
                  "WorkstationName": "MOM",
                  "IpPort": "54411",
                  "ImpersonationLevel": "%%1833",
                  "SubjectUserSid": "S-1-0-0",
                  "TransmittedServices": "-",
                  "ProcessId": "0x0",
                  "TargetUserName": "MOM$",
                  "ProcessName": "-"
                },
                "System": {
                  "EventID": 4624,
                  "Level": 0,
                  "Provider_attributes": {
                    "Name": "Microsoft-Windows-Security-Auditing",
                    "Guid": "54849625-5478-4994-A5BA-3E3B0328C30D"
                  },
                  "Version": 2,
                  "Task": 12544,
                  "Opcode": 0,
                  "TimeCreated_attributes": {
                    "SystemTime": "2026-01-14T10:54:46.070030Z"
                  },
                  "Execution_attributes": {
                    "ProcessID": 716,
                    "ThreadID": 4644
                  },
                  "Keywords": "0x8020000000000000",
                  "Correlation_attributes": {
                    "ActivityID": "F2B6C865-8505-0002-B7C8-B6F20585DC01"
                  },
                  "EventRecordID": 935162,
                  "Channel": "Security",
                  "Computer": "SQLSERVER.Mills.local",
                  "Security": null
                }
              },
              "Event_attributes": {
                "xmlns": "http://schemas.microsoft.com/win/2004/08/events/event"
              }
            }
          },
          "name": "Network Logon",
          "timestamp": "2026-01-14T10:54:46.070030+00:00",
          "authors": [
            "FranticTyping"
          ],
          "level": "info",
          "source": "chainsaw",
          "status": "stable"
        }
      },
      "raw_refs": [
        "chainsaw.evtx.jsonl:line:15"
      ],
      "provenance": {
        "origin": "baseline",
        "manifest_path": "outputs/jsonl/chainsaw_evtx/f5d1a29d-2446-4a73-a0af-1e1bcc4b41b2/manifest.json"
      }
    },
    {
      "finding_id": "F-f5d1a29d-000016",
      "category": "unknown",
      "summary": "Network Logon",
      "confidence": null,
      "severity": "informational",
      "source": {
        "tool": "chainsaw",
        "rule_id": "RAWREF:chainsaw.evtx.jsonl:line:16",
        "rule_title": "Network Logon"
      },
      "evidence": {
        "event_refs": [
          "chainsaw.evtx.jsonl:line:16"
        ],
        "artifacts": [],
        "timestamps": {
          "first_seen": "2026-01-14T10:55:01.611073+00:00",
          "last_seen": "2026-01-14T10:55:01.611073+00:00"
        },
        "raw": {
          "group": "Lateral Movement",
          "kind": "individual",
          "document": {
            "kind": "evtx",
            "path": "/home/nevermore/cases/intake/evtx/Logs/Security.evtx",
            "data": {
              "Event": {
                "EventData": {
                  "AuthenticationPackageName": "Kerberos",
                  "LogonProcessName": "Kerberos",
                  "TargetOutboundDomainName": "-",
                  "TargetLinkedLogonId": "0x0",
                  "LmPackageName": "-",
                  "TargetDomainName": "MILLS.LOCAL",
                  "SubjectUserName": "-",
                  "TargetUserSid": "S-1-5-21-1841095656-2843128008-524542198-3673",
                  "IpAddress": "172.16.1.111",
                  "KeyLength": 0,
                  "SubjectLogonId": "0x0",
                  "TargetLogonId": "0x1ac4513",
                  "ElevatedToken": "%%1843",
                  "LogonGuid": "BFD49F00-18B9-92C1-3444-AC19B0A49816",
                  "RestrictedAdminMode": "-",
                  "SubjectDomainName": "-",
                  "LogonType": 3,
                  "VirtualAccount": "%%1843",
                  "TargetOutboundUserName": "-",
                  "WorkstationName": "-",
                  "IpPort": "54461",
                  "ImpersonationLevel": "%%1833",
                  "SubjectUserSid": "S-1-0-0",
                  "TransmittedServices": "-",
                  "ProcessId": "0x0",
                  "TargetUserName": "MOM$",
                  "ProcessName": "-"
                },
                "System": {
                  "EventID": 4624,
                  "Level": 0,
                  "Provider_attributes": {
                    "Name": "Microsoft-Windows-Security-Auditing",
                    "Guid": "54849625-5478-4994-A5BA-3E3B0328C30D"
                  },
                  "Version": 2,
                  "Task": 12544,
                  "Opcode": 0,
                  "TimeCreated_attributes": {
                    "SystemTime": "2026-01-14T10:55:01.611073Z"
                  },
                  "Execution_attributes": {
                    "ProcessID": 716,
                    "ThreadID": 1992
                  },
                  "Keywords": "0x8020000000000000",
                  "Correlation_attributes": {
                    "ActivityID": "F2B6C865-8505-0002-B7C8-B6F20585DC01"
                  },
                  "EventRecordID": 935164,
                  "Channel": "Security",
                  "Computer": "SQLSERVER.Mills.local",
                  "Security": null
                }
              },
              "Event_attributes": {
                "xmlns": "http://schemas.microsoft.com/win/2004/08/events/event"
              }
            }
          },
          "name": "Network Logon",
          "timestamp": "2026-01-14T10:55:01.611073+00:00",
          "authors": [
            "FranticTyping"
          ],
          "level": "info",
          "source": "chainsaw",
          "status": "stable"
        }
      },
      "raw_refs": [
        "chainsaw.evtx.jsonl:line:16"
      ],
      "provenance": {
        "origin": "baseline",
        "manifest_path": "outputs/jsonl/chainsaw_evtx/f5d1a29d-2446-4a73-a0af-1e1bcc4b41b2/manifest.json"
      }
    },
    {
      "finding_id": "F-f5d1a29d-000017",
      "category": "unknown",
      "summary": "Network Logon",
      "confidence": null,
      "severity": "informational",
      "source": {
        "tool": "chainsaw",
        "rule_id": "RAWREF:chainsaw.evtx.jsonl:line:17",
        "rule_title": "Network Logon"
      },
      "evidence": {
        "event_refs": [
          "chainsaw.evtx.jsonl:line:17"
        ],
        "artifacts": [],
        "timestamps": {
          "first_seen": "2026-01-14T10:55:48.208797+00:00",
          "last_seen": "2026-01-14T10:55:48.208797+00:00"
        },
        "raw": {
          "group": "Lateral Movement",
          "kind": "individual",
          "document": {
            "kind": "evtx",
            "path": "/home/nevermore/cases/intake/evtx/Logs/Security.evtx",
            "data": {
              "Event": {
                "EventData": {
                  "AuthenticationPackageName": "NTLM",
                  "LogonProcessName": "NtLmSsp",
                  "TargetOutboundDomainName": "-",
                  "TargetLinkedLogonId": "0x0",
                  "LmPackageName": "NTLM V2",
                  "TargetDomainName": "MILLSINC",
                  "SubjectUserName": "-",
                  "TargetUserSid": "S-1-5-21-1841095656-2843128008-524542198-3674",
                  "IpAddress": "172.16.1.8",
                  "KeyLength": 128,
                  "SubjectLogonId": "0x0",
                  "TargetLogonId": "0x1ac643a",
                  "ElevatedToken": "%%1843",
                  "LogonGuid": "00000000-0000-0000-0000-000000000000",
                  "RestrictedAdminMode": "-",
                  "SubjectDomainName": "-",
                  "LogonType": 3,
                  "VirtualAccount": "%%1843",
                  "TargetOutboundUserName": "-",
                  "WorkstationName": "APPS",
                  "IpPort": "49384",
                  "ImpersonationLevel": "%%1833",
                  "SubjectUserSid": "S-1-0-0",
                  "TransmittedServices": "-",
                  "ProcessId": "0x0",
                  "TargetUserName": "APPS$",
                  "ProcessName": "-"
                },
                "System": {
                  "EventID": 4624,
                  "Level": 0,
                  "Provider_attributes": {
                    "Name": "Microsoft-Windows-Security-Auditing",
                    "Guid": "54849625-5478-4994-A5BA-3E3B0328C30D"
                  },
                  "Version": 2,
                  "Task": 12544,
                  "Opcode": 0,
                  "TimeCreated_attributes": {
                    "SystemTime": "2026-01-14T10:55:48.208797Z"
                  },
                  "Execution_attributes": {
                    "ProcessID": 716,
                    "ThreadID": 4644
                  },
                  "Keywords": "0x8020000000000000",
                  "Correlation_attributes": {
                    "ActivityID": "F2B6C865-8505-0002-B7C8-B6F20585DC01"
                  },
                  "EventRecordID": 935168,
                  "Channel": "Security",
                  "Computer": "SQLSERVER.Mills.local",
                  "Security": null
                }
              },
              "Event_attributes": {
                "xmlns": "http://schemas.microsoft.com/win/2004/08/events/event"
              }
            }
          },
          "name": "Network Logon",
          "timestamp": "2026-01-14T10:55:48.208797+00:00",
          "authors": [
            "FranticTyping"
          ],
          "level": "info",
          "source": "chainsaw",
          "status": "stable"
        }
      },
      "raw_refs": [
        "chainsaw.evtx.jsonl:line:17"
      ],
      "provenance": {
        "origin": "baseline",
        "manifest_path": "outputs/jsonl/chainsaw_evtx/f5d1a29d-2446-4a73-a0af-1e1bcc4b41b2/manifest.json"
      }
    },
    {
      "finding_id": "F-f5d1a29d-000018",
      "category": "unknown",
      "summary": "Network Logon",
      "confidence": null,
      "severity": "informational",
      "source": {
        "tool": "chainsaw",
        "rule_id": "RAWREF:chainsaw.evtx.jsonl:line:18",
        "rule_title": "Network Logon"
      },
      "evidence": {
        "event_refs": [
          "chainsaw.evtx.jsonl:line:18"
        ],
        "artifacts": [],
        "timestamps": {
          "first_seen": "2026-01-14T10:56:07.468532+00:00",
          "last_seen": "2026-01-14T10:56:07.468532+00:00"
        },
        "raw": {
          "group": "Lateral Movement",
          "kind": "individual",
          "document": {
            "kind": "evtx",
            "path": "/home/nevermore/cases/intake/evtx/Logs/Security.evtx",
            "data": {
              "Event": {
                "EventData": {
                  "AuthenticationPackageName": "NTLM",
                  "LogonProcessName": "NtLmSsp",
                  "TargetOutboundDomainName": "-",
                  "TargetLinkedLogonId": "0x0",
                  "LmPackageName": "NTLM V2",
                  "TargetDomainName": "MILLSINC",
                  "SubjectUserName": "-",
                  "TargetUserSid": "S-1-5-21-1841095656-2843128008-524542198-3673",
                  "IpAddress": "172.16.1.111",
                  "KeyLength": 128,
                  "SubjectLogonId": "0x0",
                  "TargetLogonId": "0x1ac6fda",
                  "ElevatedToken": "%%1843",
                  "LogonGuid": "00000000-0000-0000-0000-000000000000",
                  "RestrictedAdminMode": "-",
                  "SubjectDomainName": "-",
                  "LogonType": 3,
                  "VirtualAccount": "%%1843",
                  "TargetOutboundUserName": "-",
                  "WorkstationName": "MOM",
                  "IpPort": "54606",
                  "ImpersonationLevel": "%%1833",
                  "SubjectUserSid": "S-1-0-0",
                  "TransmittedServices": "-",
                  "ProcessId": "0x0",
                  "TargetUserName": "MOM$",
                  "ProcessName": "-"
                },
                "System": {
                  "EventID": 4624,
                  "Level": 0,
                  "Provider_attributes": {
                    "Name": "Microsoft-Windows-Security-Auditing",
                    "Guid": "54849625-5478-4994-A5BA-3E3B0328C30D"
                  },
                  "Version": 2,
                  "Task": 12544,
                  "Opcode": 0,
                  "TimeCreated_attributes": {
                    "SystemTime": "2026-01-14T10:56:07.468532Z"
                  },
                  "Execution_attributes": {
                    "ProcessID": 716,
                    "ThreadID": 4916
                  },
                  "Keywords": "0x8020000000000000",
                  "Correlation_attributes": {
                    "ActivityID": "F2B6C865-8505-0002-B7C8-B6F20585DC01"
                  },
                  "EventRecordID": 935170,
                  "Channel": "Security",
                  "Computer": "SQLSERVER.Mills.local",
                  "Security": null
                }
              },
              "Event_attributes": {
                "xmlns": "http://schemas.microsoft.com/win/2004/08/events/event"
              }
            }
          },
          "name": "Network Logon",
          "timestamp": "2026-01-14T10:56:07.468532+00:00",
          "authors": [
            "FranticTyping"
          ],
          "level": "info",
          "source": "chainsaw",
          "status": "stable"
        }
      },
      "raw_refs": [
        "chainsaw.evtx.jsonl:line:18"
      ],
      "provenance": {
        "origin": "baseline",
        "manifest_path": "outputs/jsonl/chainsaw_evtx/f5d1a29d-2446-4a73-a0af-1e1bcc4b41b2/manifest.json"
      }
    },
    {
      "finding_id": "F-f5d1a29d-000019",
      "category": "unknown",
      "summary": "Network Logon",
      "confidence": null,
      "severity": "informational",
      "source": {
        "tool": "chainsaw",
        "rule_id": "RAWREF:chainsaw.evtx.jsonl:line:19",
        "rule_title": "Network Logon"
      },
      "evidence": {
        "event_refs": [
          "chainsaw.evtx.jsonl:line:19"
        ],
        "artifacts": [],
        "timestamps": {
          "first_seen": "2026-01-14T10:57:28.389367+00:00",
          "last_seen": "2026-01-14T10:57:28.389367+00:00"
        },
        "raw": {
          "group": "Lateral Movement",
          "kind": "individual",
          "document": {
            "kind": "evtx",
            "path": "/home/nevermore/cases/intake/evtx/Logs/Security.evtx",
            "data": {
              "Event": {
                "EventData": {
                  "AuthenticationPackageName": "NTLM",
                  "LogonProcessName": "NtLmSsp",
                  "TargetOutboundDomainName": "-",
                  "TargetLinkedLogonId": "0x0",
                  "LmPackageName": "NTLM V2",
                  "TargetDomainName": "MILLSINC",
                  "SubjectUserName": "-",
                  "TargetUserSid": "S-1-5-21-1841095656-2843128008-524542198-3673",
                  "IpAddress": "172.16.1.111",
                  "KeyLength": 128,
                  "SubjectLogonId": "0x0",
                  "TargetLogonId": "0x1ac9f48",
                  "ElevatedToken": "%%1843",
                  "LogonGuid": "00000000-0000-0000-0000-000000000000",
                  "RestrictedAdminMode": "-",
                  "SubjectDomainName": "-",
                  "LogonType": 3,
                  "VirtualAccount": "%%1843",
                  "TargetOutboundUserName": "-",
                  "WorkstationName": "MOM",
                  "IpPort": "54795",
                  "ImpersonationLevel": "%%1833",
                  "SubjectUserSid": "S-1-0-0",
                  "TransmittedServices": "-",
                  "ProcessId": "0x0",
                  "TargetUserName": "MOM$",
                  "ProcessName": "-"
                },
                "System": {
                  "EventID": 4624,
                  "Level": 0,
                  "Provider_attributes": {
                    "Name": "Microsoft-Windows-Security-Auditing",
                    "Guid": "54849625-5478-4994-A5BA-3E3B0328C30D"
                  },
                  "Version": 2,
                  "Task": 12544,
                  "Opcode": 0,
                  "TimeCreated_attributes": {
                    "SystemTime": "2026-01-14T10:57:28.389367Z"
                  },
                  "Execution_attributes": {
                    "ProcessID": 716,
                    "ThreadID": 1992
                  },
                  "Keywords": "0x8020000000000000",
                  "Correlation_attributes": {
                    "ActivityID": "F2B6C865-8505-0002-B7C8-B6F20585DC01"
                  },
                  "EventRecordID": 935174,
                  "Channel": "Security",
                  "Computer": "SQLSERVER.Mills.local",
                  "Security": null
                }
              },
              "Event_attributes": {
                "xmlns": "http://schemas.microsoft.com/win/2004/08/events/event"
              }
            }
          },
          "name": "Network Logon",
          "timestamp": "2026-01-14T10:57:28.389367+00:00",
          "authors": [
            "FranticTyping"
          ],
          "level": "info",
          "source": "chainsaw",
          "status": "stable"
        }
      },
      "raw_refs": [
        "chainsaw.evtx.jsonl:line:19"
      ],
      "provenance": {
        "origin": "baseline",
        "manifest_path": "outputs/jsonl/chainsaw_evtx/f5d1a29d-2446-4a73-a0af-1e1bcc4b41b2/manifest.json"
      }
    },
    {
      "finding_id": "F-f5d1a29d-000020",
      "category": "unknown",
      "summary": "Network Logon",
      "confidence": null,
      "severity": "informational",
      "source": {
        "tool": "chainsaw",
        "rule_id": "RAWREF:chainsaw.evtx.jsonl:line:20",
        "rule_title": "Network Logon"
      },
      "evidence": {
        "event_refs": [
          "chainsaw.evtx.jsonl:line:20"
        ],
        "artifacts": [],
        "timestamps": {
          "first_seen": "2026-01-14T10:58:46.318455+00:00",
          "last_seen": "2026-01-14T10:58:46.318455+00:00"
        },
        "raw": {
          "group": "Lateral Movement",
          "kind": "individual",
          "document": {
            "kind": "evtx",
            "path": "/home/nevermore/cases/intake/evtx/Logs/Security.evtx",
            "data": {
              "Event": {
                "EventData": {
                  "AuthenticationPackageName": "NTLM",
                  "LogonProcessName": "NtLmSsp",
                  "TargetOutboundDomainName": "-",
                  "TargetLinkedLogonId": "0x0",
                  "LmPackageName": "NTLM V2",
                  "TargetDomainName": "MILLSINC",
                  "SubjectUserName": "-",
                  "TargetUserSid": "S-1-5-21-1841095656-2843128008-524542198-3673",
                  "IpAddress": "172.16.1.111",
                  "KeyLength": 128,
                  "SubjectLogonId": "0x0",
                  "TargetLogonId": "0x1acdde5",
                  "ElevatedToken": "%%1843",
                  "LogonGuid": "00000000-0000-0000-0000-000000000000",
                  "RestrictedAdminMode": "-",
                  "SubjectDomainName": "-",
                  "LogonType": 3,
                  "VirtualAccount": "%%1843",
                  "TargetOutboundUserName": "-",
                  "WorkstationName": "MOM",
                  "IpPort": "54975",
                  "ImpersonationLevel": "%%1833",
                  "SubjectUserSid": "S-1-0-0",
                  "TransmittedServices": "-",
                  "ProcessId": "0x0",
                  "TargetUserName": "MOM$",
                  "ProcessName": "-"
                },
                "System": {
                  "EventID": 4624,
                  "Level": 0,
                  "Provider_attributes": {
                    "Name": "Microsoft-Windows-Security-Auditing",
                    "Guid": "54849625-5478-4994-A5BA-3E3B0328C30D"
                  },
                  "Version": 2,
                  "Task": 12544,
                  "Opcode": 0,
                  "TimeCreated_attributes": {
                    "SystemTime": "2026-01-14T10:58:46.318455Z"
                  },
                  "Execution_attributes": {
                    "ProcessID": 716,
                    "ThreadID": 4644
                  },
                  "Keywords": "0x8020000000000000",
                  "Correlation_attributes": {
                    "ActivityID": "F2B6C865-8505-0002-B7C8-B6F20585DC01"
                  },
                  "EventRecordID": 935177,
                  "Channel": "Security",
                  "Computer": "SQLSERVER.Mills.local",
                  "Security": null
                }
              },
              "Event_attributes": {
                "xmlns": "http://schemas.microsoft.com/win/2004/08/events/event"
              }
            }
          },
          "name": "Network Logon",
          "timestamp": "2026-01-14T10:58:46.318455+00:00",
          "authors": [
            "FranticTyping"
          ],
          "level": "info",
          "source": "chainsaw",
          "status": "stable"
        }
      },
      "raw_refs": [
        "chainsaw.evtx.jsonl:line:20"
      ],
      "provenance": {
        "origin": "baseline",
        "manifest_path": "outputs/jsonl/chainsaw_evtx/f5d1a29d-2446-4a73-a0af-1e1bcc4b41b2/manifest.json"
      }
    },
    {
      "finding_id": "F-f5d1a29d-000021",
      "category": "unknown",
      "summary": "Network Logon",
      "confidence": null,
      "severity": "informational",
      "source": {
        "tool": "chainsaw",
        "rule_id": "RAWREF:chainsaw.evtx.jsonl:line:21",
        "rule_title": "Network Logon"
      },
      "evidence": {
        "event_refs": [
          "chainsaw.evtx.jsonl:line:21"
        ],
        "artifacts": [],
        "timestamps": {
          "first_seen": "2026-01-14T10:58:48.095542+00:00",
          "last_seen": "2026-01-14T10:58:48.095542+00:00"
        },
        "raw": {
          "group": "Lateral Movement",
          "kind": "individual",
          "document": {
            "kind": "evtx",
            "path": "/home/nevermore/cases/intake/evtx/Logs/Security.evtx",
            "data": {
              "Event": {
                "EventData": {
                  "AuthenticationPackageName": "NTLM",
                  "LogonProcessName": "NtLmSsp",
                  "TargetOutboundDomainName": "-",
                  "TargetLinkedLogonId": "0x0",
                  "LmPackageName": "NTLM V2",
                  "TargetDomainName": "MILLSINC",
                  "SubjectUserName": "-",
                  "TargetUserSid": "S-1-5-21-1841095656-2843128008-524542198-3674",
                  "IpAddress": "172.16.1.8",
                  "KeyLength": 128,
                  "SubjectLogonId": "0x0",
                  "TargetLogonId": "0x1acdee1",
                  "ElevatedToken": "%%1843",
                  "LogonGuid": "00000000-0000-0000-0000-000000000000",
                  "RestrictedAdminMode": "-",
                  "SubjectDomainName": "-",
                  "LogonType": 3,
                  "VirtualAccount": "%%1843",
                  "TargetOutboundUserName": "-",
                  "WorkstationName": "APPS",
                  "IpPort": "49689",
                  "ImpersonationLevel": "%%1833",
                  "SubjectUserSid": "S-1-0-0",
                  "TransmittedServices": "-",
                  "ProcessId": "0x0",
                  "TargetUserName": "APPS$",
                  "ProcessName": "-"
                },
                "System": {
                  "EventID": 4624,
                  "Level": 0,
                  "Provider_attributes": {
                    "Name": "Microsoft-Windows-Security-Auditing",
                    "Guid": "54849625-5478-4994-A5BA-3E3B0328C30D"
                  },
                  "Version": 2,
                  "Task": 12544,
                  "Opcode": 0,
                  "TimeCreated_attributes": {
                    "SystemTime": "2026-01-14T10:58:48.095542Z"
                  },
                  "Execution_attributes": {
                    "ProcessID": 716,
                    "ThreadID": 4644
                  },
                  "Keywords": "0x8020000000000000",
                  "Correlation_attributes": {
                    "ActivityID": "F2B6C865-8505-0002-B7C8-B6F20585DC01"
                  },
                  "EventRecordID": 935179,
                  "Channel": "Security",
                  "Computer": "SQLSERVER.Mills.local",
                  "Security": null
                }
              },
              "Event_attributes": {
                "xmlns": "http://schemas.microsoft.com/win/2004/08/events/event"
              }
            }
          },
          "name": "Network Logon",
          "timestamp": "2026-01-14T10:58:48.095542+00:00",
          "authors": [
            "FranticTyping"
          ],
          "level": "info",
          "source": "chainsaw",
          "status": "stable"
        }
      },
      "raw_refs": [
        "chainsaw.evtx.jsonl:line:21"
      ],
      "provenance": {
        "origin": "baseline",
        "manifest_path": "outputs/jsonl/chainsaw_evtx/f5d1a29d-2446-4a73-a0af-1e1bcc4b41b2/manifest.json"
      }
    },
    {
      "finding_id": "F-f5d1a29d-000022",
      "category": "unknown",
      "summary": "Account Brute Force",
      "confidence": null,
      "severity": "informational",
      "source": {
        "tool": "chainsaw",
        "rule_id": "RAWREF:chainsaw.evtx.jsonl:line:22",
        "rule_title": "Account Brute Force"
      },
      "evidence": {
        "event_refs": [
          "chainsaw.evtx.jsonl:line:22"
        ],
        "artifacts": [],
        "timestamps": {
          "first_seen": "2026-01-14T11:00:02.918130+00:00",
          "last_seen": "2026-01-14T11:00:02.918130+00:00"
        },
        "raw": {
          "group": "Login Attacks",
          "kind": "aggregate",
          "documents": [
            {
              "kind": "evtx",
              "path": "/home/nevermore/cases/intake/evtx/Logs/Security.evtx",
              "data": {
                "Event": {
                  "EventData": {
                    "AuthenticationPackageName": "NTLM",
                    "LogonProcessName": "NtLmSsp",
                    "KeyLength": 0,
                    "TargetDomainName": "MILLSINC",
                    "SubStatus": "0x0",
                    "Status": "0xc000005e",
                    "SubjectLogonId": "0x0",
                    "TransmittedServices": "-",
                    "SubjectDomainName": "-",
                    "FailureReason": "%%2304",
                    "LogonType": 3,
                    "SubjectUserSid": "S-1-0-0",
                    "WorkstationName": "MOM",
                    "ProcessId": "0x0",
                    "IpPort": "55173",
                    "TargetUserName": "MOM$",
                    "ProcessName": "-",
                    "LmPackageName": "-",
                    "SubjectUserName": "-",
                    "TargetUserSid": "S-1-0-0",
                    "IpAddress": "172.16.1.111"
                  },
                  "System": {
                    "EventID": 4625,
                    "Level": 0,
                    "Provider_attributes": {
                      "Name": "Microsoft-Windows-Security-Auditing",
                      "Guid": "54849625-5478-4994-A5BA-3E3B0328C30D"
                    },
                    "Version": 0,
                    "Task": 12544,
                    "Opcode": 0,
                    "TimeCreated_attributes": {
                      "SystemTime": "2026-01-14T11:00:02.918130Z"
                    },
                    "Execution_attributes": {
                      "ProcessID": 716,
                      "ThreadID": 4916
                    },
                    "Keywords": "0x8010000000000000",
                    "Correlation_attributes": {
                      "ActivityID": "F2B6C865-8505-0002-B7C8-B6F20585DC01"
                    },
                    "EventRecordID": 935183,
                    "Channel": "Security",
                    "Computer": "SQLSERVER.Mills.local",
                    "Security": null
                  }
                },
                "Event_attributes": {
                  "xmlns": "http://schemas.microsoft.com/win/2004/08/events/event"
                }
              }
            },
            {
              "kind": "evtx",
              "path": "/home/nevermore/cases/intake/evtx/Logs/Security.evtx",
              "data": {
                "Event": {
                  "EventData": {
                    "AuthenticationPackageName": "NTLM",
                    "LogonProcessName": "NtLmSsp",
                    "KeyLength": 0,
                    "TargetDomainName": "MILLSINC",
                    "SubStatus": "0x0",
                    "Status": "0xc000005e",
                    "SubjectLogonId": "0x0",
                    "TransmittedServices": "-",
                    "SubjectDomainName": "-",
                    "FailureReason": "%%2304",
                    "LogonType": 3,
                    "SubjectUserSid": "S-1-0-0",
                    "WorkstationName": "MOM",
                    "ProcessId": "0x0",
                    "IpPort": "55177",
                    "TargetUserName": "MOM$",
                    "ProcessName": "-",
                    "LmPackageName": "-",
                    "SubjectUserName": "-",
                    "TargetUserSid": "S-1-0-0",
                    "IpAddress": "172.16.1.111"
                  },
                  "System": {
                    "EventID": 4625,
                    "Level": 0,
                    "Provider_attributes": {
                      "Name": "Microsoft-Windows-Security-Auditing",
                      "Guid": "54849625-5478-4994-A5BA-3E3B0328C30D"
                    },
                    "Version": 0,
                    "Task": 12544,
                    "Opcode": 0,
                    "TimeCreated_attributes": {
                      "SystemTime": "2026-01-14T11:00:04.063423Z"
                    },
                    "Execution_attributes": {
                      "ProcessID": 716,
                      "ThreadID": 4916
                    },
                    "Keywords": "0x8010000000000000",
                    "Correlation_attributes": {
                      "ActivityID": "F2B6C865-8505-0002-B7C8-B6F20585DC01"
                    },
                    "EventRecordID": 935184,
                    "Channel": "Security",
                    "Computer": "SQLSERVER.Mills.local",
                    "Security": null
                  }
                },
                "Event_attributes": {
                  "xmlns": "http://schemas.microsoft.com/win/2004/08/events/event"
                }
              }
            },
            {
              "kind": "evtx",
              "path": "/home/nevermore/cases/intake/evtx/Logs/Security.evtx",
              "data": {
                "Event": {
                  "EventData": {
                    "AuthenticationPackageName": "NTLM",
                    "LogonProcessName": "NtLmSsp",
                    "KeyLength": 0,
                    "TargetDomainName": "MILLSINC",
                    "SubStatus": "0x0",
                    "Status": "0xc000005e",
                    "SubjectLogonId": "0x0",
                    "TransmittedServices": "-",
                    "SubjectDomainName": "-",
                    "FailureReason": "%%2304",
                    "LogonType": 3,
                    "SubjectUserSid": "S-1-0-0",
                    "WorkstationName": "MOM",
                    "ProcessId": "0x0",
                    "IpPort": "55182",
                    "TargetUserName": "MOM$",
                    "ProcessName": "-",
                    "LmPackageName": "-",
                    "SubjectUserName": "-",
                    "TargetUserSid": "S-1-0-0",
                    "IpAddress": "172.16.1.111"
                  },
                  "System": {
                    "EventID": 4625,
                    "Level": 0,
                    "Provider_attributes": {
                      "Name": "Microsoft-Windows-Security-Auditing",
                      "Guid": "54849625-5478-4994-A5BA-3E3B0328C30D"
                    },
                    "Version": 0,
                    "Task": 12544,
                    "Opcode": 0,
                    "TimeCreated_attributes": {
                      "SystemTime": "2026-01-14T11:00:05.307807Z"
                    },
                    "Execution_attributes": {
                      "ProcessID": 716,
                      "ThreadID": 4916
                    },
                    "Keywords": "0x8010000000000000",
                    "Correlation_attributes": {
                      "ActivityID": "F2B6C865-8505-0002-B7C8-B6F20585DC01"
                    },
                    "EventRecordID": 935185,
                    "Channel": "Security",
                    "Computer": "SQLSERVER.Mills.local",
                    "Security": null
                  }
                },
                "Event_attributes": {
                  "xmlns": "http://schemas.microsoft.com/win/2004/08/events/event"
                }
              }
            },
            {
              "kind": "evtx",
              "path": "/home/nevermore/cases/intake/evtx/Logs/Security.evtx",
              "data": {
                "Event": {
                  "EventData": {
                    "AuthenticationPackageName": "NTLM",
                    "LogonProcessName": "NtLmSsp",
                    "KeyLength": 0,
                    "TargetDomainName": "MILLSINC",
                    "SubStatus": "0x0",
                    "Status": "0xc000005e",
                    "SubjectLogonId": "0x0",
                    "TransmittedServices": "-",
                    "SubjectDomainName": "-",
                    "FailureReason": "%%2304",
                    "LogonType": 3,
                    "SubjectUserSid": "S-1-0-0",
                    "WorkstationName": "MOM",
                    "ProcessId": "0x0",
                    "IpPort": "55186",
                    "TargetUserName": "MOM$",
                    "ProcessName": "-",
                    "LmPackageName": "-",
                    "SubjectUserName": "-",
                    "TargetUserSid": "S-1-0-0",
                    "IpAddress": "172.16.1.111"
                  },
                  "System": {
                    "EventID": 4625,
                    "Level": 0,
                    "Provider_attributes": {
                      "Name": "Microsoft-Windows-Security-Auditing",
                      "Guid": "54849625-5478-4994-A5BA-3E3B0328C30D"
                    },
                    "Version": 0,
                    "Task": 12544,
                    "Opcode": 0,
                    "TimeCreated_attributes": {
                      "SystemTime": "2026-01-14T11:00:06.745490Z"
                    },
                    "Execution_attributes": {
                      "ProcessID": 716,
                      "ThreadID": 4916
                    },
                    "Keywords": "0x8010000000000000",
                    "Correlation_attributes": {
                      "ActivityID": "F2B6C865-8505-0002-B7C8-B6F20585DC01"
                    },
                    "EventRecordID": 935186,
                    "Channel": "Security",
                    "Computer": "SQLSERVER.Mills.local",
                    "Security": null
                  }
                },
                "Event_attributes": {
                  "xmlns": "http://schemas.microsoft.com/win/2004/08/events/event"
                }
              }
            },
            {
              "kind": "evtx",
              "path": "/home/nevermore/cases/intake/evtx/Logs/Security.evtx",
              "data": {
                "Event": {
                  "EventData": {
                    "AuthenticationPackageName": "NTLM",
                    "LogonProcessName": "NtLmSsp",
                    "KeyLength": 0,
                    "TargetDomainName": "MILLSINC",
                    "SubStatus": "0x0",
                    "Status": "0xc000005e",
                    "SubjectLogonId": "0x0",
                    "TransmittedServices": "-",
                    "SubjectDomainName": "-",
                    "FailureReason": "%%2304",
                    "LogonType": 3,
                    "SubjectUserSid": "S-1-0-0",
                    "WorkstationName": "MOM",
                    "ProcessId": "0x0",
                    "IpPort": "55192",
                    "TargetUserName": "MOM$",
                    "ProcessName": "-",
                    "LmPackageName": "-",
                    "SubjectUserName": "-",
                    "TargetUserSid": "S-1-0-0",
                    "IpAddress": "172.16.1.111"
                  },
                  "System": {
                    "EventID": 4625,
                    "Level": 0,
                    "Provider_attributes": {
                      "Name": "Microsoft-Windows-Security-Auditing",
                      "Guid": "54849625-5478-4994-A5BA-3E3B0328C30D"
                    },
                    "Version": 0,
                    "Task": 12544,
                    "Opcode": 0,
                    "TimeCreated_attributes": {
                      "SystemTime": "2026-01-14T11:00:08.589343Z"
                    },
                    "Execution_attributes": {
                      "ProcessID": 716,
                      "ThreadID": 4916
                    },
                    "Keywords": "0x8010000000000000",
                    "Correlation_attributes": {
                      "ActivityID": "F2B6C865-8505-0002-B7C8-B6F20585DC01"
                    },
                    "EventRecordID": 935187,
                    "Channel": "Security",
                    "Computer": "SQLSERVER.Mills.local",
                    "Security": null
                  }
                },
                "Event_attributes": {
                  "xmlns": "http://schemas.microsoft.com/win/2004/08/events/event"
                }
              }
            },
            {
              "kind": "evtx",
              "path": "/home/nevermore/cases/intake/evtx/Logs/Security.evtx",
              "data": {
                "Event": {
                  "EventData": {
                    "AuthenticationPackageName": "NTLM",
                    "LogonProcessName": "NtLmSsp",
                    "KeyLength": 0,
                    "TargetDomainName": "MILLSINC",
                    "SubStatus": "0x0",
                    "Status": "0xc000005e",
                    "SubjectLogonId": "0x0",
                    "TransmittedServices": "-",
                    "SubjectDomainName": "-",
                    "FailureReason": "%%2304",
                    "LogonType": 3,
                    "SubjectUserSid": "S-1-0-0",
                    "WorkstationName": "MOM",
                    "ProcessId": "0x0",
                    "IpPort": "55198",
                    "TargetUserName": "MOM$",
                    "ProcessName": "-",
                    "LmPackageName": "-",
                    "SubjectUserName": "-",
                    "TargetUserSid": "S-1-0-0",
                    "IpAddress": "172.16.1.111"
                  },
                  "System": {
                    "EventID": 4625,
                    "Level": 0,
                    "Provider_attributes": {
                      "Name": "Microsoft-Windows-Security-Auditing",
                      "Guid": "54849625-5478-4994-A5BA-3E3B0328C30D"
                    },
                    "Version": 0,
                    "Task": 12544,
                    "Opcode": 0,
                    "TimeCreated_attributes": {
                      "SystemTime": "2026-01-14T11:00:10.339109Z"
                    },
                    "Execution_attributes": {
                      "ProcessID": 716,
                      "ThreadID": 4916
                    },
                    "Keywords": "0x8010000000000000",
                    "Correlation_attributes": {
                      "ActivityID": "F2B6C865-8505-0002-B7C8-B6F20585DC01"
                    },
                    "EventRecordID": 935188,
                    "Channel": "Security",
                    "Computer": "SQLSERVER.Mills.local",
                    "Security": null
                  }
                },
                "Event_attributes": {
                  "xmlns": "http://schemas.microsoft.com/win/2004/08/events/event"
                }
              }
            },
            {
              "kind": "evtx",
              "path": "/home/nevermore/cases/intake/evtx/Logs/Security.evtx",
              "data": {
                "Event": {
                  "EventData": {
                    "AuthenticationPackageName": "NTLM",
                    "LogonProcessName": "NtLmSsp",
                    "KeyLength": 0,
                    "TargetDomainName": "MILLSINC",
                    "SubStatus": "0x0",
                    "Status": "0xc000005e",
                    "SubjectLogonId": "0x0",
                    "TransmittedServices": "-",
                    "SubjectDomainName": "-",
                    "FailureReason": "%%2304",
                    "LogonType": 3,
                    "SubjectUserSid": "S-1-0-0",
                    "WorkstationName": "MOM",
                    "ProcessId": "0x0",
                    "IpPort": "55204",
                    "TargetUserName": "MOM$",
                    "ProcessName": "-",
                    "LmPackageName": "-",
                    "SubjectUserName": "-",
                    "TargetUserSid": "S-1-0-0",
                    "IpAddress": "172.16.1.111"
                  },
                  "System": {
                    "EventID": 4625,
                    "Level": 0,
                    "Provider_attributes": {
                      "Name": "Microsoft-Windows-Security-Auditing",
                      "Guid": "54849625-5478-4994-A5BA-3E3B0328C30D"
                    },
                    "Version": 0,
                    "Task": 12544,
                    "Opcode": 0,
                    "TimeCreated_attributes": {
                      "SystemTime": "2026-01-14T11:00:11.469904Z"
                    },
                    "Execution_attributes": {
                      "ProcessID": 716,
                      "ThreadID": 4916
                    },
                    "Keywords": "0x8010000000000000",
                    "Correlation_attributes": {
                      "ActivityID": "F2B6C865-8505-0002-B7C8-B6F20585DC01"
                    },
                    "EventRecordID": 935190,
                    "Channel": "Security",
                    "Computer": "SQLSERVER.Mills.local",
                    "Security": null
                  }
                },
                "Event_attributes": {
                  "xmlns": "http://schemas.microsoft.com/win/2004/08/events/event"
                }
              }
            },
