            {
              "kind": "evtx",
              "path": "/home/nevermore/cases/intake/evtx/Logs/Security.evtx",
              "data": {
                "Event": {
                  "EventData": {
                    "AuthenticationPackageName": "NTLM",
                    "LogonProcessName": "NtLmSsp",
                    "KeyLength": 0,
                    "TargetDomainName": "MILLSINC",
                    "SubStatus": "0x0",
                    "Status": "0xc000005e",
                    "SubjectLogonId": "0x0",
                    "TransmittedServices": "-",
                    "SubjectDomainName": "-",
                    "FailureReason": "%%2304",
                    "LogonType": 3,
                    "SubjectUserSid": "S-1-0-0",
                    "WorkstationName": "MOM",
                    "ProcessId": "0x0",
                    "IpPort": "55200",
                    "TargetUserName": "MOM$",
                    "ProcessName": "-",
                    "LmPackageName": "-",
                    "SubjectUserName": "-",
                    "TargetUserSid": "S-1-0-0",
                    "IpAddress": "172.16.1.111"
                  },
                  "System": {
                    "EventID": 4625,
                    "Level": 0,
                    "Provider_attributes": {
                      "Name": "Microsoft-Windows-Security-Auditing",
                      "Guid": "54849625-5478-4994-A5BA-3E3B0328C30D"
                    },
                    "Version": 0,
                    "Task": 12544,
                    "Opcode": 0,
                    "TimeCreated_attributes": {
                      "SystemTime": "2026-01-14T11:00:10.636066Z"
                    },
                    "Execution_attributes": {
                      "ProcessID": 716,
                      "ThreadID": 4916
                    },
                    "Keywords": "0x8010000000000000",
                    "Correlation_attributes": {
                      "ActivityID": "F2B6C865-8505-0002-B7C8-B6F20585DC01"
                    },
                    "EventRecordID": 935189,
                    "Channel": "Security",
                    "Computer": "SQLSERVER.Mills.local",
                    "Security": null
                  }
                },
                "Event_attributes": {
                  "xmlns": "http://schemas.microsoft.com/win/2004/08/events/event"
                }
              }
            },
            {
              "kind": "evtx",
              "path": "/home/nevermore/cases/intake/evtx/Logs/Security.evtx",
              "data": {
                "Event": {
                  "EventData": {
                    "AuthenticationPackageName": "NTLM",
                    "LogonProcessName": "NtLmSsp",
                    "KeyLength": 0,
                    "TargetDomainName": "MILLSINC",
                    "SubStatus": "0x0",
                    "Status": "0xc000005e",
                    "SubjectLogonId": "0x0",
                    "TransmittedServices": "-",
                    "SubjectDomainName": "-",
                    "FailureReason": "%%2304",
                    "LogonType": 3,
                    "SubjectUserSid": "S-1-0-0",
                    "WorkstationName": "MOM",
                    "ProcessId": "0x0",
                    "IpPort": "55209",
                    "TargetUserName": "MOM$",
                    "ProcessName": "-",
                    "LmPackageName": "-",
                    "SubjectUserName": "-",
                    "TargetUserSid": "S-1-0-0",
                    "IpAddress": "172.16.1.111"
                  },
                  "System": {
                    "EventID": 4625,
                    "Level": 0,
                    "Provider_attributes": {
                      "Name": "Microsoft-Windows-Security-Auditing",
                      "Guid": "54849625-5478-4994-A5BA-3E3B0328C30D"
                    },
                    "Version": 0,
                    "Task": 12544,
                    "Opcode": 0,
                    "TimeCreated_attributes": {
                      "SystemTime": "2026-01-14T11:00:12.672792Z"
                    },
                    "Execution_attributes": {
                      "ProcessID": 716,
                      "ThreadID": 4916
                    },
                    "Keywords": "0x8010000000000000",
                    "Correlation_attributes": {
                      "ActivityID": "F2B6C865-8505-0002-B7C8-B6F20585DC01"
                    },
                    "EventRecordID": 935191,
                    "Channel": "Security",
                    "Computer": "SQLSERVER.Mills.local",
                    "Security": null
                  }
                },
                "Event_attributes": {
                  "xmlns": "http://schemas.microsoft.com/win/2004/08/events/event"
                }
              }
            },
            {
              "kind": "evtx",
              "path": "/home/nevermore/cases/intake/evtx/Logs/Security.evtx",
              "data": {
                "Event": {
                  "EventData": {
                    "AuthenticationPackageName": "NTLM",
                    "LogonProcessName": "NtLmSsp",
                    "KeyLength": 0,
                    "TargetDomainName": "MILLSINC",
                    "SubStatus": "0x0",
                    "Status": "0xc000005e",
                    "SubjectLogonId": "0x0",
                    "TransmittedServices": "-",
                    "SubjectDomainName": "-",
                    "FailureReason": "%%2304",
                    "LogonType": 3,
                    "SubjectUserSid": "S-1-0-0",
                    "WorkstationName": "MOM",
                    "ProcessId": "0x0",
                    "IpPort": "55216",
                    "TargetUserName": "MOM$",
                    "ProcessName": "-",
                    "LmPackageName": "-",
                    "SubjectUserName": "-",
                    "TargetUserSid": "S-1-0-0",
                    "IpAddress": "172.16.1.111"
                  },
                  "System": {
                    "EventID": 4625,
                    "Level": 0,
                    "Provider_attributes": {
                      "Name": "Microsoft-Windows-Security-Auditing",
                      "Guid": "54849625-5478-4994-A5BA-3E3B0328C30D"
                    },
                    "Version": 0,
                    "Task": 12544,
                    "Opcode": 0,
                    "TimeCreated_attributes": {
                      "SystemTime": "2026-01-14T11:00:14.142717Z"
                    },
                    "Execution_attributes": {
                      "ProcessID": 716,
                      "ThreadID": 4916
                    },
                    "Keywords": "0x8010000000000000",
                    "Correlation_attributes": {
                      "ActivityID": "F2B6C865-8505-0002-B7C8-B6F20585DC01"
                    },
                    "EventRecordID": 935193,
                    "Channel": "Security",
                    "Computer": "SQLSERVER.Mills.local",
                    "Security": null
                  }
                },
                "Event_attributes": {
                  "xmlns": "http://schemas.microsoft.com/win/2004/08/events/event"
                }
              }
            },
            {
              "kind": "evtx",
              "path": "/home/nevermore/cases/intake/evtx/Logs/Security.evtx",
              "data": {
                "Event": {
                  "EventData": {
                    "AuthenticationPackageName": "NTLM",
                    "LogonProcessName": "NtLmSsp",
                    "KeyLength": 0,
                    "TargetDomainName": "MILLSINC",
                    "SubStatus": "0x0",
                    "Status": "0xc000005e",
                    "SubjectLogonId": "0x0",
                    "TransmittedServices": "-",
                    "SubjectDomainName": "-",
                    "FailureReason": "%%2304",
                    "LogonType": 3,
                    "SubjectUserSid": "S-1-0-0",
                    "WorkstationName": "MOM",
                    "ProcessId": "0x0",
                    "IpPort": "55223",
                    "TargetUserName": "MOM$",
                    "ProcessName": "-",
                    "LmPackageName": "-",
                    "SubjectUserName": "-",
                    "TargetUserSid": "S-1-0-0",
                    "IpAddress": "172.16.1.111"
                  },
                  "System": {
                    "EventID": 4625,
                    "Level": 0,
                    "Provider_attributes": {
                      "Name": "Microsoft-Windows-Security-Auditing",
                      "Guid": "54849625-5478-4994-A5BA-3E3B0328C30D"
                    },
                    "Version": 0,
                    "Task": 12544,
                    "Opcode": 0,
                    "TimeCreated_attributes": {
                      "SystemTime": "2026-01-14T11:00:15.986525Z"
                    },
                    "Execution_attributes": {
                      "ProcessID": 716,
                      "ThreadID": 4916
                    },
                    "Keywords": "0x8010000000000000",
                    "Correlation_attributes": {
                      "ActivityID": "F2B6C865-8505-0002-B7C8-B6F20585DC01"
                    },
                    "EventRecordID": 935195,
                    "Channel": "Security",
                    "Computer": "SQLSERVER.Mills.local",
                    "Security": null
                  }
                },
                "Event_attributes": {
                  "xmlns": "http://schemas.microsoft.com/win/2004/08/events/event"
                }
              }
            },
            {
              "kind": "evtx",
              "path": "/home/nevermore/cases/intake/evtx/Logs/Security.evtx",
              "data": {
                "Event": {
                  "EventData": {
                    "AuthenticationPackageName": "NTLM",
                    "LogonProcessName": "NtLmSsp",
                    "KeyLength": 0,
                    "TargetDomainName": "MILLSINC",
                    "SubStatus": "0x0",
                    "Status": "0xc000005e",
                    "SubjectLogonId": "0x0",
                    "TransmittedServices": "-",
                    "SubjectDomainName": "-",
                    "FailureReason": "%%2304",
                    "LogonType": 3,
                    "SubjectUserSid": "S-1-0-0",
                    "WorkstationName": "MOM",
                    "ProcessId": "0x0",
                    "IpPort": "55218",
                    "TargetUserName": "MOM$",
                    "ProcessName": "-",
                    "LmPackageName": "-",
                    "SubjectUserName": "-",
                    "TargetUserSid": "S-1-0-0",
                    "IpAddress": "172.16.1.111"
                  },
                  "System": {
                    "EventID": 4625,
                    "Level": 0,
                    "Provider_attributes": {
                      "Name": "Microsoft-Windows-Security-Auditing",
                      "Guid": "54849625-5478-4994-A5BA-3E3B0328C30D"
                    },
                    "Version": 0,
                    "Task": 12544,
                    "Opcode": 0,
                    "TimeCreated_attributes": {
                      "SystemTime": "2026-01-14T11:00:14.720711Z"
                    },
                    "Execution_attributes": {
                      "ProcessID": 716,
                      "ThreadID": 4916
                    },
                    "Keywords": "0x8010000000000000",
                    "Correlation_attributes": {
                      "ActivityID": "F2B6C865-8505-0002-B7C8-B6F20585DC01"
                    },
                    "EventRecordID": 935194,
                    "Channel": "Security",
                    "Computer": "SQLSERVER.Mills.local",
                    "Security": null
                  }
                },
                "Event_attributes": {
                  "xmlns": "http://schemas.microsoft.com/win/2004/08/events/event"
                }
              }
            },
            {
              "kind": "evtx",
              "path": "/home/nevermore/cases/intake/evtx/Logs/Security.evtx",
              "data": {
                "Event": {
                  "EventData": {
                    "AuthenticationPackageName": "NTLM",
                    "LogonProcessName": "NtLmSsp",
                    "KeyLength": 0,
                    "TargetDomainName": "MILLSINC",
                    "SubStatus": "0x0",
                    "Status": "0xc000005e",
                    "SubjectLogonId": "0x0",
                    "TransmittedServices": "-",
                    "SubjectDomainName": "-",
                    "FailureReason": "%%2304",
                    "LogonType": 3,
                    "SubjectUserSid": "S-1-0-0",
                    "WorkstationName": "MOM",
                    "ProcessId": "0x0",
                    "IpPort": "55210",
                    "TargetUserName": "MOM$",
                    "ProcessName": "-",
                    "LmPackageName": "-",
                    "SubjectUserName": "-",
                    "TargetUserSid": "S-1-0-0",
                    "IpAddress": "172.16.1.111"
                  },
                  "System": {
                    "EventID": 4625,
                    "Level": 0,
                    "Provider_attributes": {
                      "Name": "Microsoft-Windows-Security-Auditing",
                      "Guid": "54849625-5478-4994-A5BA-3E3B0328C30D"
                    },
                    "Version": 0,
                    "Task": 12544,
                    "Opcode": 0,
                    "TimeCreated_attributes": {
                      "SystemTime": "2026-01-14T11:00:12.719451Z"
                    },
                    "Execution_attributes": {
                      "ProcessID": 716,
                      "ThreadID": 4916
                    },
                    "Keywords": "0x8010000000000000",
                    "Correlation_attributes": {
                      "ActivityID": "F2B6C865-8505-0002-B7C8-B6F20585DC01"
                    },
                    "EventRecordID": 935192,
                    "Channel": "Security",
                    "Computer": "SQLSERVER.Mills.local",
                    "Security": null
                  }
                },
                "Event_attributes": {
                  "xmlns": "http://schemas.microsoft.com/win/2004/08/events/event"
                }
              }
            },
            {
              "kind": "evtx",
              "path": "/home/nevermore/cases/intake/evtx/Logs/Security.evtx",
              "data": {
                "Event": {
                  "EventData": {
                    "AuthenticationPackageName": "NTLM",
                    "LogonProcessName": "NtLmSsp",
                    "KeyLength": 0,
                    "TargetDomainName": "MILLSINC",
                    "SubStatus": "0x0",
                    "Status": "0xc000005e",
                    "SubjectLogonId": "0x0",
                    "TransmittedServices": "-",
                    "SubjectDomainName": "-",
                    "FailureReason": "%%2304",
                    "LogonType": 3,
                    "SubjectUserSid": "S-1-0-0",
                    "WorkstationName": "MOM",
                    "ProcessId": "0x0",
                    "IpPort": "55230",
                    "TargetUserName": "MOM$",
                    "ProcessName": "-",
                    "LmPackageName": "-",
                    "SubjectUserName": "-",
                    "TargetUserSid": "S-1-0-0",
                    "IpAddress": "172.16.1.111"
                  },
                  "System": {
                    "EventID": 4625,
                    "Level": 0,
                    "Provider_attributes": {
                      "Name": "Microsoft-Windows-Security-Auditing",
                      "Guid": "54849625-5478-4994-A5BA-3E3B0328C30D"
                    },
                    "Version": 0,
                    "Task": 12544,
                    "Opcode": 0,
                    "TimeCreated_attributes": {
                      "SystemTime": "2026-01-14T11:00:18.033323Z"
                    },
                    "Execution_attributes": {
                      "ProcessID": 716,
                      "ThreadID": 4916
                    },
                    "Keywords": "0x8010000000000000",
                    "Correlation_attributes": {
                      "ActivityID": "F2B6C865-8505-0002-B7C8-B6F20585DC01"
                    },
                    "EventRecordID": 935197,
                    "Channel": "Security",
                    "Computer": "SQLSERVER.Mills.local",
                    "Security": null
                  }
                },
                "Event_attributes": {
                  "xmlns": "http://schemas.microsoft.com/win/2004/08/events/event"
                }
              }
            },
            {
              "kind": "evtx",
              "path": "/home/nevermore/cases/intake/evtx/Logs/Security.evtx",
              "data": {
                "Event": {
                  "EventData": {
                    "AuthenticationPackageName": "NTLM",
                    "LogonProcessName": "NtLmSsp",
                    "KeyLength": 0,
                    "TargetDomainName": "MILLSINC",
                    "SubStatus": "0x0",
                    "Status": "0xc000005e",
                    "SubjectLogonId": "0x0",
                    "TransmittedServices": "-",
                    "SubjectDomainName": "-",
                    "FailureReason": "%%2304",
                    "LogonType": 3,
                    "SubjectUserSid": "S-1-0-0",
                    "WorkstationName": "MOM",
                    "ProcessId": "0x0",
                    "IpPort": "55226",
                    "TargetUserName": "MOM$",
                    "ProcessName": "-",
                    "LmPackageName": "-",
                    "SubjectUserName": "-",
                    "TargetUserSid": "S-1-0-0",
                    "IpAddress": "172.16.1.111"
                  },
                  "System": {
                    "EventID": 4625,
                    "Level": 0,
                    "Provider_attributes": {
                      "Name": "Microsoft-Windows-Security-Auditing",
                      "Guid": "54849625-5478-4994-A5BA-3E3B0328C30D"
                    },
                    "Version": 0,
                    "Task": 12544,
                    "Opcode": 0,
                    "TimeCreated_attributes": {
                      "SystemTime": "2026-01-14T11:00:16.767769Z"
                    },
                    "Execution_attributes": {
                      "ProcessID": 716,
                      "ThreadID": 4916
                    },
                    "Keywords": "0x8010000000000000",
                    "Correlation_attributes": {
                      "ActivityID": "F2B6C865-8505-0002-B7C8-B6F20585DC01"
                    },
                    "EventRecordID": 935196,
                    "Channel": "Security",
                    "Computer": "SQLSERVER.Mills.local",
                    "Security": null
                  }
                },
                "Event_attributes": {
                  "xmlns": "http://schemas.microsoft.com/win/2004/08/events/event"
                }
              }
            },
            {
              "kind": "evtx",
              "path": "/home/nevermore/cases/intake/evtx/Logs/Security.evtx",
              "data": {
                "Event": {
                  "EventData": {
                    "AuthenticationPackageName": "NTLM",
                    "LogonProcessName": "NtLmSsp",
                    "KeyLength": 0,
                    "TargetDomainName": "MILLSINC",
                    "SubStatus": "0x0",
                    "Status": "0xc000005e",
                    "SubjectLogonId": "0x0",
                    "TransmittedServices": "-",
                    "SubjectDomainName": "-",
                    "FailureReason": "%%2304",
                    "LogonType": 3,
                    "SubjectUserSid": "S-1-0-0",
                    "WorkstationName": "MOM",
                    "ProcessId": "0x0",
                    "IpPort": "55243",
                    "TargetUserName": "MOM$",
                    "ProcessName": "-",
                    "LmPackageName": "-",
                    "SubjectUserName": "-",
                    "TargetUserSid": "S-1-0-0",
                    "IpAddress": "172.16.1.111"
                  },
                  "System": {
                    "EventID": 4625,
                    "Level": 0,
                    "Provider_attributes": {
                      "Name": "Microsoft-Windows-Security-Auditing",
                      "Guid": "54849625-5478-4994-A5BA-3E3B0328C30D"
                    },
                    "Version": 0,
                    "Task": 12544,
                    "Opcode": 0,
                    "TimeCreated_attributes": {
                      "SystemTime": "2026-01-14T11:00:22.107182Z"
                    },
                    "Execution_attributes": {
                      "ProcessID": 716,
                      "ThreadID": 4916
                    },
                    "Keywords": "0x8010000000000000",
                    "Correlation_attributes": {
                      "ActivityID": "F2B6C865-8505-0002-B7C8-B6F20585DC01"
                    },
                    "EventRecordID": 935199,
                    "Channel": "Security",
                    "Computer": "SQLSERVER.Mills.local",
                    "Security": null
                  }
                },
                "Event_attributes": {
                  "xmlns": "http://schemas.microsoft.com/win/2004/08/events/event"
                }
              }
            },
            {
              "kind": "evtx",
              "path": "/home/nevermore/cases/intake/evtx/Logs/Security.evtx",
              "data": {
                "Event": {
                  "EventData": {
                    "AuthenticationPackageName": "NTLM",
                    "LogonProcessName": "NtLmSsp",
                    "KeyLength": 0,
                    "TargetDomainName": "MILLSINC",
                    "SubStatus": "0x0",
                    "Status": "0xc000005e",
                    "SubjectLogonId": "0x0",
                    "TransmittedServices": "-",
                    "SubjectDomainName": "-",
                    "FailureReason": "%%2304",
                    "LogonType": 3,
                    "SubjectUserSid": "S-1-0-0",
                    "WorkstationName": "MOM",
                    "ProcessId": "0x0",
                    "IpPort": "55236",
                    "TargetUserName": "MOM$",
                    "ProcessName": "-",
                    "LmPackageName": "-",
                    "SubjectUserName": "-",
                    "TargetUserSid": "S-1-0-0",
                    "IpAddress": "172.16.1.111"
                  },
                  "System": {
                    "EventID": 4625,
                    "Level": 0,
                    "Provider_attributes": {
                      "Name": "Microsoft-Windows-Security-Auditing",
                      "Guid": "54849625-5478-4994-A5BA-3E3B0328C30D"
                    },
                    "Version": 0,
                    "Task": 12544,
                    "Opcode": 0,
                    "TimeCreated_attributes": {
                      "SystemTime": "2026-01-14T11:00:20.080122Z"
                    },
                    "Execution_attributes": {
                      "ProcessID": 716,
                      "ThreadID": 4916
                    },
                    "Keywords": "0x8010000000000000",
                    "Correlation_attributes": {
                      "ActivityID": "F2B6C865-8505-0002-B7C8-B6F20585DC01"
                    },
                    "EventRecordID": 935198,
                    "Channel": "Security",
                    "Computer": "SQLSERVER.Mills.local",
                    "Security": null
                  }
                },
                "Event_attributes": {
                  "xmlns": "http://schemas.microsoft.com/win/2004/08/events/event"
                }
              }
            },
            {
              "kind": "evtx",
              "path": "/home/nevermore/cases/intake/evtx/Logs/Security.evtx",
              "data": {
                "Event": {
                  "EventData": {
                    "AuthenticationPackageName": "NTLM",
                    "LogonProcessName": "NtLmSsp",
                    "KeyLength": 0,
                    "TargetDomainName": "MILLSINC",
                    "SubStatus": "0x0",
                    "Status": "0xc000005e",
                    "SubjectLogonId": "0x0",
                    "TransmittedServices": "-",
                    "SubjectDomainName": "-",
                    "FailureReason": "%%2304",
                    "LogonType": 3,
                    "SubjectUserSid": "S-1-0-0",
                    "WorkstationName": "MOM",
                    "ProcessId": "0x0",
                    "IpPort": "55249",
                    "TargetUserName": "MOM$",
                    "ProcessName": "-",
                    "LmPackageName": "-",
                    "SubjectUserName": "-",
                    "TargetUserSid": "S-1-0-0",
                    "IpAddress": "172.16.1.111"
                  },
                  "System": {
                    "EventID": 4625,
                    "Level": 0,
                    "Provider_attributes": {
                      "Name": "Microsoft-Windows-Security-Auditing",
                      "Guid": "54849625-5478-4994-A5BA-3E3B0328C30D"
                    },
                    "Version": 0,
                    "Task": 12544,
                    "Opcode": 0,
                    "TimeCreated_attributes": {
                      "SystemTime": "2026-01-14T11:00:24.153666Z"
                    },
                    "Execution_attributes": {
                      "ProcessID": 716,
                      "ThreadID": 4916
                    },
                    "Keywords": "0x8010000000000000",
                    "Correlation_attributes": {
                      "ActivityID": "F2B6C865-8505-0002-B7C8-B6F20585DC01"
                    },
                    "EventRecordID": 935200,
                    "Channel": "Security",
                    "Computer": "SQLSERVER.Mills.local",
                    "Security": null
                  }
                },
                "Event_attributes": {
                  "xmlns": "http://schemas.microsoft.com/win/2004/08/events/event"
                }
              }
            }
          ],
          "name": "Account Brute Force",
          "timestamp": "2026-01-14T11:00:02.918130+00:00",
          "authors": [
            "FranticTyping"
          ],
          "level": "info",
          "source": "chainsaw",
          "status": "stable"
        }
      },
      "raw_refs": [
        "chainsaw.evtx.jsonl:line:22"
      ],
      "provenance": {
        "origin": "baseline",
        "manifest_path": "outputs/jsonl/chainsaw_evtx/f5d1a29d-2446-4a73-a0af-1e1bcc4b41b2/manifest.json"
      }
    },
    {
      "finding_id": "F-f5d1a29d-000023",
      "category": "unknown",
      "summary": "Network Logon",
      "confidence": null,
      "severity": "informational",
      "source": {
        "tool": "chainsaw",
        "rule_id": "RAWREF:chainsaw.evtx.jsonl:line:23",
        "rule_title": "Network Logon"
      },
      "evidence": {
        "event_refs": [
          "chainsaw.evtx.jsonl:line:23"
        ],
        "artifacts": [],
        "timestamps": {
          "first_seen": "2026-01-14T11:01:23.966398+00:00",
          "last_seen": "2026-01-14T11:01:23.966398+00:00"
        },
        "raw": {
          "group": "Lateral Movement",
          "kind": "individual",
          "document": {
            "kind": "evtx",
            "path": "/home/nevermore/cases/intake/evtx/Logs/Security.evtx",
            "data": {
              "Event": {
                "EventData": {
                  "AuthenticationPackageName": "NTLM",
                  "LogonProcessName": "NtLmSsp",
                  "TargetOutboundDomainName": "-",
                  "TargetLinkedLogonId": "0x0",
                  "LmPackageName": "NTLM V2",
                  "TargetDomainName": "MILLSINC",
                  "SubjectUserName": "-",
                  "TargetUserSid": "S-1-5-21-1841095656-2843128008-524542198-3673",
                  "IpAddress": "172.16.1.111",
                  "KeyLength": 128,
                  "SubjectLogonId": "0x0",
                  "TargetLogonId": "0x1ad4faf",
                  "ElevatedToken": "%%1843",
                  "LogonGuid": "00000000-0000-0000-0000-000000000000",
                  "RestrictedAdminMode": "-",
                  "SubjectDomainName": "-",
                  "LogonType": 3,
                  "VirtualAccount": "%%1843",
                  "TargetOutboundUserName": "-",
                  "WorkstationName": "MOM",
                  "IpPort": "55373",
                  "ImpersonationLevel": "%%1833",
                  "SubjectUserSid": "S-1-0-0",
                  "TransmittedServices": "-",
                  "ProcessId": "0x0",
                  "TargetUserName": "MOM$",
                  "ProcessName": "-"
                },
                "System": {
                  "EventID": 4624,
                  "Level": 0,
                  "Provider_attributes": {
                    "Name": "Microsoft-Windows-Security-Auditing",
                    "Guid": "54849625-5478-4994-A5BA-3E3B0328C30D"
                  },
                  "Version": 2,
                  "Task": 12544,
                  "Opcode": 0,
                  "TimeCreated_attributes": {
                    "SystemTime": "2026-01-14T11:01:23.966398Z"
                  },
                  "Execution_attributes": {
                    "ProcessID": 716,
                    "ThreadID": 4916
                  },
                  "Keywords": "0x8020000000000000",
                  "Correlation_attributes": {
                    "ActivityID": "F2B6C865-8505-0002-B7C8-B6F20585DC01"
                  },
                  "EventRecordID": 935201,
                  "Channel": "Security",
                  "Computer": "SQLSERVER.Mills.local",
                  "Security": null
                }
              },
              "Event_attributes": {
                "xmlns": "http://schemas.microsoft.com/win/2004/08/events/event"
              }
            }
          },
          "name": "Network Logon",
          "timestamp": "2026-01-14T11:01:23.966398+00:00",
          "authors": [
            "FranticTyping"
          ],
          "level": "info",
          "source": "chainsaw",
          "status": "stable"
        }
      },
      "raw_refs": [
        "chainsaw.evtx.jsonl:line:23"
      ],
      "provenance": {
        "origin": "baseline",
        "manifest_path": "outputs/jsonl/chainsaw_evtx/f5d1a29d-2446-4a73-a0af-1e1bcc4b41b2/manifest.json"
      }
    },
    {
      "finding_id": "F-f5d1a29d-000024",
      "category": "unknown",
      "summary": "Network Logon",
      "confidence": null,
      "severity": "informational",
      "source": {
        "tool": "chainsaw",
        "rule_id": "RAWREF:chainsaw.evtx.jsonl:line:24",
        "rule_title": "Network Logon"
      },
      "evidence": {
        "event_refs": [
          "chainsaw.evtx.jsonl:line:24"
        ],
        "artifacts": [],
        "timestamps": {
          "first_seen": "2026-01-14T11:01:48.064906+00:00",
          "last_seen": "2026-01-14T11:01:48.064906+00:00"
        },
        "raw": {
          "group": "Lateral Movement",
          "kind": "individual",
          "document": {
            "kind": "evtx",
            "path": "/home/nevermore/cases/intake/evtx/Logs/Security.evtx",
            "data": {
              "Event": {
                "EventData": {
                  "AuthenticationPackageName": "NTLM",
                  "LogonProcessName": "NtLmSsp",
                  "TargetOutboundDomainName": "-",
                  "TargetLinkedLogonId": "0x0",
                  "LmPackageName": "NTLM V2",
                  "TargetDomainName": "MILLSINC",
                  "SubjectUserName": "-",
                  "TargetUserSid": "S-1-5-21-1841095656-2843128008-524542198-3674",
                  "IpAddress": "172.16.1.8",
                  "KeyLength": 128,
                  "SubjectLogonId": "0x0",
                  "TargetLogonId": "0x1ad6c21",
                  "ElevatedToken": "%%1843",
                  "LogonGuid": "00000000-0000-0000-0000-000000000000",
                  "RestrictedAdminMode": "-",
                  "SubjectDomainName": "-",
                  "LogonType": 3,
                  "VirtualAccount": "%%1843",
                  "TargetOutboundUserName": "-",
                  "WorkstationName": "APPS",
                  "IpPort": "49984",
                  "ImpersonationLevel": "%%1833",
                  "SubjectUserSid": "S-1-0-0",
                  "TransmittedServices": "-",
                  "ProcessId": "0x0",
                  "TargetUserName": "APPS$",
                  "ProcessName": "-"
                },
                "System": {
                  "EventID": 4624,
                  "Level": 0,
                  "Provider_attributes": {
                    "Name": "Microsoft-Windows-Security-Auditing",
                    "Guid": "54849625-5478-4994-A5BA-3E3B0328C30D"
                  },
                  "Version": 2,
                  "Task": 12544,
                  "Opcode": 0,
                  "TimeCreated_attributes": {
                    "SystemTime": "2026-01-14T11:01:48.064906Z"
                  },
                  "Execution_attributes": {
                    "ProcessID": 716,
                    "ThreadID": 1992
                  },
                  "Keywords": "0x8020000000000000",
                  "Correlation_attributes": {
                    "ActivityID": "F2B6C865-8505-0002-B7C8-B6F20585DC01"
                  },
                  "EventRecordID": 935203,
                  "Channel": "Security",
                  "Computer": "SQLSERVER.Mills.local",
                  "Security": null
                }
              },
              "Event_attributes": {
                "xmlns": "http://schemas.microsoft.com/win/2004/08/events/event"
              }
            }
          },
          "name": "Network Logon",
          "timestamp": "2026-01-14T11:01:48.064906+00:00",
          "authors": [
            "FranticTyping"
          ],
          "level": "info",
          "source": "chainsaw",
          "status": "stable"
        }
      },
      "raw_refs": [
        "chainsaw.evtx.jsonl:line:24"
      ],
      "provenance": {
        "origin": "baseline",
        "manifest_path": "outputs/jsonl/chainsaw_evtx/f5d1a29d-2446-4a73-a0af-1e1bcc4b41b2/manifest.json"
      }
    },
    {
      "finding_id": "F-f5d1a29d-000025",
      "category": "unknown",
      "summary": "Network Logon",
      "confidence": null,
      "severity": "informational",
      "source": {
        "tool": "chainsaw",
        "rule_id": "RAWREF:chainsaw.evtx.jsonl:line:25",
        "rule_title": "Network Logon"
      },
      "evidence": {
        "event_refs": [
          "chainsaw.evtx.jsonl:line:25"
        ],
        "artifacts": [],
        "timestamps": {
          "first_seen": "2026-01-14T11:02:44.778816+00:00",
          "last_seen": "2026-01-14T11:02:44.778816+00:00"
        },
        "raw": {
          "group": "Lateral Movement",
          "kind": "individual",
          "document": {
            "kind": "evtx",
            "path": "/home/nevermore/cases/intake/evtx/Logs/Security.evtx",
            "data": {
              "Event": {
                "EventData": {
                  "AuthenticationPackageName": "NTLM",
                  "LogonProcessName": "NtLmSsp",
                  "TargetOutboundDomainName": "-",
                  "TargetLinkedLogonId": "0x0",
                  "LmPackageName": "NTLM V2",
                  "TargetDomainName": "MILLSINC",
                  "SubjectUserName": "-",
                  "TargetUserSid": "S-1-5-21-1841095656-2843128008-524542198-3673",
                  "IpAddress": "172.16.1.111",
                  "KeyLength": 128,
                  "SubjectLogonId": "0x0",
                  "TargetLogonId": "0x1ad93c0",
                  "ElevatedToken": "%%1843",
                  "LogonGuid": "00000000-0000-0000-0000-000000000000",
                  "RestrictedAdminMode": "-",
                  "SubjectDomainName": "-",
                  "LogonType": 3,
                  "VirtualAccount": "%%1843",
                  "TargetOutboundUserName": "-",
                  "WorkstationName": "MOM",
                  "IpPort": "55560",
                  "ImpersonationLevel": "%%1833",
                  "SubjectUserSid": "S-1-0-0",
                  "TransmittedServices": "-",
                  "ProcessId": "0x0",
                  "TargetUserName": "MOM$",
                  "ProcessName": "-"
                },
                "System": {
                  "EventID": 4624,
                  "Level": 0,
                  "Provider_attributes": {
                    "Name": "Microsoft-Windows-Security-Auditing",
                    "Guid": "54849625-5478-4994-A5BA-3E3B0328C30D"
                  },
                  "Version": 2,
                  "Task": 12544,
                  "Opcode": 0,
                  "TimeCreated_attributes": {
                    "SystemTime": "2026-01-14T11:02:44.778816Z"
                  },
                  "Execution_attributes": {
                    "ProcessID": 716,
                    "ThreadID": 8456
                  },
                  "Keywords": "0x8020000000000000",
                  "Correlation_attributes": {
                    "ActivityID": "F2B6C865-8505-0002-B7C8-B6F20585DC01"
                  },
                  "EventRecordID": 935207,
                  "Channel": "Security",
                  "Computer": "SQLSERVER.Mills.local",
                  "Security": null
                }
              },
              "Event_attributes": {
                "xmlns": "http://schemas.microsoft.com/win/2004/08/events/event"
              }
            }
          },
          "name": "Network Logon",
          "timestamp": "2026-01-14T11:02:44.778816+00:00",
          "authors": [
            "FranticTyping"
          ],
          "level": "info",
          "source": "chainsaw",
          "status": "stable"
        }
      },
      "raw_refs": [
        "chainsaw.evtx.jsonl:line:25"
      ],
      "provenance": {
        "origin": "baseline",
        "manifest_path": "outputs/jsonl/chainsaw_evtx/f5d1a29d-2446-4a73-a0af-1e1bcc4b41b2/manifest.json"
      }
    },
    {
      "finding_id": "F-f5d1a29d-000026",
      "category": "unknown",
      "summary": "Network Logon",
      "confidence": null,
      "severity": "informational",
      "source": {
        "tool": "chainsaw",
        "rule_id": "RAWREF:chainsaw.evtx.jsonl:line:26",
        "rule_title": "Network Logon"
      },
      "evidence": {
        "event_refs": [
          "chainsaw.evtx.jsonl:line:26"
        ],
        "artifacts": [],
        "timestamps": {
          "first_seen": "2026-01-14T11:03:12.539438+00:00",
          "last_seen": "2026-01-14T11:03:12.539438+00:00"
        },
        "raw": {
          "group": "Lateral Movement",
          "kind": "individual",
          "document": {
            "kind": "evtx",
            "path": "/home/nevermore/cases/intake/evtx/Logs/Security.evtx",
            "data": {
              "Event": {
                "EventData": {
                  "AuthenticationPackageName": "NTLM",
                  "LogonProcessName": "NtLmSsp",
                  "TargetOutboundDomainName": "-",
                  "TargetLinkedLogonId": "0x0",
                  "LmPackageName": "NTLM V2",
                  "TargetDomainName": "MILLSINC",
                  "SubjectUserName": "-",
                  "TargetUserSid": "S-1-5-21-1841095656-2843128008-524542198-3674",
                  "IpAddress": "172.16.1.8",
                  "KeyLength": 128,
                  "SubjectLogonId": "0x0",
                  "TargetLogonId": "0x1ada2a5",
                  "ElevatedToken": "%%1843",
                  "LogonGuid": "00000000-0000-0000-0000-000000000000",
                  "RestrictedAdminMode": "-",
                  "SubjectDomainName": "-",
                  "LogonType": 3,
                  "VirtualAccount": "%%1843",
                  "TargetOutboundUserName": "-",
                  "WorkstationName": "APPS",
                  "IpPort": "50148",
                  "ImpersonationLevel": "%%1833",
                  "SubjectUserSid": "S-1-0-0",
                  "TransmittedServices": "-",
                  "ProcessId": "0x0",
                  "TargetUserName": "APPS$",
                  "ProcessName": "-"
                },
                "System": {
                  "EventID": 4624,
                  "Level": 0,
                  "Provider_attributes": {
                    "Name": "Microsoft-Windows-Security-Auditing",
                    "Guid": "54849625-5478-4994-A5BA-3E3B0328C30D"
                  },
                  "Version": 2,
                  "Task": 12544,
                  "Opcode": 0,
                  "TimeCreated_attributes": {
                    "SystemTime": "2026-01-14T11:03:12.539438Z"
                  },
                  "Execution_attributes": {
                    "ProcessID": 716,
                    "ThreadID": 8456
                  },
                  "Keywords": "0x8020000000000000",
                  "Correlation_attributes": {
                    "ActivityID": "F2B6C865-8505-0002-B7C8-B6F20585DC01"
                  },
                  "EventRecordID": 935210,
                  "Channel": "Security",
                  "Computer": "SQLSERVER.Mills.local",
                  "Security": null
                }
              },
              "Event_attributes": {
                "xmlns": "http://schemas.microsoft.com/win/2004/08/events/event"
              }
            }
          },
          "name": "Network Logon",
          "timestamp": "2026-01-14T11:03:12.539438+00:00",
          "authors": [
            "FranticTyping"
          ],
          "level": "info",
          "source": "chainsaw",
          "status": "stable"
        }
      },
      "raw_refs": [
        "chainsaw.evtx.jsonl:line:26"
      ],
      "provenance": {
        "origin": "baseline",
        "manifest_path": "outputs/jsonl/chainsaw_evtx/f5d1a29d-2446-4a73-a0af-1e1bcc4b41b2/manifest.json"
      }
    },
    {
      "finding_id": "F-f5d1a29d-000027",
      "category": "unknown",
      "summary": "Network Logon",
      "confidence": null,
      "severity": "informational",
      "source": {
        "tool": "chainsaw",
        "rule_id": "RAWREF:chainsaw.evtx.jsonl:line:27",
        "rule_title": "Network Logon"
      },
      "evidence": {
        "event_refs": [
          "chainsaw.evtx.jsonl:line:27"
        ],
        "artifacts": [],
        "timestamps": {
          "first_seen": "2026-01-14T11:04:03.044128+00:00",
          "last_seen": "2026-01-14T11:04:03.044128+00:00"
        },
        "raw": {
          "group": "Lateral Movement",
          "kind": "individual",
          "document": {
            "kind": "evtx",
            "path": "/home/nevermore/cases/intake/evtx/Logs/Security.evtx",
            "data": {
              "Event": {
                "EventData": {
                  "AuthenticationPackageName": "NTLM",
                  "LogonProcessName": "NtLmSsp",
                  "TargetOutboundDomainName": "-",
                  "TargetLinkedLogonId": "0x0",
                  "LmPackageName": "NTLM V2",
                  "TargetDomainName": "MILLSINC",
                  "SubjectUserName": "-",
                  "TargetUserSid": "S-1-5-21-1841095656-2843128008-524542198-3673",
                  "IpAddress": "172.16.1.111",
                  "KeyLength": 128,
                  "SubjectLogonId": "0x0",
                  "TargetLogonId": "0x1adc831",
                  "ElevatedToken": "%%1843",
                  "LogonGuid": "00000000-0000-0000-0000-000000000000",
                  "RestrictedAdminMode": "-",
                  "SubjectDomainName": "-",
                  "LogonType": 3,
                  "VirtualAccount": "%%1843",
                  "TargetOutboundUserName": "-",
                  "WorkstationName": "MOM",
                  "IpPort": "55745",
                  "ImpersonationLevel": "%%1833",
                  "SubjectUserSid": "S-1-0-0",
                  "TransmittedServices": "-",
                  "ProcessId": "0x0",
                  "TargetUserName": "MOM$",
                  "ProcessName": "-"
                },
                "System": {
                  "EventID": 4624,
                  "Level": 0,
                  "Provider_attributes": {
                    "Name": "Microsoft-Windows-Security-Auditing",
                    "Guid": "54849625-5478-4994-A5BA-3E3B0328C30D"
                  },
                  "Version": 2,
                  "Task": 12544,
                  "Opcode": 0,
                  "TimeCreated_attributes": {
                    "SystemTime": "2026-01-14T11:04:03.044128Z"
                  },
                  "Execution_attributes": {
                    "ProcessID": 716,
                    "ThreadID": 4916
                  },
                  "Keywords": "0x8020000000000000",
                  "Correlation_attributes": {
                    "ActivityID": "F2B6C865-8505-0002-B7C8-B6F20585DC01"
                  },
                  "EventRecordID": 935213,
                  "Channel": "Security",
                  "Computer": "SQLSERVER.Mills.local",
                  "Security": null
                }
              },
              "Event_attributes": {
                "xmlns": "http://schemas.microsoft.com/win/2004/08/events/event"
              }
            }
          },
          "name": "Network Logon",
          "timestamp": "2026-01-14T11:04:03.044128+00:00",
          "authors": [
            "FranticTyping"
          ],
          "level": "info",
          "source": "chainsaw",
          "status": "stable"
        }
      },
      "raw_refs": [
        "chainsaw.evtx.jsonl:line:27"
      ],
      "provenance": {
        "origin": "baseline",
        "manifest_path": "outputs/jsonl/chainsaw_evtx/f5d1a29d-2446-4a73-a0af-1e1bcc4b41b2/manifest.json"
      }
    },
