    {
      "finding_id": "F-f5d1a29d-000064",
      "category": "unknown",
      "summary": "Network Logon",
      "confidence": null,
      "severity": "informational",
      "source": {
        "tool": "chainsaw",
        "rule_id": "RAWREF:chainsaw.evtx.jsonl:line:64",
        "rule_title": "Network Logon"
      },
      "evidence": {
        "event_refs": [
          "chainsaw.evtx.jsonl:line:64"
        ],
        "artifacts": [],
        "timestamps": {
          "first_seen": "2026-01-14T11:24:07.427100+00:00",
          "last_seen": "2026-01-14T11:24:07.427100+00:00"
        },
        "raw": {
          "group": "Lateral Movement",
          "kind": "individual",
          "document": {
            "kind": "evtx",
            "path": "/home/nevermore/cases/intake/evtx/Logs/Security.evtx",
            "data": {
              "Event": {
                "EventData": {
                  "AuthenticationPackageName": "NTLM",
                  "LogonProcessName": "NtLmSsp",
                  "TargetOutboundDomainName": "-",
                  "TargetLinkedLogonId": "0x0",
                  "LmPackageName": "NTLM V2",
                  "TargetDomainName": "MILLSINC",
                  "SubjectUserName": "-",
                  "TargetUserSid": "S-1-5-21-1841095656-2843128008-524542198-3673",
                  "IpAddress": "172.16.1.111",
                  "KeyLength": 128,
                  "SubjectLogonId": "0x0",
                  "TargetLogonId": "0x1b12ca3",
                  "ElevatedToken": "%%1843",
                  "LogonGuid": "00000000-0000-0000-0000-000000000000",
                  "RestrictedAdminMode": "-",
                  "SubjectDomainName": "-",
                  "LogonType": 3,
                  "VirtualAccount": "%%1843",
                  "TargetOutboundUserName": "-",
                  "WorkstationName": "MOM",
                  "IpPort": "58685",
                  "ImpersonationLevel": "%%1833",
                  "SubjectUserSid": "S-1-0-0",
                  "TransmittedServices": "-",
                  "ProcessId": "0x0",
                  "TargetUserName": "MOM$",
                  "ProcessName": "-"
                },
                "System": {
                  "EventID": 4624,
                  "Level": 0,
                  "Provider_attributes": {
                    "Name": "Microsoft-Windows-Security-Auditing",
                    "Guid": "54849625-5478-4994-A5BA-3E3B0328C30D"
                  },
                  "Version": 2,
                  "Task": 12544,
                  "Opcode": 0,
                  "TimeCreated_attributes": {
                    "SystemTime": "2026-01-14T11:24:07.427100Z"
                  },
                  "Execution_attributes": {
                    "ProcessID": 716,
                    "ThreadID": 4916
                  },
                  "Keywords": "0x8020000000000000",
                  "Correlation_attributes": {
                    "ActivityID": "F2B6C865-8505-0002-B7C8-B6F20585DC01"
                  },
                  "EventRecordID": 935334,
                  "Channel": "Security",
                  "Computer": "SQLSERVER.Mills.local",
                  "Security": null
                }
              },
              "Event_attributes": {
                "xmlns": "http://schemas.microsoft.com/win/2004/08/events/event"
              }
            }
          },
          "name": "Network Logon",
          "timestamp": "2026-01-14T11:24:07.427100+00:00",
          "authors": [
            "FranticTyping"
          ],
          "level": "info",
          "source": "chainsaw",
          "status": "stable"
        }
      },
      "raw_refs": [
        "chainsaw.evtx.jsonl:line:64"
      ],
      "provenance": {
        "origin": "baseline",
        "manifest_path": "outputs/jsonl/chainsaw_evtx/f5d1a29d-2446-4a73-a0af-1e1bcc4b41b2/manifest.json"
      }
    },
    {
      "finding_id": "F-f5d1a29d-000065",
      "category": "unknown",
      "summary": "Network Logon",
      "confidence": null,
      "severity": "informational",
      "source": {
        "tool": "chainsaw",
        "rule_id": "RAWREF:chainsaw.evtx.jsonl:line:65",
        "rule_title": "Network Logon"
      },
      "evidence": {
        "event_refs": [
          "chainsaw.evtx.jsonl:line:65"
        ],
        "artifacts": [],
        "timestamps": {
          "first_seen": "2026-01-14T11:24:42.505896+00:00",
          "last_seen": "2026-01-14T11:24:42.505896+00:00"
        },
        "raw": {
          "group": "Lateral Movement",
          "kind": "individual",
          "document": {
            "kind": "evtx",
            "path": "/home/nevermore/cases/intake/evtx/Logs/Security.evtx",
            "data": {
              "Event": {
                "EventData": {
                  "AuthenticationPackageName": "Kerberos",
                  "LogonProcessName": "Kerberos",
                  "TargetOutboundDomainName": "-",
                  "TargetLinkedLogonId": "0x0",
                  "LmPackageName": "-",
                  "TargetDomainName": "MILLS.LOCAL",
                  "SubjectUserName": "-",
                  "TargetUserSid": "S-1-5-21-1841095656-2843128008-524542198-3673",
                  "IpAddress": "172.16.1.111",
                  "KeyLength": 0,
                  "SubjectLogonId": "0x0",
                  "TargetLogonId": "0x1b14881",
                  "ElevatedToken": "%%1843",
                  "LogonGuid": "BFD49F00-18B9-92C1-3444-AC19B0A49816",
                  "RestrictedAdminMode": "-",
                  "SubjectDomainName": "-",
                  "LogonType": 3,
                  "VirtualAccount": "%%1843",
                  "TargetOutboundUserName": "-",
                  "WorkstationName": "-",
                  "IpPort": "58776",
                  "ImpersonationLevel": "%%1833",
                  "SubjectUserSid": "S-1-0-0",
                  "TransmittedServices": "-",
                  "ProcessId": "0x0",
                  "TargetUserName": "MOM$",
                  "ProcessName": "-"
                },
                "System": {
                  "EventID": 4624,
                  "Level": 0,
                  "Provider_attributes": {
                    "Name": "Microsoft-Windows-Security-Auditing",
                    "Guid": "54849625-5478-4994-A5BA-3E3B0328C30D"
                  },
                  "Version": 2,
                  "Task": 12544,
                  "Opcode": 0,
                  "TimeCreated_attributes": {
                    "SystemTime": "2026-01-14T11:24:42.505896Z"
                  },
                  "Execution_attributes": {
                    "ProcessID": 716,
                    "ThreadID": 4916
                  },
                  "Keywords": "0x8020000000000000",
                  "Correlation_attributes": {
                    "ActivityID": "F2B6C865-8505-0002-B7C8-B6F20585DC01"
                  },
                  "EventRecordID": 935337,
                  "Channel": "Security",
                  "Computer": "SQLSERVER.Mills.local",
                  "Security": null
                }
              },
              "Event_attributes": {
                "xmlns": "http://schemas.microsoft.com/win/2004/08/events/event"
              }
            }
          },
          "name": "Network Logon",
          "timestamp": "2026-01-14T11:24:42.505896+00:00",
          "authors": [
            "FranticTyping"
          ],
          "level": "info",
          "source": "chainsaw",
          "status": "stable"
        }
      },
      "raw_refs": [
        "chainsaw.evtx.jsonl:line:65"
      ],
      "provenance": {
        "origin": "baseline",
        "manifest_path": "outputs/jsonl/chainsaw_evtx/f5d1a29d-2446-4a73-a0af-1e1bcc4b41b2/manifest.json"
      }
    },
    {
      "finding_id": "F-f5d1a29d-000066",
      "category": "unknown",
      "summary": "Network Logon",
      "confidence": null,
      "severity": "informational",
      "source": {
        "tool": "chainsaw",
        "rule_id": "RAWREF:chainsaw.evtx.jsonl:line:66",
        "rule_title": "Network Logon"
      },
      "evidence": {
        "event_refs": [
          "chainsaw.evtx.jsonl:line:66"
        ],
        "artifacts": [],
        "timestamps": {
          "first_seen": "2026-01-14T11:25:28.376414+00:00",
          "last_seen": "2026-01-14T11:25:28.376414+00:00"
        },
        "raw": {
          "group": "Lateral Movement",
          "kind": "individual",
          "document": {
            "kind": "evtx",
            "path": "/home/nevermore/cases/intake/evtx/Logs/Security.evtx",
            "data": {
              "Event": {
                "EventData": {
                  "AuthenticationPackageName": "NTLM",
                  "LogonProcessName": "NtLmSsp",
                  "TargetOutboundDomainName": "-",
                  "TargetLinkedLogonId": "0x0",
                  "LmPackageName": "NTLM V2",
                  "TargetDomainName": "MILLSINC",
                  "SubjectUserName": "-",
                  "TargetUserSid": "S-1-5-21-1841095656-2843128008-524542198-3673",
                  "IpAddress": "172.16.1.111",
                  "KeyLength": 128,
                  "SubjectLogonId": "0x0",
                  "TargetLogonId": "0x1b15d34",
                  "ElevatedToken": "%%1843",
                  "LogonGuid": "00000000-0000-0000-0000-000000000000",
                  "RestrictedAdminMode": "-",
                  "SubjectDomainName": "-",
                  "LogonType": 3,
                  "VirtualAccount": "%%1843",
                  "TargetOutboundUserName": "-",
                  "WorkstationName": "MOM",
                  "IpPort": "58879",
                  "ImpersonationLevel": "%%1833",
                  "SubjectUserSid": "S-1-0-0",
                  "TransmittedServices": "-",
                  "ProcessId": "0x0",
                  "TargetUserName": "MOM$",
                  "ProcessName": "-"
                },
                "System": {
                  "EventID": 4624,
                  "Level": 0,
                  "Provider_attributes": {
                    "Name": "Microsoft-Windows-Security-Auditing",
                    "Guid": "54849625-5478-4994-A5BA-3E3B0328C30D"
                  },
                  "Version": 2,
                  "Task": 12544,
                  "Opcode": 0,
                  "TimeCreated_attributes": {
                    "SystemTime": "2026-01-14T11:25:28.376414Z"
                  },
                  "Execution_attributes": {
                    "ProcessID": 716,
                    "ThreadID": 4644
                  },
                  "Keywords": "0x8020000000000000",
                  "Correlation_attributes": {
                    "ActivityID": "F2B6C865-8505-0002-B7C8-B6F20585DC01"
                  },
                  "EventRecordID": 935340,
                  "Channel": "Security",
                  "Computer": "SQLSERVER.Mills.local",
                  "Security": null
                }
              },
              "Event_attributes": {
                "xmlns": "http://schemas.microsoft.com/win/2004/08/events/event"
              }
            }
          },
          "name": "Network Logon",
          "timestamp": "2026-01-14T11:25:28.376414+00:00",
          "authors": [
            "FranticTyping"
          ],
          "level": "info",
          "source": "chainsaw",
          "status": "stable"
        }
      },
      "raw_refs": [
        "chainsaw.evtx.jsonl:line:66"
      ],
      "provenance": {
        "origin": "baseline",
        "manifest_path": "outputs/jsonl/chainsaw_evtx/f5d1a29d-2446-4a73-a0af-1e1bcc4b41b2/manifest.json"
      }
    },
    {
      "finding_id": "F-f5d1a29d-000067",
      "category": "unknown",
      "summary": "Network Logon",
      "confidence": null,
      "severity": "informational",
      "source": {
        "tool": "chainsaw",
        "rule_id": "RAWREF:chainsaw.evtx.jsonl:line:67",
        "rule_title": "Network Logon"
      },
      "evidence": {
        "event_refs": [
          "chainsaw.evtx.jsonl:line:67"
        ],
        "artifacts": [],
        "timestamps": {
          "first_seen": "2026-01-14T11:25:48.103180+00:00",
          "last_seen": "2026-01-14T11:25:48.103180+00:00"
        },
        "raw": {
          "group": "Lateral Movement",
          "kind": "individual",
          "document": {
            "kind": "evtx",
            "path": "/home/nevermore/cases/intake/evtx/Logs/Security.evtx",
            "data": {
              "Event": {
                "EventData": {
                  "AuthenticationPackageName": "NTLM",
                  "LogonProcessName": "NtLmSsp",
                  "TargetOutboundDomainName": "-",
                  "TargetLinkedLogonId": "0x0",
                  "LmPackageName": "NTLM V2",
                  "TargetDomainName": "MILLSINC",
                  "SubjectUserName": "-",
                  "TargetUserSid": "S-1-5-21-1841095656-2843128008-524542198-3674",
                  "IpAddress": "172.16.1.8",
                  "KeyLength": 128,
                  "SubjectLogonId": "0x0",
                  "TargetLogonId": "0x1b1747d",
                  "ElevatedToken": "%%1843",
                  "LogonGuid": "00000000-0000-0000-0000-000000000000",
                  "RestrictedAdminMode": "-",
                  "SubjectDomainName": "-",
                  "LogonType": 3,
                  "VirtualAccount": "%%1843",
                  "TargetOutboundUserName": "-",
                  "WorkstationName": "APPS",
                  "IpPort": "52799",
                  "ImpersonationLevel": "%%1833",
                  "SubjectUserSid": "S-1-0-0",
                  "TransmittedServices": "-",
                  "ProcessId": "0x0",
                  "TargetUserName": "APPS$",
                  "ProcessName": "-"
                },
                "System": {
                  "EventID": 4624,
                  "Level": 0,
                  "Provider_attributes": {
                    "Name": "Microsoft-Windows-Security-Auditing",
                    "Guid": "54849625-5478-4994-A5BA-3E3B0328C30D"
                  },
                  "Version": 2,
                  "Task": 12544,
                  "Opcode": 0,
                  "TimeCreated_attributes": {
                    "SystemTime": "2026-01-14T11:25:48.103180Z"
                  },
                  "Execution_attributes": {
                    "ProcessID": 716,
                    "ThreadID": 4644
                  },
                  "Keywords": "0x8020000000000000",
                  "Correlation_attributes": {
                    "ActivityID": "F2B6C865-8505-0002-B7C8-B6F20585DC01"
                  },
                  "EventRecordID": 935342,
                  "Channel": "Security",
                  "Computer": "SQLSERVER.Mills.local",
                  "Security": null
                }
              },
              "Event_attributes": {
                "xmlns": "http://schemas.microsoft.com/win/2004/08/events/event"
              }
            }
          },
          "name": "Network Logon",
          "timestamp": "2026-01-14T11:25:48.103180+00:00",
          "authors": [
            "FranticTyping"
          ],
          "level": "info",
          "source": "chainsaw",
          "status": "stable"
        }
      },
      "raw_refs": [
        "chainsaw.evtx.jsonl:line:67"
      ],
      "provenance": {
        "origin": "baseline",
        "manifest_path": "outputs/jsonl/chainsaw_evtx/f5d1a29d-2446-4a73-a0af-1e1bcc4b41b2/manifest.json"
      }
    },
    {
      "finding_id": "F-f5d1a29d-000068",
      "category": "unknown",
      "summary": "Network Logon",
      "confidence": null,
      "severity": "informational",
      "source": {
        "tool": "chainsaw",
        "rule_id": "RAWREF:chainsaw.evtx.jsonl:line:68",
        "rule_title": "Network Logon"
      },
      "evidence": {
        "event_refs": [
          "chainsaw.evtx.jsonl:line:68"
        ],
        "artifacts": [],
        "timestamps": {
          "first_seen": "2026-01-14T11:26:02.550880+00:00",
          "last_seen": "2026-01-14T11:26:02.550880+00:00"
        },
        "raw": {
          "group": "Lateral Movement",
          "kind": "individual",
          "document": {
            "kind": "evtx",
            "path": "/home/nevermore/cases/intake/evtx/Logs/Security.evtx",
            "data": {
              "Event": {
                "EventData": {
                  "AuthenticationPackageName": "Kerberos",
                  "LogonProcessName": "Kerberos",
                  "TargetOutboundDomainName": "-",
                  "TargetLinkedLogonId": "0x0",
                  "LmPackageName": "-",
                  "TargetDomainName": "MILLS.LOCAL",
                  "SubjectUserName": "-",
                  "TargetUserSid": "S-1-5-21-1841095656-2843128008-524542198-3673",
                  "IpAddress": "172.16.1.111",
                  "KeyLength": 0,
                  "SubjectLogonId": "0x0",
                  "TargetLogonId": "0x1b17edc",
                  "ElevatedToken": "%%1843",
                  "LogonGuid": "BFD49F00-18B9-92C1-3444-AC19B0A49816",
                  "RestrictedAdminMode": "-",
                  "SubjectDomainName": "-",
                  "LogonType": 3,
                  "VirtualAccount": "%%1843",
                  "TargetOutboundUserName": "-",
                  "WorkstationName": "-",
                  "IpPort": "58970",
                  "ImpersonationLevel": "%%1833",
                  "SubjectUserSid": "S-1-0-0",
                  "TransmittedServices": "-",
                  "ProcessId": "0x0",
                  "TargetUserName": "MOM$",
                  "ProcessName": "-"
                },
                "System": {
                  "EventID": 4624,
                  "Level": 0,
                  "Provider_attributes": {
                    "Name": "Microsoft-Windows-Security-Auditing",
                    "Guid": "54849625-5478-4994-A5BA-3E3B0328C30D"
                  },
                  "Version": 2,
                  "Task": 12544,
                  "Opcode": 0,
                  "TimeCreated_attributes": {
                    "SystemTime": "2026-01-14T11:26:02.550880Z"
                  },
                  "Execution_attributes": {
                    "ProcessID": 716,
                    "ThreadID": 4644
                  },
                  "Keywords": "0x8020000000000000",
                  "Correlation_attributes": {
                    "ActivityID": "F2B6C865-8505-0002-B7C8-B6F20585DC01"
                  },
                  "EventRecordID": 935345,
                  "Channel": "Security",
                  "Computer": "SQLSERVER.Mills.local",
                  "Security": null
                }
              },
              "Event_attributes": {
                "xmlns": "http://schemas.microsoft.com/win/2004/08/events/event"
              }
            }
          },
          "name": "Network Logon",
          "timestamp": "2026-01-14T11:26:02.550880+00:00",
          "authors": [
            "FranticTyping"
          ],
          "level": "info",
          "source": "chainsaw",
          "status": "stable"
        }
      },
      "raw_refs": [
        "chainsaw.evtx.jsonl:line:68"
      ],
      "provenance": {
        "origin": "baseline",
        "manifest_path": "outputs/jsonl/chainsaw_evtx/f5d1a29d-2446-4a73-a0af-1e1bcc4b41b2/manifest.json"
      }
    },
    {
      "finding_id": "F-f5d1a29d-000069",
      "category": "unknown",
      "summary": "Network Logon",
      "confidence": null,
      "severity": "informational",
      "source": {
        "tool": "chainsaw",
        "rule_id": "RAWREF:chainsaw.evtx.jsonl:line:69",
        "rule_title": "Network Logon"
      },
      "evidence": {
        "event_refs": [
          "chainsaw.evtx.jsonl:line:69"
        ],
        "artifacts": [],
        "timestamps": {
          "first_seen": "2026-01-14T11:26:46.107052+00:00",
          "last_seen": "2026-01-14T11:26:46.107052+00:00"
        },
        "raw": {
          "group": "Lateral Movement",
          "kind": "individual",
          "document": {
            "kind": "evtx",
            "path": "/home/nevermore/cases/intake/evtx/Logs/Security.evtx",
            "data": {
              "Event": {
                "EventData": {
                  "AuthenticationPackageName": "NTLM",
                  "LogonProcessName": "NtLmSsp",
                  "TargetOutboundDomainName": "-",
                  "TargetLinkedLogonId": "0x0",
                  "LmPackageName": "NTLM V2",
                  "TargetDomainName": "MILLSINC",
                  "SubjectUserName": "-",
                  "TargetUserSid": "S-1-5-21-1841095656-2843128008-524542198-3673",
                  "IpAddress": "172.16.1.111",
                  "KeyLength": 128,
                  "SubjectLogonId": "0x0",
                  "TargetLogonId": "0x1b19d2b",
                  "ElevatedToken": "%%1843",
                  "LogonGuid": "00000000-0000-0000-0000-000000000000",
                  "RestrictedAdminMode": "-",
                  "SubjectDomainName": "-",
                  "LogonType": 3,
                  "VirtualAccount": "%%1843",
                  "TargetOutboundUserName": "-",
                  "WorkstationName": "MOM",
                  "IpPort": "59070",
                  "ImpersonationLevel": "%%1833",
                  "SubjectUserSid": "S-1-0-0",
                  "TransmittedServices": "-",
                  "ProcessId": "0x0",
                  "TargetUserName": "MOM$",
                  "ProcessName": "-"
                },
                "System": {
                  "EventID": 4624,
                  "Level": 0,
                  "Provider_attributes": {
                    "Name": "Microsoft-Windows-Security-Auditing",
                    "Guid": "54849625-5478-4994-A5BA-3E3B0328C30D"
                  },
                  "Version": 2,
                  "Task": 12544,
                  "Opcode": 0,
                  "TimeCreated_attributes": {
                    "SystemTime": "2026-01-14T11:26:46.107052Z"
                  },
                  "Execution_attributes": {
                    "ProcessID": 716,
                    "ThreadID": 1992
                  },
                  "Keywords": "0x8020000000000000",
                  "Correlation_attributes": {
                    "ActivityID": "F2B6C865-8505-0002-B7C8-B6F20585DC01"
                  },
                  "EventRecordID": 935349,
                  "Channel": "Security",
                  "Computer": "SQLSERVER.Mills.local",
                  "Security": null
                }
              },
              "Event_attributes": {
                "xmlns": "http://schemas.microsoft.com/win/2004/08/events/event"
              }
            }
          },
          "name": "Network Logon",
          "timestamp": "2026-01-14T11:26:46.107052+00:00",
          "authors": [
            "FranticTyping"
          ],
          "level": "info",
          "source": "chainsaw",
          "status": "stable"
        }
      },
      "raw_refs": [
        "chainsaw.evtx.jsonl:line:69"
      ],
      "provenance": {
        "origin": "baseline",
        "manifest_path": "outputs/jsonl/chainsaw_evtx/f5d1a29d-2446-4a73-a0af-1e1bcc4b41b2/manifest.json"
      }
    },
    {
      "finding_id": "F-f5d1a29d-000070",
      "category": "unknown",
      "summary": "Network Logon",
      "confidence": null,
      "severity": "informational",
      "source": {
        "tool": "chainsaw",
        "rule_id": "RAWREF:chainsaw.evtx.jsonl:line:70",
        "rule_title": "Network Logon"
      },
      "evidence": {
        "event_refs": [
          "chainsaw.evtx.jsonl:line:70"
        ],
        "artifacts": [],
        "timestamps": {
          "first_seen": "2026-01-14T11:28:01.040677+00:00",
          "last_seen": "2026-01-14T11:28:01.040677+00:00"
        },
        "raw": {
          "group": "Lateral Movement",
          "kind": "individual",
          "document": {
            "kind": "evtx",
            "path": "/home/nevermore/cases/intake/evtx/Logs/Security.evtx",
            "data": {
              "Event": {
                "EventData": {
                  "AuthenticationPackageName": "NTLM",
                  "LogonProcessName": "NtLmSsp",
                  "TargetOutboundDomainName": "-",
                  "TargetLinkedLogonId": "0x0",
                  "LmPackageName": "NTLM V2",
                  "TargetDomainName": "MILLSINC",
                  "SubjectUserName": "-",
                  "TargetUserSid": "S-1-5-21-1841095656-2843128008-524542198-3673",
                  "IpAddress": "172.16.1.111",
                  "KeyLength": 128,
                  "SubjectLogonId": "0x0",
                  "TargetLogonId": "0x1b1d014",
                  "ElevatedToken": "%%1843",
                  "LogonGuid": "00000000-0000-0000-0000-000000000000",
                  "RestrictedAdminMode": "-",
                  "SubjectDomainName": "-",
                  "LogonType": 3,
                  "VirtualAccount": "%%1843",
                  "TargetOutboundUserName": "-",
                  "WorkstationName": "MOM",
                  "IpPort": "59243",
                  "ImpersonationLevel": "%%1833",
                  "SubjectUserSid": "S-1-0-0",
                  "TransmittedServices": "-",
                  "ProcessId": "0x0",
                  "TargetUserName": "MOM$",
                  "ProcessName": "-"
                },
                "System": {
                  "EventID": 4624,
                  "Level": 0,
                  "Provider_attributes": {
                    "Name": "Microsoft-Windows-Security-Auditing",
                    "Guid": "54849625-5478-4994-A5BA-3E3B0328C30D"
                  },
                  "Version": 2,
                  "Task": 12544,
                  "Opcode": 0,
                  "TimeCreated_attributes": {
                    "SystemTime": "2026-01-14T11:28:01.040677Z"
                  },
                  "Execution_attributes": {
                    "ProcessID": 716,
                    "ThreadID": 4916
                  },
                  "Keywords": "0x8020000000000000",
                  "Correlation_attributes": {
                    "ActivityID": "F2B6C865-8505-0002-B7C8-B6F20585DC01"
                  },
                  "EventRecordID": 935352,
                  "Channel": "Security",
                  "Computer": "SQLSERVER.Mills.local",
                  "Security": null
                }
              },
              "Event_attributes": {
                "xmlns": "http://schemas.microsoft.com/win/2004/08/events/event"
              }
            }
          },
          "name": "Network Logon",
          "timestamp": "2026-01-14T11:28:01.040677+00:00",
          "authors": [
            "FranticTyping"
          ],
          "level": "info",
          "source": "chainsaw",
          "status": "stable"
        }
      },
      "raw_refs": [
        "chainsaw.evtx.jsonl:line:70"
      ],
      "provenance": {
        "origin": "baseline",
        "manifest_path": "outputs/jsonl/chainsaw_evtx/f5d1a29d-2446-4a73-a0af-1e1bcc4b41b2/manifest.json"
      }
    },
    {
      "finding_id": "F-f5d1a29d-000071",
      "category": "unknown",
      "summary": "Network Logon",
      "confidence": null,
      "severity": "informational",
      "source": {
        "tool": "chainsaw",
        "rule_id": "RAWREF:chainsaw.evtx.jsonl:line:71",
        "rule_title": "Network Logon"
      },
      "evidence": {
        "event_refs": [
          "chainsaw.evtx.jsonl:line:71"
        ],
        "artifacts": [],
        "timestamps": {
          "first_seen": "2026-01-14T11:28:48.094332+00:00",
          "last_seen": "2026-01-14T11:28:48.094332+00:00"
        },
        "raw": {
          "group": "Lateral Movement",
          "kind": "individual",
          "document": {
            "kind": "evtx",
            "path": "/home/nevermore/cases/intake/evtx/Logs/Security.evtx",
            "data": {
              "Event": {
                "EventData": {
                  "AuthenticationPackageName": "NTLM",
                  "LogonProcessName": "NtLmSsp",
                  "TargetOutboundDomainName": "-",
                  "TargetLinkedLogonId": "0x0",
                  "LmPackageName": "NTLM V2",
                  "TargetDomainName": "MILLSINC",
                  "SubjectUserName": "-",
                  "TargetUserSid": "S-1-5-21-1841095656-2843128008-524542198-3674",
                  "IpAddress": "172.16.1.8",
                  "KeyLength": 128,
                  "SubjectLogonId": "0x0",
                  "TargetLogonId": "0x1b1ef0d",
                  "ElevatedToken": "%%1843",
                  "LogonGuid": "00000000-0000-0000-0000-000000000000",
                  "RestrictedAdminMode": "-",
                  "SubjectDomainName": "-",
                  "LogonType": 3,
                  "VirtualAccount": "%%1843",
                  "TargetOutboundUserName": "-",
                  "WorkstationName": "APPS",
                  "IpPort": "53085",
                  "ImpersonationLevel": "%%1833",
                  "SubjectUserSid": "S-1-0-0",
                  "TransmittedServices": "-",
                  "ProcessId": "0x0",
                  "TargetUserName": "APPS$",
                  "ProcessName": "-"
                },
                "System": {
                  "EventID": 4624,
                  "Level": 0,
                  "Provider_attributes": {
                    "Name": "Microsoft-Windows-Security-Auditing",
                    "Guid": "54849625-5478-4994-A5BA-3E3B0328C30D"
                  },
                  "Version": 2,
                  "Task": 12544,
                  "Opcode": 0,
                  "TimeCreated_attributes": {
                    "SystemTime": "2026-01-14T11:28:48.094332Z"
                  },
                  "Execution_attributes": {
                    "ProcessID": 716,
                    "ThreadID": 4644
                  },
                  "Keywords": "0x8020000000000000",
                  "Correlation_attributes": {
                    "ActivityID": "F2B6C865-8505-0002-B7C8-B6F20585DC01"
                  },
                  "EventRecordID": 935355,
                  "Channel": "Security",
                  "Computer": "SQLSERVER.Mills.local",
                  "Security": null
                }
              },
              "Event_attributes": {
                "xmlns": "http://schemas.microsoft.com/win/2004/08/events/event"
              }
            }
          },
          "name": "Network Logon",
          "timestamp": "2026-01-14T11:28:48.094332+00:00",
          "authors": [
            "FranticTyping"
          ],
          "level": "info",
          "source": "chainsaw",
          "status": "stable"
        }
      },
      "raw_refs": [
        "chainsaw.evtx.jsonl:line:71"
      ],
      "provenance": {
        "origin": "baseline",
        "manifest_path": "outputs/jsonl/chainsaw_evtx/f5d1a29d-2446-4a73-a0af-1e1bcc4b41b2/manifest.json"
      }
    },
    {
      "finding_id": "F-f5d1a29d-000072",
      "category": "unknown",
      "summary": "Network Logon",
      "confidence": null,
      "severity": "informational",
      "source": {
        "tool": "chainsaw",
        "rule_id": "RAWREF:chainsaw.evtx.jsonl:line:72",
        "rule_title": "Network Logon"
      },
      "evidence": {
        "event_refs": [
          "chainsaw.evtx.jsonl:line:72"
        ],
        "artifacts": [],
        "timestamps": {
          "first_seen": "2026-01-14T11:29:24.098892+00:00",
          "last_seen": "2026-01-14T11:29:24.098892+00:00"
        },
        "raw": {
          "group": "Lateral Movement",
          "kind": "individual",
          "document": {
            "kind": "evtx",
            "path": "/home/nevermore/cases/intake/evtx/Logs/Security.evtx",
            "data": {
              "Event": {
                "EventData": {
                  "AuthenticationPackageName": "NTLM",
                  "LogonProcessName": "NtLmSsp",
                  "TargetOutboundDomainName": "-",
                  "TargetLinkedLogonId": "0x0",
                  "LmPackageName": "NTLM V2",
                  "TargetDomainName": "MILLSINC",
                  "SubjectUserName": "-",
                  "TargetUserSid": "S-1-5-21-1841095656-2843128008-524542198-3673",
                  "IpAddress": "172.16.1.111",
                  "KeyLength": 128,
                  "SubjectLogonId": "0x0",
                  "TargetLogonId": "0x1b20683",
                  "ElevatedToken": "%%1843",
                  "LogonGuid": "00000000-0000-0000-0000-000000000000",
                  "RestrictedAdminMode": "-",
                  "SubjectDomainName": "-",
                  "LogonType": 3,
                  "VirtualAccount": "%%1843",
                  "TargetOutboundUserName": "-",
                  "WorkstationName": "MOM",
                  "IpPort": "59431",
                  "ImpersonationLevel": "%%1833",
                  "SubjectUserSid": "S-1-0-0",
                  "TransmittedServices": "-",
                  "ProcessId": "0x0",
                  "TargetUserName": "MOM$",
                  "ProcessName": "-"
                },
                "System": {
                  "EventID": 4624,
                  "Level": 0,
                  "Provider_attributes": {
                    "Name": "Microsoft-Windows-Security-Auditing",
                    "Guid": "54849625-5478-4994-A5BA-3E3B0328C30D"
                  },
                  "Version": 2,
                  "Task": 12544,
                  "Opcode": 0,
                  "TimeCreated_attributes": {
                    "SystemTime": "2026-01-14T11:29:24.098892Z"
                  },
                  "Execution_attributes": {
                    "ProcessID": 716,
                    "ThreadID": 4644
                  },
                  "Keywords": "0x8020000000000000",
                  "Correlation_attributes": {
                    "ActivityID": "F2B6C865-8505-0002-B7C8-B6F20585DC01"
                  },
                  "EventRecordID": 935357,
                  "Channel": "Security",
                  "Computer": "SQLSERVER.Mills.local",
                  "Security": null
                }
              },
              "Event_attributes": {
                "xmlns": "http://schemas.microsoft.com/win/2004/08/events/event"
              }
            }
          },
          "name": "Network Logon",
          "timestamp": "2026-01-14T11:29:24.098892+00:00",
          "authors": [
            "FranticTyping"
          ],
          "level": "info",
          "source": "chainsaw",
          "status": "stable"
        }
      },
      "raw_refs": [
        "chainsaw.evtx.jsonl:line:72"
      ],
      "provenance": {
        "origin": "baseline",
        "manifest_path": "outputs/jsonl/chainsaw_evtx/f5d1a29d-2446-4a73-a0af-1e1bcc4b41b2/manifest.json"
      }
    },
    {
      "finding_id": "F-f5d1a29d-000073",
      "category": "unknown",
      "summary": "Network Logon",
      "confidence": null,
      "severity": "informational",
      "source": {
        "tool": "chainsaw",
        "rule_id": "RAWREF:chainsaw.evtx.jsonl:line:73",
        "rule_title": "Network Logon"
      },
      "evidence": {
        "event_refs": [
          "chainsaw.evtx.jsonl:line:73"
        ],
        "artifacts": [],
        "timestamps": {
          "first_seen": "2026-01-14T11:30:45.115625+00:00",
          "last_seen": "2026-01-14T11:30:45.115625+00:00"
        },
        "raw": {
          "group": "Lateral Movement",
          "kind": "individual",
          "document": {
            "kind": "evtx",
            "path": "/home/nevermore/cases/intake/evtx/Logs/Security.evtx",
            "data": {
              "Event": {
                "EventData": {
                  "AuthenticationPackageName": "NTLM",
                  "LogonProcessName": "NtLmSsp",
                  "TargetOutboundDomainName": "-",
                  "TargetLinkedLogonId": "0x0",
                  "LmPackageName": "NTLM V2",
                  "TargetDomainName": "MILLSINC",
                  "SubjectUserName": "-",
                  "TargetUserSid": "S-1-5-21-1841095656-2843128008-524542198-3673",
                  "IpAddress": "172.16.1.111",
                  "KeyLength": 128,
                  "SubjectLogonId": "0x0",
                  "TargetLogonId": "0x1b251fb",
                  "ElevatedToken": "%%1843",
                  "LogonGuid": "00000000-0000-0000-0000-000000000000",
                  "RestrictedAdminMode": "-",
                  "SubjectDomainName": "-",
                  "LogonType": 3,
                  "VirtualAccount": "%%1843",
                  "TargetOutboundUserName": "-",
                  "WorkstationName": "MOM",
                  "IpPort": "59616",
                  "ImpersonationLevel": "%%1833",
                  "SubjectUserSid": "S-1-0-0",
                  "TransmittedServices": "-",
                  "ProcessId": "0x0",
                  "TargetUserName": "MOM$",
                  "ProcessName": "-"
                },
                "System": {
                  "EventID": 4624,
                  "Level": 0,
                  "Provider_attributes": {
                    "Name": "Microsoft-Windows-Security-Auditing",
                    "Guid": "54849625-5478-4994-A5BA-3E3B0328C30D"
                  },
                  "Version": 2,
                  "Task": 12544,
                  "Opcode": 0,
                  "TimeCreated_attributes": {
                    "SystemTime": "2026-01-14T11:30:45.115625Z"
                  },
                  "Execution_attributes": {
                    "ProcessID": 716,
                    "ThreadID": 1992
                  },
                  "Keywords": "0x8020000000000000",
                  "Correlation_attributes": {
                    "ActivityID": "F2B6C865-8505-0002-B7C8-B6F20585DC01"
                  },
                  "EventRecordID": 935366,
                  "Channel": "Security",
                  "Computer": "SQLSERVER.Mills.local",
                  "Security": null
                }
              },
              "Event_attributes": {
                "xmlns": "http://schemas.microsoft.com/win/2004/08/events/event"
              }
            }
          },
          "name": "Network Logon",
          "timestamp": "2026-01-14T11:30:45.115625+00:00",
          "authors": [
            "FranticTyping"
          ],
          "level": "info",
          "source": "chainsaw",
          "status": "stable"
        }
      },
      "raw_refs": [
        "chainsaw.evtx.jsonl:line:73"
      ],
      "provenance": {
        "origin": "baseline",
        "manifest_path": "outputs/jsonl/chainsaw_evtx/f5d1a29d-2446-4a73-a0af-1e1bcc4b41b2/manifest.json"
      }
    },
    {
      "finding_id": "F-f5d1a29d-000074",
      "category": "unknown",
      "summary": "Network Logon",
      "confidence": null,
      "severity": "informational",
      "source": {
        "tool": "chainsaw",
        "rule_id": "RAWREF:chainsaw.evtx.jsonl:line:74",
        "rule_title": "Network Logon"
      },
      "evidence": {
        "event_refs": [
          "chainsaw.evtx.jsonl:line:74"
        ],
        "artifacts": [],
        "timestamps": {
          "first_seen": "2026-01-14T11:31:48.194224+00:00",
          "last_seen": "2026-01-14T11:31:48.194224+00:00"
        },
        "raw": {
          "group": "Lateral Movement",
          "kind": "individual",
          "document": {
            "kind": "evtx",
            "path": "/home/nevermore/cases/intake/evtx/Logs/Security.evtx",
            "data": {
              "Event": {
                "EventData": {
                  "AuthenticationPackageName": "NTLM",
                  "LogonProcessName": "NtLmSsp",
                  "TargetOutboundDomainName": "-",
                  "TargetLinkedLogonId": "0x0",
                  "LmPackageName": "NTLM V2",
                  "TargetDomainName": "MILLSINC",
                  "SubjectUserName": "-",
                  "TargetUserSid": "S-1-5-21-1841095656-2843128008-524542198-3674",
                  "IpAddress": "172.16.1.8",
                  "KeyLength": 128,
                  "SubjectLogonId": "0x0",
                  "TargetLogonId": "0x1b28678",
                  "ElevatedToken": "%%1843",
                  "LogonGuid": "00000000-0000-0000-0000-000000000000",
                  "RestrictedAdminMode": "-",
                  "SubjectDomainName": "-",
                  "LogonType": 3,
                  "VirtualAccount": "%%1843",
                  "TargetOutboundUserName": "-",
                  "WorkstationName": "APPS",
                  "IpPort": "53368",
                  "ImpersonationLevel": "%%1833",
                  "SubjectUserSid": "S-1-0-0",
                  "TransmittedServices": "-",
                  "ProcessId": "0x0",
                  "TargetUserName": "APPS$",
                  "ProcessName": "-"
                },
                "System": {
                  "EventID": 4624,
                  "Level": 0,
                  "Provider_attributes": {
                    "Name": "Microsoft-Windows-Security-Auditing",
                    "Guid": "54849625-5478-4994-A5BA-3E3B0328C30D"
                  },
                  "Version": 2,
                  "Task": 12544,
                  "Opcode": 0,
                  "TimeCreated_attributes": {
                    "SystemTime": "2026-01-14T11:31:48.194224Z"
                  },
                  "Execution_attributes": {
                    "ProcessID": 716,
                    "ThreadID": 4644
                  },
                  "Keywords": "0x8020000000000000",
                  "Correlation_attributes": {
                    "ActivityID": "F2B6C865-8505-0002-B7C8-B6F20585DC01"
                  },
                  "EventRecordID": 935372,
                  "Channel": "Security",
                  "Computer": "SQLSERVER.Mills.local",
                  "Security": null
                }
              },
              "Event_attributes": {
                "xmlns": "http://schemas.microsoft.com/win/2004/08/events/event"
              }
            }
          },
          "name": "Network Logon",
          "timestamp": "2026-01-14T11:31:48.194224+00:00",
          "authors": [
            "FranticTyping"
          ],
          "level": "info",
          "source": "chainsaw",
          "status": "stable"
        }
      },
      "raw_refs": [
        "chainsaw.evtx.jsonl:line:74"
      ],
      "provenance": {
        "origin": "baseline",
        "manifest_path": "outputs/jsonl/chainsaw_evtx/f5d1a29d-2446-4a73-a0af-1e1bcc4b41b2/manifest.json"
      }
    },
    {
      "finding_id": "F-f5d1a29d-000075",
      "category": "unknown",
      "summary": "Network Logon",
      "confidence": null,
      "severity": "informational",
      "source": {
        "tool": "chainsaw",
        "rule_id": "RAWREF:chainsaw.evtx.jsonl:line:75",
        "rule_title": "Network Logon"
      },
      "evidence": {
        "event_refs": [
          "chainsaw.evtx.jsonl:line:75"
        ],
        "artifacts": [],
        "timestamps": {
          "first_seen": "2026-01-14T11:32:03.395060+00:00",
          "last_seen": "2026-01-14T11:32:03.395060+00:00"
        },
        "raw": {
          "group": "Lateral Movement",
          "kind": "individual",
          "document": {
            "kind": "evtx",
            "path": "/home/nevermore/cases/intake/evtx/Logs/Security.evtx",
            "data": {
              "Event": {
                "EventData": {
                  "AuthenticationPackageName": "NTLM",
                  "LogonProcessName": "NtLmSsp",
                  "TargetOutboundDomainName": "-",
                  "TargetLinkedLogonId": "0x0",
                  "LmPackageName": "NTLM V2",
                  "TargetDomainName": "MILLSINC",
                  "SubjectUserName": "-",
                  "TargetUserSid": "S-1-5-21-1841095656-2843128008-524542198-3673",
                  "IpAddress": "172.16.1.111",
                  "KeyLength": 128,
                  "SubjectLogonId": "0x0",
                  "TargetLogonId": "0x1b290e2",
                  "ElevatedToken": "%%1843",
                  "LogonGuid": "00000000-0000-0000-0000-000000000000",
                  "RestrictedAdminMode": "-",
                  "SubjectDomainName": "-",
                  "LogonType": 3,
                  "VirtualAccount": "%%1843",
                  "TargetOutboundUserName": "-",
                  "WorkstationName": "MOM",
                  "IpPort": "59808",
                  "ImpersonationLevel": "%%1833",
                  "SubjectUserSid": "S-1-0-0",
                  "TransmittedServices": "-",
                  "ProcessId": "0x0",
                  "TargetUserName": "MOM$",
                  "ProcessName": "-"
                },
                "System": {
                  "EventID": 4624,
                  "Level": 0,
                  "Provider_attributes": {
                    "Name": "Microsoft-Windows-Security-Auditing",
                    "Guid": "54849625-5478-4994-A5BA-3E3B0328C30D"
                  },
                  "Version": 2,
                  "Task": 12544,
                  "Opcode": 0,
                  "TimeCreated_attributes": {
                    "SystemTime": "2026-01-14T11:32:03.395060Z"
                  },
                  "Execution_attributes": {
                    "ProcessID": 716,
                    "ThreadID": 4644
                  },
                  "Keywords": "0x8020000000000000",
                  "Correlation_attributes": {
                    "ActivityID": "F2B6C865-8505-0002-B7C8-B6F20585DC01"
                  },
                  "EventRecordID": 935374,
                  "Channel": "Security",
                  "Computer": "SQLSERVER.Mills.local",
                  "Security": null
                }
              },
              "Event_attributes": {
                "xmlns": "http://schemas.microsoft.com/win/2004/08/events/event"
              }
            }
          },
          "name": "Network Logon",
          "timestamp": "2026-01-14T11:32:03.395060+00:00",
          "authors": [
            "FranticTyping"
          ],
          "level": "info",
          "source": "chainsaw",
          "status": "stable"
        }
      },
      "raw_refs": [
        "chainsaw.evtx.jsonl:line:75"
      ],
      "provenance": {
        "origin": "baseline",
        "manifest_path": "outputs/jsonl/chainsaw_evtx/f5d1a29d-2446-4a73-a0af-1e1bcc4b41b2/manifest.json"
      }
    },
