"EventID\\\": 4624,\\n      \\\"TimeCreated\\\": \\\"2026-01-14 10:58:48.095541+00:00\\\",\\n      \\\"Computer\\\": \\\"SQLSERVER.Mills.local\\\",\\n      \\\"Channel\\\": \\\"Security\\\",\\n      \\\"Provider\\\": \\\"Microsoft-Windows-Security-Auditing\\\",\\n      \\\"EventData\\\": {\\n        \\\"SubjectUserSid\\\": \\\"S-1-0-0\\\",\\n        \\\"SubjectUserName\\\": \\\"-\\\",\\n        \\\"SubjectDomainName\\\": \\\"-\\\",\\n        \\\"SubjectLogonId\\\": \\\"0x0000000000000000\\\",\\n        \\\"TargetUserSid\\\": \\\"S-1-5-21-1841095656-2843128008-524542198-3674\\\",\\n        \\\"TargetUserName\\\": \\\"APPS$\\\",\\n        \\\"TargetDomainName\\\": \\\"MILLSINC\\\",\\n        \\\"TargetLogonId\\\": \\\"0x0000000001acdee1\\\",\\n        \\\"LogonType\\\": \\\"3\\\",\\n        \\\"LogonProcessName\\\": \\\"NtLmSsp\\\",\\n        \\\"AuthenticationPackageName\\\": \\\"NTLM\\\",\\n        \\\"WorkstationName\\\": \\\"APPS\\\",\\n        \\\"LogonGuid\\\": \\\"{00000000-0000-0000-0000-000000000000}\\\",\\n        \\\"TransmittedServices\\\": \\\"-\\\",\\n        \\\"LmPackageName\\\": \\\"NTLM V2\\\",\\n        \\\"KeyLength\\\": \\\"128\\\",\\n        \\\"ProcessId\\\": \\\"0x0000000000000000\\\",\\n        \\\"ProcessName\\\": \\\"-\\\",\\n        \\\"IpAddress\\\": \\\"172.16.1.8\\\",\\n        \\\"IpPort\\\": \\\"49689\\\",\\n        \\\"ImpersonationLevel\\\": \\\"%%1833\\\",\\n        \\\"RestrictedAdminMode\\\": \\\"-\\\",\\n        \\\"TargetOutboundUserName\\\": \\\"-\\\",\\n        \\\"TargetOutboundDomainName\\\": \\\"-\\\",\\n        \\\"VirtualAccount\\\": \\\"%%1843\\\",\\n        \\\"TargetLinkedLogonId\\\": \\\"0x0000000000000000\\\",\\n        \\\"ElevatedToken\\\": \\\"%%1843\\\"\\n      },\\n      \\\"UserData\\\": {}\\n    },\\n    {\\n      \\\"EventID\\\": 4634,\\n      \\\"TimeCreated\\\": \\\"2026-01-14 10:59:13.126202+00:00\\\",\\n      \\\"Computer\\\": \\\"SQLSERVER.Mills.local\\\",\\n      \\\"Channel\\\": \\\"Security\\\",\\n      \\\"Provider\\\": \\\"Microsoft-Windows-Security-Auditing\\\",\\n      \\\"EventData\\\": {\\n        \\\"TargetUserSid\\\": \\\"S-1-5-21-1841095656-2843128008-524542198-3673\\\",\\n        \\\"TargetUserName\\\": \\\"MOM$\\\",\\n        \\\"TargetDomainName\\\": \\\"MILLSINC\\\",\\n        \\\"TargetLogonId\\\": \\\"0x0000000001acdde5\\\",\\n        \\\"LogonType\\\": \\\"3\\\"\\n      },\\n      \\\"UserData\\\": {}\\n    },\\n    {\\n      \\\"EventID\\\": 4634,\\n      \\\"TimeCreated\\\": \\\"2026-01-14 10:59:57.916107+00:00\\\",\\n      \\\"Computer\\\": \\\"SQLSERVER.Mills.local\\\",\\n      \\\"Channel\\\": \\\"Security\\\",\\n      \\\"Provider\\\": \\\"Microsoft-Windows-Security-Auditing\\\",\\n      \\\"EventData\\\": {\\n        \\\"TargetUserSid\\\": \\\"S-1-5-21-1841095656-2843128008-524542198-3674\\\",\\n        \\\"TargetUserName\\\": \\\"APPS$\\\",\\n        \\\"TargetDomainName\\\": \\\"MILLSINC\\\",\\n        \\\"TargetLogonId\\\": \\\"0x0000000001acdee1\\\",\\n        \\\"LogonType\\\": \\\"3\\\"\\n      },\\n      \\\"UserData\\\": {}\\n    },\\n    {\\n      \\\"EventID\\\": 4624,\\n      \\\"TimeCreated\\\": \\\"2026-01-14 11:01:23.966398+00:00\\\",\\n      \\\"Computer\\\": \\\"SQLSERVER.Mills.local\\\",\\n      \\\"Channel\\\": \\\"Security\\\",\\n      \\\"Provider\\\": \\\"Microsoft-Windows-Security-Auditing\\\",\\n      \\\"EventData\\\": {\\n        \\\"SubjectUserSid\\\": \\\"S-1-0-0\\\",\\n        \\\"SubjectUserName\\\": \\\"-\\\",\\n        \\\"SubjectDomainName\\\": \\\"-\\\",\\n        \\\"SubjectLogonId\\\": \\\"0x0000000000000000\\\",\\n        \\\"TargetUserSid\\\": \\\"S-1-5-21-1841095656-2843128008-524542198-3673\\\",\\n        \\\"TargetUserName\\\": \\\"MOM$\\\",\\n        \\\"TargetDomainName\\\": \\\"MILLSINC\\\",\\n        \\\"TargetLogonId\\\": \\\"0x0000000001ad4faf\\\",\\n        \\\"LogonType\\\": \\\"3\\\",\\n        \\\"LogonProcessName\\\": \\\"NtLmSsp\\\",\\n        \\\"AuthenticationPackageName\\\": \\\"NTLM\\\",\\n        \\\"WorkstationName\\\": \\\"MOM\\\",\\n        \\\"LogonGuid\\\": \\\"{00000000-0000-0000-0000-000000000000}\\\",\\n        \\\"TransmittedServices\\\": \\\"-\\\",\\n        \\\"LmPackageName\\\": \\\"NTLM V2\\\",\\n        \\\"KeyLength\\\": \\\"128\\\",\\n        \\\"ProcessId\\\": \\\"0x0000000000000000\\\",\\n        \\\"ProcessName\\\": \\\"-\\\",\\n        \\\"IpAddress\\\": \\\"172.16.1.111\\\",\\n        \\\"IpPort\\\": \\\"55373\\\",\\n        \\\"ImpersonationLevel\\\": \\\"%%1833\\\",\\n        \\\"RestrictedAdminMode\\\": \\\"-\\\",\\n        \\\"TargetOutboundUserName\\\": \\\"-\\\",\\n        \\\"TargetOutboundDomainName\\\": \\\"-\\\",\\n        \\\"VirtualAccount\\\": \\\"%%1843\\\",\\n        \\\"TargetLinkedLogonId\\\": \\\"0x0000000000000000\\\",\\n        \\\"ElevatedToken\\\": \\\"%%1843\\\"\\n      },\\n      \\\"UserData\\\": {}\\n    },\\n    {\\n      \\\"EventID\\\": 4624,\\n      \\\"TimeCreated\\\": \\\"2026-01-14 11:01:48.064907+00:00\\\",\\n      \\\"Computer\\\": \\\"SQLSERVER.Mills.local\\\",\\n      \\\"Channel\\\": \\\"Security\\\",\\n      \\\"Provider\\\": \\\"Microsoft-Windows-Security-Auditing\\\",\\n      \\\"EventData\\\": {\\n        \\\"SubjectUserSid\\\": \\\"S-1-0-0\\\",\\n        \\\"SubjectUserName\\\": \\\"-\\\",\\n        \\\"SubjectDomainName\\\": \\\"-\\\",\\n        \\\"SubjectLogonId\\\": \\\"0x0000000000000000\\\",\\n        \\\"TargetUserSid\\\": \\\"S-1-5-21-1841095656-2843128008-524542198-3674\\\",\\n        \\\"TargetUserName\\\": \\\"APPS$\\\",\\n        \\\"TargetDomainName\\\": \\\"MILLSINC\\\",\\n        \\\"TargetLogonId\\\": \\\"0x0000000001ad6c21\\\",\\n        \\\"LogonType\\\": \\\"3\\\",\\n        \\\"LogonProcessName\\\": \\\"NtLmSsp\\\",\\n        \\\"AuthenticationPackageName\\\": \\\"NTLM\\\",\\n        \\\"WorkstationName\\\": \\\"APPS\\\",\\n        \\\"LogonGuid\\\": \\\"{00000000-0000-0000-0000-000000000000}\\\",\\n        \\\"TransmittedServices\\\": \\\"-\\\",\\n        \\\"LmPackageName\\\": \\\"NTLM V2\\\",\\n        \\\"KeyLength\\\": \\\"128\\\",\\n        \\\"ProcessId\\\": \\\"0x0000000000000000\\\",\\n        \\\"ProcessName\\\": \\\"-\\\",\\n        \\\"IpAddress\\\": \\\"172.16.1.8\\\",\\n        \\\"IpPort\\\": \\\"49984\\\",\\n        \\\"ImpersonationLevel\\\": \\\"%%1833\\\",\\n        \\\"RestrictedAdminMode\\\": \\\"-\\\",\\n        \\\"TargetOutboundUserName\\\": \\\"-\\\",\\n        \\\"TargetOutboundDomainName\\\": \\\"-\\\",\\n        \\\"VirtualAccount\\\": \\\"%%1843\\\",\\n        \\\"TargetLinkedLogonId\\\": \\\"0x0000000000000000\\\",\\n        \\\"ElevatedToken\\\": \\\"%%1843\\\"\\n      },\\n      \\\"UserData\\\": {}\\n    },\\n    {\\n      \\\"EventID\\\": 4634,\\n      \\\"TimeCreated\\\": \\\"2026-01-14 11:01:56.060106+00:00\\\",\\n      \\\"Computer\\\": \\\"SQLSERVER.Mills.local\\\",\\n      \\\"Channel\\\": \\\"Security\\\",\\n      \\\"Provider\\\": \\\"Microsoft-Windows-Security-Auditing\\\",\\n      \\\"EventData\\\": {\\n        \\\"TargetUserSid\\\": \\\"S-1-5-21-1841095656-2843128008-524542198-3673\\\",\\n        \\\"TargetUserName\\\": \\\"MOM$\\\",\\n        \\\"TargetDomainName\\\": \\\"MILLSINC\\\",\\n        \\\"TargetLogonId\\\": \\\"0x0000000001ad4faf\\\",\\n        \\\"LogonType\\\": \\\"3\\\"\\n      },\\n      \\\"UserData\\\": {}\\n    },\\n    {\\n      \\\"EventID\\\": 4634,\\n      \\\"TimeCreated\\\": \\\"2026-01-14 11:02:30.949833+00:00\\\",\\n      \\\"Computer\\\": \\\"SQLSERVER.Mills.local\\\",\\n      \\\"Channel\\\": \\\"Security\\\",\\n      \\\"Provider\\\": \\\"Microsoft-Windows-Security-Auditing\\\",\\n      \\\"EventData\\\": {\\n        \\\"TargetUserSid\\\": \\\"S-1-5-21-1841095656-2843128008-524542198-3674\\\",\\n        \\\"TargetUserName\\\": \\\"APPS$\\\",\\n        \\\"TargetDomainName\\\": \\\"MILLSINC\\\",\\n        \\\"TargetLogonId\\\": \\\"0x0000000001ad6c21\\\",\\n        \\\"LogonType\\\": \\\"3\\\"\\n      },\\n      \\\"UserData\\\": {}\\n    },\\n    {\\n      \\\"EventID\\\": 4624,\\n      \\\"TimeCreated\\\": \\\"2026-01-14 11:02:44.778816+00:00\\\",\\n      \\\"Computer\\\": \\\"SQLSERVER.Mills.local\\\",\\n      \\\"Channel\\\": \\\"Security\\\",\\n      \\\"Provider\\\": \\\"Microsoft-Windows-Security-Auditing\\\",\\n      \\\"EventData\\\": {\\n        \\\"SubjectUserSid\\\": \\\"S-1-0-0\\\",\\n        \\\"SubjectUserName\\\": \\\"-\\\",\\n        \\\"SubjectDomainName\\\": \\\"-\\\",\\n        \\\"SubjectLogonId\\\": \\\"0x0000000000000000\\\",\\n        \\\"TargetUserSid\\\": \\\"S-1-5-21-1841095656-2843128008-524542198-3673\\\",\\n        \\\"TargetUserName\\\": \\\"MOM$\\\",\\n        \\\"TargetDomainName\\\": \\\"MILLSINC\\\",\\n        \\\"TargetLogonId\\\": \\\"0x0000000001ad93c0\\\",\\n        \\\"LogonType\\\": \\\"3\\\",\\n        \\\"LogonProcessName\\\": \\\"NtLmSsp\\\",\\n        \\\"AuthenticationPackageName\\\": \\\"NTLM\\\",\\n        \\\"WorkstationName\\\": \\\"MOM\\\",\\n        \\\"LogonGuid\\\": \\\"{00000000-0000-0000-0000-000000000000}\\\",\\n        \\\"TransmittedServices\\\": \\\"-\\\",\\n        \\\"LmPackageName\\\": \\\"NTLM V2\\\",\\n        \\\"KeyLength\\\": \\\"128\\\",\\n        \\\"ProcessId\\\": \\\"0x0000000000000000\\\",\\n        \\\"ProcessName\\\": \\\"-\\\",\\n        \\\"IpAddress\\\": \\\"172.16.1.111\\\",\\n        \\\"IpPort\\\": \\\"55560\\\",\\n        \\\"ImpersonationLevel\\\": \\\"%%1833\\\",\\n        \\\"RestrictedAdminMode\\\": \\\"-\\\",\\n        \\\"TargetOutboundUserName\\\": \\\"-\\\",\\n        \\\"TargetOutboundDomainName\\\": \\\"-\\\",\\n        \\\"VirtualAccount\\\": \\\"%%1843\\\",\\n        \\\"TargetLinkedLogonId\\\": \\\"0x0000000000000000\\\",\\n        \\\"ElevatedToken\\\": \\\"%%1843\\\"\\n      },\\n      \\\"UserData\\\": {}\\n    },\\n    {\\n      \\\"EventID\\\": 4634,\\n      \\\"TimeCreated\\\": \\\"2026-01-14 11:03:11.529547+00:00\\\",\\n      \\\"Computer\\\": \\\"SQLSERVER.Mills.local\\\",\\n      \\\"Channel\\\": \\\"Security\\\",\\n      \\\"Provider\\\": \\\"Microsoft-Windows-Security-Auditing\\\",\\n      \\\"EventData\\\": {\\n        \\\"TargetUserSid\\\": \\\"S-1-5-21-1841095656-2843128008-524542198-3673\\\",\\n        \\\"TargetUserName\\\": \\\"MOM$\\\",\\n        \\\"TargetDomainName\\\": \\\"MILLSINC\\\",\\n        \\\"TargetLogonId\\\": \\\"0x0000000001ad93c0\\\",\\n        \\\"LogonType\\\": \\\"3\\\"\\n      },\\n      \\\"UserData\\\": {}\\n    },\\n    {\\n      \\\"EventID\\\": 4624,\\n      \\\"TimeCreated\\\": \\\"2026-01-14 11:03:12.539438+00:00\\\",\\n      \\\"Computer\\\": \\\"SQLSERVER.Mills.local\\\",\\n      \\\"Channel\\\": \\\"Security\\\",\\n      \\\"Provider\\\": \\\"Microsoft-Windows-Security-Auditing\\\",\\n      \\\"EventData\\\": {\\n        \\\"SubjectUserSid\\\": \\\"S-1-0-0\\\",\\n        \\\"SubjectUserName\\\": \\\"-\\\",\\n        \\\"SubjectDomainName\\\": \\\"-\\\",\\n        \\\"SubjectLogonId\\\": \\\"0x0000000000000000\\\",\\n        \\\"TargetUserSid\\\": \\\"S-1-5-21-1841095656-2843128008-524542198-3674\\\",\\n        \\\"TargetUserName\\\": \\\"APPS$\\\",\\n        \\\"TargetDomainName\\\": \\\"MILLSINC\\\",\\n        \\\"TargetLogonId\\\": \\\"0x0000000001ada2a5\\\",\\n        \\\"LogonType\\\": \\\"3\\\",\\n        \\\"LogonProcessName\\\": \\\"NtLmSsp\\\",\\n        \\\"AuthenticationPackageName\\\": \\\"NTLM\\\",\\n        \\\"WorkstationName\\\": \\\"APPS\\\",\\n        \\\"LogonGuid\\\": \\\"{00000000-0000-0000-0000-000000000000}\\\",\\n        \\\"TransmittedServices\\\": \\\"-\\\",\\n        \\\"LmPackageName\\\": \\\"NTLM V2\\\",\\n        \\\"KeyLength\\\": \\\"128\\\",\\n        \\\"ProcessId\\\": \\\"0x0000000000000000\\\",\\n        \\\"ProcessName\\\": \\\"-\\\",\\n        \\\"IpAddress\\\": \\\"172.16.1.8\\\",\\n        \\\"IpPort\\\": \\\"50148\\\",\\n        \\\"ImpersonationLevel\\\": \\\"%%1833\\\",\\n        \\\"RestrictedAdminMode\\\": \\\"-\\\",\\n        \\\"TargetOutboundUserName\\\": \\\"-\\\",\\n        \\\"TargetOutboundDomainName\\\": \\\"-\\\",\\n        \\\"VirtualAccount\\\": \\\"%%1843\\\",\\n        \\\"TargetLinkedLogonId\\\": \\\"0x0000000000000000\\\",\\n        \\\"ElevatedToken\\\": \\\"%%1843\\\"\\n      },\\n      \\\"UserData\\\": {}\\n    },\\n    {\\n      \\\"EventID\\\": 4634,\\n      \\\"TimeCreated\\\": \\\"2026-01-14 11:03:55.493994+00:00\\\",\\n      \\\"Computer\\\": \\\"SQLSERVER.Mills.local\\\",\\n      \\\"Channel\\\": \\\"Security\\\",\\n      \\\"Provider\\\": \\\"Microsoft-Windows-Security-Auditing\\\",\\n      \\\"EventData\\\": {\\n        \\\"TargetUserSid\\\": \\\"S-1-5-21-1841095656-2843128008-524542198-3674\\\",\\n        \\\"TargetUserName\\\": \\\"APPS$\\\",\\n        \\\"TargetDomainName\\\": \\\"MILLSINC\\\",\\n        \\\"TargetLogonId\\\": \\\"0x0000000001ada2a5\\\",\\n        \\\"LogonType\\\": \\\"3\\\"\\n      },\\n      \\\"UserData\\\": {}\\n    }\\n  ],\\n  \\\"total_matched\\\": 934,\\n  \\\"returned\\\": 50,\\n  \\\"offset\\\": 0,\\n  \\\"truncated\\\": true,\\n  \\\"limit\\\": 50,\\n  \\\"next_offset\\\": 50,\\n  \\\"_truncation\\\": {\\n    \\\"warning\\\": \\\"Response was truncated to fit context limits. IMPORTANT: Oldest data was kept, newest may be missing!\\\",\\n    \\\"original_chars\\\": 45681,\\n    \\\"max_chars\\\": 40000,\\n    \\\"truncated_arrays\\\": {\\n      \\\"events\\\": {\\n        \\\"original_count\\\": 50,\\n        \\\"returned_count\\\": 43,\\n        \\\"truncated\\\": true\\n      }\\n    },\\n    \\\"hint\\\": \\\"Use time_range_start/end to focus on incident window, or use offset parameter to paginate through all results\\\"\\n  }\\n}\"}], \"isError\": false}"
  },
  {
    "role": "assistant",
    "content": "Now let me check for process creation events (4688) around the time of the log clearing:",
    "tool_calls": [
      {
        "index": 0,
        "id": "call_00_5kTn5KvWIJcKIhEnbbUVsLV7",
        "type": "function",
        "function": {
          "name": "evtx_search",
          "arguments": "{\"evtx_path\": \"/home/nevermore/cases/intake/evtx/Logs/Security.evtx\", \"start_time\": \"2026-01-14T10:40:00Z\", \"end_time\": \"2026-01-14T11:00:00Z\", \"event_ids\": [4688], \"limit\": 30}"
        }
      }
    ]
  },
  {
    "role": "tool",
    "tool_call_id": "call_00_5kTn5KvWIJcKIhEnbbUVsLV7",
    "name": "evtx_search",
    "content": "{\"content\": [{\"type\": \"text\", \"text\": \"{\\n  \\\"events\\\": [\\n    {\\n      \\\"EventID\\\": 4688,\\n      \\\"TimeCreated\\\": \\\"2026-01-14 12:51:44.531044+00:00\\\",\\n      \\\"Computer\\\": \\\"SQLSERVER.Mills.local\\\",\\n      \\\"Channel\\\": \\\"Security\\\",\\n      \\\"Provider\\\": \\\"Microsoft-Windows-Security-Auditing\\\",\\n      \\\"EventData\\\": {\\n        \\\"SubjectUserSid\\\": \\\"S-1-5-18\\\",\\n        \\\"SubjectUserName\\\": \\\"-\\\",\\n        \\\"SubjectDomainName\\\": \\\"-\\\",\\n        \\\"SubjectLogonId\\\": \\\"0x00000000000003e7\\\",\\n        \\\"NewProcessId\\\": \\\"0x0000000000000078\\\",\\n        \\\"NewProcessName\\\": \\\"Registry\\\",\\n        \\\"TokenElevationType\\\": \\\"%%1936\\\",\\n        \\\"ProcessId\\\": \\\"0x0000000000000004\\\",\\n        \\\"CommandLine\\\": \\\"\\\",\\n        \\\"TargetUserSid\\\": \\\"S-1-0-0\\\",\\n        \\\"TargetUserName\\\": \\\"-\\\",\\n        \\\"TargetDomainName\\\": \\\"-\\\",\\n        \\\"TargetLogonId\\\": \\\"0x0000000000000000\\\",\\n        \\\"ParentProcessName\\\": \\\"\\\",\\n        \\\"MandatoryLabel\\\": \\\"S-1-16-16384\\\"\\n      },\\n      \\\"UserData\\\": {}\\n    },\\n    {\\n      \\\"EventID\\\": 4688,\\n      \\\"TimeCreated\\\": \\\"2026-01-14 12:51:44.534695+00:00\\\",\\n      \\\"Computer\\\": \\\"SQLSERVER.Mills.local\\\",\\n      \\\"Channel\\\": \\\"Security\\\",\\n      \\\"Provider\\\": \\\"Microsoft-Windows-Security-Auditing\\\",\\n      \\\"EventData\\\": {\\n        \\\"SubjectUserSid\\\": \\\"S-1-5-18\\\",\\n        \\\"SubjectUserName\\\": \\\"-\\\",\\n        \\\"SubjectDomainName\\\": \\\"-\\\",\\n        \\\"SubjectLogonId\\\": \\\"0x00000000000003e7\\\",\\n        \\\"NewProcessId\\\": \\\"0x0000000000000164\\\",\\n        \\\"NewProcessName\\\": \\\"C:\\\\\\\\Windows\\\\\\\\System32\\\\\\\\smss.exe\\\",\\n        \\\"TokenElevationType\\\": \\\"%%1936\\\",\\n        \\\"ProcessId\\\": \\\"0x0000000000000004\\\",\\n        \\\"CommandLine\\\": \\\"\\\",\\n        \\\"TargetUserSid\\\": \\\"S-1-0-0\\\",\\n        \\\"TargetUserName\\\": \\\"-\\\",\\n        \\\"TargetDomainName\\\": \\\"-\\\",\\n        \\\"TargetLogonId\\\": \\\"0x0000000000000000\\\",\\n        \\\"ParentProcessName\\\": \\\"\\\",\\n        \\\"MandatoryLabel\\\": \\\"S-1-16-16384\\\"\\n      },\\n      \\\"UserData\\\": {}\\n    },\\n    {\\n      \\\"EventID\\\": 4688,\\n      \\\"TimeCreated\\\": \\\"2026-01-14 12:51:44.987820+00:00\\\",\\n      \\\"Computer\\\": \\\"SQLSERVER.Mills.local\\\",\\n      \\\"Channel\\\": \\\"Security\\\",\\n      \\\"Provider\\\": \\\"Microsoft-Windows-Security-Auditing\\\",\\n      \\\"EventData\\\": {\\n        \\\"SubjectUserSid\\\": \\\"S-1-5-18\\\",\\n        \\\"SubjectUserName\\\": \\\"-\\\",\\n        \\\"SubjectDomainName\\\": \\\"-\\\",\\n        \\\"SubjectLogonId\\\": \\\"0x00000000000003e7\\\",\\n        \\\"NewProcessId\\\": \\\"0x0000000000000194\\\",\\n        \\\"NewProcessName\\\": \\\"C:\\\\\\\\Windows\\\\\\\\System32\\\\\\\\autochk.exe\\\",\\n        \\\"TokenElevationType\\\": \\\"%%1936\\\",\\n        \\\"ProcessId\\\": \\\"0x0000000000000164\\\",\\n        \\\"CommandLine\\\": \\\"\\\",\\n        \\\"TargetUserSid\\\": \\\"S-1-0-0\\\",\\n        \\\"TargetUserName\\\": \\\"-\\\",\\n        \\\"TargetDomainName\\\": \\\"-\\\",\\n        \\\"TargetLogonId\\\": \\\"0x0000000000000000\\\",\\n        \\\"ParentProcessName\\\": \\\"C:\\\\\\\\Windows\\\\\\\\System32\\\\\\\\smss.exe\\\",\\n        \\\"MandatoryLabel\\\": \\\"S-1-16-16384\\\"\\n      },\\n      \\\"UserData\\\": {}\\n    },\\n    {\\n      \\\"EventID\\\": 4688,\\n      \\\"TimeCreated\\\": \\\"2026-01-14 12:51:47.100903+00:00\\\",\\n      \\\"Computer\\\": \\\"SQLSERVER.Mills.local\\\",\\n      \\\"Channel\\\": \\\"Security\\\",\\n      \\\"Provider\\\": \\\"Microsoft-Windows-Security-Auditing\\\",\\n      \\\"EventData\\\": {\\n        \\\"SubjectUserSid\\\": \\\"S-1-5-18\\\",\\n        \\\"SubjectUserName\\\": \\\"-\\\",\\n        \\\"SubjectDomainName\\\": \\\"-\\\",\\n        \\\"SubjectLogonId\\\": \\\"0x00000000000003e7\\\",\\n        \\\"NewProcessId\\\": \\\"0x00000000000001dc\\\",\\n        \\\"NewProcessName\\\": \\\"C:\\\\\\\\Windows\\\\\\\\System32\\\\\\\\smss.exe\\\",\\n        \\\"TokenElevationType\\\": \\\"%%1936\\\",\\n        \\\"ProcessId\\\": \\\"0x0000000000000164\\\",\\n        \\\"CommandLine\\\": \\\"\\\",\\n        \\\"TargetUserSid\\\": \\\"S-1-0-0\\\",\\n        \\\"TargetUserName\\\": \\\"-\\\",\\n        \\\"TargetDomainName\\\": \\\"-\\\",\\n        \\\"TargetLogonId\\\": \\\"0x0000000000000000\\\",\\n        \\\"ParentProcessName\\\": \\\"C:\\\\\\\\Windows\\\\\\\\System32\\\\\\\\smss.exe\\\",\\n        \\\"MandatoryLabel\\\": \\\"S-1-16-16384\\\"\\n      },\\n      \\\"UserData\\\": {}\\n    },\\n    {\\n      \\\"EventID\\\": 4688,\\n      \\\"TimeCreated\\\": \\\"2026-01-14 12:51:47.151644+00:00\\\",\\n      \\\"Computer\\\": \\\"SQLSERVER.Mills.local\\\",\\n      \\\"Channel\\\": \\\"Security\\\",\\n      \\\"Provider\\\": \\\"Microsoft-Windows-Security-Auditing\\\",\\n      \\\"EventData\\\": {\\n        \\\"SubjectUserSid\\\": \\\"S-1-5-18\\\",\\n        \\\"SubjectUserName\\\": \\\"-\\\",\\n        \\\"SubjectDomainName\\\": \\\"-\\\",\\n        \\\"SubjectLogonId\\\": \\\"0x00000000000003e7\\\",\\n        \\\"NewProcessId\\\": \\\"0x00000000000001e4\\\",\\n        \\\"NewProcessName\\\": \\\"C:\\\\\\\\Windows\\\\\\\\System32\\\\\\\\csrss.exe\\\",\\n        \\\"TokenElevationType\\\": \\\"%%1936\\\",\\n        \\\"ProcessId\\\": \\\"0x00000000000001dc\\\",\\n        \\\"CommandLine\\\": \\\"\\\",\\n        \\\"TargetUserSid\\\": \\\"S-1-0-0\\\",\\n        \\\"TargetUserName\\\": \\\"-\\\",\\n        \\\"TargetDomainName\\\": \\\"-\\\",\\n        \\\"TargetLogonId\\\": \\\"0x0000000000000000\\\",\\n        \\\"ParentProcessName\\\": \\\"C:\\\\\\\\Windows\\\\\\\\System32\\\\\\\\smss.exe\\\",\\n        \\\"MandatoryLabel\\\": \\\"S-1-16-16384\\\"\\n      },\\n      \\\"UserData\\\": {}\\n    },\\n    {\\n      \\\"EventID\\\": 4688,\\n      \\\"TimeCreated\\\": \\\"2026-01-14 12:51:47.279095+00:00\\\",\\n      \\\"Computer\\\": \\\"SQLSERVER.Mills.local\\\",\\n      \\\"Channel\\\": \\\"Security\\\",\\n      \\\"Provider\\\": \\\"Microsoft-Windows-Security-Auditing\\\",\\n      \\\"EventData\\\": {\\n        \\\"SubjectUserSid\\\": \\\"S-1-5-18\\\",\\n        \\\"SubjectUserName\\\": \\\"-\\\",\\n        \\\"SubjectDomainName\\\": \\\"-\\\",\\n        \\\"SubjectLogonId\\\": \\\"0x00000000000003e7\\\",\\n        \\\"NewProcessId\\\": \\\"0x000000000000022c\\\",\\n        \\\"NewProcessName\\\": \\\"C:\\\\\\\\Windows\\\\\\\\System32\\\\\\\\smss.exe\\\",\\n        \\\"TokenElevationType\\\": \\\"%%1936\\\",\\n        \\\"ProcessId\\\": \\\"0x0000000000000164\\\",\\n        \\\"CommandLine\\\": \\\"\\\",\\n        \\\"TargetUserSid\\\": \\\"S-1-0-0\\\",\\n        \\\"TargetUserName\\\": \\\"-\\\",\\n        \\\"TargetDomainName\\\": \\\"-\\\",\\n        \\\"TargetLogonId\\\": \\\"0x0000000000000000\\\",\\n        \\\"ParentProcessName\\\": \\\"C:\\\\\\\\Windows\\\\\\\\System32\\\\\\\\smss.exe\\\",\\n        \\\"MandatoryLabel\\\": \\\"S-1-16-16384\\\"\\n      },\\n      \\\"UserData\\\": {}\\n    },\\n    {\\n      \\\"EventID\\\": 4688,\\n      \\\"TimeCreated\\\": \\\"2026-01-14 12:51:47.281321+00:00\\\",\\n      \\\"Computer\\\": \\\"SQLSERVER.Mills.local\\\",\\n      \\\"Channel\\\": \\\"Security\\\",\\n      \\\"Provider\\\": \\\"Microsoft-Windows-Security-Auditing\\\",\\n      \\\"EventData\\\": {\\n        \\\"SubjectUserSid\\\": \\\"S-1-5-18\\\",\\n        \\\"SubjectUserName\\\": \\\"-\\\",\\n        \\\"SubjectDomainName\\\": \\\"-\\\",\\n        \\\"SubjectLogonId\\\": \\\"0x00000000000003e7\\\",\\n        \\\"NewProcessId\\\": \\\"0x0000000000000234\\\",\\n        \\\"NewProcessName\\\": \\\"C:\\\\\\\\Windows\\\\\\\\System32\\\\\\\\wininit.exe\\\",\\n        \\\"TokenElevationType\\\": \\\"%%1936\\\",\\n        \\\"ProcessId\\\": \\\"0x00000000000001dc\\\",\\n        \\\"CommandLine\\\": \\\"\\\",\\n        \\\"TargetUserSid\\\": \\\"S-1-0-0\\\",\\n        \\\"TargetUserName\\\": \\\"-\\\",\\n        \\\"TargetDomainName\\\": \\\"-\\\",\\n        \\\"TargetLogonId\\\": \\\"0x0000000000000000\\\",\\n        \\\"ParentProcessName\\\": \\\"C:\\\\\\\\Windows\\\\\\\\System32\\\\\\\\smss.exe\\\",\\n        \\\"MandatoryLabel\\\": \\\"S-1-16-16384\\\"\\n      },\\n      \\\"UserData\\\": {}\\n    },\\n    {\\n      \\\"EventID\\\": 4688,\\n      \\\"TimeCreated\\\": \\\"2026-01-14 12:51:47.284155+00:00\\\",\\n      \\\"Computer\\\": \\\"SQLSERVER.Mills.local\\\",\\n      \\\"Channel\\\": \\\"Security\\\",\\n      \\\"Provider\\\": \\\"Microsoft-Windows-Security-Auditing\\\",\\n      \\\"EventData\\\": {\\n        \\\"SubjectUserSid\\\": \\\"S-1-5-18\\\",\\n        \\\"SubjectUserName\\\": \\\"-\\\",\\n        \\\"SubjectDomainName\\\": \\\"-\\\",\\n        \\\"SubjectLogonId\\\": \\\"0x00000000000003e7\\\",\\n        \\\"NewProcessId\\\": \\\"0x000000000000023c\\\",\\n        \\\"NewProcessName\\\": \\\"C:\\\\\\\\Windows\\\\\\\\System32\\\\\\\\csrss.exe\\\",\\n        \\\"TokenElevationType\\\": \\\"%%1936\\\",\\n        \\\"ProcessId\\\": \\\"0x000000000000022c\\\",\\n        \\\"CommandLine\\\": \\\"\\\",\\n        \\\"TargetUserSid\\\": \\\"S-1-0-0\\\",\\n        \\\"TargetUserName\\\": \\\"-\\\",\\n        \\\"TargetDomainName\\\": \\\"-\\\",\\n        \\\"TargetLogonId\\\": \\\"0x0000000000000000\\\",\\n        \\\"ParentProcessName\\\": \\\"C:\\\\\\\\Windows\\\\\\\\System32\\\\\\\\smss.exe\\\",\\n        \\\"MandatoryLabel\\\": \\\"S-1-16-16384\\\"\\n      },\\n      \\\"UserData\\\": {}\\n    },\\n    {\\n      \\\"EventID\\\": 4688,\\n      \\\"TimeCreated\\\": \\\"2026-01-14 12:51:47.304186+00:00\\\",\\n      \\\"Computer\\\": \\\"SQLSERVER.Mills.local\\\",\\n      \\\"Channel\\\": \\\"Security\\\",\\n      \\\"Provider\\\": \\\"Microsoft-Windows-Security-Auditing\\\",\\n      \\\"EventData\\\": {\\n        \\\"SubjectUserSid\\\": \\\"S-1-5-18\\\",\\n        \\\"SubjectUserName\\\": \\\"-\\\",\\n        \\\"SubjectDomainName\\\": \\\"-\\\",\\n        \\\"SubjectLogonId\\\": \\\"0x00000000000003e7\\\",\\n        \\\"NewProcessId\\\": \\\"0x000000000000027c\\\",\\n        \\\"NewProcessName\\\": \\\"C:\\\\\\\\Windows\\\\\\\\System32\\\\\\\\winlogon.exe\\\",\\n        \\\"TokenElevationType\\\": \\\"%%1936\\\",\\n        \\\"ProcessId\\\": \\\"0x000000000000022c\\\",\\n        \\\"CommandLine\\\": \\\"\\\",\\n        \\\"TargetUserSid\\\": \\\"S-1-0-0\\\",\\n        \\\"TargetUserName\\\": \\\"-\\\",\\n        \\\"TargetDomainName\\\": \\\"-\\\",\\n        \\\"TargetLogonId\\\": \\\"0x0000000000000000\\\",\\n        \\\"ParentProcessName\\\": \\\"C:\\\\\\\\Windows\\\\\\\\System32\\\\\\\\smss.exe\\\",\\n        \\\"MandatoryLabel\\\": \\\"S-1-16-16384\\\"\\n      },\\n      \\\"UserData\\\": {}\\n    },\\n    {\\n      \\\"EventID\\\": 4688,\\n      \\\"TimeCreated\\\": \\\"2026-01-14 12:51:47.417608+00:00\\\",\\n      \\\"Computer\\\": \\\"SQLSERVER.Mills.local\\\",\\n      \\\"Channel\\\": \\\"Security\\\",\\n      \\\"Provider\\\": \\\"Microsoft-Windows-Security-Auditing\\\",\\n      \\\"EventData\\\": {\\n        \\\"SubjectUserSid\\\": \\\"S-1-5-18\\\",\\n        \\\"SubjectUserName\\\": \\\"-\\\",\\n        \\\"SubjectDomainName\\\": \\\"-\\\",\\n        \\\"SubjectLogonId\\\": \\\"0x00000000000003e7\\\",\\n        \\\"NewProcessId\\\": \\\"0x00000000000002c4\\\",\\n        \\\"NewProcessName\\\": \\\"C:\\\\\\\\Windows\\\\\\\\System32\\\\\\\\services.exe\\\",\\n        \\\"TokenElevationType\\\": \\\"%%1936\\\",\\n        \\\"ProcessId\\\": \\\"0x0000000000000234\\\",\\n        \\\"CommandLine\\\": \\\"\\\",\\n        \\\"TargetUserSid\\\": \\\"S-1-0-0\\\",\\n        \\\"TargetUserName\\\": \\\"-\\\",\\n        \\\"TargetDomainName\\\": \\\"-\\\",\\n        \\\"TargetLogonId\\\": \\\"0x0000000000000000\\\",\\n        \\\"ParentProcessName\\\": \\\"C:\\\\\\\\Windows\\\\\\\\System32\\\\\\\\wininit.exe\\\",\\n        \\\"MandatoryLabel\\\": \\\"S-1-16-16384\\\"\\n      },\\n      \\\"UserData\\\": {}\\n    },\\n    {\\n      \\\"EventID\\\": 4688,\\n      \\\"TimeCreated\\\": \\\"2026-01-14 12:51:47.457136+00:00\\\",\\n      \\\"Computer\\\": \\\"SQLSERVER.Mills.local\\\",\\n      \\\"Channel\\\": \\\"Security\\\",\\n      \\\"Provider\\\": \\\"Microsoft-Windows-Security-Auditing\\\",\\n      \\\"EventData\\\": {\\n        \\\"SubjectUserSid\\\": \\\"S-1-5-18\\\",\\n        \\\"SubjectUserName\\\": \\\"-\\\",\\n        \\\"SubjectDomainName\\\": \\\"-\\\",\\n        \\\"SubjectLogonId\\\": \\\"0x00000000000003e7\\\",\\n        \\\"NewProcessId\\\": \\\"0x00000000000002cc\\\",\\n        \\\"NewProcessName\\\": \\\"C:\\\\\\\\Windows\\\\\\\\System32\\\\\\\\lsass.exe\\\",\\n        \\\"TokenElevationType\\\": \\\"%%1936\\\",\\n        \\\"ProcessId\\\": \\\"0x0000000000000234\\\",\\n        \\\"CommandLine\\\": \\\"\\\",\\n        \\\"TargetUserSid\\\": \\\"S-1-0-0\\\",\\n        \\\"TargetUserName\\\": \\\"-\\\",\\n        \\\"TargetDomainName\\\": \\\"-\\\",\\n        \\\"TargetLogonId\\\": \\\"0x0000000000000000\\\",\\n        \\\"ParentProcessName\\\": \\\"C:\\\\\\\\Windows\\\\\\\\System32\\\\\\\\wininit.exe\\\",\\n        \\\"MandatoryLabel\\\": \\\"S-1-16-16384\\\"\\n      },\\n      \\\"UserData\\\": {}\\n    }\\n  ],\\n  \\\"total_matched\\\": 11,\\n  \\\"returned\\\": 11,\\n  \\\"offset\\\": 0,\\n  \\\"truncated\\\": false,\\n  \\\"limit\\\": 30,\\n  \\\"next_offset\\\": null\\n}\"}], \"isError\": false}"
  },
  {
    "role": "system",
    "content": "[System WARNING]: You only have 4 iterations remaining. Stop exploring immediately. You MUST now synthesize your current pivots and OBSERVATIONS into a final 'root_cause_analysis.json'. Transition to synthesis and output the <promise>TASK_COMPLETE</promise> token."
  },
  {
    "role": "assistant",
    "content": "I notice the process creation events are from 12:51:44Z, which is after the log clearing at 10:49:44Z. Let me check for events specifically around the log clearing time and look for the process that cleared the logs. Let me search for events with process ID 5760:",
    "tool_calls": [
      {
        "index": 0,
        "id": "call_00_fjkLUmkgkAhrEf30sYa4sO8h",
        "type": "function",
        "function": {
          "name": "evtx_search",
          "arguments": "{\"evtx_path\": \"/home/nevermore/cases/intake/evtx/Logs/Security.evtx\", \"contains\": [\"5760\"], \"limit\": 20}"
        }
      }
    ]
  },
  {
    "role": "tool",
    "tool_call_id": "call_00_fjkLUmkgkAhrEf30sYa4sO8h",
    "name": "evtx_search",
    "content": "{\"content\": [{\"type\": \"text\", \"text\": \"{\\n  \\\"events\\\": [\\n    {\\n      \\\"EventID\\\": 1102,\\n      \\\"TimeCreated\\\": \\\"2026-01-14 10:49:44.557631+00:00\\\",\\n      \\\"Computer\\\": \\\"SQLSERVER.Mills.local\\\",\\n      \\\"Channel\\\": \\\"Security\\\",\\n      \\\"Provider\\\": \\\"Microsoft-Windows-Eventlog\\\",\\n      \\\"EventData\\\": {},\\n      \\\"UserData\\\": {\\n        \\\"LogFileCleared.SubjectUserSid\\\": \\\"S-1-5-21-1841095656-2843128008-524542198-2677\\\",\\n        \\\"LogFileCleared.SubjectUserName\\\": \\\"jasonr\\\",\\n        \\\"LogFileCleared.SubjectDomainName\\\": \\\"MILLSINC\\\",\\n        \\\"LogFileCleared.SubjectLogonId\\\": \\\"0x000000000009d397\\\",\\n        \\\"LogFileCleared.ClientProcessId\\\": \\\"5760\\\",\\n        \\\"LogFileCleared.ClientProcessStartKey\\\": \\\"7599824371189413\\\"\\n      }\\n    },\\n    {\\n      \\\"EventID\\\": 4624,\\n      \\\"TimeCreated\\\": \\\"2026-01-14 12:08:25.525360+00:00\\\",\\n      \\\"Computer\\\": \\\"SQLSERVER.Mills.local\\\",\\n      \\\"Channel\\\": \\\"Security\\\",\\n      \\\"Provider\\\": \\\"Microsoft-Windows-Security-Auditing\\\",\\n      \\\"EventData\\\": {\\n        \\\"SubjectUserSid\\\": \\\"S-1-0-0\\\",\\n        \\\"SubjectUserName\\\": \\\"-\\\",\\n        \\\"SubjectDomainName\\\": \\\"-\\\",\\n        \\\"SubjectLogonId\\\": \\\"0x0000000000000000\\\",\\n        \\\"TargetUserSid\\\": \\\"S-1-5-21-1841095656-2843128008-524542198-2921\\\",\\n        \\\"TargetUserName\\\": \\\"TaskManager\\\",\\n        \\\"TargetDomainName\\\": \\\"MILLSINC\\\",\\n        \\\"TargetLogonId\\\": \\\"0x0000000001b98308\\\",\\n        \\\"LogonType\\\": \\\"3\\\",\\n        \\\"LogonProcessName\\\": \\\"NtLmSsp\\\",\\n        \\\"AuthenticationPackageName\\\": \\\"NTLM\\\",\\n        \\\"WorkstationName\\\": \\\"DCFS\\\",\\n        \\\"LogonGuid\\\": \\\"{00000000-0000-0000-0000-000000000000}\\\",\\n        \\\"TransmittedServices\\\": \\\"-\\\",\\n        \\\"LmPackageName\\\": \\\"NTLM V1\\\",\\n        \\\"KeyLength\\\": \\\"128\\\",\\n        \\\"ProcessId\\\": \\\"0x0000000000000000\\\",\\n        \\\"ProcessName\\\": \\\"-\\\",\\n        \\\"IpAddress\\\": \\\"195.101.67.3\\\",\\n        \\\"IpPort\\\": \\\"62764\\\",\\n        \\\"ImpersonationLevel\\\": \\\"%%1833\\\",\\n        \\\"RestrictedAdminMode\\\": \\\"-\\\",\\n        \\\"TargetOutboundUserName\\\": \\\"-\\\",\\n        \\\"TargetOutboundDomainName\\\": \\\"-\\\",\\n        \\\"VirtualAccount\\\": \\\"%%1843\\\",\\n        \\\"TargetLinkedLogonId\\\": \\\"0x0000000000000000\\\",\\n        \\\"ElevatedToken\\\": \\\"%%1842\\\"\\n      },\\n      \\\"UserData\\\": {}\\n    },\\n    {\\n      \\\"EventID\\\": 4634,\\n      \\\"TimeCreated\\\": \\\"2026-01-14 12:51:52.755760+00:00\\\",\\n      \\\"Computer\\\": \\\"SQLSERVER.Mills.local\\\",\\n      \\\"Channel\\\": \\\"Security\\\",\\n      \\\"Provider\\\": \\\"Microsoft-Windows-Security-Auditing\\\",\\n      \\\"EventData\\\": {\\n        \\\"TargetUserSid\\\": \\\"S-1-5-80-1586905863-1203531407-1870765499-2873366937-1246544669\\\",\\n        \\\"TargetUserName\\\": \\\"OCAWLP\\\",\\n        \\\"TargetDomainName\\\": \\\"NT SERVICE\\\",\\n        \\\"TargetLogonId\\\": \\\"0x0000000000034daa\\\",\\n        \\\"LogonType\\\": \\\"5\\\"\\n      },\\n      \\\"UserData\\\": {}\\n    }\\n  ],\\n  \\\"total_matched\\\": 3,\\n  \\\"returned\\\": 3,\\n  \\\"offset\\\": 0,\\n  \\\"truncated\\\": false,\\n  \\\"limit\\\": 20,\\n  \\\"next_offset\\\": null\\n}\"}], \"isError\": false}"
  },
  {
    "role": "system",
    "content": "[System WARNING]: You only have 3 iterations remaining. Stop exploring immediately. You MUST now synthesize your current pivots and OBSERVATIONS into a final 'root_cause_analysis.json'. Transition to synthesis and output the <promise>TASK_COMPLETE</promise> token."
  },
  {
    "role": "assistant",
    "content": "Now let me check the System.evtx for the same process ID 5760 to see what process was running:",
    "tool_calls": [
      {
        "index": 0,
        "id": "call_00_YJfb4xnJDck9h5jobzcAG5Si",
        "type": "function",
        "function": {
          "name": "evtx_search",
          "arguments": "{\"evtx_path\": \"/home/nevermore/cases/intake/evtx/Logs/System.evtx\", \"contains\": [\"5760\"], \"limit\": 20}"
        }
      }
    ]
  },
  {
    "role": "tool",
    "tool_call_id": "call_00_YJfb4xnJDck9h5jobzcAG5Si",
    "name": "evtx_search",
    "content": "{\"content\": [{\"type\": \"text\", \"text\": \"{\\n  \\\"events\\\": [\\n    {\\n      \\\"EventID\\\": 104,\\n      \\\"TimeCreated\\\": \\\"2026-01-14 10:49:44.557631+00:00\\\",\\n      \\\"Computer\\\": \\\"SQLSERVER.Mills.local\\\",\\n      \\\"Channel\\\": \\\"System\\\",\\n      \\\"Provider\\\": \\\"Microsoft-Windows-Eventlog\\\",\\n      \\\"EventData\\\": {},\\n      \\\"UserData\\\": {\\n        \\\"LogFileCleared.SubjectUserName\\\": \\\"jasonr\\\",\\n        \\\"LogFileCleared.SubjectDomainName\\\": \\\"MILLSINC\\\",\\n        \\\"LogFileCleared.Channel\\\": \\\"System\\\",\\n        \\\"LogFileCleared.ClientProcessId\\\": \\\"5760\\\",\\n        \\\"LogFileCleared.ClientProcessStartKey\\\": \\\"7599824371189413\\\"\\n      }\\n    },\\n    {\\n      \\\"EventID\\\": 104,\\n      \\\"TimeCreated\\\": \\\"2026-01-14 10:49:44.557631+00:00\\\",\\n      \\\"Computer\\\": \\\"SQLSERVER.Mills.local\\\",\\n      \\\"Channel\\\": \\\"System\\\",\\n      \\\"Provider\\\": \\\"Microsoft-Windows-Eventlog\\\",\\n      \\\"EventData\\\": {},\\n      \\\"UserData\\\": {\\n        \\\"LogFileCleared.SubjectUserName\\\": \\\"jasonr\\\",\\n        \\\"LogFileCleared.SubjectDomainName\\\": \\\"MILLSINC\\\",\\n        \\\"LogFileCleared.Channel\\\": \\\"Windows PowerShell\\\",\\n        \\\"LogFileCleared.ClientProcessId\\\": \\\"5760\\\",\\n        \\\"LogFileCleared.ClientProcessStartKey\\\": \\\"7599824371189413\\\"\\n      }\\n    }\\n  ],\\n  \\\"total_matched\\\": 2,\\n  \\\"returned\\\": 2,\\n  \\\"offset\\\": 0,\\n  \\\"truncated\\\": false,\\n  \\\"limit\\\": 20,\\n  \\\"next_offset\\\": null\\n}\"}], \"isError\": false}"
  },
  {
    "role": "system",
    "content": "[System WARNING]: You only have 2 iterations remaining. Stop exploring immediately. You MUST now synthesize your current pivots and OBSERVATIONS into a final 'root_cause_analysis.json'. Transition to synthesis and output the <promise>TASK_COMPLETE</promise> token."
  },
  {
    "role": "assistant",
    "content": "Now let me check for other suspicious activities. Let me look for PowerShell execution or other suspicious process creations. Let me check the Windows PowerShell logs:",
    "tool_calls": [
      {
        "index": 0,
        "id": "call_00_cG8HUIIf9Gr3LrhxaeBeDzRd",
        "type": "function",
        "function": {
          "name": "evtx_search",
          "arguments": "{\"evtx_path\": \"/home/nevermore/cases/intake/evtx/Logs/Windows PowerShell.evtx\", \"start_time\": \"2026-01-14T10:00:00Z\", \"end_time\": \"2026-01-14T12:00:00Z\", \"limit\": 20}"
        }
      }
    ]
  },
  {
    "role": "tool",
    "tool_call_id": "call_00_cG8HUIIf9Gr3LrhxaeBeDzRd",
    "name": "evtx_search",
    "content": "{\"content\": [{\"type\": \"text\", \"text\": \"{\\n  \\\"events\\\": [\\n    {\\n      \\\"EventID\\\": 403,\\n      \\\"TimeCreated\\\": \\\"2026-01-14 10:49:44.573257+00:00\\\",\\n      \\\"Computer\\\": \\\"SQLSERVER.Mills.local\\\",\\n      \\\"Channel\\\": \\\"Windows PowerShell\\\",\\n      \\\"Provider\\\": \\\"PowerShell\\\",\\n      \\\"EventData\\\": {\\n        \\\"Data_0\\\": \\\"<string>Stopped</string>\\\\n<string>Available</string>\\\\n<string>\\\\tNewEngineState=Stopped\\\\n\\\\tPreviousEngineState=Available\\\\n\\\\n\\\\tSequenceNumber=15\\\\n\\\\n\\\\tHostName=ConsoleHost\\\\n\\\\tHostVersion=5.1.17763.8146\\\\n\\\\tHostId=0b1a9ff7-0fed-4688-b2e1-7f42bbdff958\\\\n\\\\tHostApplication=powershell $logs = Get-WinEvent -ListLog * | Where-Object {$_.RecordCount} | Select-Object -ExpandProperty LogName ; ForEach ( $l in $logs | Sort | Get-Unique ) {[System.Diagnostics.Eventing.Reader.EventLogSession]::GlobalSession.ClearLog($l)}\\\\n\\\\tEngineVersion=5.1.17763.8146\\\\n\\\\tRunspaceId=3ffd16a6-5589-4c76-b127-c3fb173bbf05\\\\n\\\\tPipelineId=\\\\n\\\\tCommandName=\\\\n\\\\tCommandType=\\\\n\\\\tScriptName=\\\\n\\\\tCommandPath=\\\\n\\\\tCommandLine=</string>\\\"\\n      },\\n      \\\"UserData\\\": {}\\n    }\\n  ],\\n  \\\"total_matched\\\": 1,\\n  \\\"returned\\\": 1,\\n  \\\"offset\\\": 0,\\n  \\\"truncated\\\": false,\\n  \\\"limit\\\": 20,\\n  \\\"next_offset\\\": null\\n}\"}], \"isError\": false}"
  },
  {
    "role": "system",
    "content": "[System WARNING]: You only have 1 iterations remaining. Stop exploring immediately. You MUST now synthesize your current pivots and OBSERVATIONS into a final 'root_cause_analysis.json'. Transition to synthesis and output the <promise>TASK_COMPLETE</promise> token."
  },
  {
    "role": "assistant",
    "content": "Excellent! Now I found the PowerShell command that was used to clear the logs. Let me update my case notes with this critical finding:",
    "tool_calls": [
      {
        "index": 0,
        "id": "call_00_WHAKLoExUFerrtlTEbueJUJR",
        "type": "function",
        "function": {
          "name": "dfir__update_case_notes__v1",
          "arguments": "{\"claims\": [{\"claim_id\":\"obs-004\",\"type\":\"OBSERVATION\",\"statement\":\"PowerShell event log shows a PowerShell command was executed at 2026-01-14T10:49:44.573257Z with command: 'powershell $logs = Get-WinEvent -ListLog * | Where-Object {$_.RecordCount} | Select-Object -ExpandProperty LogName ; ForEach ( $l in $logs | Sort | Get-Unique ) {[System.Diagnostics.Eventing.Reader.EventLogSession]::GlobalSession.ClearLog($l)}'\",\"evidence_refs\":[\"Windows PowerShell.evtx:EventID:403\"],\"confidence\":\"High\",\"status\":\"Open\"},{\"claim_id\":\"der-001\",\"type\":\"DERIVED\",\"statement\":\"The PowerShell command found in Windows PowerShell.evtx is a script designed to clear all Windows event logs that have record counts, matching the log clearing events observed in Security.evtx and System.evtx\",\"evidence_refs\":[\"obs-004\",\"obs-001\",\"obs-002\"],\"confidence\":\"High\",\"status\":\"Open\"},{\"claim_id\":\"hyp-002\",\"type\":\"HYPOTHESIS\",\"statement\":\"User jasonr executed a PowerShell script to clear all Windows event logs at 10:49:44Z, which is a common anti-forensics technique to cover tracks\",\"evidence_refs\":[\"obs-004\",\"obs-001\",\"obs-002\"],\"confidence\":\"High\",\"status\":\"Open\"},{\"claim_id\":\"obs-005\",\"type\":\"OBSERVATION\",\"statement\":\"Multiple external SMB logons from IP 195.101.67.3 (source computer DCFS) occurred starting at 11:41:03Z, approximately 52 minutes after the log clearing activity\",\"evidence_refs\":[\"F-893d610c-bb8e-4257-8ed7-c1bd80ae296d-000127\",\"F-893d610c-bb8e-4257-8ed7-c1bd80ae296d-000131\"],\"confidence\":\"High\",\"status\":\"Open\"},{\"claim_id\":\"hyp-003\",\"type\":\"HYPOTHESIS\",\"statement\":\"The log clearing at 10:49:44Z may have been preparatory activity before external attack attempts from IP 195.101.67.3 starting at 11:41:03Z\",\"evidence_refs\":[\"obs-004\",\"obs-005\"],\"confidence\":\"Medium\",\"status\":\"Open\"}], \"next_steps\": [\"Check VirusTotal for IP 195.101.67.3 reputation\",\"Investigate if there were any successful logons after the external SMB attempts\",\"Examine other event logs for additional suspicious activity around the same timeframe\",\"Check for any file creation or modification events around the log clearing time\"]}"
        }
      }
    ]
  },
  {
    "role": "tool",
    "tool_call_id": "call_00_WHAKLoExUFerrtlTEbueJUJR",
    "name": "dfir.update_case_notes@1",
    "content": "{\"call_id\": \"7b65f6fa-b8e7-416c-ad9e-0d32a988e4ac\", \"result\": {\"path\": \"/home/nevermore/dfir-agentic/outputs/intake/54c69a3c-1ba6-44c2-9ece-52363fe1d1ff/progress.md\", \"status\": \"updated\"}}"
  }
]